2019-08-06 13:36:33,572 - MOT - INFO - Start track and extract...... -  MainThread - 12136 
2019-08-06 13:36:35,177 - MOT - INFO - All files:1_Hours Of _Harassment' In NYC!.mp4 -  MainThread - 12136 
2019-08-06 13:36:35,178 - MOT - INFO - All files:2_Obama.mp4 -  MainThread - 12136 
2019-08-06 13:36:35,179 - MOT - INFO - Video_name:videos\1_Hours Of _Harassment' In NYC!.mp4 -  MainThread - 12136 
2019-08-06 13:36:37,722 - MOT - INFO - MTCNN detect face cost time : 0.289 s -  MainThread - 12136 
2019-08-06 13:36:37,723 - MOT - INFO - new Tracker: 1 -  MainThread - 12136 
2019-08-06 13:36:37,827 - MOT - INFO - MTCNN detect face cost time : 0.086 s -  MainThread - 12136 
2019-08-06 13:36:38,242 - MOT - INFO - MTCNN detect face cost time : 0.079 s -  MainThread - 12136 
2019-08-06 13:36:38,323 - MOT - INFO - MTCNN detect face cost time : 0.072 s -  MainThread - 12136 
2019-08-06 13:36:38,415 - MOT - INFO - MTCNN detect face cost time : 0.083 s -  MainThread - 12136 
2019-08-06 13:36:38,507 - MOT - INFO - MTCNN detect face cost time : 0.083 s -  MainThread - 12136 
2019-08-06 13:36:38,601 - MOT - INFO - MTCNN detect face cost time : 0.085 s -  MainThread - 12136 
2019-08-06 13:36:38,688 - MOT - INFO - MTCNN detect face cost time : 0.077 s -  MainThread - 12136 
2019-08-06 13:36:38,768 - MOT - INFO - MTCNN detect face cost time : 0.071 s -  MainThread - 12136 
2019-08-06 13:36:38,854 - MOT - INFO - MTCNN detect face cost time : 0.073 s -  MainThread - 12136 
2019-08-06 13:36:38,935 - MOT - INFO - MTCNN detect face cost time : 0.072 s -  MainThread - 12136 
2019-08-06 13:36:39,006 - MOT - INFO - MTCNN detect face cost time : 0.061 s -  MainThread - 12136 
2019-08-06 13:36:39,090 - MOT - INFO - MTCNN detect face cost time : 0.075 s -  MainThread - 12136 
2019-08-06 13:36:39,093 - MOT - INFO - new Tracker: 2 -  MainThread - 12136 
2019-08-06 13:36:39,167 - MOT - INFO - MTCNN detect face cost time : 0.066 s -  MainThread - 12136 
2019-08-06 13:36:39,170 - MOT - INFO - remove tracker: 2 -  MainThread - 12136 
2019-08-06 13:36:39,245 - MOT - INFO - MTCNN detect face cost time : 0.067 s -  MainThread - 12136 
2019-08-06 13:36:39,248 - MOT - INFO - new Tracker: 3 -  MainThread - 12136 
2019-08-06 13:36:39,314 - MOT - INFO - MTCNN detect face cost time : 0.058 s -  MainThread - 12136 
2019-08-06 13:36:39,317 - MOT - INFO - remove tracker: 3 -  MainThread - 12136 
2019-08-06 13:36:39,387 - MOT - INFO - MTCNN detect face cost time : 0.063 s -  MainThread - 12136 
2019-08-06 13:36:39,458 - MOT - INFO - MTCNN detect face cost time : 0.062 s -  MainThread - 12136 
2019-08-06 13:36:39,531 - MOT - INFO - MTCNN detect face cost time : 0.063 s -  MainThread - 12136 
2019-08-06 13:36:39,603 - MOT - INFO - MTCNN detect face cost time : 0.063 s -  MainThread - 12136 
2019-08-06 13:36:39,673 - MOT - INFO - MTCNN detect face cost time : 0.062 s -  MainThread - 12136 
2019-08-06 13:36:39,745 - MOT - INFO - MTCNN detect face cost time : 0.063 s -  MainThread - 12136 
2019-08-06 13:36:39,820 - MOT - INFO - MTCNN detect face cost time : 0.066 s -  MainThread - 12136 
2019-08-06 13:36:39,896 - MOT - INFO - MTCNN detect face cost time : 0.067 s -  MainThread - 12136 
2019-08-06 13:36:39,973 - MOT - INFO - MTCNN detect face cost time : 0.068 s -  MainThread - 12136 
2019-08-06 13:36:40,050 - MOT - INFO - MTCNN detect face cost time : 0.068 s -  MainThread - 12136 
2019-08-06 13:36:40,120 - MOT - INFO - MTCNN detect face cost time : 0.061 s -  MainThread - 12136 
2019-08-06 13:36:40,188 - MOT - INFO - MTCNN detect face cost time : 0.059 s -  MainThread - 12136 
2019-08-06 13:36:40,255 - MOT - INFO - MTCNN detect face cost time : 0.057 s -  MainThread - 12136 
2019-08-06 13:36:40,320 - MOT - INFO - MTCNN detect face cost time : 0.056 s -  MainThread - 12136 
2019-08-06 13:36:40,388 - MOT - INFO - MTCNN detect face cost time : 0.06 s -  MainThread - 12136 
2019-08-06 13:36:40,458 - MOT - INFO - MTCNN detect face cost time : 0.061 s -  MainThread - 12136 
2019-08-06 13:36:40,526 - MOT - INFO - MTCNN detect face cost time : 0.06 s -  MainThread - 12136 
2019-08-06 13:36:40,595 - MOT - INFO - MTCNN detect face cost time : 0.06 s -  MainThread - 12136 
2019-08-06 13:36:40,666 - MOT - INFO - MTCNN detect face cost time : 0.061 s -  MainThread - 12136 
2019-08-06 13:36:40,735 - MOT - INFO - MTCNN detect face cost time : 0.061 s -  MainThread - 12136 
2019-08-06 13:36:40,808 - MOT - INFO - MTCNN detect face cost time : 0.064 s -  MainThread - 12136 
2019-08-06 13:36:40,883 - MOT - INFO - MTCNN detect face cost time : 0.065 s -  MainThread - 12136 
2019-08-06 13:36:40,952 - MOT - INFO - MTCNN detect face cost time : 0.06 s -  MainThread - 12136 
2019-08-06 13:36:41,019 - MOT - INFO - MTCNN detect face cost time : 0.058 s -  MainThread - 12136 
2019-08-06 13:36:41,089 - MOT - INFO - MTCNN detect face cost time : 0.06 s -  MainThread - 12136 
2019-08-06 13:36:41,159 - MOT - INFO - MTCNN detect face cost time : 0.061 s -  MainThread - 12136 
2019-08-06 13:36:41,227 - MOT - INFO - MTCNN detect face cost time : 0.059 s -  MainThread - 12136 
2019-08-06 13:36:41,296 - MOT - INFO - MTCNN detect face cost time : 0.06 s -  MainThread - 12136 
2019-08-06 13:36:41,364 - MOT - INFO - MTCNN detect face cost time : 0.059 s -  MainThread - 12136 
2019-08-06 13:36:41,435 - MOT - INFO - MTCNN detect face cost time : 0.062 s -  MainThread - 12136 
2019-08-06 13:36:41,505 - MOT - INFO - MTCNN detect face cost time : 0.061 s -  MainThread - 12136 
2019-08-06 13:36:41,579 - MOT - INFO - MTCNN detect face cost time : 0.065 s -  MainThread - 12136 
2019-08-06 13:36:41,649 - MOT - INFO - MTCNN detect face cost time : 0.061 s -  MainThread - 12136 
2019-08-06 13:36:41,720 - MOT - INFO - MTCNN detect face cost time : 0.062 s -  MainThread - 12136 
2019-08-06 13:36:41,799 - MOT - INFO - MTCNN detect face cost time : 0.065 s -  MainThread - 12136 
2019-08-06 13:36:41,802 - MOT - INFO - new Tracker: 4 -  MainThread - 12136 
2019-08-06 13:36:41,873 - MOT - INFO - MTCNN detect face cost time : 0.065 s -  MainThread - 12136 
2019-08-06 13:36:41,876 - MOT - INFO - remove tracker: 4 -  MainThread - 12136 
2019-08-06 13:36:41,946 - MOT - INFO - MTCNN detect face cost time : 0.063 s -  MainThread - 12136 
2019-08-06 13:36:42,018 - MOT - INFO - MTCNN detect face cost time : 0.063 s -  MainThread - 12136 
2019-08-06 13:36:42,020 - MOT - INFO - new Tracker: 5 -  MainThread - 12136 
2019-08-06 13:36:42,085 - MOT - INFO - MTCNN detect face cost time : 0.058 s -  MainThread - 12136 
2019-08-06 13:36:42,088 - MOT - INFO - remove tracker: 5 -  MainThread - 12136 
2019-08-06 13:36:42,153 - MOT - INFO - MTCNN detect face cost time : 0.058 s -  MainThread - 12136 
2019-08-06 13:36:42,224 - MOT - INFO - MTCNN detect face cost time : 0.062 s -  MainThread - 12136 
2019-08-06 13:36:42,295 - MOT - INFO - MTCNN detect face cost time : 0.062 s -  MainThread - 12136 
2019-08-06 13:36:42,364 - MOT - INFO - MTCNN detect face cost time : 0.059 s -  MainThread - 12136 
2019-08-06 13:36:42,436 - MOT - INFO - MTCNN detect face cost time : 0.063 s -  MainThread - 12136 
2019-08-06 13:36:42,505 - MOT - INFO - MTCNN detect face cost time : 0.06 s -  MainThread - 12136 
2019-08-06 13:36:42,573 - MOT - INFO - MTCNN detect face cost time : 0.057 s -  MainThread - 12136 
2019-08-06 13:36:42,640 - MOT - INFO - MTCNN detect face cost time : 0.058 s -  MainThread - 12136 
2019-08-06 13:36:42,706 - MOT - INFO - MTCNN detect face cost time : 0.057 s -  MainThread - 12136 
2019-08-06 13:36:42,775 - MOT - INFO - MTCNN detect face cost time : 0.06 s -  MainThread - 12136 
2019-08-06 13:36:42,846 - MOT - INFO - MTCNN detect face cost time : 0.063 s -  MainThread - 12136 
2019-08-06 13:36:42,919 - MOT - INFO - MTCNN detect face cost time : 0.063 s -  MainThread - 12136 
2019-08-06 13:36:42,994 - MOT - INFO - MTCNN detect face cost time : 0.066 s -  MainThread - 12136 
2019-08-06 13:36:43,087 - MOT - INFO - MTCNN detect face cost time : 0.084 s -  MainThread - 12136 
2019-08-06 13:36:43,171 - MOT - INFO - MTCNN detect face cost time : 0.076 s -  MainThread - 12136 
2019-08-06 13:36:43,247 - MOT - INFO - MTCNN detect face cost time : 0.066 s -  MainThread - 12136 
2019-08-06 13:36:43,324 - MOT - INFO - MTCNN detect face cost time : 0.068 s -  MainThread - 12136 
2019-08-06 13:36:43,402 - MOT - INFO - MTCNN detect face cost time : 0.069 s -  MainThread - 12136 
2019-08-06 13:36:43,486 - MOT - INFO - MTCNN detect face cost time : 0.075 s -  MainThread - 12136 
2019-08-06 13:36:43,571 - MOT - INFO - MTCNN detect face cost time : 0.076 s -  MainThread - 12136 
2019-08-06 13:36:43,650 - MOT - INFO - MTCNN detect face cost time : 0.07 s -  MainThread - 12136 
2019-08-06 13:36:43,729 - MOT - INFO - MTCNN detect face cost time : 0.07 s -  MainThread - 12136 
2019-08-06 13:36:43,803 - MOT - INFO - MTCNN detect face cost time : 0.065 s -  MainThread - 12136 
2019-08-06 13:36:43,880 - MOT - INFO - MTCNN detect face cost time : 0.068 s -  MainThread - 12136 
2019-08-06 13:36:43,952 - MOT - INFO - MTCNN detect face cost time : 0.064 s -  MainThread - 12136 
2019-08-06 13:36:44,016 - MOT - INFO - MTCNN detect face cost time : 0.055 s -  MainThread - 12136 
2019-08-06 13:36:44,085 - MOT - INFO - MTCNN detect face cost time : 0.06 s -  MainThread - 12136 
2019-08-06 13:36:44,157 - MOT - INFO - MTCNN detect face cost time : 0.063 s -  MainThread - 12136 
2019-08-06 13:36:44,231 - MOT - INFO - MTCNN detect face cost time : 0.065 s -  MainThread - 12136 
2019-08-06 13:36:44,302 - MOT - INFO - MTCNN detect face cost time : 0.063 s -  MainThread - 12136 
2019-08-06 13:36:44,379 - MOT - INFO - MTCNN detect face cost time : 0.068 s -  MainThread - 12136 
2019-08-06 13:36:44,454 - MOT - INFO - MTCNN detect face cost time : 0.066 s -  MainThread - 12136 
2019-08-06 13:36:44,527 - MOT - INFO - MTCNN detect face cost time : 0.064 s -  MainThread - 12136 
2019-08-06 13:36:44,600 - MOT - INFO - MTCNN detect face cost time : 0.064 s -  MainThread - 12136 
2019-08-06 13:36:44,671 - MOT - INFO - MTCNN detect face cost time : 0.063 s -  MainThread - 12136 
2019-08-06 13:36:44,745 - MOT - INFO - MTCNN detect face cost time : 0.065 s -  MainThread - 12136 
2019-08-06 13:36:44,820 - MOT - INFO - MTCNN detect face cost time : 0.066 s -  MainThread - 12136 
2019-08-06 13:36:44,896 - MOT - INFO - MTCNN detect face cost time : 0.067 s -  MainThread - 12136 
2019-08-06 13:36:44,972 - MOT - INFO - MTCNN detect face cost time : 0.067 s -  MainThread - 12136 
2019-08-06 13:36:45,042 - MOT - INFO - MTCNN detect face cost time : 0.062 s -  MainThread - 12136 
2019-08-06 13:36:45,125 - MOT - INFO - MTCNN detect face cost time : 0.074 s -  MainThread - 12136 
2019-08-06 13:36:45,204 - MOT - INFO - MTCNN detect face cost time : 0.07 s -  MainThread - 12136 
2019-08-06 13:36:45,279 - MOT - INFO - MTCNN detect face cost time : 0.066 s -  MainThread - 12136 
2019-08-06 13:36:45,352 - MOT - INFO - MTCNN detect face cost time : 0.064 s -  MainThread - 12136 
2019-08-06 13:36:45,433 - MOT - INFO - MTCNN detect face cost time : 0.073 s -  MainThread - 12136 
2019-08-06 13:36:45,511 - MOT - INFO - MTCNN detect face cost time : 0.068 s -  MainThread - 12136 
2019-08-06 13:36:45,587 - MOT - INFO - MTCNN detect face cost time : 0.067 s -  MainThread - 12136 
2019-08-06 13:36:45,663 - MOT - INFO - MTCNN detect face cost time : 0.066 s -  MainThread - 12136 
2019-08-06 13:36:45,745 - MOT - INFO - MTCNN detect face cost time : 0.073 s -  MainThread - 12136 
2019-08-06 13:36:45,824 - MOT - INFO - MTCNN detect face cost time : 0.071 s -  MainThread - 12136 
2019-08-06 13:36:45,893 - MOT - INFO - MTCNN detect face cost time : 0.059 s -  MainThread - 12136 
2019-08-06 13:36:45,960 - MOT - INFO - MTCNN detect face cost time : 0.058 s -  MainThread - 12136 
2019-08-06 13:36:45,964 - MOT - INFO - remove tracker: 1 -  MainThread - 12136 
2019-08-06 13:36:46,033 - MOT - INFO - MTCNN detect face cost time : 0.062 s -  MainThread - 12136 
2019-08-06 13:36:46,035 - MOT - INFO - new Tracker: 6 -  MainThread - 12136 
2019-08-06 13:36:46,102 - MOT - INFO - MTCNN detect face cost time : 0.061 s -  MainThread - 12136 
2019-08-06 13:36:46,170 - MOT - INFO - MTCNN detect face cost time : 0.059 s -  MainThread - 12136 
2019-08-06 13:36:46,239 - MOT - INFO - MTCNN detect face cost time : 0.062 s -  MainThread - 12136 
2019-08-06 13:36:46,316 - MOT - INFO - MTCNN detect face cost time : 0.068 s -  MainThread - 12136 
2019-08-06 13:36:46,401 - MOT - INFO - MTCNN detect face cost time : 0.076 s -  MainThread - 12136 
2019-08-06 13:36:46,480 - MOT - INFO - MTCNN detect face cost time : 0.069 s -  MainThread - 12136 
2019-08-06 13:36:46,555 - MOT - INFO - MTCNN detect face cost time : 0.067 s -  MainThread - 12136 
2019-08-06 13:36:46,630 - MOT - INFO - MTCNN detect face cost time : 0.065 s -  MainThread - 12136 
2019-08-06 13:36:46,714 - MOT - INFO - MTCNN detect face cost time : 0.075 s -  MainThread - 12136 
2019-08-06 13:36:46,784 - MOT - INFO - MTCNN detect face cost time : 0.061 s -  MainThread - 12136 
2019-08-06 13:36:46,856 - MOT - INFO - MTCNN detect face cost time : 0.063 s -  MainThread - 12136 
2019-08-06 13:36:46,925 - MOT - INFO - MTCNN detect face cost time : 0.06 s -  MainThread - 12136 
2019-08-06 13:36:46,998 - MOT - INFO - MTCNN detect face cost time : 0.064 s -  MainThread - 12136 
2019-08-06 13:36:47,069 - MOT - INFO - MTCNN detect face cost time : 0.062 s -  MainThread - 12136 
2019-08-06 13:36:47,139 - MOT - INFO - MTCNN detect face cost time : 0.061 s -  MainThread - 12136 
2019-08-06 13:36:47,219 - MOT - INFO - MTCNN detect face cost time : 0.07 s -  MainThread - 12136 
2019-08-06 13:36:47,293 - MOT - INFO - MTCNN detect face cost time : 0.065 s -  MainThread - 12136 
2019-08-06 13:36:47,361 - MOT - INFO - MTCNN detect face cost time : 0.059 s -  MainThread - 12136 
2019-08-06 13:36:47,366 - MOT - INFO - remove tracker: 6 -  MainThread - 12136 
2019-08-06 13:36:47,427 - MOT - INFO - MTCNN detect face cost time : 0.054 s -  MainThread - 12136 
2019-08-06 13:36:47,496 - MOT - INFO - MTCNN detect face cost time : 0.062 s -  MainThread - 12136 
2019-08-06 13:36:47,498 - MOT - INFO - new Tracker: 7 -  MainThread - 12136 
2019-08-06 13:36:47,567 - MOT - INFO - MTCNN detect face cost time : 0.061 s -  MainThread - 12136 
2019-08-06 13:36:47,568 - MOT - INFO - remove tracker: 7 -  MainThread - 12136 
2019-08-06 13:36:47,634 - MOT - INFO - MTCNN detect face cost time : 0.058 s -  MainThread - 12136 
2019-08-06 13:36:47,635 - MOT - INFO - new Tracker: 8 -  MainThread - 12136 
2019-08-06 13:36:47,699 - MOT - INFO - MTCNN detect face cost time : 0.058 s -  MainThread - 12136 
2019-08-06 13:36:47,763 - MOT - INFO - MTCNN detect face cost time : 0.056 s -  MainThread - 12136 
2019-08-06 13:36:47,847 - MOT - INFO - MTCNN detect face cost time : 0.072 s -  MainThread - 12136 
2019-08-06 13:36:47,914 - MOT - INFO - MTCNN detect face cost time : 0.058 s -  MainThread - 12136 
2019-08-06 13:36:47,986 - MOT - INFO - MTCNN detect face cost time : 0.063 s -  MainThread - 12136 
2019-08-06 13:36:48,057 - MOT - INFO - MTCNN detect face cost time : 0.063 s -  MainThread - 12136 
2019-08-06 13:36:48,140 - MOT - INFO - MTCNN detect face cost time : 0.074 s -  MainThread - 12136 
2019-08-06 13:36:48,218 - MOT - INFO - MTCNN detect face cost time : 0.069 s -  MainThread - 12136 
2019-08-06 13:36:48,289 - MOT - INFO - MTCNN detect face cost time : 0.061 s -  MainThread - 12136 
2019-08-06 13:36:48,365 - MOT - INFO - MTCNN detect face cost time : 0.066 s -  MainThread - 12136 
2019-08-06 13:36:48,441 - MOT - INFO - MTCNN detect face cost time : 0.068 s -  MainThread - 12136 
2019-08-06 13:36:48,516 - MOT - INFO - MTCNN detect face cost time : 0.066 s -  MainThread - 12136 
2019-08-06 13:36:48,582 - MOT - INFO - MTCNN detect face cost time : 0.056 s -  MainThread - 12136 
2019-08-06 13:36:48,655 - MOT - INFO - MTCNN detect face cost time : 0.065 s -  MainThread - 12136 
2019-08-06 13:36:48,730 - MOT - INFO - MTCNN detect face cost time : 0.066 s -  MainThread - 12136 
2019-08-06 13:36:48,807 - MOT - INFO - MTCNN detect face cost time : 0.068 s -  MainThread - 12136 
2019-08-06 13:36:48,880 - MOT - INFO - MTCNN detect face cost time : 0.064 s -  MainThread - 12136 
2019-08-06 13:36:48,948 - MOT - INFO - MTCNN detect face cost time : 0.059 s -  MainThread - 12136 
2019-08-06 13:36:49,019 - MOT - INFO - MTCNN detect face cost time : 0.062 s -  MainThread - 12136 
2019-08-06 13:36:49,087 - MOT - INFO - MTCNN detect face cost time : 0.059 s -  MainThread - 12136 
2019-08-06 13:36:49,151 - MOT - INFO - MTCNN detect face cost time : 0.055 s -  MainThread - 12136 
2019-08-06 13:36:49,220 - MOT - INFO - MTCNN detect face cost time : 0.06 s -  MainThread - 12136 
2019-08-06 13:36:49,288 - MOT - INFO - MTCNN detect face cost time : 0.058 s -  MainThread - 12136 
2019-08-06 13:36:49,353 - MOT - INFO - MTCNN detect face cost time : 0.056 s -  MainThread - 12136 
2019-08-06 13:36:49,420 - MOT - INFO - MTCNN detect face cost time : 0.058 s -  MainThread - 12136 
2019-08-06 13:36:49,492 - MOT - INFO - MTCNN detect face cost time : 0.063 s -  MainThread - 12136 
2019-08-06 13:36:49,565 - MOT - INFO - MTCNN detect face cost time : 0.063 s -  MainThread - 12136 
2019-08-06 13:36:49,634 - MOT - INFO - MTCNN detect face cost time : 0.06 s -  MainThread - 12136 
2019-08-06 13:36:49,704 - MOT - INFO - MTCNN detect face cost time : 0.061 s -  MainThread - 12136 
2019-08-06 13:36:49,781 - MOT - INFO - MTCNN detect face cost time : 0.069 s -  MainThread - 12136 
2019-08-06 13:36:49,851 - MOT - INFO - MTCNN detect face cost time : 0.061 s -  MainThread - 12136 
2019-08-06 13:36:49,928 - MOT - INFO - MTCNN detect face cost time : 0.067 s -  MainThread - 12136 
2019-08-06 13:36:50,005 - MOT - INFO - MTCNN detect face cost time : 0.068 s -  MainThread - 12136 
2019-08-06 13:36:50,069 - MOT - INFO - MTCNN detect face cost time : 0.055 s -  MainThread - 12136 
2019-08-06 13:36:50,135 - MOT - INFO - MTCNN detect face cost time : 0.057 s -  MainThread - 12136 
2019-08-06 13:36:50,199 - MOT - INFO - MTCNN detect face cost time : 0.055 s -  MainThread - 12136 
2019-08-06 13:36:50,266 - MOT - INFO - MTCNN detect face cost time : 0.057 s -  MainThread - 12136 
2019-08-06 13:36:50,328 - MOT - INFO - MTCNN detect face cost time : 0.053 s -  MainThread - 12136 
2019-08-06 13:36:50,394 - MOT - INFO - MTCNN detect face cost time : 0.056 s -  MainThread - 12136 
2019-08-06 13:36:50,461 - MOT - INFO - MTCNN detect face cost time : 0.057 s -  MainThread - 12136 
2019-08-06 13:36:50,526 - MOT - INFO - MTCNN detect face cost time : 0.056 s -  MainThread - 12136 
2019-08-06 13:36:50,592 - MOT - INFO - MTCNN detect face cost time : 0.057 s -  MainThread - 12136 
2019-08-06 13:36:50,657 - MOT - INFO - MTCNN detect face cost time : 0.056 s -  MainThread - 12136 
2019-08-06 13:36:50,723 - MOT - INFO - MTCNN detect face cost time : 0.058 s -  MainThread - 12136 
2019-08-06 13:36:50,798 - MOT - INFO - MTCNN detect face cost time : 0.066 s -  MainThread - 12136 
2019-08-06 13:36:50,868 - MOT - INFO - MTCNN detect face cost time : 0.06 s -  MainThread - 12136 
2019-08-06 13:36:50,935 - MOT - INFO - MTCNN detect face cost time : 0.058 s -  MainThread - 12136 
2019-08-06 13:36:51,001 - MOT - INFO - MTCNN detect face cost time : 0.056 s -  MainThread - 12136 
2019-08-06 13:36:51,068 - MOT - INFO - MTCNN detect face cost time : 0.059 s -  MainThread - 12136 
2019-08-06 13:36:51,136 - MOT - INFO - MTCNN detect face cost time : 0.059 s -  MainThread - 12136 
2019-08-06 13:36:51,203 - MOT - INFO - MTCNN detect face cost time : 0.058 s -  MainThread - 12136 
2019-08-06 13:36:51,267 - MOT - INFO - MTCNN detect face cost time : 0.055 s -  MainThread - 12136 
2019-08-06 13:36:51,333 - MOT - INFO - MTCNN detect face cost time : 0.057 s -  MainThread - 12136 
2019-08-06 13:36:51,400 - MOT - INFO - MTCNN detect face cost time : 0.058 s -  MainThread - 12136 
2019-08-06 13:36:51,468 - MOT - INFO - MTCNN detect face cost time : 0.059 s -  MainThread - 12136 
2019-08-06 13:36:51,539 - MOT - INFO - MTCNN detect face cost time : 0.062 s -  MainThread - 12136 
2019-08-06 13:36:51,542 - MOT - INFO - new Tracker: 9 -  MainThread - 12136 
2019-08-06 13:36:51,606 - MOT - INFO - MTCNN detect face cost time : 0.056 s -  MainThread - 12136 
2019-08-06 13:36:51,609 - MOT - INFO - remove tracker: 9 -  MainThread - 12136 
2019-08-06 13:36:51,672 - MOT - INFO - MTCNN detect face cost time : 0.056 s -  MainThread - 12136 
2019-08-06 13:36:51,739 - MOT - INFO - MTCNN detect face cost time : 0.058 s -  MainThread - 12136 
2019-08-06 13:36:51,814 - MOT - INFO - MTCNN detect face cost time : 0.066 s -  MainThread - 12136 
2019-08-06 13:36:51,887 - MOT - INFO - MTCNN detect face cost time : 0.064 s -  MainThread - 12136 
2019-08-06 13:36:51,958 - MOT - INFO - MTCNN detect face cost time : 0.061 s -  MainThread - 12136 
2019-08-06 13:36:52,027 - MOT - INFO - MTCNN detect face cost time : 0.06 s -  MainThread - 12136 
2019-08-06 13:36:52,092 - MOT - INFO - MTCNN detect face cost time : 0.056 s -  MainThread - 12136 
2019-08-06 13:36:52,159 - MOT - INFO - MTCNN detect face cost time : 0.058 s -  MainThread - 12136 
2019-08-06 13:36:52,228 - MOT - INFO - MTCNN detect face cost time : 0.061 s -  MainThread - 12136 
2019-08-06 13:36:52,305 - MOT - INFO - MTCNN detect face cost time : 0.068 s -  MainThread - 12136 
2019-08-06 13:36:52,308 - MOT - INFO - new Tracker: 10 -  MainThread - 12136 
2019-08-06 13:36:52,384 - MOT - INFO - MTCNN detect face cost time : 0.068 s -  MainThread - 12136 
2019-08-06 13:36:52,457 - MOT - INFO - MTCNN detect face cost time : 0.064 s -  MainThread - 12136 
2019-08-06 13:36:52,528 - MOT - INFO - MTCNN detect face cost time : 0.062 s -  MainThread - 12136 
2019-08-06 13:36:52,531 - MOT - INFO - remove tracker: 10 -  MainThread - 12136 
2019-08-06 13:36:52,600 - MOT - INFO - MTCNN detect face cost time : 0.063 s -  MainThread - 12136 
2019-08-06 13:36:52,602 - MOT - INFO - new Tracker: 11 -  MainThread - 12136 
2019-08-06 13:36:52,670 - MOT - INFO - MTCNN detect face cost time : 0.06 s -  MainThread - 12136 
2019-08-06 13:36:52,673 - MOT - INFO - remove tracker: 11 -  MainThread - 12136 
2019-08-06 13:36:52,743 - MOT - INFO - MTCNN detect face cost time : 0.063 s -  MainThread - 12136 
2019-08-06 13:36:52,746 - MOT - INFO - new Tracker: 12 -  MainThread - 12136 
2019-08-06 13:36:52,819 - MOT - INFO - MTCNN detect face cost time : 0.066 s -  MainThread - 12136 
2019-08-06 13:36:52,892 - MOT - INFO - MTCNN detect face cost time : 0.064 s -  MainThread - 12136 
2019-08-06 13:36:52,964 - MOT - INFO - MTCNN detect face cost time : 0.063 s -  MainThread - 12136 
2019-08-06 13:36:53,037 - MOT - INFO - MTCNN detect face cost time : 0.063 s -  MainThread - 12136 
2019-08-06 13:36:53,114 - MOT - INFO - MTCNN detect face cost time : 0.066 s -  MainThread - 12136 
2019-08-06 13:36:53,193 - MOT - INFO - MTCNN detect face cost time : 0.068 s -  MainThread - 12136 
2019-08-06 13:36:53,262 - MOT - INFO - MTCNN detect face cost time : 0.059 s -  MainThread - 12136 
2019-08-06 13:36:53,333 - MOT - INFO - MTCNN detect face cost time : 0.062 s -  MainThread - 12136 
2019-08-06 13:36:53,410 - MOT - INFO - MTCNN detect face cost time : 0.067 s -  MainThread - 12136 
2019-08-06 13:36:53,491 - MOT - INFO - MTCNN detect face cost time : 0.071 s -  MainThread - 12136 
2019-08-06 13:36:53,575 - MOT - INFO - MTCNN detect face cost time : 0.073 s -  MainThread - 12136 
2019-08-06 13:36:53,646 - MOT - INFO - MTCNN detect face cost time : 0.061 s -  MainThread - 12136 
2019-08-06 13:36:53,714 - MOT - INFO - MTCNN detect face cost time : 0.059 s -  MainThread - 12136 
2019-08-06 13:36:53,782 - MOT - INFO - MTCNN detect face cost time : 0.058 s -  MainThread - 12136 
2019-08-06 13:36:53,788 - MOT - INFO - Video_name:videos\2_Obama.mp4 -  MainThread - 12136 
2019-08-06 13:36:55,637 - MOT - INFO - MTCNN detect face cost time : 0.054 s -  MainThread - 12136 
2019-08-06 13:36:55,640 - MOT - INFO - new Tracker: 13 -  MainThread - 12136 
2019-08-06 13:36:55,642 - MOT - INFO - remove tracker: 12 -  MainThread - 12136 
