2019-08-07 10:23:58,369 - MOT - INFO - Start track and extract...... -  MainThread - 12384 
2019-08-07 10:24:00,101 - MOT - INFO - All files:1_Hours Of _Harassment' In NYC!.mp4 -  MainThread - 12384 
2019-08-07 10:24:00,102 - MOT - INFO - All files:2_Obama.mp4 -  MainThread - 12384 
2019-08-07 10:24:00,104 - MOT - INFO - Video_name:videos\1_Hours Of _Harassment' In NYC!.mp4 -  MainThread - 12384 
2019-08-07 10:24:02,799 - MOT - INFO - MTCNN detect face cost time : 0.179 s -  MainThread - 12384 
2019-08-07 10:24:02,859 - MOT - INFO - MTCNN detect face cost time : 0.043 s -  MainThread - 12384 
2019-08-07 10:24:03,067 - MOT - INFO - MTCNN detect face cost time : 0.198 s -  MainThread - 12384 
2019-08-07 10:24:09,610 - MOT - INFO - new Tracker: 1 -  MainThread - 12384 
2019-08-07 10:24:09,715 - MOT - INFO - MTCNN detect face cost time : 0.082 s -  MainThread - 12384 
2019-08-07 10:24:10,195 - MOT - INFO - MTCNN detect face cost time : 0.067 s -  MainThread - 12384 
2019-08-07 10:24:10,394 - MOT - INFO - MTCNN detect face cost time : 0.084 s -  MainThread - 12384 
2019-08-07 10:24:10,591 - MOT - INFO - MTCNN detect face cost time : 0.092 s -  MainThread - 12384 
2019-08-07 10:24:10,780 - MOT - INFO - MTCNN detect face cost time : 0.088 s -  MainThread - 12384 
2019-08-07 10:24:10,974 - MOT - INFO - MTCNN detect face cost time : 0.085 s -  MainThread - 12384 
2019-08-07 10:24:11,160 - MOT - INFO - MTCNN detect face cost time : 0.075 s -  MainThread - 12384 
2019-08-07 10:24:11,345 - MOT - INFO - MTCNN detect face cost time : 0.071 s -  MainThread - 12384 
2019-08-07 10:24:11,350 - MOT - INFO - remove tracker: 1 -  MainThread - 12384 
2019-08-07 10:24:11,431 - MOT - INFO - MTCNN detect face cost time : 0.073 s -  MainThread - 12384 
2019-08-07 10:24:11,515 - MOT - INFO - MTCNN detect face cost time : 0.078 s -  MainThread - 12384 
2019-08-07 10:24:11,614 - MOT - INFO - new Tracker: 2 -  MainThread - 12384 
2019-08-07 10:24:11,707 - MOT - INFO - MTCNN detect face cost time : 0.087 s -  MainThread - 12384 
2019-08-07 10:24:11,893 - MOT - INFO - MTCNN detect face cost time : 0.082 s -  MainThread - 12384 
2019-08-07 10:24:12,083 - MOT - INFO - MTCNN detect face cost time : 0.081 s -  MainThread - 12384 
2019-08-07 10:24:12,261 - MOT - INFO - MTCNN detect face cost time : 0.071 s -  MainThread - 12384 
2019-08-07 10:24:12,437 - MOT - INFO - MTCNN detect face cost time : 0.07 s -  MainThread - 12384 
2019-08-07 10:24:12,612 - MOT - INFO - MTCNN detect face cost time : 0.069 s -  MainThread - 12384 
2019-08-07 10:24:12,788 - MOT - INFO - MTCNN detect face cost time : 0.073 s -  MainThread - 12384 
2019-08-07 10:24:12,969 - MOT - INFO - MTCNN detect face cost time : 0.068 s -  MainThread - 12384 
2019-08-07 10:24:13,148 - MOT - INFO - MTCNN detect face cost time : 0.077 s -  MainThread - 12384 
2019-08-07 10:24:13,324 - MOT - INFO - MTCNN detect face cost time : 0.071 s -  MainThread - 12384 
2019-08-07 10:24:13,507 - MOT - INFO - MTCNN detect face cost time : 0.077 s -  MainThread - 12384 
2019-08-07 10:24:13,697 - MOT - INFO - MTCNN detect face cost time : 0.084 s -  MainThread - 12384 
2019-08-07 10:24:13,879 - MOT - INFO - MTCNN detect face cost time : 0.076 s -  MainThread - 12384 
2019-08-07 10:24:14,060 - MOT - INFO - MTCNN detect face cost time : 0.074 s -  MainThread - 12384 
2019-08-07 10:24:14,242 - MOT - INFO - MTCNN detect face cost time : 0.074 s -  MainThread - 12384 
2019-08-07 10:24:14,419 - MOT - INFO - MTCNN detect face cost time : 0.073 s -  MainThread - 12384 
2019-08-07 10:24:14,603 - MOT - INFO - MTCNN detect face cost time : 0.079 s -  MainThread - 12384 
2019-08-07 10:24:14,783 - MOT - INFO - MTCNN detect face cost time : 0.077 s -  MainThread - 12384 
2019-08-07 10:24:14,968 - MOT - INFO - MTCNN detect face cost time : 0.08 s -  MainThread - 12384 
2019-08-07 10:24:15,159 - MOT - INFO - MTCNN detect face cost time : 0.086 s -  MainThread - 12384 
2019-08-07 10:24:15,345 - MOT - INFO - MTCNN detect face cost time : 0.082 s -  MainThread - 12384 
2019-08-07 10:24:15,542 - MOT - INFO - MTCNN detect face cost time : 0.092 s -  MainThread - 12384 
2019-08-07 10:24:15,740 - MOT - INFO - MTCNN detect face cost time : 0.093 s -  MainThread - 12384 
2019-08-07 10:24:15,937 - MOT - INFO - MTCNN detect face cost time : 0.088 s -  MainThread - 12384 
2019-08-07 10:24:16,146 - MOT - INFO - MTCNN detect face cost time : 0.101 s -  MainThread - 12384 
2019-08-07 10:24:16,343 - MOT - INFO - MTCNN detect face cost time : 0.096 s -  MainThread - 12384 
2019-08-07 10:24:16,544 - MOT - INFO - MTCNN detect face cost time : 0.095 s -  MainThread - 12384 
2019-08-07 10:24:16,746 - MOT - INFO - MTCNN detect face cost time : 0.091 s -  MainThread - 12384 
2019-08-07 10:24:16,950 - MOT - INFO - MTCNN detect face cost time : 0.101 s -  MainThread - 12384 
2019-08-07 10:24:17,149 - MOT - INFO - MTCNN detect face cost time : 0.092 s -  MainThread - 12384 
2019-08-07 10:24:17,341 - MOT - INFO - MTCNN detect face cost time : 0.096 s -  MainThread - 12384 
2019-08-07 10:24:17,541 - MOT - INFO - MTCNN detect face cost time : 0.096 s -  MainThread - 12384 
2019-08-07 10:24:17,731 - MOT - INFO - MTCNN detect face cost time : 0.086 s -  MainThread - 12384 
2019-08-07 10:24:17,926 - MOT - INFO - MTCNN detect face cost time : 0.086 s -  MainThread - 12384 
2019-08-07 10:24:18,121 - MOT - INFO - MTCNN detect face cost time : 0.092 s -  MainThread - 12384 
2019-08-07 10:24:18,311 - MOT - INFO - MTCNN detect face cost time : 0.085 s -  MainThread - 12384 
2019-08-07 10:24:18,508 - MOT - INFO - MTCNN detect face cost time : 0.089 s -  MainThread - 12384 
2019-08-07 10:24:18,701 - MOT - INFO - MTCNN detect face cost time : 0.089 s -  MainThread - 12384 
2019-08-07 10:24:18,889 - MOT - INFO - MTCNN detect face cost time : 0.083 s -  MainThread - 12384 
2019-08-07 10:24:19,092 - MOT - INFO - MTCNN detect face cost time : 0.097 s -  MainThread - 12384 
2019-08-07 10:24:19,287 - MOT - INFO - MTCNN detect face cost time : 0.092 s -  MainThread - 12384 
2019-08-07 10:24:19,490 - MOT - INFO - MTCNN detect face cost time : 0.093 s -  MainThread - 12384 
2019-08-07 10:24:19,689 - MOT - INFO - MTCNN detect face cost time : 0.091 s -  MainThread - 12384 
2019-08-07 10:24:19,888 - MOT - INFO - MTCNN detect face cost time : 0.094 s -  MainThread - 12384 
2019-08-07 10:24:20,081 - MOT - INFO - MTCNN detect face cost time : 0.084 s -  MainThread - 12384 
2019-08-07 10:24:20,292 - MOT - INFO - MTCNN detect face cost time : 0.104 s -  MainThread - 12384 
2019-08-07 10:24:20,489 - MOT - INFO - MTCNN detect face cost time : 0.093 s -  MainThread - 12384 
2019-08-07 10:24:20,688 - MOT - INFO - MTCNN detect face cost time : 0.092 s -  MainThread - 12384 
2019-08-07 10:24:20,881 - MOT - INFO - MTCNN detect face cost time : 0.089 s -  MainThread - 12384 
2019-08-07 10:24:21,075 - MOT - INFO - MTCNN detect face cost time : 0.089 s -  MainThread - 12384 
2019-08-07 10:24:21,266 - MOT - INFO - MTCNN detect face cost time : 0.086 s -  MainThread - 12384 
2019-08-07 10:24:21,454 - MOT - INFO - MTCNN detect face cost time : 0.085 s -  MainThread - 12384 
2019-08-07 10:24:21,645 - MOT - INFO - MTCNN detect face cost time : 0.085 s -  MainThread - 12384 
2019-08-07 10:24:21,836 - MOT - INFO - MTCNN detect face cost time : 0.084 s -  MainThread - 12384 
2019-08-07 10:24:22,029 - MOT - INFO - MTCNN detect face cost time : 0.088 s -  MainThread - 12384 
2019-08-07 10:24:22,215 - MOT - INFO - MTCNN detect face cost time : 0.081 s -  MainThread - 12384 
2019-08-07 10:24:22,409 - MOT - INFO - MTCNN detect face cost time : 0.089 s -  MainThread - 12384 
2019-08-07 10:24:22,590 - MOT - INFO - MTCNN detect face cost time : 0.074 s -  MainThread - 12384 
2019-08-07 10:24:22,774 - MOT - INFO - MTCNN detect face cost time : 0.08 s -  MainThread - 12384 
2019-08-07 10:24:22,950 - MOT - INFO - MTCNN detect face cost time : 0.071 s -  MainThread - 12384 
2019-08-07 10:24:23,132 - MOT - INFO - MTCNN detect face cost time : 0.078 s -  MainThread - 12384 
2019-08-07 10:24:23,317 - MOT - INFO - MTCNN detect face cost time : 0.079 s -  MainThread - 12384 
2019-08-07 10:24:23,507 - MOT - INFO - MTCNN detect face cost time : 0.085 s -  MainThread - 12384 
2019-08-07 10:24:23,697 - MOT - INFO - MTCNN detect face cost time : 0.08 s -  MainThread - 12384 
2019-08-07 10:24:23,880 - MOT - INFO - MTCNN detect face cost time : 0.077 s -  MainThread - 12384 
2019-08-07 10:24:24,057 - MOT - INFO - MTCNN detect face cost time : 0.076 s -  MainThread - 12384 
2019-08-07 10:24:24,239 - MOT - INFO - MTCNN detect face cost time : 0.079 s -  MainThread - 12384 
2019-08-07 10:24:24,429 - MOT - INFO - MTCNN detect face cost time : 0.084 s -  MainThread - 12384 
2019-08-07 10:24:24,619 - MOT - INFO - MTCNN detect face cost time : 0.083 s -  MainThread - 12384 
2019-08-07 10:24:24,806 - MOT - INFO - MTCNN detect face cost time : 0.082 s -  MainThread - 12384 
2019-08-07 10:24:24,994 - MOT - INFO - MTCNN detect face cost time : 0.083 s -  MainThread - 12384 
2019-08-07 10:24:25,188 - MOT - INFO - MTCNN detect face cost time : 0.087 s -  MainThread - 12384 
2019-08-07 10:24:25,374 - MOT - INFO - MTCNN detect face cost time : 0.089 s -  MainThread - 12384 
2019-08-07 10:24:25,567 - MOT - INFO - MTCNN detect face cost time : 0.087 s -  MainThread - 12384 
2019-08-07 10:24:25,764 - MOT - INFO - MTCNN detect face cost time : 0.092 s -  MainThread - 12384 
2019-08-07 10:24:25,954 - MOT - INFO - MTCNN detect face cost time : 0.085 s -  MainThread - 12384 
2019-08-07 10:24:26,160 - MOT - INFO - MTCNN detect face cost time : 0.098 s -  MainThread - 12384 
2019-08-07 10:24:26,365 - MOT - INFO - MTCNN detect face cost time : 0.1 s -  MainThread - 12384 
2019-08-07 10:24:26,574 - MOT - INFO - MTCNN detect face cost time : 0.1 s -  MainThread - 12384 
2019-08-07 10:24:26,772 - MOT - INFO - MTCNN detect face cost time : 0.087 s -  MainThread - 12384 
2019-08-07 10:24:26,964 - MOT - INFO - MTCNN detect face cost time : 0.084 s -  MainThread - 12384 
2019-08-07 10:24:27,167 - MOT - INFO - MTCNN detect face cost time : 0.099 s -  MainThread - 12384 
2019-08-07 10:24:27,365 - MOT - INFO - MTCNN detect face cost time : 0.093 s -  MainThread - 12384 
2019-08-07 10:24:27,550 - MOT - INFO - MTCNN detect face cost time : 0.078 s -  MainThread - 12384 
2019-08-07 10:24:27,732 - MOT - INFO - MTCNN detect face cost time : 0.075 s -  MainThread - 12384 
2019-08-07 10:24:27,921 - MOT - INFO - MTCNN detect face cost time : 0.083 s -  MainThread - 12384 
2019-08-07 10:24:28,115 - MOT - INFO - MTCNN detect face cost time : 0.087 s -  MainThread - 12384 
2019-08-07 10:24:28,299 - MOT - INFO - MTCNN detect face cost time : 0.075 s -  MainThread - 12384 
2019-08-07 10:24:28,475 - MOT - INFO - MTCNN detect face cost time : 0.069 s -  MainThread - 12384 
2019-08-07 10:24:28,662 - MOT - INFO - MTCNN detect face cost time : 0.08 s -  MainThread - 12384 
2019-08-07 10:24:28,849 - MOT - INFO - MTCNN detect face cost time : 0.08 s -  MainThread - 12384 
2019-08-07 10:24:29,047 - MOT - INFO - MTCNN detect face cost time : 0.095 s -  MainThread - 12384 
2019-08-07 10:24:29,233 - MOT - INFO - MTCNN detect face cost time : 0.085 s -  MainThread - 12384 
2019-08-07 10:24:29,423 - MOT - INFO - MTCNN detect face cost time : 0.083 s -  MainThread - 12384 
2019-08-07 10:24:29,604 - MOT - INFO - MTCNN detect face cost time : 0.07 s -  MainThread - 12384 
2019-08-07 10:24:29,795 - MOT - INFO - MTCNN detect face cost time : 0.09 s -  MainThread - 12384 
2019-08-07 10:24:29,980 - MOT - INFO - MTCNN detect face cost time : 0.078 s -  MainThread - 12384 
2019-08-07 10:24:30,159 - MOT - INFO - MTCNN detect face cost time : 0.076 s -  MainThread - 12384 
2019-08-07 10:24:30,341 - MOT - INFO - MTCNN detect face cost time : 0.076 s -  MainThread - 12384 
2019-08-07 10:24:30,523 - MOT - INFO - MTCNN detect face cost time : 0.076 s -  MainThread - 12384 
2019-08-07 10:24:30,712 - MOT - INFO - MTCNN detect face cost time : 0.089 s -  MainThread - 12384 
2019-08-07 10:24:30,901 - MOT - INFO - MTCNN detect face cost time : 0.081 s -  MainThread - 12384 
2019-08-07 10:24:31,095 - MOT - INFO - MTCNN detect face cost time : 0.088 s -  MainThread - 12384 
2019-08-07 10:24:31,283 - MOT - INFO - MTCNN detect face cost time : 0.083 s -  MainThread - 12384 
2019-08-07 10:24:31,470 - MOT - INFO - MTCNN detect face cost time : 0.081 s -  MainThread - 12384 
2019-08-07 10:24:31,658 - MOT - INFO - MTCNN detect face cost time : 0.083 s -  MainThread - 12384 
2019-08-07 10:24:31,844 - MOT - INFO - MTCNN detect face cost time : 0.08 s -  MainThread - 12384 
2019-08-07 10:24:32,040 - MOT - INFO - MTCNN detect face cost time : 0.091 s -  MainThread - 12384 
2019-08-07 10:24:32,236 - MOT - INFO - MTCNN detect face cost time : 0.089 s -  MainThread - 12384 
2019-08-07 10:24:32,423 - MOT - INFO - MTCNN detect face cost time : 0.082 s -  MainThread - 12384 
2019-08-07 10:24:32,604 - MOT - INFO - MTCNN detect face cost time : 0.075 s -  MainThread - 12384 
2019-08-07 10:24:32,789 - MOT - INFO - MTCNN detect face cost time : 0.08 s -  MainThread - 12384 
2019-08-07 10:24:32,981 - MOT - INFO - MTCNN detect face cost time : 0.089 s -  MainThread - 12384 
2019-08-07 10:24:33,170 - MOT - INFO - MTCNN detect face cost time : 0.084 s -  MainThread - 12384 
2019-08-07 10:24:33,359 - MOT - INFO - MTCNN detect face cost time : 0.081 s -  MainThread - 12384 
2019-08-07 10:24:33,547 - MOT - INFO - MTCNN detect face cost time : 0.079 s -  MainThread - 12384 
2019-08-07 10:24:33,743 - MOT - INFO - MTCNN detect face cost time : 0.093 s -  MainThread - 12384 
2019-08-07 10:24:33,937 - MOT - INFO - MTCNN detect face cost time : 0.085 s -  MainThread - 12384 
2019-08-07 10:24:34,127 - MOT - INFO - MTCNN detect face cost time : 0.083 s -  MainThread - 12384 
2019-08-07 10:24:34,321 - MOT - INFO - MTCNN detect face cost time : 0.084 s -  MainThread - 12384 
2019-08-07 10:24:34,505 - MOT - INFO - MTCNN detect face cost time : 0.08 s -  MainThread - 12384 
2019-08-07 10:24:34,687 - MOT - INFO - MTCNN detect face cost time : 0.076 s -  MainThread - 12384 
2019-08-07 10:24:34,863 - MOT - INFO - MTCNN detect face cost time : 0.073 s -  MainThread - 12384 
2019-08-07 10:24:35,043 - MOT - INFO - MTCNN detect face cost time : 0.074 s -  MainThread - 12384 
2019-08-07 10:24:35,224 - MOT - INFO - MTCNN detect face cost time : 0.075 s -  MainThread - 12384 
2019-08-07 10:24:35,405 - MOT - INFO - MTCNN detect face cost time : 0.077 s -  MainThread - 12384 
2019-08-07 10:24:35,591 - MOT - INFO - MTCNN detect face cost time : 0.075 s -  MainThread - 12384 
2019-08-07 10:24:35,770 - MOT - INFO - MTCNN detect face cost time : 0.074 s -  MainThread - 12384 
2019-08-07 10:24:35,952 - MOT - INFO - MTCNN detect face cost time : 0.077 s -  MainThread - 12384 
2019-08-07 10:24:36,133 - MOT - INFO - MTCNN detect face cost time : 0.077 s -  MainThread - 12384 
2019-08-07 10:24:36,326 - MOT - INFO - MTCNN detect face cost time : 0.086 s -  MainThread - 12384 
2019-08-07 10:24:36,515 - MOT - INFO - MTCNN detect face cost time : 0.086 s -  MainThread - 12384 
2019-08-07 10:24:36,703 - MOT - INFO - MTCNN detect face cost time : 0.084 s -  MainThread - 12384 
2019-08-07 10:24:36,898 - MOT - INFO - MTCNN detect face cost time : 0.087 s -  MainThread - 12384 
2019-08-07 10:24:37,081 - MOT - INFO - MTCNN detect face cost time : 0.077 s -  MainThread - 12384 
2019-08-07 10:24:37,263 - MOT - INFO - MTCNN detect face cost time : 0.074 s -  MainThread - 12384 
2019-08-07 10:24:37,447 - MOT - INFO - MTCNN detect face cost time : 0.077 s -  MainThread - 12384 
2019-08-07 10:24:37,638 - MOT - INFO - MTCNN detect face cost time : 0.079 s -  MainThread - 12384 
2019-08-07 10:24:37,833 - MOT - INFO - MTCNN detect face cost time : 0.088 s -  MainThread - 12384 
2019-08-07 10:24:38,017 - MOT - INFO - MTCNN detect face cost time : 0.075 s -  MainThread - 12384 
2019-08-07 10:24:38,205 - MOT - INFO - MTCNN detect face cost time : 0.083 s -  MainThread - 12384 
2019-08-07 10:24:38,396 - MOT - INFO - MTCNN detect face cost time : 0.082 s -  MainThread - 12384 
2019-08-07 10:24:38,582 - MOT - INFO - MTCNN detect face cost time : 0.077 s -  MainThread - 12384 
2019-08-07 10:24:38,779 - MOT - INFO - MTCNN detect face cost time : 0.087 s -  MainThread - 12384 
2019-08-07 10:24:38,966 - MOT - INFO - MTCNN detect face cost time : 0.077 s -  MainThread - 12384 
2019-08-07 10:24:39,150 - MOT - INFO - MTCNN detect face cost time : 0.078 s -  MainThread - 12384 
2019-08-07 10:24:39,334 - MOT - INFO - MTCNN detect face cost time : 0.08 s -  MainThread - 12384 
2019-08-07 10:24:39,518 - MOT - INFO - MTCNN detect face cost time : 0.079 s -  MainThread - 12384 
2019-08-07 10:24:39,701 - MOT - INFO - MTCNN detect face cost time : 0.078 s -  MainThread - 12384 
2019-08-07 10:24:39,884 - MOT - INFO - MTCNN detect face cost time : 0.078 s -  MainThread - 12384 
2019-08-07 10:24:40,063 - MOT - INFO - MTCNN detect face cost time : 0.076 s -  MainThread - 12384 
2019-08-07 10:24:40,257 - MOT - INFO - MTCNN detect face cost time : 0.088 s -  MainThread - 12384 
2019-08-07 10:24:40,438 - MOT - INFO - MTCNN detect face cost time : 0.076 s -  MainThread - 12384 
2019-08-07 10:24:40,621 - MOT - INFO - MTCNN detect face cost time : 0.077 s -  MainThread - 12384 
2019-08-07 10:24:40,801 - MOT - INFO - MTCNN detect face cost time : 0.074 s -  MainThread - 12384 
2019-08-07 10:24:40,984 - MOT - INFO - MTCNN detect face cost time : 0.074 s -  MainThread - 12384 
2019-08-07 10:24:41,163 - MOT - INFO - MTCNN detect face cost time : 0.074 s -  MainThread - 12384 
2019-08-07 10:24:41,347 - MOT - INFO - MTCNN detect face cost time : 0.074 s -  MainThread - 12384 
2019-08-07 10:24:41,525 - MOT - INFO - MTCNN detect face cost time : 0.073 s -  MainThread - 12384 
2019-08-07 10:24:41,711 - MOT - INFO - MTCNN detect face cost time : 0.08 s -  MainThread - 12384 
2019-08-07 10:24:41,885 - MOT - INFO - MTCNN detect face cost time : 0.067 s -  MainThread - 12384 
2019-08-07 10:24:42,063 - MOT - INFO - MTCNN detect face cost time : 0.074 s -  MainThread - 12384 
2019-08-07 10:24:42,245 - MOT - INFO - MTCNN detect face cost time : 0.077 s -  MainThread - 12384 
2019-08-07 10:24:42,423 - MOT - INFO - MTCNN detect face cost time : 0.07 s -  MainThread - 12384 
2019-08-07 10:24:42,607 - MOT - INFO - MTCNN detect face cost time : 0.078 s -  MainThread - 12384 
2019-08-07 10:24:42,787 - MOT - INFO - MTCNN detect face cost time : 0.071 s -  MainThread - 12384 
2019-08-07 10:24:42,971 - MOT - INFO - MTCNN detect face cost time : 0.074 s -  MainThread - 12384 
2019-08-07 10:24:43,147 - MOT - INFO - MTCNN detect face cost time : 0.069 s -  MainThread - 12384 
2019-08-07 10:24:43,327 - MOT - INFO - MTCNN detect face cost time : 0.076 s -  MainThread - 12384 
2019-08-07 10:24:43,510 - MOT - INFO - MTCNN detect face cost time : 0.075 s -  MainThread - 12384 
2019-08-07 10:24:43,697 - MOT - INFO - MTCNN detect face cost time : 0.08 s -  MainThread - 12384 
2019-08-07 10:24:43,880 - MOT - INFO - MTCNN detect face cost time : 0.077 s -  MainThread - 12384 
2019-08-07 10:24:44,058 - MOT - INFO - MTCNN detect face cost time : 0.072 s -  MainThread - 12384 
2019-08-07 10:24:44,241 - MOT - INFO - MTCNN detect face cost time : 0.076 s -  MainThread - 12384 
2019-08-07 10:24:44,424 - MOT - INFO - MTCNN detect face cost time : 0.074 s -  MainThread - 12384 
2019-08-07 10:24:44,603 - MOT - INFO - MTCNN detect face cost time : 0.073 s -  MainThread - 12384 
2019-08-07 10:24:44,778 - MOT - INFO - MTCNN detect face cost time : 0.071 s -  MainThread - 12384 
2019-08-07 10:24:44,961 - MOT - INFO - MTCNN detect face cost time : 0.075 s -  MainThread - 12384 
2019-08-07 10:24:45,137 - MOT - INFO - MTCNN detect face cost time : 0.07 s -  MainThread - 12384 
2019-08-07 10:24:45,316 - MOT - INFO - MTCNN detect face cost time : 0.071 s -  MainThread - 12384 
2019-08-07 10:24:45,497 - MOT - INFO - MTCNN detect face cost time : 0.077 s -  MainThread - 12384 
2019-08-07 10:24:45,673 - MOT - INFO - MTCNN detect face cost time : 0.069 s -  MainThread - 12384 
2019-08-07 10:24:45,859 - MOT - INFO - MTCNN detect face cost time : 0.079 s -  MainThread - 12384 
2019-08-07 10:24:46,040 - MOT - INFO - MTCNN detect face cost time : 0.074 s -  MainThread - 12384 
2019-08-07 10:24:46,224 - MOT - INFO - MTCNN detect face cost time : 0.078 s -  MainThread - 12384 
2019-08-07 10:24:46,414 - MOT - INFO - MTCNN detect face cost time : 0.082 s -  MainThread - 12384 
2019-08-07 10:24:46,606 - MOT - INFO - MTCNN detect face cost time : 0.085 s -  MainThread - 12384 
2019-08-07 10:24:46,797 - MOT - INFO - MTCNN detect face cost time : 0.083 s -  MainThread - 12384 
2019-08-07 10:24:46,993 - MOT - INFO - MTCNN detect face cost time : 0.089 s -  MainThread - 12384 
2019-08-07 10:24:47,182 - MOT - INFO - MTCNN detect face cost time : 0.081 s -  MainThread - 12384 
2019-08-07 10:24:47,374 - MOT - INFO - MTCNN detect face cost time : 0.084 s -  MainThread - 12384 
2019-08-07 10:24:47,564 - MOT - INFO - MTCNN detect face cost time : 0.083 s -  MainThread - 12384 
2019-08-07 10:24:47,762 - MOT - INFO - MTCNN detect face cost time : 0.089 s -  MainThread - 12384 
2019-08-07 10:24:47,952 - MOT - INFO - MTCNN detect face cost time : 0.085 s -  MainThread - 12384 
2019-08-07 10:24:48,148 - MOT - INFO - MTCNN detect face cost time : 0.087 s -  MainThread - 12384 
2019-08-07 10:24:48,334 - MOT - INFO - MTCNN detect face cost time : 0.079 s -  MainThread - 12384 
2019-08-07 10:24:48,511 - MOT - INFO - MTCNN detect face cost time : 0.072 s -  MainThread - 12384 
2019-08-07 10:24:48,683 - MOT - INFO - MTCNN detect face cost time : 0.069 s -  MainThread - 12384 
2019-08-07 10:24:48,857 - MOT - INFO - MTCNN detect face cost time : 0.067 s -  MainThread - 12384 
2019-08-07 10:24:49,032 - MOT - INFO - MTCNN detect face cost time : 0.071 s -  MainThread - 12384 
2019-08-07 10:24:49,216 - MOT - INFO - MTCNN detect face cost time : 0.075 s -  MainThread - 12384 
2019-08-07 10:24:49,391 - MOT - INFO - MTCNN detect face cost time : 0.068 s -  MainThread - 12384 
2019-08-07 10:24:49,571 - MOT - INFO - MTCNN detect face cost time : 0.072 s -  MainThread - 12384 
2019-08-07 10:24:49,743 - MOT - INFO - MTCNN detect face cost time : 0.065 s -  MainThread - 12384 
2019-08-07 10:24:49,920 - MOT - INFO - MTCNN detect face cost time : 0.07 s -  MainThread - 12384 
2019-08-07 10:24:50,099 - MOT - INFO - MTCNN detect face cost time : 0.073 s -  MainThread - 12384 
2019-08-07 10:24:50,281 - MOT - INFO - MTCNN detect face cost time : 0.072 s -  MainThread - 12384 
2019-08-07 10:24:50,453 - MOT - INFO - MTCNN detect face cost time : 0.066 s -  MainThread - 12384 
2019-08-07 10:24:50,632 - MOT - INFO - MTCNN detect face cost time : 0.072 s -  MainThread - 12384 
2019-08-07 10:24:50,812 - MOT - INFO - MTCNN detect face cost time : 0.072 s -  MainThread - 12384 
2019-08-07 10:24:50,986 - MOT - INFO - MTCNN detect face cost time : 0.066 s -  MainThread - 12384 
2019-08-07 10:24:50,993 - MOT - INFO - remove tracker: 2 -  MainThread - 12384 
2019-08-07 10:24:51,068 - MOT - INFO - MTCNN detect face cost time : 0.067 s -  MainThread - 12384 
2019-08-07 10:24:51,168 - MOT - INFO - new Tracker: 3 -  MainThread - 12384 
2019-08-07 10:24:51,240 - MOT - INFO - MTCNN detect face cost time : 0.064 s -  MainThread - 12384 
2019-08-07 10:24:51,242 - MOT - INFO - remove tracker: 3 -  MainThread - 12384 
2019-08-07 10:24:51,312 - MOT - INFO - MTCNN detect face cost time : 0.064 s -  MainThread - 12384 
2019-08-07 10:24:51,388 - MOT - INFO - MTCNN detect face cost time : 0.068 s -  MainThread - 12384 
2019-08-07 10:24:51,489 - MOT - INFO - new Tracker: 4 -  MainThread - 12384 
2019-08-07 10:24:51,572 - MOT - INFO - MTCNN detect face cost time : 0.077 s -  MainThread - 12384 
2019-08-07 10:24:51,751 - MOT - INFO - MTCNN detect face cost time : 0.069 s -  MainThread - 12384 
2019-08-07 10:24:51,753 - MOT - INFO - remove tracker: 4 -  MainThread - 12384 
2019-08-07 10:24:51,830 - MOT - INFO - MTCNN detect face cost time : 0.07 s -  MainThread - 12384 
2019-08-07 10:24:51,929 - MOT - INFO - new Tracker: 5 -  MainThread - 12384 
2019-08-07 10:24:52,007 - MOT - INFO - MTCNN detect face cost time : 0.071 s -  MainThread - 12384 
2019-08-07 10:24:52,184 - MOT - INFO - MTCNN detect face cost time : 0.071 s -  MainThread - 12384 
2019-08-07 10:24:52,368 - MOT - INFO - MTCNN detect face cost time : 0.077 s -  MainThread - 12384 
2019-08-07 10:24:52,547 - MOT - INFO - MTCNN detect face cost time : 0.071 s -  MainThread - 12384 
2019-08-07 10:24:52,730 - MOT - INFO - MTCNN detect face cost time : 0.074 s -  MainThread - 12384 
2019-08-07 10:24:52,907 - MOT - INFO - MTCNN detect face cost time : 0.068 s -  MainThread - 12384 
2019-08-07 10:24:53,086 - MOT - INFO - MTCNN detect face cost time : 0.071 s -  MainThread - 12384 
2019-08-07 10:24:53,264 - MOT - INFO - MTCNN detect face cost time : 0.068 s -  MainThread - 12384 
2019-08-07 10:24:53,442 - MOT - INFO - MTCNN detect face cost time : 0.071 s -  MainThread - 12384 
2019-08-07 10:24:53,623 - MOT - INFO - MTCNN detect face cost time : 0.072 s -  MainThread - 12384 
2019-08-07 10:24:53,804 - MOT - INFO - MTCNN detect face cost time : 0.07 s -  MainThread - 12384 
2019-08-07 10:24:53,984 - MOT - INFO - MTCNN detect face cost time : 0.068 s -  MainThread - 12384 
2019-08-07 10:24:54,162 - MOT - INFO - MTCNN detect face cost time : 0.07 s -  MainThread - 12384 
2019-08-07 10:24:54,340 - MOT - INFO - MTCNN detect face cost time : 0.07 s -  MainThread - 12384 
2019-08-07 10:24:54,515 - MOT - INFO - MTCNN detect face cost time : 0.069 s -  MainThread - 12384 
2019-08-07 10:24:54,695 - MOT - INFO - MTCNN detect face cost time : 0.073 s -  MainThread - 12384 
2019-08-07 10:24:54,874 - MOT - INFO - MTCNN detect face cost time : 0.069 s -  MainThread - 12384 
2019-08-07 10:24:55,050 - MOT - INFO - MTCNN detect face cost time : 0.07 s -  MainThread - 12384 
2019-08-07 10:24:55,057 - MOT - INFO - remove tracker: 5 -  MainThread - 12384 
2019-08-07 10:24:55,131 - MOT - INFO - MTCNN detect face cost time : 0.067 s -  MainThread - 12384 
2019-08-07 10:24:55,208 - MOT - INFO - MTCNN detect face cost time : 0.069 s -  MainThread - 12384 
2019-08-07 10:24:55,285 - MOT - INFO - MTCNN detect face cost time : 0.07 s -  MainThread - 12384 
2019-08-07 10:24:55,368 - MOT - INFO - MTCNN detect face cost time : 0.075 s -  MainThread - 12384 
2019-08-07 10:24:55,443 - MOT - INFO - MTCNN detect face cost time : 0.067 s -  MainThread - 12384 
2019-08-07 10:24:55,512 - MOT - INFO - MTCNN detect face cost time : 0.062 s -  MainThread - 12384 
2019-08-07 10:24:55,588 - MOT - INFO - MTCNN detect face cost time : 0.069 s -  MainThread - 12384 
2019-08-07 10:24:55,689 - MOT - INFO - new Tracker: 6 -  MainThread - 12384 
2019-08-07 10:24:55,771 - MOT - INFO - MTCNN detect face cost time : 0.074 s -  MainThread - 12384 
2019-08-07 10:24:55,773 - MOT - INFO - remove tracker: 6 -  MainThread - 12384 
2019-08-07 10:24:55,845 - MOT - INFO - MTCNN detect face cost time : 0.066 s -  MainThread - 12384 
2019-08-07 10:24:55,917 - MOT - INFO - MTCNN detect face cost time : 0.064 s -  MainThread - 12384 
2019-08-07 10:24:55,991 - MOT - INFO - MTCNN detect face cost time : 0.066 s -  MainThread - 12384 
2019-08-07 10:24:56,064 - MOT - INFO - MTCNN detect face cost time : 0.066 s -  MainThread - 12384 
2019-08-07 10:24:56,137 - MOT - INFO - MTCNN detect face cost time : 0.065 s -  MainThread - 12384 
2019-08-07 10:24:56,208 - MOT - INFO - MTCNN detect face cost time : 0.064 s -  MainThread - 12384 
2019-08-07 10:24:56,281 - MOT - INFO - MTCNN detect face cost time : 0.066 s -  MainThread - 12384 
2019-08-07 10:24:56,353 - MOT - INFO - MTCNN detect face cost time : 0.065 s -  MainThread - 12384 
2019-08-07 10:24:56,425 - MOT - INFO - MTCNN detect face cost time : 0.064 s -  MainThread - 12384 
2019-08-07 10:24:56,500 - MOT - INFO - MTCNN detect face cost time : 0.067 s -  MainThread - 12384 
2019-08-07 10:24:56,571 - MOT - INFO - MTCNN detect face cost time : 0.064 s -  MainThread - 12384 
2019-08-07 10:24:56,647 - MOT - INFO - MTCNN detect face cost time : 0.069 s -  MainThread - 12384 
2019-08-07 10:24:56,724 - MOT - INFO - MTCNN detect face cost time : 0.07 s -  MainThread - 12384 
2019-08-07 10:24:56,828 - MOT - INFO - new Tracker: 7 -  MainThread - 12384 
2019-08-07 10:24:56,901 - MOT - INFO - MTCNN detect face cost time : 0.067 s -  MainThread - 12384 
2019-08-07 10:24:57,085 - MOT - INFO - MTCNN detect face cost time : 0.072 s -  MainThread - 12384 
2019-08-07 10:24:57,262 - MOT - INFO - MTCNN detect face cost time : 0.071 s -  MainThread - 12384 
2019-08-07 10:24:57,439 - MOT - INFO - MTCNN detect face cost time : 0.069 s -  MainThread - 12384 
2019-08-07 10:24:57,623 - MOT - INFO - MTCNN detect face cost time : 0.074 s -  MainThread - 12384 
2019-08-07 10:24:57,798 - MOT - INFO - MTCNN detect face cost time : 0.07 s -  MainThread - 12384 
2019-08-07 10:24:57,981 - MOT - INFO - MTCNN detect face cost time : 0.076 s -  MainThread - 12384 
2019-08-07 10:24:58,160 - MOT - INFO - MTCNN detect face cost time : 0.07 s -  MainThread - 12384 
2019-08-07 10:24:58,336 - MOT - INFO - MTCNN detect face cost time : 0.068 s -  MainThread - 12384 
2019-08-07 10:24:58,515 - MOT - INFO - MTCNN detect face cost time : 0.07 s -  MainThread - 12384 
2019-08-07 10:24:58,697 - MOT - INFO - MTCNN detect face cost time : 0.072 s -  MainThread - 12384 
2019-08-07 10:24:58,873 - MOT - INFO - MTCNN detect face cost time : 0.068 s -  MainThread - 12384 
2019-08-07 10:24:59,052 - MOT - INFO - MTCNN detect face cost time : 0.071 s -  MainThread - 12384 
2019-08-07 10:24:59,227 - MOT - INFO - MTCNN detect face cost time : 0.067 s -  MainThread - 12384 
2019-08-07 10:24:59,406 - MOT - INFO - MTCNN detect face cost time : 0.069 s -  MainThread - 12384 
2019-08-07 10:24:59,586 - MOT - INFO - MTCNN detect face cost time : 0.068 s -  MainThread - 12384 
2019-08-07 10:24:59,766 - MOT - INFO - MTCNN detect face cost time : 0.072 s -  MainThread - 12384 
2019-08-07 10:24:59,945 - MOT - INFO - MTCNN detect face cost time : 0.071 s -  MainThread - 12384 
2019-08-07 10:25:00,124 - MOT - INFO - MTCNN detect face cost time : 0.069 s -  MainThread - 12384 
2019-08-07 10:25:00,302 - MOT - INFO - MTCNN detect face cost time : 0.069 s -  MainThread - 12384 
2019-08-07 10:25:00,479 - MOT - INFO - MTCNN detect face cost time : 0.067 s -  MainThread - 12384 
2019-08-07 10:25:00,657 - MOT - INFO - MTCNN detect face cost time : 0.071 s -  MainThread - 12384 
2019-08-07 10:25:00,838 - MOT - INFO - MTCNN detect face cost time : 0.071 s -  MainThread - 12384 
2019-08-07 10:25:01,018 - MOT - INFO - MTCNN detect face cost time : 0.073 s -  MainThread - 12384 
2019-08-07 10:25:01,196 - MOT - INFO - MTCNN detect face cost time : 0.069 s -  MainThread - 12384 
2019-08-07 10:25:01,387 - MOT - INFO - MTCNN detect face cost time : 0.08 s -  MainThread - 12384 
2019-08-07 10:25:01,585 - MOT - INFO - MTCNN detect face cost time : 0.088 s -  MainThread - 12384 
2019-08-07 10:25:01,780 - MOT - INFO - MTCNN detect face cost time : 0.085 s -  MainThread - 12384 
2019-08-07 10:25:01,964 - MOT - INFO - MTCNN detect face cost time : 0.077 s -  MainThread - 12384 
2019-08-07 10:25:02,153 - MOT - INFO - MTCNN detect face cost time : 0.076 s -  MainThread - 12384 
2019-08-07 10:25:02,345 - MOT - INFO - MTCNN detect face cost time : 0.078 s -  MainThread - 12384 
2019-08-07 10:25:02,532 - MOT - INFO - MTCNN detect face cost time : 0.075 s -  MainThread - 12384 
2019-08-07 10:25:02,722 - MOT - INFO - MTCNN detect face cost time : 0.081 s -  MainThread - 12384 
2019-08-07 10:25:02,925 - MOT - INFO - MTCNN detect face cost time : 0.081 s -  MainThread - 12384 
2019-08-07 10:25:03,124 - MOT - INFO - MTCNN detect face cost time : 0.081 s -  MainThread - 12384 
2019-08-07 10:25:03,320 - MOT - INFO - MTCNN detect face cost time : 0.084 s -  MainThread - 12384 
2019-08-07 10:25:03,504 - MOT - INFO - MTCNN detect face cost time : 0.075 s -  MainThread - 12384 
2019-08-07 10:25:03,686 - MOT - INFO - MTCNN detect face cost time : 0.071 s -  MainThread - 12384 
2019-08-07 10:25:03,869 - MOT - INFO - MTCNN detect face cost time : 0.073 s -  MainThread - 12384 
2019-08-07 10:25:04,043 - MOT - INFO - MTCNN detect face cost time : 0.065 s -  MainThread - 12384 
2019-08-07 10:25:04,222 - MOT - INFO - MTCNN detect face cost time : 0.069 s -  MainThread - 12384 
2019-08-07 10:25:04,402 - MOT - INFO - MTCNN detect face cost time : 0.071 s -  MainThread - 12384 
2019-08-07 10:25:04,652 - MOT - INFO - MTCNN detect face cost time : 0.068 s -  MainThread - 12384 
2019-08-07 10:25:04,838 - MOT - INFO - MTCNN detect face cost time : 0.078 s -  MainThread - 12384 
2019-08-07 10:25:05,019 - MOT - INFO - MTCNN detect face cost time : 0.073 s -  MainThread - 12384 
2019-08-07 10:25:05,121 - MOT - INFO - Video_name:videos\2_Obama.mp4 -  MainThread - 12384 
2019-08-07 10:25:07,002 - MOT - INFO - MTCNN detect face cost time : 0.056 s -  MainThread - 12384 
2019-08-07 10:25:07,190 - MOT - INFO - MTCNN detect face cost time : 0.075 s -  MainThread - 12384 
2019-08-07 10:25:07,376 - MOT - INFO - MTCNN detect face cost time : 0.078 s -  MainThread - 12384 
2019-08-07 10:25:07,562 - MOT - INFO - MTCNN detect face cost time : 0.077 s -  MainThread - 12384 
2019-08-07 10:25:07,749 - MOT - INFO - MTCNN detect face cost time : 0.075 s -  MainThread - 12384 
2019-08-07 10:27:21,555 - MOT - INFO - Start track and extract...... -  MainThread - 12384 
