2019-08-06 11:03:31,811 - MOT - INFO - Start track and extract...... -  MainThread - 14664 
2019-08-06 11:03:33,498 - MOT - INFO - All files:1_Hours Of _Harassment' In NYC!.mp4 -  MainThread - 14664 
2019-08-06 11:03:33,500 - MOT - INFO - All files:2_Obama.mp4 -  MainThread - 14664 
2019-08-06 11:03:33,501 - MOT - INFO - Video_name:videos\1_Hours Of _Harassment' In NYC!.mp4 -  MainThread - 14664 
2019-08-06 11:03:36,049 - MOT - INFO - MTCNN detect face cost time : 0.19 s -  MainThread - 14664 
2019-08-06 11:03:36,107 - MOT - INFO - MTCNN detect face cost time : 0.042 s -  MainThread - 14664 
2019-08-06 11:03:36,163 - MOT - INFO - MTCNN detect face cost time : 0.048 s -  MainThread - 14664 
2019-08-06 11:03:36,213 - MOT - INFO - MTCNN detect face cost time : 0.044 s -  MainThread - 14664 
2019-08-06 11:03:36,270 - MOT - INFO - MTCNN detect face cost time : 0.05 s -  MainThread - 14664 
2019-08-06 11:03:36,322 - MOT - INFO - MTCNN detect face cost time : 0.045 s -  MainThread - 14664 
2019-08-06 11:03:36,373 - MOT - INFO - MTCNN detect face cost time : 0.044 s -  MainThread - 14664 
2019-08-06 11:03:36,422 - MOT - INFO - MTCNN detect face cost time : 0.042 s -  MainThread - 14664 
2019-08-06 11:03:36,471 - MOT - INFO - MTCNN detect face cost time : 0.042 s -  MainThread - 14664 
2019-08-06 11:03:36,520 - MOT - INFO - MTCNN detect face cost time : 0.042 s -  MainThread - 14664 
2019-08-06 11:03:36,569 - MOT - INFO - MTCNN detect face cost time : 0.043 s -  MainThread - 14664 
2019-08-06 11:03:36,619 - MOT - INFO - MTCNN detect face cost time : 0.043 s -  MainThread - 14664 
2019-08-06 11:03:36,675 - MOT - INFO - MTCNN detect face cost time : 0.049 s -  MainThread - 14664 
2019-08-06 11:03:36,733 - MOT - INFO - MTCNN detect face cost time : 0.05 s -  MainThread - 14664 
2019-08-06 11:03:36,920 - MOT - INFO - MTCNN detect face cost time : 0.18 s -  MainThread - 14664 
2019-08-06 11:03:36,922 - MOT - INFO - new Tracker: 1 -  MainThread - 14664 
2019-08-06 11:03:36,994 - MOT - INFO - MTCNN detect face cost time : 0.066 s -  MainThread - 14664 
2019-08-06 11:03:37,379 - MOT - INFO - MTCNN detect face cost time : 0.057 s -  MainThread - 14664 
2019-08-06 11:03:37,451 - MOT - INFO - MTCNN detect face cost time : 0.064 s -  MainThread - 14664 
2019-08-06 11:03:37,520 - MOT - INFO - MTCNN detect face cost time : 0.059 s -  MainThread - 14664 
2019-08-06 11:03:37,585 - MOT - INFO - MTCNN detect face cost time : 0.056 s -  MainThread - 14664 
2019-08-06 11:03:37,655 - MOT - INFO - MTCNN detect face cost time : 0.062 s -  MainThread - 14664 
2019-08-06 11:03:37,721 - MOT - INFO - MTCNN detect face cost time : 0.058 s -  MainThread - 14664 
2019-08-06 11:03:37,790 - MOT - INFO - MTCNN detect face cost time : 0.06 s -  MainThread - 14664 
2019-08-06 11:03:37,855 - MOT - INFO - MTCNN detect face cost time : 0.057 s -  MainThread - 14664 
2019-08-06 11:03:37,925 - MOT - INFO - MTCNN detect face cost time : 0.061 s -  MainThread - 14664 
2019-08-06 11:03:37,992 - MOT - INFO - MTCNN detect face cost time : 0.059 s -  MainThread - 14664 
2019-08-06 11:03:38,055 - MOT - INFO - MTCNN detect face cost time : 0.056 s -  MainThread - 14664 
2019-08-06 11:03:38,118 - MOT - INFO - MTCNN detect face cost time : 0.055 s -  MainThread - 14664 
2019-08-06 11:03:38,180 - MOT - INFO - MTCNN detect face cost time : 0.054 s -  MainThread - 14664 
2019-08-06 11:03:38,248 - MOT - INFO - MTCNN detect face cost time : 0.059 s -  MainThread - 14664 
2019-08-06 11:03:38,319 - MOT - INFO - MTCNN detect face cost time : 0.058 s -  MainThread - 14664 
2019-08-06 11:03:38,378 - MOT - INFO - MTCNN detect face cost time : 0.05 s -  MainThread - 14664 
2019-08-06 11:03:38,436 - MOT - INFO - MTCNN detect face cost time : 0.051 s -  MainThread - 14664 
2019-08-06 11:03:38,495 - MOT - INFO - MTCNN detect face cost time : 0.05 s -  MainThread - 14664 
2019-08-06 11:03:38,551 - MOT - INFO - MTCNN detect face cost time : 0.048 s -  MainThread - 14664 
2019-08-06 11:03:38,606 - MOT - INFO - MTCNN detect face cost time : 0.047 s -  MainThread - 14664 
2019-08-06 11:03:38,672 - MOT - INFO - MTCNN detect face cost time : 0.058 s -  MainThread - 14664 
2019-08-06 11:03:38,731 - MOT - INFO - MTCNN detect face cost time : 0.05 s -  MainThread - 14664 
2019-08-06 11:03:38,790 - MOT - INFO - MTCNN detect face cost time : 0.051 s -  MainThread - 14664 
2019-08-06 11:03:38,847 - MOT - INFO - MTCNN detect face cost time : 0.049 s -  MainThread - 14664 
2019-08-06 11:03:38,905 - MOT - INFO - MTCNN detect face cost time : 0.05 s -  MainThread - 14664 
2019-08-06 11:03:38,963 - MOT - INFO - MTCNN detect face cost time : 0.05 s -  MainThread - 14664 
2019-08-06 11:03:39,022 - MOT - INFO - MTCNN detect face cost time : 0.051 s -  MainThread - 14664 
2019-08-06 11:03:39,082 - MOT - INFO - MTCNN detect face cost time : 0.052 s -  MainThread - 14664 
2019-08-06 11:03:39,139 - MOT - INFO - MTCNN detect face cost time : 0.049 s -  MainThread - 14664 
2019-08-06 11:03:39,201 - MOT - INFO - MTCNN detect face cost time : 0.054 s -  MainThread - 14664 
2019-08-06 11:03:39,274 - MOT - INFO - MTCNN detect face cost time : 0.065 s -  MainThread - 14664 
2019-08-06 11:03:39,355 - MOT - INFO - MTCNN detect face cost time : 0.072 s -  MainThread - 14664 
2019-08-06 11:03:39,433 - MOT - INFO - MTCNN detect face cost time : 0.069 s -  MainThread - 14664 
2019-08-06 11:03:39,504 - MOT - INFO - MTCNN detect face cost time : 0.063 s -  MainThread - 14664 
2019-08-06 11:03:39,580 - MOT - INFO - MTCNN detect face cost time : 0.069 s -  MainThread - 14664 
2019-08-06 11:03:39,663 - MOT - INFO - MTCNN detect face cost time : 0.074 s -  MainThread - 14664 
2019-08-06 11:03:39,740 - MOT - INFO - MTCNN detect face cost time : 0.068 s -  MainThread - 14664 
2019-08-06 11:03:39,815 - MOT - INFO - MTCNN detect face cost time : 0.066 s -  MainThread - 14664 
2019-08-06 11:03:39,888 - MOT - INFO - MTCNN detect face cost time : 0.065 s -  MainThread - 14664 
2019-08-06 11:03:39,964 - MOT - INFO - MTCNN detect face cost time : 0.069 s -  MainThread - 14664 
2019-08-06 11:03:40,045 - MOT - INFO - MTCNN detect face cost time : 0.073 s -  MainThread - 14664 
2019-08-06 11:03:40,128 - MOT - INFO - MTCNN detect face cost time : 0.073 s -  MainThread - 14664 
2019-08-06 11:03:40,207 - MOT - INFO - MTCNN detect face cost time : 0.071 s -  MainThread - 14664 
2019-08-06 11:03:40,290 - MOT - INFO - MTCNN detect face cost time : 0.075 s -  MainThread - 14664 
2019-08-06 11:03:40,373 - MOT - INFO - MTCNN detect face cost time : 0.074 s -  MainThread - 14664 
2019-08-06 11:03:40,456 - MOT - INFO - MTCNN detect face cost time : 0.075 s -  MainThread - 14664 
2019-08-06 11:03:40,533 - MOT - INFO - MTCNN detect face cost time : 0.068 s -  MainThread - 14664 
2019-08-06 11:03:40,608 - MOT - INFO - MTCNN detect face cost time : 0.066 s -  MainThread - 14664 
2019-08-06 11:03:40,678 - MOT - INFO - MTCNN detect face cost time : 0.063 s -  MainThread - 14664 
2019-08-06 11:03:40,752 - MOT - INFO - MTCNN detect face cost time : 0.065 s -  MainThread - 14664 
2019-08-06 11:03:40,826 - MOT - INFO - MTCNN detect face cost time : 0.065 s -  MainThread - 14664 
2019-08-06 11:03:40,901 - MOT - INFO - MTCNN detect face cost time : 0.067 s -  MainThread - 14664 
2019-08-06 11:03:40,978 - MOT - INFO - MTCNN detect face cost time : 0.068 s -  MainThread - 14664 
2019-08-06 11:03:41,054 - MOT - INFO - MTCNN detect face cost time : 0.068 s -  MainThread - 14664 
2019-08-06 11:03:41,125 - MOT - INFO - MTCNN detect face cost time : 0.063 s -  MainThread - 14664 
2019-08-06 11:03:41,200 - MOT - INFO - MTCNN detect face cost time : 0.066 s -  MainThread - 14664 
2019-08-06 11:03:41,281 - MOT - INFO - MTCNN detect face cost time : 0.072 s -  MainThread - 14664 
2019-08-06 11:03:41,358 - MOT - INFO - MTCNN detect face cost time : 0.069 s -  MainThread - 14664 
2019-08-06 11:03:41,437 - MOT - INFO - MTCNN detect face cost time : 0.071 s -  MainThread - 14664 
2019-08-06 11:03:41,515 - MOT - INFO - MTCNN detect face cost time : 0.068 s -  MainThread - 14664 
2019-08-06 11:03:41,594 - MOT - INFO - MTCNN detect face cost time : 0.07 s -  MainThread - 14664 
2019-08-06 11:03:41,681 - MOT - INFO - MTCNN detect face cost time : 0.078 s -  MainThread - 14664 
2019-08-06 11:03:41,753 - MOT - INFO - MTCNN detect face cost time : 0.064 s -  MainThread - 14664 
2019-08-06 11:03:41,826 - MOT - INFO - MTCNN detect face cost time : 0.066 s -  MainThread - 14664 
2019-08-06 11:03:41,903 - MOT - INFO - MTCNN detect face cost time : 0.069 s -  MainThread - 14664 
2019-08-06 11:03:41,983 - MOT - INFO - MTCNN detect face cost time : 0.071 s -  MainThread - 14664 
2019-08-06 11:03:42,058 - MOT - INFO - MTCNN detect face cost time : 0.067 s -  MainThread - 14664 
2019-08-06 11:03:42,135 - MOT - INFO - MTCNN detect face cost time : 0.068 s -  MainThread - 14664 
2019-08-06 11:03:42,210 - MOT - INFO - MTCNN detect face cost time : 0.067 s -  MainThread - 14664 
2019-08-06 11:03:42,289 - MOT - INFO - MTCNN detect face cost time : 0.07 s -  MainThread - 14664 
2019-08-06 11:03:42,364 - MOT - INFO - MTCNN detect face cost time : 0.067 s -  MainThread - 14664 
2019-08-06 11:03:42,442 - MOT - INFO - MTCNN detect face cost time : 0.068 s -  MainThread - 14664 
2019-08-06 11:03:42,523 - MOT - INFO - MTCNN detect face cost time : 0.072 s -  MainThread - 14664 
2019-08-06 11:03:42,596 - MOT - INFO - MTCNN detect face cost time : 0.065 s -  MainThread - 14664 
2019-08-06 11:03:42,667 - MOT - INFO - MTCNN detect face cost time : 0.063 s -  MainThread - 14664 
2019-08-06 11:03:42,742 - MOT - INFO - MTCNN detect face cost time : 0.066 s -  MainThread - 14664 
2019-08-06 11:03:42,826 - MOT - INFO - MTCNN detect face cost time : 0.072 s -  MainThread - 14664 
2019-08-06 11:03:42,899 - MOT - INFO - MTCNN detect face cost time : 0.064 s -  MainThread - 14664 
2019-08-06 11:03:42,968 - MOT - INFO - MTCNN detect face cost time : 0.061 s -  MainThread - 14664 
2019-08-06 11:03:43,043 - MOT - INFO - MTCNN detect face cost time : 0.067 s -  MainThread - 14664 
2019-08-06 11:03:43,119 - MOT - INFO - MTCNN detect face cost time : 0.067 s -  MainThread - 14664 
2019-08-06 11:03:43,202 - MOT - INFO - MTCNN detect face cost time : 0.075 s -  MainThread - 14664 
2019-08-06 11:03:43,295 - MOT - INFO - MTCNN detect face cost time : 0.085 s -  MainThread - 14664 
2019-08-06 11:03:43,388 - MOT - INFO - MTCNN detect face cost time : 0.079 s -  MainThread - 14664 
2019-08-06 11:03:43,466 - MOT - INFO - MTCNN detect face cost time : 0.071 s -  MainThread - 14664 
2019-08-06 11:03:43,537 - MOT - INFO - MTCNN detect face cost time : 0.063 s -  MainThread - 14664 
2019-08-06 11:03:43,613 - MOT - INFO - MTCNN detect face cost time : 0.067 s -  MainThread - 14664 
2019-08-06 11:03:43,692 - MOT - INFO - MTCNN detect face cost time : 0.072 s -  MainThread - 14664 
2019-08-06 11:03:43,768 - MOT - INFO - MTCNN detect face cost time : 0.067 s -  MainThread - 14664 
2019-08-06 11:03:43,849 - MOT - INFO - MTCNN detect face cost time : 0.072 s -  MainThread - 14664 
2019-08-06 11:03:43,929 - MOT - INFO - MTCNN detect face cost time : 0.07 s -  MainThread - 14664 
2019-08-06 11:03:44,018 - MOT - INFO - MTCNN detect face cost time : 0.081 s -  MainThread - 14664 
2019-08-06 11:03:44,100 - MOT - INFO - MTCNN detect face cost time : 0.074 s -  MainThread - 14664 
2019-08-06 11:03:44,179 - MOT - INFO - MTCNN detect face cost time : 0.071 s -  MainThread - 14664 
2019-08-06 11:03:44,257 - MOT - INFO - MTCNN detect face cost time : 0.07 s -  MainThread - 14664 
2019-08-06 11:03:44,333 - MOT - INFO - MTCNN detect face cost time : 0.068 s -  MainThread - 14664 
2019-08-06 11:03:44,436 - MOT - INFO - MTCNN detect face cost time : 0.096 s -  MainThread - 14664 
2019-08-06 11:03:44,512 - MOT - INFO - MTCNN detect face cost time : 0.066 s -  MainThread - 14664 
2019-08-06 11:03:44,584 - MOT - INFO - MTCNN detect face cost time : 0.064 s -  MainThread - 14664 
2019-08-06 11:03:44,655 - MOT - INFO - MTCNN detect face cost time : 0.062 s -  MainThread - 14664 
2019-08-06 11:03:44,723 - MOT - INFO - MTCNN detect face cost time : 0.059 s -  MainThread - 14664 
2019-08-06 11:03:44,727 - MOT - INFO - Video_name:videos\2_Obama.mp4 -  MainThread - 14664 
2019-08-06 11:03:46,608 - MOT - INFO - MTCNN detect face cost time : 0.062 s -  MainThread - 14664 
2019-08-06 11:03:46,680 - MOT - INFO - MTCNN detect face cost time : 0.063 s -  MainThread - 14664 
2019-08-06 11:03:46,757 - MOT - INFO - MTCNN detect face cost time : 0.069 s -  MainThread - 14664 
2019-08-06 11:03:46,842 - MOT - INFO - MTCNN detect face cost time : 0.076 s -  MainThread - 14664 
2019-08-06 11:03:46,918 - MOT - INFO - MTCNN detect face cost time : 0.068 s -  MainThread - 14664 
2019-08-06 11:03:46,999 - MOT - INFO - MTCNN detect face cost time : 0.074 s -  MainThread - 14664 
2019-08-06 11:03:47,081 - MOT - INFO - MTCNN detect face cost time : 0.073 s -  MainThread - 14664 
2019-08-06 11:03:47,155 - MOT - INFO - MTCNN detect face cost time : 0.066 s -  MainThread - 14664 
2019-08-06 11:03:47,234 - MOT - INFO - MTCNN detect face cost time : 0.07 s -  MainThread - 14664 
2019-08-06 11:03:47,316 - MOT - INFO - MTCNN detect face cost time : 0.074 s -  MainThread - 14664 
2019-08-06 11:03:47,395 - MOT - INFO - MTCNN detect face cost time : 0.07 s -  MainThread - 14664 
2019-08-06 11:03:47,473 - MOT - INFO - MTCNN detect face cost time : 0.07 s -  MainThread - 14664 
2019-08-06 11:03:47,560 - MOT - INFO - MTCNN detect face cost time : 0.079 s -  MainThread - 14664 
2019-08-06 11:03:47,641 - MOT - INFO - MTCNN detect face cost time : 0.073 s -  MainThread - 14664 
2019-08-06 11:03:47,719 - MOT - INFO - MTCNN detect face cost time : 0.071 s -  MainThread - 14664 
2019-08-06 11:03:47,799 - MOT - INFO - MTCNN detect face cost time : 0.071 s -  MainThread - 14664 
2019-08-06 11:03:47,882 - MOT - INFO - MTCNN detect face cost time : 0.074 s -  MainThread - 14664 
2019-08-06 11:03:47,965 - MOT - INFO - MTCNN detect face cost time : 0.074 s -  MainThread - 14664 
2019-08-06 11:03:48,041 - MOT - INFO - MTCNN detect face cost time : 0.067 s -  MainThread - 14664 
2019-08-06 11:03:48,116 - MOT - INFO - MTCNN detect face cost time : 0.068 s -  MainThread - 14664 
2019-08-06 11:03:48,188 - MOT - INFO - MTCNN detect face cost time : 0.064 s -  MainThread - 14664 
2019-08-06 11:03:48,266 - MOT - INFO - MTCNN detect face cost time : 0.069 s -  MainThread - 14664 
2019-08-06 11:03:48,339 - MOT - INFO - MTCNN detect face cost time : 0.064 s -  MainThread - 14664 
2019-08-06 11:03:48,406 - MOT - INFO - MTCNN detect face cost time : 0.058 s -  MainThread - 14664 
2019-08-06 11:03:48,479 - MOT - INFO - MTCNN detect face cost time : 0.066 s -  MainThread - 14664 
2019-08-06 11:03:48,548 - MOT - INFO - MTCNN detect face cost time : 0.06 s -  MainThread - 14664 
2019-08-06 11:03:48,621 - MOT - INFO - MTCNN detect face cost time : 0.064 s -  MainThread - 14664 
2019-08-06 11:03:48,688 - MOT - INFO - MTCNN detect face cost time : 0.059 s -  MainThread - 14664 
2019-08-06 11:03:48,757 - MOT - INFO - MTCNN detect face cost time : 0.06 s -  MainThread - 14664 
2019-08-06 11:03:48,830 - MOT - INFO - MTCNN detect face cost time : 0.065 s -  MainThread - 14664 
2019-08-06 11:03:48,905 - MOT - INFO - MTCNN detect face cost time : 0.066 s -  MainThread - 14664 
2019-08-06 11:03:48,975 - MOT - INFO - MTCNN detect face cost time : 0.062 s -  MainThread - 14664 
2019-08-06 11:03:49,050 - MOT - INFO - MTCNN detect face cost time : 0.067 s -  MainThread - 14664 
2019-08-06 11:03:49,119 - MOT - INFO - MTCNN detect face cost time : 0.061 s -  MainThread - 14664 
2019-08-06 11:03:49,189 - MOT - INFO - MTCNN detect face cost time : 0.062 s -  MainThread - 14664 
2019-08-06 11:03:49,265 - MOT - INFO - MTCNN detect face cost time : 0.068 s -  MainThread - 14664 
2019-08-06 11:03:49,337 - MOT - INFO - MTCNN detect face cost time : 0.064 s -  MainThread - 14664 
2019-08-06 11:03:49,404 - MOT - INFO - MTCNN detect face cost time : 0.059 s -  MainThread - 14664 
2019-08-06 11:03:49,476 - MOT - INFO - MTCNN detect face cost time : 0.064 s -  MainThread - 14664 
2019-08-06 11:03:49,543 - MOT - INFO - MTCNN detect face cost time : 0.059 s -  MainThread - 14664 
2019-08-06 11:03:49,611 - MOT - INFO - MTCNN detect face cost time : 0.06 s -  MainThread - 14664 
2019-08-06 11:03:49,686 - MOT - INFO - MTCNN detect face cost time : 0.065 s -  MainThread - 14664 
2019-08-06 11:03:49,757 - MOT - INFO - MTCNN detect face cost time : 0.062 s -  MainThread - 14664 
