2019-08-07 09:57:49,977 - MOT - INFO - Start track and extract...... -  MainThread - 15340 
2019-08-07 09:57:51,604 - MOT - INFO - All files:1_Hours Of _Harassment' In NYC!.mp4 -  MainThread - 15340 
2019-08-07 09:57:51,605 - MOT - INFO - All files:2_Obama.mp4 -  MainThread - 15340 
2019-08-07 09:57:51,606 - MOT - INFO - Video_name:videos\1_Hours Of _Harassment' In NYC!.mp4 -  MainThread - 15340 
2019-08-07 09:57:54,347 - MOT - INFO - MTCNN detect face cost time : 0.329 s -  MainThread - 15340 
2019-08-07 09:57:54,349 - MOT - INFO - new Tracker: 1 -  MainThread - 15340 
2019-08-07 09:57:54,447 - MOT - INFO - MTCNN detect face cost time : 0.075 s -  MainThread - 15340 
2019-08-07 09:57:54,884 - MOT - INFO - MTCNN detect face cost time : 0.056 s -  MainThread - 15340 
2019-08-07 09:57:54,952 - MOT - INFO - MTCNN detect face cost time : 0.061 s -  MainThread - 15340 
2019-08-07 09:57:55,035 - MOT - INFO - MTCNN detect face cost time : 0.074 s -  MainThread - 15340 
2019-08-07 09:57:55,110 - MOT - INFO - MTCNN detect face cost time : 0.064 s -  MainThread - 15340 
2019-08-07 09:57:55,182 - MOT - INFO - MTCNN detect face cost time : 0.064 s -  MainThread - 15340 
2019-08-07 09:57:55,255 - MOT - INFO - MTCNN detect face cost time : 0.062 s -  MainThread - 15340 
2019-08-07 09:57:55,330 - MOT - INFO - MTCNN detect face cost time : 0.067 s -  MainThread - 15340 
2019-08-07 09:57:55,406 - MOT - INFO - MTCNN detect face cost time : 0.066 s -  MainThread - 15340 
2019-08-07 09:57:55,474 - MOT - INFO - MTCNN detect face cost time : 0.059 s -  MainThread - 15340 
2019-08-07 09:57:55,545 - MOT - INFO - MTCNN detect face cost time : 0.061 s -  MainThread - 15340 
2019-08-07 09:57:55,614 - MOT - INFO - MTCNN detect face cost time : 0.061 s -  MainThread - 15340 
2019-08-07 09:57:55,681 - MOT - INFO - MTCNN detect face cost time : 0.057 s -  MainThread - 15340 
2019-08-07 09:57:55,749 - MOT - INFO - MTCNN detect face cost time : 0.059 s -  MainThread - 15340 
2019-08-07 09:57:55,817 - MOT - INFO - MTCNN detect face cost time : 0.059 s -  MainThread - 15340 
2019-08-07 09:57:55,886 - MOT - INFO - MTCNN detect face cost time : 0.06 s -  MainThread - 15340 
2019-08-07 09:57:55,959 - MOT - INFO - MTCNN detect face cost time : 0.057 s -  MainThread - 15340 
2019-08-07 09:57:56,026 - MOT - INFO - MTCNN detect face cost time : 0.059 s -  MainThread - 15340 
2019-08-07 09:57:56,096 - MOT - INFO - MTCNN detect face cost time : 0.06 s -  MainThread - 15340 
2019-08-07 09:57:56,161 - MOT - INFO - MTCNN detect face cost time : 0.056 s -  MainThread - 15340 
2019-08-07 09:57:56,230 - MOT - INFO - MTCNN detect face cost time : 0.059 s -  MainThread - 15340 
2019-08-07 09:57:56,297 - MOT - INFO - MTCNN detect face cost time : 0.058 s -  MainThread - 15340 
2019-08-07 09:57:56,370 - MOT - INFO - MTCNN detect face cost time : 0.062 s -  MainThread - 15340 
2019-08-07 09:57:56,437 - MOT - INFO - MTCNN detect face cost time : 0.058 s -  MainThread - 15340 
2019-08-07 09:57:56,508 - MOT - INFO - MTCNN detect face cost time : 0.062 s -  MainThread - 15340 
2019-08-07 09:57:56,575 - MOT - INFO - MTCNN detect face cost time : 0.057 s -  MainThread - 15340 
2019-08-07 09:57:56,641 - MOT - INFO - MTCNN detect face cost time : 0.058 s -  MainThread - 15340 
2019-08-07 09:57:56,710 - MOT - INFO - MTCNN detect face cost time : 0.059 s -  MainThread - 15340 
2019-08-07 09:57:56,776 - MOT - INFO - MTCNN detect face cost time : 0.057 s -  MainThread - 15340 
2019-08-07 09:57:56,839 - MOT - INFO - MTCNN detect face cost time : 0.054 s -  MainThread - 15340 
2019-08-07 09:57:56,905 - MOT - INFO - MTCNN detect face cost time : 0.056 s -  MainThread - 15340 
2019-08-07 09:57:56,971 - MOT - INFO - MTCNN detect face cost time : 0.057 s -  MainThread - 15340 
2019-08-07 09:57:57,037 - MOT - INFO - MTCNN detect face cost time : 0.057 s -  MainThread - 15340 
2019-08-07 09:57:57,100 - MOT - INFO - MTCNN detect face cost time : 0.054 s -  MainThread - 15340 
2019-08-07 09:57:57,166 - MOT - INFO - MTCNN detect face cost time : 0.055 s -  MainThread - 15340 
2019-08-07 09:57:57,234 - MOT - INFO - MTCNN detect face cost time : 0.059 s -  MainThread - 15340 
2019-08-07 09:57:57,300 - MOT - INFO - MTCNN detect face cost time : 0.056 s -  MainThread - 15340 
2019-08-07 09:57:57,363 - MOT - INFO - MTCNN detect face cost time : 0.053 s -  MainThread - 15340 
2019-08-07 09:57:57,430 - MOT - INFO - MTCNN detect face cost time : 0.058 s -  MainThread - 15340 
2019-08-07 09:57:57,493 - MOT - INFO - MTCNN detect face cost time : 0.054 s -  MainThread - 15340 
2019-08-07 09:57:57,559 - MOT - INFO - MTCNN detect face cost time : 0.056 s -  MainThread - 15340 
2019-08-07 09:57:57,628 - MOT - INFO - MTCNN detect face cost time : 0.06 s -  MainThread - 15340 
2019-08-07 09:57:57,692 - MOT - INFO - MTCNN detect face cost time : 0.055 s -  MainThread - 15340 
2019-08-07 09:57:57,757 - MOT - INFO - MTCNN detect face cost time : 0.055 s -  MainThread - 15340 
2019-08-07 09:57:57,820 - MOT - INFO - MTCNN detect face cost time : 0.054 s -  MainThread - 15340 
2019-08-07 09:57:57,887 - MOT - INFO - MTCNN detect face cost time : 0.057 s -  MainThread - 15340 
2019-08-07 09:57:57,953 - MOT - INFO - MTCNN detect face cost time : 0.056 s -  MainThread - 15340 
2019-08-07 09:57:58,023 - MOT - INFO - MTCNN detect face cost time : 0.06 s -  MainThread - 15340 
2019-08-07 09:57:58,089 - MOT - INFO - MTCNN detect face cost time : 0.057 s -  MainThread - 15340 
2019-08-07 09:57:58,154 - MOT - INFO - MTCNN detect face cost time : 0.056 s -  MainThread - 15340 
2019-08-07 09:57:58,220 - MOT - INFO - MTCNN detect face cost time : 0.058 s -  MainThread - 15340 
2019-08-07 09:57:58,285 - MOT - INFO - MTCNN detect face cost time : 0.055 s -  MainThread - 15340 
2019-08-07 09:57:58,290 - MOT - INFO - Video_name:videos\2_Obama.mp4 -  MainThread - 15340 
2019-08-07 09:58:00,143 - MOT - INFO - MTCNN detect face cost time : 0.04 s -  MainThread - 15340 
2019-08-07 09:58:00,204 - MOT - INFO - MTCNN detect face cost time : 0.052 s -  MainThread - 15340 
2019-08-07 09:58:00,268 - MOT - INFO - MTCNN detect face cost time : 0.055 s -  MainThread - 15340 
2019-08-07 09:58:00,334 - MOT - INFO - MTCNN detect face cost time : 0.056 s -  MainThread - 15340 
2019-08-07 09:58:00,398 - MOT - INFO - MTCNN detect face cost time : 0.055 s -  MainThread - 15340 
2019-08-07 09:58:00,462 - MOT - INFO - MTCNN detect face cost time : 0.054 s -  MainThread - 15340 
2019-08-07 09:58:00,527 - MOT - INFO - MTCNN detect face cost time : 0.054 s -  MainThread - 15340 
2019-08-07 09:58:00,592 - MOT - INFO - MTCNN detect face cost time : 0.055 s -  MainThread - 15340 
2019-08-07 09:58:00,655 - MOT - INFO - MTCNN detect face cost time : 0.054 s -  MainThread - 15340 
2019-08-07 09:58:00,719 - MOT - INFO - MTCNN detect face cost time : 0.055 s -  MainThread - 15340 
2019-08-07 09:58:00,784 - MOT - INFO - MTCNN detect face cost time : 0.056 s -  MainThread - 15340 
2019-08-07 09:58:00,848 - MOT - INFO - MTCNN detect face cost time : 0.055 s -  MainThread - 15340 
2019-08-07 09:58:00,915 - MOT - INFO - MTCNN detect face cost time : 0.058 s -  MainThread - 15340 
2019-08-07 09:58:00,985 - MOT - INFO - MTCNN detect face cost time : 0.059 s -  MainThread - 15340 
2019-08-07 09:58:01,050 - MOT - INFO - MTCNN detect face cost time : 0.057 s -  MainThread - 15340 
2019-08-07 09:58:01,119 - MOT - INFO - MTCNN detect face cost time : 0.06 s -  MainThread - 15340 
2019-08-07 09:58:01,186 - MOT - INFO - MTCNN detect face cost time : 0.058 s -  MainThread - 15340 
2019-08-07 09:58:01,253 - MOT - INFO - MTCNN detect face cost time : 0.057 s -  MainThread - 15340 
2019-08-07 09:58:01,320 - MOT - INFO - MTCNN detect face cost time : 0.059 s -  MainThread - 15340 
2019-08-07 09:58:01,387 - MOT - INFO - MTCNN detect face cost time : 0.057 s -  MainThread - 15340 
2019-08-07 09:58:01,453 - MOT - INFO - MTCNN detect face cost time : 0.056 s -  MainThread - 15340 
2019-08-07 09:58:01,521 - MOT - INFO - MTCNN detect face cost time : 0.06 s -  MainThread - 15340 
2019-08-07 09:58:01,596 - MOT - INFO - MTCNN detect face cost time : 0.066 s -  MainThread - 15340 
2019-08-07 09:58:01,676 - MOT - INFO - MTCNN detect face cost time : 0.07 s -  MainThread - 15340 
2019-08-07 09:58:01,753 - MOT - INFO - MTCNN detect face cost time : 0.067 s -  MainThread - 15340 
2019-08-07 09:58:01,842 - MOT - INFO - MTCNN detect face cost time : 0.08 s -  MainThread - 15340 
