2019-08-06 12:01:35,620 - MOT - INFO - Start track and extract...... -  MainThread - 1420 
2019-08-06 12:01:37,192 - MOT - INFO - All files:1_Hours Of _Harassment' In NYC!.mp4 -  MainThread - 1420 
2019-08-06 12:01:37,193 - MOT - INFO - All files:2_Obama.mp4 -  MainThread - 1420 
2019-08-06 12:01:37,194 - MOT - INFO - Video_name:videos\1_Hours Of _Harassment' In NYC!.mp4 -  MainThread - 1420 
2019-08-06 12:01:39,755 - MOT - INFO - MTCNN detect face cost time : 0.191 s -  MainThread - 1420 
2019-08-06 12:01:39,828 - MOT - INFO - MTCNN detect face cost time : 0.053 s -  MainThread - 1420 
2019-08-06 12:01:39,891 - MOT - INFO - MTCNN detect face cost time : 0.053 s -  MainThread - 1420 
2019-08-06 12:01:39,954 - MOT - INFO - MTCNN detect face cost time : 0.055 s -  MainThread - 1420 
2019-08-06 12:01:40,126 - MOT - INFO - MTCNN detect face cost time : 0.166 s -  MainThread - 1420 
2019-08-06 12:01:40,184 - MOT - INFO - MTCNN detect face cost time : 0.05 s -  MainThread - 1420 
2019-08-06 12:01:40,249 - MOT - INFO - MTCNN detect face cost time : 0.058 s -  MainThread - 1420 
2019-08-06 12:01:40,316 - MOT - INFO - MTCNN detect face cost time : 0.06 s -  MainThread - 1420 
2019-08-06 12:01:40,379 - MOT - INFO - MTCNN detect face cost time : 0.056 s -  MainThread - 1420 
2019-08-06 12:01:40,437 - MOT - INFO - MTCNN detect face cost time : 0.051 s -  MainThread - 1420 
2019-08-06 12:01:40,498 - MOT - INFO - MTCNN detect face cost time : 0.055 s -  MainThread - 1420 
2019-08-06 12:01:40,560 - MOT - INFO - MTCNN detect face cost time : 0.055 s -  MainThread - 1420 
2019-08-06 12:01:40,620 - MOT - INFO - MTCNN detect face cost time : 0.053 s -  MainThread - 1420 
2019-08-06 12:01:40,681 - MOT - INFO - MTCNN detect face cost time : 0.054 s -  MainThread - 1420 
2019-08-06 12:01:40,735 - MOT - INFO - MTCNN detect face cost time : 0.046 s -  MainThread - 1420 
2019-08-06 12:01:40,787 - MOT - INFO - MTCNN detect face cost time : 0.044 s -  MainThread - 1420 
2019-08-06 12:01:40,838 - MOT - INFO - MTCNN detect face cost time : 0.045 s -  MainThread - 1420 
2019-08-06 12:01:40,891 - MOT - INFO - MTCNN detect face cost time : 0.046 s -  MainThread - 1420 
2019-08-06 12:01:40,948 - MOT - INFO - MTCNN detect face cost time : 0.05 s -  MainThread - 1420 
2019-08-06 12:01:41,003 - MOT - INFO - MTCNN detect face cost time : 0.048 s -  MainThread - 1420 
2019-08-06 12:01:41,059 - MOT - INFO - MTCNN detect face cost time : 0.049 s -  MainThread - 1420 
2019-08-06 12:01:41,114 - MOT - INFO - MTCNN detect face cost time : 0.048 s -  MainThread - 1420 
2019-08-06 12:01:41,167 - MOT - INFO - MTCNN detect face cost time : 0.046 s -  MainThread - 1420 
2019-08-06 12:01:41,218 - MOT - INFO - MTCNN detect face cost time : 0.045 s -  MainThread - 1420 
2019-08-06 12:01:41,271 - MOT - INFO - MTCNN detect face cost time : 0.046 s -  MainThread - 1420 
2019-08-06 12:01:41,324 - MOT - INFO - MTCNN detect face cost time : 0.046 s -  MainThread - 1420 
2019-08-06 12:01:41,378 - MOT - INFO - MTCNN detect face cost time : 0.046 s -  MainThread - 1420 
2019-08-06 12:01:41,430 - MOT - INFO - MTCNN detect face cost time : 0.044 s -  MainThread - 1420 
2019-08-06 12:01:41,481 - MOT - INFO - MTCNN detect face cost time : 0.044 s -  MainThread - 1420 
2019-08-06 12:01:41,533 - MOT - INFO - MTCNN detect face cost time : 0.045 s -  MainThread - 1420 
2019-08-06 12:01:41,580 - MOT - INFO - MTCNN detect face cost time : 0.041 s -  MainThread - 1420 
2019-08-06 12:01:41,628 - MOT - INFO - MTCNN detect face cost time : 0.04 s -  MainThread - 1420 
2019-08-06 12:01:41,678 - MOT - INFO - MTCNN detect face cost time : 0.042 s -  MainThread - 1420 
2019-08-06 12:01:41,729 - MOT - INFO - MTCNN detect face cost time : 0.043 s -  MainThread - 1420 
2019-08-06 12:01:41,773 - MOT - INFO - MTCNN detect face cost time : 0.038 s -  MainThread - 1420 
2019-08-06 12:01:41,819 - MOT - INFO - MTCNN detect face cost time : 0.039 s -  MainThread - 1420 
2019-08-06 12:01:41,868 - MOT - INFO - MTCNN detect face cost time : 0.04 s -  MainThread - 1420 
2019-08-06 12:01:41,917 - MOT - INFO - MTCNN detect face cost time : 0.042 s -  MainThread - 1420 
2019-08-06 12:01:41,965 - MOT - INFO - MTCNN detect face cost time : 0.04 s -  MainThread - 1420 
2019-08-06 12:01:42,014 - MOT - INFO - MTCNN detect face cost time : 0.041 s -  MainThread - 1420 
2019-08-06 12:01:42,061 - MOT - INFO - MTCNN detect face cost time : 0.039 s -  MainThread - 1420 
2019-08-06 12:01:42,112 - MOT - INFO - MTCNN detect face cost time : 0.044 s -  MainThread - 1420 
2019-08-06 12:01:42,159 - MOT - INFO - MTCNN detect face cost time : 0.041 s -  MainThread - 1420 
2019-08-06 12:01:42,208 - MOT - INFO - MTCNN detect face cost time : 0.041 s -  MainThread - 1420 
2019-08-06 12:01:42,256 - MOT - INFO - MTCNN detect face cost time : 0.041 s -  MainThread - 1420 
2019-08-06 12:01:42,311 - MOT - INFO - MTCNN detect face cost time : 0.048 s -  MainThread - 1420 
2019-08-06 12:01:42,363 - MOT - INFO - MTCNN detect face cost time : 0.044 s -  MainThread - 1420 
2019-08-06 12:01:42,413 - MOT - INFO - MTCNN detect face cost time : 0.043 s -  MainThread - 1420 
2019-08-06 12:01:42,461 - MOT - INFO - MTCNN detect face cost time : 0.041 s -  MainThread - 1420 
2019-08-06 12:01:42,511 - MOT - INFO - MTCNN detect face cost time : 0.043 s -  MainThread - 1420 
2019-08-06 12:01:42,559 - MOT - INFO - MTCNN detect face cost time : 0.041 s -  MainThread - 1420 
2019-08-06 12:01:42,611 - MOT - INFO - MTCNN detect face cost time : 0.044 s -  MainThread - 1420 
2019-08-06 12:01:42,659 - MOT - INFO - MTCNN detect face cost time : 0.041 s -  MainThread - 1420 
2019-08-06 12:01:42,706 - MOT - INFO - MTCNN detect face cost time : 0.04 s -  MainThread - 1420 
2019-08-06 12:01:42,755 - MOT - INFO - MTCNN detect face cost time : 0.042 s -  MainThread - 1420 
2019-08-06 12:01:42,802 - MOT - INFO - MTCNN detect face cost time : 0.04 s -  MainThread - 1420 
2019-08-06 12:01:42,849 - MOT - INFO - MTCNN detect face cost time : 0.04 s -  MainThread - 1420 
2019-08-06 12:01:42,895 - MOT - INFO - MTCNN detect face cost time : 0.04 s -  MainThread - 1420 
2019-08-06 12:01:42,941 - MOT - INFO - MTCNN detect face cost time : 0.039 s -  MainThread - 1420 
2019-08-06 12:01:42,991 - MOT - INFO - MTCNN detect face cost time : 0.042 s -  MainThread - 1420 
2019-08-06 12:01:43,040 - MOT - INFO - MTCNN detect face cost time : 0.042 s -  MainThread - 1420 
2019-08-06 12:01:43,088 - MOT - INFO - MTCNN detect face cost time : 0.041 s -  MainThread - 1420 
2019-08-06 12:01:43,137 - MOT - INFO - MTCNN detect face cost time : 0.041 s -  MainThread - 1420 
2019-08-06 12:01:43,184 - MOT - INFO - MTCNN detect face cost time : 0.04 s -  MainThread - 1420 
2019-08-06 12:01:43,231 - MOT - INFO - MTCNN detect face cost time : 0.039 s -  MainThread - 1420 
2019-08-06 12:01:43,277 - MOT - INFO - MTCNN detect face cost time : 0.039 s -  MainThread - 1420 
2019-08-06 12:01:43,333 - MOT - INFO - MTCNN detect face cost time : 0.046 s -  MainThread - 1420 
2019-08-06 12:01:43,387 - MOT - INFO - MTCNN detect face cost time : 0.047 s -  MainThread - 1420 
2019-08-06 12:01:43,440 - MOT - INFO - MTCNN detect face cost time : 0.046 s -  MainThread - 1420 
2019-08-06 12:01:43,496 - MOT - INFO - MTCNN detect face cost time : 0.05 s -  MainThread - 1420 
2019-08-06 12:01:43,547 - MOT - INFO - MTCNN detect face cost time : 0.044 s -  MainThread - 1420 
2019-08-06 12:01:43,607 - MOT - INFO - MTCNN detect face cost time : 0.05 s -  MainThread - 1420 
2019-08-06 12:01:43,666 - MOT - INFO - MTCNN detect face cost time : 0.051 s -  MainThread - 1420 
2019-08-06 12:01:43,730 - MOT - INFO - MTCNN detect face cost time : 0.05 s -  MainThread - 1420 
2019-08-06 12:01:43,782 - MOT - INFO - MTCNN detect face cost time : 0.045 s -  MainThread - 1420 
2019-08-06 12:01:43,833 - MOT - INFO - MTCNN detect face cost time : 0.045 s -  MainThread - 1420 
2019-08-06 12:01:43,884 - MOT - INFO - MTCNN detect face cost time : 0.044 s -  MainThread - 1420 
2019-08-06 12:01:43,933 - MOT - INFO - MTCNN detect face cost time : 0.042 s -  MainThread - 1420 
2019-08-06 12:01:43,983 - MOT - INFO - MTCNN detect face cost time : 0.043 s -  MainThread - 1420 
2019-08-06 12:01:44,033 - MOT - INFO - MTCNN detect face cost time : 0.042 s -  MainThread - 1420 
2019-08-06 12:01:44,081 - MOT - INFO - MTCNN detect face cost time : 0.041 s -  MainThread - 1420 
2019-08-06 12:01:44,129 - MOT - INFO - MTCNN detect face cost time : 0.041 s -  MainThread - 1420 
2019-08-06 12:01:44,175 - MOT - INFO - MTCNN detect face cost time : 0.039 s -  MainThread - 1420 
2019-08-06 12:01:44,225 - MOT - INFO - MTCNN detect face cost time : 0.044 s -  MainThread - 1420 
2019-08-06 12:01:44,279 - MOT - INFO - MTCNN detect face cost time : 0.047 s -  MainThread - 1420 
2019-08-06 12:01:44,329 - MOT - INFO - MTCNN detect face cost time : 0.043 s -  MainThread - 1420 
2019-08-06 12:01:44,387 - MOT - INFO - MTCNN detect face cost time : 0.047 s -  MainThread - 1420 
2019-08-06 12:01:44,445 - MOT - INFO - MTCNN detect face cost time : 0.05 s -  MainThread - 1420 
2019-08-06 12:01:44,495 - MOT - INFO - MTCNN detect face cost time : 0.043 s -  MainThread - 1420 
2019-08-06 12:01:44,544 - MOT - INFO - MTCNN detect face cost time : 0.042 s -  MainThread - 1420 
2019-08-06 12:01:44,597 - MOT - INFO - MTCNN detect face cost time : 0.047 s -  MainThread - 1420 
2019-08-06 12:01:44,646 - MOT - INFO - MTCNN detect face cost time : 0.042 s -  MainThread - 1420 
2019-08-06 12:01:44,696 - MOT - INFO - MTCNN detect face cost time : 0.042 s -  MainThread - 1420 
2019-08-06 12:01:44,747 - MOT - INFO - MTCNN detect face cost time : 0.044 s -  MainThread - 1420 
2019-08-06 12:01:44,803 - MOT - INFO - MTCNN detect face cost time : 0.049 s -  MainThread - 1420 
2019-08-06 12:01:44,854 - MOT - INFO - MTCNN detect face cost time : 0.044 s -  MainThread - 1420 
2019-08-06 12:01:44,905 - MOT - INFO - MTCNN detect face cost time : 0.044 s -  MainThread - 1420 
2019-08-06 12:01:44,960 - MOT - INFO - MTCNN detect face cost time : 0.049 s -  MainThread - 1420 
2019-08-06 12:01:45,012 - MOT - INFO - MTCNN detect face cost time : 0.045 s -  MainThread - 1420 
2019-08-06 12:01:45,065 - MOT - INFO - MTCNN detect face cost time : 0.046 s -  MainThread - 1420 
2019-08-06 12:01:45,117 - MOT - INFO - MTCNN detect face cost time : 0.045 s -  MainThread - 1420 
2019-08-06 12:01:45,170 - MOT - INFO - MTCNN detect face cost time : 0.047 s -  MainThread - 1420 
2019-08-06 12:01:45,223 - MOT - INFO - MTCNN detect face cost time : 0.046 s -  MainThread - 1420 
2019-08-06 12:01:45,277 - MOT - INFO - MTCNN detect face cost time : 0.047 s -  MainThread - 1420 
2019-08-06 12:01:45,336 - MOT - INFO - MTCNN detect face cost time : 0.051 s -  MainThread - 1420 
2019-08-06 12:01:45,391 - MOT - INFO - MTCNN detect face cost time : 0.048 s -  MainThread - 1420 
2019-08-06 12:01:45,443 - MOT - INFO - MTCNN detect face cost time : 0.045 s -  MainThread - 1420 
2019-08-06 12:01:45,503 - MOT - INFO - MTCNN detect face cost time : 0.053 s -  MainThread - 1420 
2019-08-06 12:01:45,566 - MOT - INFO - MTCNN detect face cost time : 0.056 s -  MainThread - 1420 
2019-08-06 12:01:45,633 - MOT - INFO - MTCNN detect face cost time : 0.06 s -  MainThread - 1420 
2019-08-06 12:01:45,686 - MOT - INFO - MTCNN detect face cost time : 0.046 s -  MainThread - 1420 
2019-08-06 12:01:45,737 - MOT - INFO - MTCNN detect face cost time : 0.045 s -  MainThread - 1420 
2019-08-06 12:01:45,790 - MOT - INFO - MTCNN detect face cost time : 0.045 s -  MainThread - 1420 
2019-08-06 12:01:45,843 - MOT - INFO - MTCNN detect face cost time : 0.046 s -  MainThread - 1420 
2019-08-06 12:01:45,896 - MOT - INFO - MTCNN detect face cost time : 0.045 s -  MainThread - 1420 
2019-08-06 12:01:45,949 - MOT - INFO - MTCNN detect face cost time : 0.045 s -  MainThread - 1420 
2019-08-06 12:01:46,010 - MOT - INFO - MTCNN detect face cost time : 0.054 s -  MainThread - 1420 
2019-08-06 12:01:46,062 - MOT - INFO - MTCNN detect face cost time : 0.045 s -  MainThread - 1420 
2019-08-06 12:01:46,113 - MOT - INFO - MTCNN detect face cost time : 0.046 s -  MainThread - 1420 
2019-08-06 12:01:46,162 - MOT - INFO - MTCNN detect face cost time : 0.042 s -  MainThread - 1420 
2019-08-06 12:01:46,211 - MOT - INFO - MTCNN detect face cost time : 0.042 s -  MainThread - 1420 
2019-08-06 12:01:46,267 - MOT - INFO - MTCNN detect face cost time : 0.049 s -  MainThread - 1420 
2019-08-06 12:01:46,318 - MOT - INFO - MTCNN detect face cost time : 0.044 s -  MainThread - 1420 
2019-08-06 12:01:46,371 - MOT - INFO - MTCNN detect face cost time : 0.046 s -  MainThread - 1420 
2019-08-06 12:01:46,424 - MOT - INFO - MTCNN detect face cost time : 0.046 s -  MainThread - 1420 
2019-08-06 12:01:46,473 - MOT - INFO - MTCNN detect face cost time : 0.043 s -  MainThread - 1420 
2019-08-06 12:01:46,525 - MOT - INFO - MTCNN detect face cost time : 0.045 s -  MainThread - 1420 
2019-08-06 12:01:46,577 - MOT - INFO - MTCNN detect face cost time : 0.045 s -  MainThread - 1420 
2019-08-06 12:01:46,631 - MOT - INFO - MTCNN detect face cost time : 0.047 s -  MainThread - 1420 
2019-08-06 12:01:46,680 - MOT - INFO - MTCNN detect face cost time : 0.042 s -  MainThread - 1420 
2019-08-06 12:01:46,734 - MOT - INFO - MTCNN detect face cost time : 0.047 s -  MainThread - 1420 
2019-08-06 12:01:46,786 - MOT - INFO - MTCNN detect face cost time : 0.044 s -  MainThread - 1420 
2019-08-06 12:01:46,834 - MOT - INFO - MTCNN detect face cost time : 0.043 s -  MainThread - 1420 
2019-08-06 12:01:46,890 - MOT - INFO - MTCNN detect face cost time : 0.049 s -  MainThread - 1420 
2019-08-06 12:01:46,946 - MOT - INFO - MTCNN detect face cost time : 0.049 s -  MainThread - 1420 
2019-08-06 12:01:47,015 - MOT - INFO - MTCNN detect face cost time : 0.062 s -  MainThread - 1420 
2019-08-06 12:01:47,065 - MOT - INFO - MTCNN detect face cost time : 0.043 s -  MainThread - 1420 
2019-08-06 12:01:47,118 - MOT - INFO - MTCNN detect face cost time : 0.046 s -  MainThread - 1420 
2019-08-06 12:01:47,174 - MOT - INFO - MTCNN detect face cost time : 0.049 s -  MainThread - 1420 
2019-08-06 12:01:47,227 - MOT - INFO - MTCNN detect face cost time : 0.047 s -  MainThread - 1420 
2019-08-06 12:01:47,284 - MOT - INFO - MTCNN detect face cost time : 0.049 s -  MainThread - 1420 
2019-08-06 12:01:47,340 - MOT - INFO - MTCNN detect face cost time : 0.046 s -  MainThread - 1420 
2019-08-06 12:01:47,398 - MOT - INFO - MTCNN detect face cost time : 0.05 s -  MainThread - 1420 
2019-08-06 12:01:47,452 - MOT - INFO - MTCNN detect face cost time : 0.047 s -  MainThread - 1420 
2019-08-06 12:01:47,509 - MOT - INFO - MTCNN detect face cost time : 0.05 s -  MainThread - 1420 
2019-08-06 12:01:47,570 - MOT - INFO - MTCNN detect face cost time : 0.054 s -  MainThread - 1420 
2019-08-06 12:01:47,633 - MOT - INFO - MTCNN detect face cost time : 0.057 s -  MainThread - 1420 
2019-08-06 12:01:47,693 - MOT - INFO - MTCNN detect face cost time : 0.053 s -  MainThread - 1420 
2019-08-06 12:01:47,751 - MOT - INFO - MTCNN detect face cost time : 0.051 s -  MainThread - 1420 
2019-08-06 12:01:47,814 - MOT - INFO - MTCNN detect face cost time : 0.055 s -  MainThread - 1420 
2019-08-06 12:01:47,871 - MOT - INFO - MTCNN detect face cost time : 0.05 s -  MainThread - 1420 
2019-08-06 12:01:47,928 - MOT - INFO - MTCNN detect face cost time : 0.05 s -  MainThread - 1420 
2019-08-06 12:01:47,992 - MOT - INFO - MTCNN detect face cost time : 0.052 s -  MainThread - 1420 
2019-08-06 12:01:48,052 - MOT - INFO - MTCNN detect face cost time : 0.053 s -  MainThread - 1420 
2019-08-06 12:01:48,116 - MOT - INFO - MTCNN detect face cost time : 0.056 s -  MainThread - 1420 
2019-08-06 12:01:48,177 - MOT - INFO - MTCNN detect face cost time : 0.054 s -  MainThread - 1420 
2019-08-06 12:01:48,238 - MOT - INFO - MTCNN detect face cost time : 0.054 s -  MainThread - 1420 
2019-08-06 12:01:48,297 - MOT - INFO - MTCNN detect face cost time : 0.052 s -  MainThread - 1420 
2019-08-06 12:01:48,351 - MOT - INFO - MTCNN detect face cost time : 0.048 s -  MainThread - 1420 
2019-08-06 12:01:48,413 - MOT - INFO - MTCNN detect face cost time : 0.055 s -  MainThread - 1420 
2019-08-06 12:01:48,476 - MOT - INFO - MTCNN detect face cost time : 0.056 s -  MainThread - 1420 
2019-08-06 12:01:48,542 - MOT - INFO - MTCNN detect face cost time : 0.059 s -  MainThread - 1420 
2019-08-06 12:01:48,602 - MOT - INFO - MTCNN detect face cost time : 0.053 s -  MainThread - 1420 
2019-08-06 12:01:48,672 - MOT - INFO - MTCNN detect face cost time : 0.063 s -  MainThread - 1420 
2019-08-06 12:01:48,728 - MOT - INFO - MTCNN detect face cost time : 0.05 s -  MainThread - 1420 
2019-08-06 12:01:48,785 - MOT - INFO - MTCNN detect face cost time : 0.05 s -  MainThread - 1420 
2019-08-06 12:01:48,842 - MOT - INFO - MTCNN detect face cost time : 0.05 s -  MainThread - 1420 
2019-08-06 12:01:48,903 - MOT - INFO - MTCNN detect face cost time : 0.054 s -  MainThread - 1420 
2019-08-06 12:01:48,966 - MOT - INFO - MTCNN detect face cost time : 0.056 s -  MainThread - 1420 
2019-08-06 12:01:49,030 - MOT - INFO - MTCNN detect face cost time : 0.057 s -  MainThread - 1420 
2019-08-06 12:01:49,090 - MOT - INFO - MTCNN detect face cost time : 0.054 s -  MainThread - 1420 
2019-08-06 12:01:49,150 - MOT - INFO - MTCNN detect face cost time : 0.053 s -  MainThread - 1420 
2019-08-06 12:01:49,216 - MOT - INFO - MTCNN detect face cost time : 0.059 s -  MainThread - 1420 
2019-08-06 12:01:49,275 - MOT - INFO - MTCNN detect face cost time : 0.052 s -  MainThread - 1420 
2019-08-06 12:01:49,343 - MOT - INFO - MTCNN detect face cost time : 0.06 s -  MainThread - 1420 
2019-08-06 12:01:49,408 - MOT - INFO - MTCNN detect face cost time : 0.058 s -  MainThread - 1420 
2019-08-06 12:01:49,466 - MOT - INFO - MTCNN detect face cost time : 0.053 s -  MainThread - 1420 
2019-08-06 12:01:49,528 - MOT - INFO - MTCNN detect face cost time : 0.055 s -  MainThread - 1420 
2019-08-06 12:01:49,592 - MOT - INFO - MTCNN detect face cost time : 0.057 s -  MainThread - 1420 
2019-08-06 12:01:49,658 - MOT - INFO - MTCNN detect face cost time : 0.058 s -  MainThread - 1420 
2019-08-06 12:01:49,720 - MOT - INFO - MTCNN detect face cost time : 0.055 s -  MainThread - 1420 
2019-08-06 12:01:49,782 - MOT - INFO - MTCNN detect face cost time : 0.055 s -  MainThread - 1420 
2019-08-06 12:01:49,840 - MOT - INFO - MTCNN detect face cost time : 0.052 s -  MainThread - 1420 
2019-08-06 12:01:49,907 - MOT - INFO - MTCNN detect face cost time : 0.06 s -  MainThread - 1420 
2019-08-06 12:01:49,967 - MOT - INFO - MTCNN detect face cost time : 0.053 s -  MainThread - 1420 
2019-08-06 12:01:50,026 - MOT - INFO - MTCNN detect face cost time : 0.052 s -  MainThread - 1420 
2019-08-06 12:01:50,028 - MOT - INFO - new Tracker: 1 -  MainThread - 1420 
2019-08-06 12:01:50,089 - MOT - INFO - MTCNN detect face cost time : 0.055 s -  MainThread - 1420 
2019-08-06 12:01:50,091 - MOT - INFO - remove tracker: 1 -  MainThread - 1420 
2019-08-06 12:01:50,152 - MOT - INFO - MTCNN detect face cost time : 0.055 s -  MainThread - 1420 
2019-08-06 12:01:50,154 - MOT - INFO - new Tracker: 2 -  MainThread - 1420 
2019-08-06 12:01:50,214 - MOT - INFO - MTCNN detect face cost time : 0.054 s -  MainThread - 1420 
2019-08-06 12:01:50,216 - MOT - INFO - remove tracker: 2 -  MainThread - 1420 
2019-08-06 12:01:50,277 - MOT - INFO - MTCNN detect face cost time : 0.055 s -  MainThread - 1420 
2019-08-06 12:01:50,279 - MOT - INFO - new Tracker: 3 -  MainThread - 1420 
2019-08-06 12:01:50,337 - MOT - INFO - MTCNN detect face cost time : 0.05 s -  MainThread - 1420 
2019-08-06 12:01:50,751 - MOT - INFO - MTCNN detect face cost time : 0.078 s -  MainThread - 1420 
2019-08-06 12:01:50,806 - MOT - INFO - MTCNN detect face cost time : 0.047 s -  MainThread - 1420 
2019-08-06 12:01:50,865 - MOT - INFO - MTCNN detect face cost time : 0.05 s -  MainThread - 1420 
2019-08-06 12:01:50,930 - MOT - INFO - MTCNN detect face cost time : 0.056 s -  MainThread - 1420 
2019-08-06 12:01:50,994 - MOT - INFO - MTCNN detect face cost time : 0.057 s -  MainThread - 1420 
2019-08-06 12:01:51,057 - MOT - INFO - MTCNN detect face cost time : 0.054 s -  MainThread - 1420 
2019-08-06 12:01:51,120 - MOT - INFO - MTCNN detect face cost time : 0.055 s -  MainThread - 1420 
2019-08-06 12:01:51,180 - MOT - INFO - MTCNN detect face cost time : 0.052 s -  MainThread - 1420 
2019-08-06 12:01:51,245 - MOT - INFO - MTCNN detect face cost time : 0.056 s -  MainThread - 1420 
2019-08-06 12:01:51,251 - MOT - INFO - remove tracker: 3 -  MainThread - 1420 
2019-08-06 12:01:51,312 - MOT - INFO - MTCNN detect face cost time : 0.055 s -  MainThread - 1420 
2019-08-06 12:01:51,372 - MOT - INFO - MTCNN detect face cost time : 0.053 s -  MainThread - 1420 
2019-08-06 12:01:51,432 - MOT - INFO - MTCNN detect face cost time : 0.052 s -  MainThread - 1420 
2019-08-06 12:01:51,492 - MOT - INFO - MTCNN detect face cost time : 0.052 s -  MainThread - 1420 
2019-08-06 12:01:51,552 - MOT - INFO - MTCNN detect face cost time : 0.053 s -  MainThread - 1420 
2019-08-06 12:01:51,610 - MOT - INFO - MTCNN detect face cost time : 0.051 s -  MainThread - 1420 
2019-08-06 12:01:51,670 - MOT - INFO - MTCNN detect face cost time : 0.053 s -  MainThread - 1420 
2019-08-06 12:01:51,733 - MOT - INFO - MTCNN detect face cost time : 0.056 s -  MainThread - 1420 
2019-08-06 12:01:51,790 - MOT - INFO - MTCNN detect face cost time : 0.05 s -  MainThread - 1420 
2019-08-06 12:01:51,852 - MOT - INFO - MTCNN detect face cost time : 0.054 s -  MainThread - 1420 
2019-08-06 12:01:51,910 - MOT - INFO - MTCNN detect face cost time : 0.052 s -  MainThread - 1420 
2019-08-06 12:01:51,976 - MOT - INFO - MTCNN detect face cost time : 0.053 s -  MainThread - 1420 
2019-08-06 12:01:52,039 - MOT - INFO - MTCNN detect face cost time : 0.055 s -  MainThread - 1420 
2019-08-06 12:01:52,098 - MOT - INFO - MTCNN detect face cost time : 0.052 s -  MainThread - 1420 
2019-08-06 12:01:52,154 - MOT - INFO - MTCNN detect face cost time : 0.049 s -  MainThread - 1420 
2019-08-06 12:01:52,211 - MOT - INFO - MTCNN detect face cost time : 0.05 s -  MainThread - 1420 
2019-08-06 12:01:52,267 - MOT - INFO - MTCNN detect face cost time : 0.05 s -  MainThread - 1420 
2019-08-06 12:01:52,326 - MOT - INFO - MTCNN detect face cost time : 0.052 s -  MainThread - 1420 
2019-08-06 12:01:52,385 - MOT - INFO - MTCNN detect face cost time : 0.051 s -  MainThread - 1420 
2019-08-06 12:01:52,442 - MOT - INFO - MTCNN detect face cost time : 0.05 s -  MainThread - 1420 
2019-08-06 12:01:52,503 - MOT - INFO - MTCNN detect face cost time : 0.054 s -  MainThread - 1420 
2019-08-06 12:01:52,564 - MOT - INFO - MTCNN detect face cost time : 0.054 s -  MainThread - 1420 
2019-08-06 12:01:52,566 - MOT - INFO - new Tracker: 4 -  MainThread - 1420 
2019-08-06 12:01:52,621 - MOT - INFO - MTCNN detect face cost time : 0.05 s -  MainThread - 1420 
2019-08-06 12:01:52,691 - MOT - INFO - MTCNN detect face cost time : 0.061 s -  MainThread - 1420 
2019-08-06 12:01:52,756 - MOT - INFO - MTCNN detect face cost time : 0.057 s -  MainThread - 1420 
2019-08-06 12:01:52,819 - MOT - INFO - MTCNN detect face cost time : 0.055 s -  MainThread - 1420 
2019-08-06 12:01:52,881 - MOT - INFO - MTCNN detect face cost time : 0.054 s -  MainThread - 1420 
2019-08-06 12:01:52,943 - MOT - INFO - MTCNN detect face cost time : 0.054 s -  MainThread - 1420 
2019-08-06 12:01:53,017 - MOT - INFO - MTCNN detect face cost time : 0.066 s -  MainThread - 1420 
2019-08-06 12:01:53,080 - MOT - INFO - MTCNN detect face cost time : 0.053 s -  MainThread - 1420 
2019-08-06 12:01:53,142 - MOT - INFO - MTCNN detect face cost time : 0.054 s -  MainThread - 1420 
2019-08-06 12:01:53,205 - MOT - INFO - MTCNN detect face cost time : 0.053 s -  MainThread - 1420 
2019-08-06 12:01:53,265 - MOT - INFO - MTCNN detect face cost time : 0.051 s -  MainThread - 1420 
2019-08-06 12:01:53,330 - MOT - INFO - MTCNN detect face cost time : 0.057 s -  MainThread - 1420 
2019-08-06 12:01:53,334 - MOT - INFO - remove tracker: 4 -  MainThread - 1420 
2019-08-06 12:01:53,391 - MOT - INFO - MTCNN detect face cost time : 0.051 s -  MainThread - 1420 
2019-08-06 12:01:53,462 - MOT - INFO - MTCNN detect face cost time : 0.065 s -  MainThread - 1420 
2019-08-06 12:01:53,464 - MOT - INFO - new Tracker: 5 -  MainThread - 1420 
2019-08-06 12:01:53,518 - MOT - INFO - MTCNN detect face cost time : 0.048 s -  MainThread - 1420 
2019-08-06 12:01:53,520 - MOT - INFO - remove tracker: 5 -  MainThread - 1420 
2019-08-06 12:01:53,584 - MOT - INFO - MTCNN detect face cost time : 0.057 s -  MainThread - 1420 
2019-08-06 12:01:53,586 - MOT - INFO - new Tracker: 6 -  MainThread - 1420 
2019-08-06 12:01:53,655 - MOT - INFO - MTCNN detect face cost time : 0.062 s -  MainThread - 1420 
2019-08-06 12:01:53,720 - MOT - INFO - MTCNN detect face cost time : 0.057 s -  MainThread - 1420 
2019-08-06 12:01:53,785 - MOT - INFO - MTCNN detect face cost time : 0.058 s -  MainThread - 1420 
2019-08-06 12:01:53,846 - MOT - INFO - MTCNN detect face cost time : 0.052 s -  MainThread - 1420 
2019-08-06 12:01:53,906 - MOT - INFO - MTCNN detect face cost time : 0.051 s -  MainThread - 1420 
2019-08-06 12:01:53,965 - MOT - INFO - MTCNN detect face cost time : 0.05 s -  MainThread - 1420 
2019-08-06 12:01:54,024 - MOT - INFO - MTCNN detect face cost time : 0.051 s -  MainThread - 1420 
2019-08-06 12:01:54,085 - MOT - INFO - MTCNN detect face cost time : 0.052 s -  MainThread - 1420 
2019-08-06 12:01:54,142 - MOT - INFO - MTCNN detect face cost time : 0.05 s -  MainThread - 1420 
2019-08-06 12:01:54,204 - MOT - INFO - MTCNN detect face cost time : 0.055 s -  MainThread - 1420 
2019-08-06 12:01:54,263 - MOT - INFO - MTCNN detect face cost time : 0.049 s -  MainThread - 1420 
2019-08-06 12:01:54,266 - MOT - INFO - remove tracker: 6 -  MainThread - 1420 
2019-08-06 12:01:54,325 - MOT - INFO - MTCNN detect face cost time : 0.052 s -  MainThread - 1420 
2019-08-06 12:01:54,391 - MOT - INFO - MTCNN detect face cost time : 0.059 s -  MainThread - 1420 
2019-08-06 12:01:54,393 - MOT - INFO - new Tracker: 7 -  MainThread - 1420 
2019-08-06 12:01:54,454 - MOT - INFO - MTCNN detect face cost time : 0.054 s -  MainThread - 1420 
2019-08-06 12:01:54,514 - MOT - INFO - MTCNN detect face cost time : 0.053 s -  MainThread - 1420 
2019-08-06 12:01:54,575 - MOT - INFO - MTCNN detect face cost time : 0.053 s -  MainThread - 1420 
2019-08-06 12:01:54,634 - MOT - INFO - MTCNN detect face cost time : 0.05 s -  MainThread - 1420 
2019-08-06 12:01:54,694 - MOT - INFO - MTCNN detect face cost time : 0.051 s -  MainThread - 1420 
2019-08-06 12:01:54,752 - MOT - INFO - MTCNN detect face cost time : 0.05 s -  MainThread - 1420 
2019-08-06 12:01:54,808 - MOT - INFO - MTCNN detect face cost time : 0.047 s -  MainThread - 1420 
2019-08-06 12:01:54,867 - MOT - INFO - MTCNN detect face cost time : 0.051 s -  MainThread - 1420 
2019-08-06 12:01:54,927 - MOT - INFO - MTCNN detect face cost time : 0.051 s -  MainThread - 1420 
2019-08-06 12:01:54,987 - MOT - INFO - MTCNN detect face cost time : 0.051 s -  MainThread - 1420 
2019-08-06 12:01:55,044 - MOT - INFO - MTCNN detect face cost time : 0.049 s -  MainThread - 1420 
2019-08-06 12:01:55,108 - MOT - INFO - MTCNN detect face cost time : 0.055 s -  MainThread - 1420 
2019-08-06 12:01:55,169 - MOT - INFO - MTCNN detect face cost time : 0.052 s -  MainThread - 1420 
2019-08-06 12:01:55,238 - MOT - INFO - MTCNN detect face cost time : 0.06 s -  MainThread - 1420 
2019-08-06 12:01:55,241 - MOT - INFO - remove tracker: 7 -  MainThread - 1420 
2019-08-06 12:01:55,311 - MOT - INFO - MTCNN detect face cost time : 0.064 s -  MainThread - 1420 
2019-08-06 12:01:55,313 - MOT - INFO - new Tracker: 8 -  MainThread - 1420 
2019-08-06 12:01:55,383 - MOT - INFO - MTCNN detect face cost time : 0.063 s -  MainThread - 1420 
2019-08-06 12:01:55,460 - MOT - INFO - MTCNN detect face cost time : 0.069 s -  MainThread - 1420 
2019-08-06 12:01:55,527 - MOT - INFO - MTCNN detect face cost time : 0.059 s -  MainThread - 1420 
2019-08-06 12:01:55,594 - MOT - INFO - MTCNN detect face cost time : 0.059 s -  MainThread - 1420 
2019-08-06 12:01:55,657 - MOT - INFO - MTCNN detect face cost time : 0.056 s -  MainThread - 1420 
2019-08-06 12:01:55,725 - MOT - INFO - MTCNN detect face cost time : 0.059 s -  MainThread - 1420 
2019-08-06 12:01:55,787 - MOT - INFO - MTCNN detect face cost time : 0.054 s -  MainThread - 1420 
2019-08-06 12:01:55,863 - MOT - INFO - MTCNN detect face cost time : 0.067 s -  MainThread - 1420 
2019-08-06 12:01:55,934 - MOT - INFO - MTCNN detect face cost time : 0.062 s -  MainThread - 1420 
2019-08-06 12:01:56,003 - MOT - INFO - MTCNN detect face cost time : 0.062 s -  MainThread - 1420 
2019-08-06 12:01:56,067 - MOT - INFO - MTCNN detect face cost time : 0.056 s -  MainThread - 1420 
2019-08-06 12:01:56,139 - MOT - INFO - MTCNN detect face cost time : 0.064 s -  MainThread - 1420 
2019-08-06 12:01:56,214 - MOT - INFO - MTCNN detect face cost time : 0.066 s -  MainThread - 1420 
2019-08-06 12:01:56,288 - MOT - INFO - MTCNN detect face cost time : 0.066 s -  MainThread - 1420 
2019-08-06 12:01:56,355 - MOT - INFO - MTCNN detect face cost time : 0.059 s -  MainThread - 1420 
2019-08-06 12:01:56,416 - MOT - INFO - MTCNN detect face cost time : 0.054 s -  MainThread - 1420 
2019-08-06 12:01:56,474 - MOT - INFO - MTCNN detect face cost time : 0.05 s -  MainThread - 1420 
2019-08-06 12:01:56,533 - MOT - INFO - MTCNN detect face cost time : 0.05 s -  MainThread - 1420 
2019-08-06 12:01:56,590 - MOT - INFO - MTCNN detect face cost time : 0.048 s -  MainThread - 1420 
2019-08-06 12:01:56,649 - MOT - INFO - MTCNN detect face cost time : 0.051 s -  MainThread - 1420 
2019-08-06 12:01:56,707 - MOT - INFO - MTCNN detect face cost time : 0.05 s -  MainThread - 1420 
2019-08-06 12:01:56,767 - MOT - INFO - MTCNN detect face cost time : 0.052 s -  MainThread - 1420 
2019-08-06 12:01:56,833 - MOT - INFO - MTCNN detect face cost time : 0.057 s -  MainThread - 1420 
2019-08-06 12:01:56,915 - MOT - INFO - MTCNN detect face cost time : 0.073 s -  MainThread - 1420 
2019-08-06 12:01:56,994 - MOT - INFO - MTCNN detect face cost time : 0.071 s -  MainThread - 1420 
2019-08-06 12:01:57,084 - MOT - INFO - MTCNN detect face cost time : 0.081 s -  MainThread - 1420 
2019-08-06 12:01:57,170 - MOT - INFO - MTCNN detect face cost time : 0.078 s -  MainThread - 1420 
2019-08-06 12:01:57,263 - MOT - INFO - MTCNN detect face cost time : 0.085 s -  MainThread - 1420 
2019-08-06 12:01:57,345 - MOT - INFO - MTCNN detect face cost time : 0.073 s -  MainThread - 1420 
2019-08-06 12:01:57,430 - MOT - INFO - MTCNN detect face cost time : 0.076 s -  MainThread - 1420 
2019-08-06 12:01:57,522 - MOT - INFO - MTCNN detect face cost time : 0.085 s -  MainThread - 1420 
2019-08-06 12:01:57,616 - MOT - INFO - MTCNN detect face cost time : 0.084 s -  MainThread - 1420 
2019-08-06 12:01:57,698 - MOT - INFO - MTCNN detect face cost time : 0.074 s -  MainThread - 1420 
2019-08-06 12:01:57,783 - MOT - INFO - MTCNN detect face cost time : 0.077 s -  MainThread - 1420 
2019-08-06 12:01:57,863 - MOT - INFO - MTCNN detect face cost time : 0.072 s -  MainThread - 1420 
2019-08-06 12:01:57,944 - MOT - INFO - MTCNN detect face cost time : 0.073 s -  MainThread - 1420 
2019-08-06 12:01:58,021 - MOT - INFO - MTCNN detect face cost time : 0.068 s -  MainThread - 1420 
2019-08-06 12:01:58,110 - MOT - INFO - MTCNN detect face cost time : 0.081 s -  MainThread - 1420 
2019-08-06 12:01:58,207 - MOT - INFO - MTCNN detect face cost time : 0.088 s -  MainThread - 1420 
2019-08-06 12:01:58,301 - MOT - INFO - MTCNN detect face cost time : 0.086 s -  MainThread - 1420 
2019-08-06 12:01:58,400 - MOT - INFO - MTCNN detect face cost time : 0.091 s -  MainThread - 1420 
2019-08-06 12:01:58,494 - MOT - INFO - MTCNN detect face cost time : 0.085 s -  MainThread - 1420 
2019-08-06 12:01:58,580 - MOT - INFO - MTCNN detect face cost time : 0.077 s -  MainThread - 1420 
2019-08-06 12:01:58,675 - MOT - INFO - MTCNN detect face cost time : 0.087 s -  MainThread - 1420 
2019-08-06 12:01:58,776 - MOT - INFO - MTCNN detect face cost time : 0.093 s -  MainThread - 1420 
2019-08-06 12:01:58,863 - MOT - INFO - MTCNN detect face cost time : 0.078 s -  MainThread - 1420 
2019-08-06 12:01:58,958 - MOT - INFO - MTCNN detect face cost time : 0.086 s -  MainThread - 1420 
2019-08-06 12:01:59,056 - MOT - INFO - MTCNN detect face cost time : 0.09 s -  MainThread - 1420 
2019-08-06 12:01:59,153 - MOT - INFO - MTCNN detect face cost time : 0.088 s -  MainThread - 1420 
2019-08-06 12:01:59,248 - MOT - INFO - MTCNN detect face cost time : 0.086 s -  MainThread - 1420 
2019-08-06 12:01:59,343 - MOT - INFO - MTCNN detect face cost time : 0.087 s -  MainThread - 1420 
2019-08-06 12:01:59,436 - MOT - INFO - MTCNN detect face cost time : 0.086 s -  MainThread - 1420 
2019-08-06 12:01:59,531 - MOT - INFO - MTCNN detect face cost time : 0.086 s -  MainThread - 1420 
2019-08-06 12:01:59,619 - MOT - INFO - MTCNN detect face cost time : 0.08 s -  MainThread - 1420 
2019-08-06 12:01:59,709 - MOT - INFO - MTCNN detect face cost time : 0.082 s -  MainThread - 1420 
2019-08-06 12:01:59,801 - MOT - INFO - MTCNN detect face cost time : 0.085 s -  MainThread - 1420 
2019-08-06 12:01:59,881 - MOT - INFO - MTCNN detect face cost time : 0.072 s -  MainThread - 1420 
2019-08-06 12:01:59,962 - MOT - INFO - MTCNN detect face cost time : 0.073 s -  MainThread - 1420 
2019-08-06 12:02:00,046 - MOT - INFO - MTCNN detect face cost time : 0.075 s -  MainThread - 1420 
2019-08-06 12:02:00,130 - MOT - INFO - MTCNN detect face cost time : 0.077 s -  MainThread - 1420 
2019-08-06 12:02:00,216 - MOT - INFO - MTCNN detect face cost time : 0.077 s -  MainThread - 1420 
2019-08-06 12:02:00,300 - MOT - INFO - MTCNN detect face cost time : 0.076 s -  MainThread - 1420 
2019-08-06 12:02:00,383 - MOT - INFO - MTCNN detect face cost time : 0.075 s -  MainThread - 1420 
2019-08-06 12:02:00,471 - MOT - INFO - MTCNN detect face cost time : 0.08 s -  MainThread - 1420 
2019-08-06 12:02:00,555 - MOT - INFO - MTCNN detect face cost time : 0.077 s -  MainThread - 1420 
2019-08-06 12:02:00,637 - MOT - INFO - MTCNN detect face cost time : 0.073 s -  MainThread - 1420 
2019-08-06 12:02:00,718 - MOT - INFO - MTCNN detect face cost time : 0.073 s -  MainThread - 1420 
2019-08-06 12:02:00,804 - MOT - INFO - MTCNN detect face cost time : 0.077 s -  MainThread - 1420 
2019-08-06 12:02:00,883 - MOT - INFO - MTCNN detect face cost time : 0.071 s -  MainThread - 1420 
2019-08-06 12:02:00,967 - MOT - INFO - MTCNN detect face cost time : 0.075 s -  MainThread - 1420 
2019-08-06 12:02:01,053 - MOT - INFO - MTCNN detect face cost time : 0.078 s -  MainThread - 1420 
2019-08-06 12:02:01,139 - MOT - INFO - MTCNN detect face cost time : 0.075 s -  MainThread - 1420 
2019-08-06 12:02:01,218 - MOT - INFO - MTCNN detect face cost time : 0.071 s -  MainThread - 1420 
2019-08-06 12:02:01,290 - MOT - INFO - MTCNN detect face cost time : 0.065 s -  MainThread - 1420 
2019-08-06 12:02:01,369 - MOT - INFO - MTCNN detect face cost time : 0.071 s -  MainThread - 1420 
2019-08-06 12:02:01,448 - MOT - INFO - MTCNN detect face cost time : 0.071 s -  MainThread - 1420 
2019-08-06 12:02:01,524 - MOT - INFO - MTCNN detect face cost time : 0.068 s -  MainThread - 1420 
2019-08-06 12:02:01,603 - MOT - INFO - MTCNN detect face cost time : 0.071 s -  MainThread - 1420 
2019-08-06 12:02:01,680 - MOT - INFO - MTCNN detect face cost time : 0.07 s -  MainThread - 1420 
2019-08-06 12:02:01,760 - MOT - INFO - MTCNN detect face cost time : 0.072 s -  MainThread - 1420 
2019-08-06 12:02:01,832 - MOT - INFO - MTCNN detect face cost time : 0.064 s -  MainThread - 1420 
2019-08-06 12:02:01,912 - MOT - INFO - MTCNN detect face cost time : 0.071 s -  MainThread - 1420 
2019-08-06 12:02:01,993 - MOT - INFO - MTCNN detect face cost time : 0.072 s -  MainThread - 1420 
2019-08-06 12:02:02,071 - MOT - INFO - MTCNN detect face cost time : 0.071 s -  MainThread - 1420 
2019-08-06 12:02:02,149 - MOT - INFO - MTCNN detect face cost time : 0.069 s -  MainThread - 1420 
2019-08-06 12:02:02,216 - MOT - INFO - MTCNN detect face cost time : 0.059 s -  MainThread - 1420 
2019-08-06 12:02:02,293 - MOT - INFO - MTCNN detect face cost time : 0.068 s -  MainThread - 1420 
2019-08-06 12:02:02,368 - MOT - INFO - MTCNN detect face cost time : 0.065 s -  MainThread - 1420 
2019-08-06 12:02:02,437 - MOT - INFO - MTCNN detect face cost time : 0.062 s -  MainThread - 1420 
2019-08-06 12:02:02,512 - MOT - INFO - MTCNN detect face cost time : 0.066 s -  MainThread - 1420 
2019-08-06 12:02:02,587 - MOT - INFO - MTCNN detect face cost time : 0.066 s -  MainThread - 1420 
2019-08-06 12:02:02,662 - MOT - INFO - MTCNN detect face cost time : 0.064 s -  MainThread - 1420 
2019-08-06 12:02:02,738 - MOT - INFO - MTCNN detect face cost time : 0.067 s -  MainThread - 1420 
2019-08-06 12:02:02,807 - MOT - INFO - MTCNN detect face cost time : 0.061 s -  MainThread - 1420 
2019-08-06 12:02:02,874 - MOT - INFO - MTCNN detect face cost time : 0.059 s -  MainThread - 1420 
2019-08-06 12:02:02,952 - MOT - INFO - MTCNN detect face cost time : 0.069 s -  MainThread - 1420 
2019-08-06 12:02:03,024 - MOT - INFO - MTCNN detect face cost time : 0.064 s -  MainThread - 1420 
2019-08-06 12:02:03,103 - MOT - INFO - MTCNN detect face cost time : 0.071 s -  MainThread - 1420 
2019-08-06 12:02:03,179 - MOT - INFO - MTCNN detect face cost time : 0.069 s -  MainThread - 1420 
2019-08-06 12:02:03,256 - MOT - INFO - MTCNN detect face cost time : 0.069 s -  MainThread - 1420 
2019-08-06 12:02:03,331 - MOT - INFO - MTCNN detect face cost time : 0.067 s -  MainThread - 1420 
2019-08-06 12:02:03,407 - MOT - INFO - MTCNN detect face cost time : 0.067 s -  MainThread - 1420 
2019-08-06 12:02:03,479 - MOT - INFO - MTCNN detect face cost time : 0.064 s -  MainThread - 1420 
2019-08-06 12:02:03,552 - MOT - INFO - MTCNN detect face cost time : 0.066 s -  MainThread - 1420 
2019-08-06 12:02:03,625 - MOT - INFO - MTCNN detect face cost time : 0.065 s -  MainThread - 1420 
2019-08-06 12:02:03,697 - MOT - INFO - MTCNN detect face cost time : 0.064 s -  MainThread - 1420 
2019-08-06 12:02:03,770 - MOT - INFO - MTCNN detect face cost time : 0.065 s -  MainThread - 1420 
2019-08-06 12:02:03,842 - MOT - INFO - MTCNN detect face cost time : 0.064 s -  MainThread - 1420 
2019-08-06 12:02:03,917 - MOT - INFO - MTCNN detect face cost time : 0.067 s -  MainThread - 1420 
2019-08-06 12:02:03,994 - MOT - INFO - MTCNN detect face cost time : 0.068 s -  MainThread - 1420 
2019-08-06 12:02:04,065 - MOT - INFO - MTCNN detect face cost time : 0.063 s -  MainThread - 1420 
2019-08-06 12:02:04,140 - MOT - INFO - MTCNN detect face cost time : 0.067 s -  MainThread - 1420 
2019-08-06 12:02:04,214 - MOT - INFO - MTCNN detect face cost time : 0.065 s -  MainThread - 1420 
2019-08-06 12:02:04,284 - MOT - INFO - MTCNN detect face cost time : 0.062 s -  MainThread - 1420 
2019-08-06 12:02:04,362 - MOT - INFO - MTCNN detect face cost time : 0.065 s -  MainThread - 1420 
2019-08-06 12:02:04,432 - MOT - INFO - MTCNN detect face cost time : 0.061 s -  MainThread - 1420 
2019-08-06 12:02:04,501 - MOT - INFO - MTCNN detect face cost time : 0.061 s -  MainThread - 1420 
2019-08-06 12:02:04,569 - MOT - INFO - MTCNN detect face cost time : 0.06 s -  MainThread - 1420 
2019-08-06 12:02:04,639 - MOT - INFO - MTCNN detect face cost time : 0.061 s -  MainThread - 1420 
2019-08-06 12:02:04,711 - MOT - INFO - MTCNN detect face cost time : 0.064 s -  MainThread - 1420 
2019-08-06 12:02:04,780 - MOT - INFO - MTCNN detect face cost time : 0.061 s -  MainThread - 1420 
2019-08-06 12:02:04,849 - MOT - INFO - MTCNN detect face cost time : 0.062 s -  MainThread - 1420 
2019-08-06 12:02:04,919 - MOT - INFO - MTCNN detect face cost time : 0.061 s -  MainThread - 1420 
2019-08-06 12:02:04,991 - MOT - INFO - MTCNN detect face cost time : 0.063 s -  MainThread - 1420 
2019-08-06 12:02:05,063 - MOT - INFO - MTCNN detect face cost time : 0.063 s -  MainThread - 1420 
2019-08-06 12:02:05,137 - MOT - INFO - MTCNN detect face cost time : 0.065 s -  MainThread - 1420 
2019-08-06 12:02:05,205 - MOT - INFO - MTCNN detect face cost time : 0.06 s -  MainThread - 1420 
2019-08-06 12:02:05,276 - MOT - INFO - MTCNN detect face cost time : 0.062 s -  MainThread - 1420 
2019-08-06 12:02:05,347 - MOT - INFO - MTCNN detect face cost time : 0.06 s -  MainThread - 1420 
2019-08-06 12:02:05,421 - MOT - INFO - MTCNN detect face cost time : 0.065 s -  MainThread - 1420 
2019-08-06 12:02:05,492 - MOT - INFO - MTCNN detect face cost time : 0.062 s -  MainThread - 1420 
2019-08-06 12:02:05,562 - MOT - INFO - MTCNN detect face cost time : 0.062 s -  MainThread - 1420 
2019-08-06 12:02:05,634 - MOT - INFO - MTCNN detect face cost time : 0.064 s -  MainThread - 1420 
2019-08-06 12:02:05,706 - MOT - INFO - MTCNN detect face cost time : 0.064 s -  MainThread - 1420 
2019-08-06 12:02:05,779 - MOT - INFO - MTCNN detect face cost time : 0.064 s -  MainThread - 1420 
2019-08-06 12:02:05,850 - MOT - INFO - MTCNN detect face cost time : 0.063 s -  MainThread - 1420 
2019-08-06 12:02:05,923 - MOT - INFO - MTCNN detect face cost time : 0.065 s -  MainThread - 1420 
2019-08-06 12:02:05,994 - MOT - INFO - MTCNN detect face cost time : 0.064 s -  MainThread - 1420 
2019-08-06 12:02:06,065 - MOT - INFO - MTCNN detect face cost time : 0.063 s -  MainThread - 1420 
2019-08-06 12:02:06,136 - MOT - INFO - MTCNN detect face cost time : 0.063 s -  MainThread - 1420 
2019-08-06 12:02:06,208 - MOT - INFO - MTCNN detect face cost time : 0.063 s -  MainThread - 1420 
2019-08-06 12:02:06,278 - MOT - INFO - MTCNN detect face cost time : 0.062 s -  MainThread - 1420 
2019-08-06 12:02:06,346 - MOT - INFO - MTCNN detect face cost time : 0.06 s -  MainThread - 1420 
2019-08-06 12:02:06,418 - MOT - INFO - MTCNN detect face cost time : 0.063 s -  MainThread - 1420 
2019-08-06 12:02:06,492 - MOT - INFO - MTCNN detect face cost time : 0.066 s -  MainThread - 1420 
2019-08-06 12:02:06,567 - MOT - INFO - MTCNN detect face cost time : 0.066 s -  MainThread - 1420 
2019-08-06 12:02:06,639 - MOT - INFO - MTCNN detect face cost time : 0.064 s -  MainThread - 1420 
2019-08-06 12:02:06,708 - MOT - INFO - MTCNN detect face cost time : 0.061 s -  MainThread - 1420 
2019-08-06 12:02:06,784 - MOT - INFO - MTCNN detect face cost time : 0.067 s -  MainThread - 1420 
2019-08-06 12:02:06,864 - MOT - INFO - MTCNN detect face cost time : 0.071 s -  MainThread - 1420 
2019-08-06 12:02:06,940 - MOT - INFO - MTCNN detect face cost time : 0.068 s -  MainThread - 1420 
2019-08-06 12:02:07,024 - MOT - INFO - MTCNN detect face cost time : 0.074 s -  MainThread - 1420 
2019-08-06 12:02:07,097 - MOT - INFO - MTCNN detect face cost time : 0.066 s -  MainThread - 1420 
2019-08-06 12:02:07,176 - MOT - INFO - MTCNN detect face cost time : 0.07 s -  MainThread - 1420 
2019-08-06 12:02:07,250 - MOT - INFO - MTCNN detect face cost time : 0.065 s -  MainThread - 1420 
2019-08-06 12:02:07,329 - MOT - INFO - MTCNN detect face cost time : 0.071 s -  MainThread - 1420 
2019-08-06 12:02:07,409 - MOT - INFO - MTCNN detect face cost time : 0.072 s -  MainThread - 1420 
2019-08-06 12:02:07,486 - MOT - INFO - MTCNN detect face cost time : 0.07 s -  MainThread - 1420 
2019-08-06 12:02:07,564 - MOT - INFO - MTCNN detect face cost time : 0.069 s -  MainThread - 1420 
2019-08-06 12:02:07,642 - MOT - INFO - MTCNN detect face cost time : 0.069 s -  MainThread - 1420 
2019-08-06 12:02:07,719 - MOT - INFO - MTCNN detect face cost time : 0.068 s -  MainThread - 1420 
2019-08-06 12:02:07,794 - MOT - INFO - MTCNN detect face cost time : 0.067 s -  MainThread - 1420 
2019-08-06 12:02:07,798 - MOT - INFO - Video_name:videos\2_Obama.mp4 -  MainThread - 1420 
2019-08-06 12:02:09,609 - MOT - INFO - MTCNN detect face cost time : 0.054 s -  MainThread - 1420 
2019-08-06 12:08:14,554 - MOT - INFO - Start track and extract...... -  MainThread - 1420 
