2019-08-07 11:00:31,119 - MOT - INFO - Start track and extract...... -  MainThread - 12952 
2019-08-07 11:00:32,876 - MOT - INFO - All files:1_Hours Of _Harassment' In NYC!.mp4 -  MainThread - 12952 
2019-08-07 11:00:32,876 - MOT - INFO - All files:2_Obama.mp4 -  MainThread - 12952 
2019-08-07 11:00:32,878 - MOT - INFO - Video_name:videos\1_Hours Of _Harassment' In NYC!.mp4 -  MainThread - 12952 
2019-08-07 11:00:35,714 - MOT - INFO - MTCNN detect face cost time : 0.311 s -  MainThread - 12952 
2019-08-07 11:00:42,661 - MOT - INFO - new Tracker: 1 -  MainThread - 12952 
2019-08-07 11:00:42,745 - MOT - INFO - MTCNN detect face cost time : 0.063 s -  MainThread - 12952 
2019-08-07 11:00:43,205 - MOT - INFO - MTCNN detect face cost time : 0.05 s -  MainThread - 12952 
2019-08-07 11:00:43,386 - MOT - INFO - MTCNN detect face cost time : 0.071 s -  MainThread - 12952 
2019-08-07 11:00:43,568 - MOT - INFO - MTCNN detect face cost time : 0.064 s -  MainThread - 12952 
2019-08-07 11:00:43,754 - MOT - INFO - MTCNN detect face cost time : 0.065 s -  MainThread - 12952 
2019-08-07 11:00:43,931 - MOT - INFO - MTCNN detect face cost time : 0.063 s -  MainThread - 12952 
2019-08-07 11:00:44,115 - MOT - INFO - MTCNN detect face cost time : 0.064 s -  MainThread - 12952 
2019-08-07 11:00:44,288 - MOT - INFO - MTCNN detect face cost time : 0.065 s -  MainThread - 12952 
2019-08-07 11:00:44,466 - MOT - INFO - MTCNN detect face cost time : 0.065 s -  MainThread - 12952 
2019-08-07 11:00:44,644 - MOT - INFO - MTCNN detect face cost time : 0.071 s -  MainThread - 12952 
2019-08-07 11:00:44,818 - MOT - INFO - MTCNN detect face cost time : 0.061 s -  MainThread - 12952 
2019-08-07 11:00:44,987 - MOT - INFO - MTCNN detect face cost time : 0.06 s -  MainThread - 12952 
2019-08-07 11:00:45,150 - MOT - INFO - MTCNN detect face cost time : 0.056 s -  MainThread - 12952 
2019-08-07 11:00:45,318 - MOT - INFO - MTCNN detect face cost time : 0.06 s -  MainThread - 12952 
2019-08-07 11:00:45,485 - MOT - INFO - MTCNN detect face cost time : 0.064 s -  MainThread - 12952 
2019-08-07 11:00:45,651 - MOT - INFO - MTCNN detect face cost time : 0.059 s -  MainThread - 12952 
2019-08-07 11:00:45,820 - MOT - INFO - MTCNN detect face cost time : 0.06 s -  MainThread - 12952 
2019-08-07 11:00:45,982 - MOT - INFO - MTCNN detect face cost time : 0.059 s -  MainThread - 12952 
2019-08-07 11:00:46,155 - MOT - INFO - MTCNN detect face cost time : 0.065 s -  MainThread - 12952 
2019-08-07 11:00:46,323 - MOT - INFO - MTCNN detect face cost time : 0.059 s -  MainThread - 12952 
2019-08-07 11:00:46,494 - MOT - INFO - MTCNN detect face cost time : 0.06 s -  MainThread - 12952 
2019-08-07 11:00:46,669 - MOT - INFO - MTCNN detect face cost time : 0.066 s -  MainThread - 12952 
2019-08-07 11:00:46,837 - MOT - INFO - MTCNN detect face cost time : 0.062 s -  MainThread - 12952 
2019-08-07 11:00:47,011 - MOT - INFO - MTCNN detect face cost time : 0.063 s -  MainThread - 12952 
2019-08-07 11:00:47,171 - MOT - INFO - MTCNN detect face cost time : 0.057 s -  MainThread - 12952 
2019-08-07 11:00:47,342 - MOT - INFO - MTCNN detect face cost time : 0.062 s -  MainThread - 12952 
2019-08-07 11:00:47,519 - MOT - INFO - MTCNN detect face cost time : 0.068 s -  MainThread - 12952 
2019-08-07 11:00:47,721 - MOT - INFO - MTCNN detect face cost time : 0.073 s -  MainThread - 12952 
2019-08-07 11:00:47,903 - MOT - INFO - MTCNN detect face cost time : 0.062 s -  MainThread - 12952 
2019-08-07 11:00:48,131 - MOT - INFO - MTCNN detect face cost time : 0.076 s -  MainThread - 12952 
2019-08-07 11:00:48,343 - MOT - INFO - MTCNN detect face cost time : 0.075 s -  MainThread - 12952 
2019-08-07 11:00:48,539 - MOT - INFO - MTCNN detect face cost time : 0.065 s -  MainThread - 12952 
2019-08-07 11:00:48,819 - MOT - INFO - MTCNN detect face cost time : 0.144 s -  MainThread - 12952 
2019-08-07 11:00:49,144 - MOT - INFO - MTCNN detect face cost time : 0.154 s -  MainThread - 12952 
2019-08-07 11:00:49,370 - MOT - INFO - MTCNN detect face cost time : 0.084 s -  MainThread - 12952 
2019-08-07 11:00:49,590 - MOT - INFO - MTCNN detect face cost time : 0.078 s -  MainThread - 12952 
2019-08-07 11:00:49,806 - MOT - INFO - MTCNN detect face cost time : 0.062 s -  MainThread - 12952 
2019-08-07 11:00:50,018 - MOT - INFO - MTCNN detect face cost time : 0.059 s -  MainThread - 12952 
2019-08-07 11:00:50,223 - MOT - INFO - MTCNN detect face cost time : 0.085 s -  MainThread - 12952 
2019-08-07 11:00:50,446 - MOT - INFO - MTCNN detect face cost time : 0.066 s -  MainThread - 12952 
2019-08-07 11:00:50,628 - MOT - INFO - MTCNN detect face cost time : 0.063 s -  MainThread - 12952 
2019-08-07 11:00:50,814 - MOT - INFO - MTCNN detect face cost time : 0.06 s -  MainThread - 12952 
2019-08-07 11:00:50,989 - MOT - INFO - MTCNN detect face cost time : 0.061 s -  MainThread - 12952 
2019-08-07 11:00:51,166 - MOT - INFO - MTCNN detect face cost time : 0.056 s -  MainThread - 12952 
2019-08-07 11:00:51,333 - MOT - INFO - MTCNN detect face cost time : 0.059 s -  MainThread - 12952 
2019-08-07 11:00:51,514 - MOT - INFO - MTCNN detect face cost time : 0.059 s -  MainThread - 12952 
2019-08-07 11:00:51,680 - MOT - INFO - MTCNN detect face cost time : 0.058 s -  MainThread - 12952 
2019-08-07 11:00:51,854 - MOT - INFO - MTCNN detect face cost time : 0.066 s -  MainThread - 12952 
2019-08-07 11:00:52,032 - MOT - INFO - MTCNN detect face cost time : 0.062 s -  MainThread - 12952 
2019-08-07 11:00:52,225 - MOT - INFO - MTCNN detect face cost time : 0.076 s -  MainThread - 12952 
2019-08-07 11:00:52,416 - MOT - INFO - MTCNN detect face cost time : 0.076 s -  MainThread - 12952 
2019-08-07 11:00:52,602 - MOT - INFO - MTCNN detect face cost time : 0.066 s -  MainThread - 12952 
2019-08-07 11:00:52,789 - MOT - INFO - MTCNN detect face cost time : 0.067 s -  MainThread - 12952 
2019-08-07 11:00:52,967 - MOT - INFO - MTCNN detect face cost time : 0.064 s -  MainThread - 12952 
2019-08-07 11:00:53,143 - MOT - INFO - MTCNN detect face cost time : 0.064 s -  MainThread - 12952 
2019-08-07 11:00:53,333 - MOT - INFO - MTCNN detect face cost time : 0.069 s -  MainThread - 12952 
2019-08-07 11:00:53,513 - MOT - INFO - MTCNN detect face cost time : 0.064 s -  MainThread - 12952 
2019-08-07 11:00:53,701 - MOT - INFO - MTCNN detect face cost time : 0.069 s -  MainThread - 12952 
2019-08-07 11:00:53,869 - MOT - INFO - MTCNN detect face cost time : 0.057 s -  MainThread - 12952 
2019-08-07 11:00:54,042 - MOT - INFO - MTCNN detect face cost time : 0.063 s -  MainThread - 12952 
2019-08-07 11:00:54,215 - MOT - INFO - MTCNN detect face cost time : 0.063 s -  MainThread - 12952 
2019-08-07 11:00:54,389 - MOT - INFO - MTCNN detect face cost time : 0.067 s -  MainThread - 12952 
2019-08-07 11:00:54,552 - MOT - INFO - MTCNN detect face cost time : 0.056 s -  MainThread - 12952 
2019-08-07 11:00:54,724 - MOT - INFO - MTCNN detect face cost time : 0.062 s -  MainThread - 12952 
2019-08-07 11:00:54,889 - MOT - INFO - MTCNN detect face cost time : 0.057 s -  MainThread - 12952 
2019-08-07 11:00:55,054 - MOT - INFO - MTCNN detect face cost time : 0.059 s -  MainThread - 12952 
2019-08-07 11:00:55,218 - MOT - INFO - MTCNN detect face cost time : 0.054 s -  MainThread - 12952 
2019-08-07 11:00:55,382 - MOT - INFO - MTCNN detect face cost time : 0.056 s -  MainThread - 12952 
2019-08-07 11:00:55,544 - MOT - INFO - MTCNN detect face cost time : 0.055 s -  MainThread - 12952 
2019-08-07 11:00:55,711 - MOT - INFO - MTCNN detect face cost time : 0.059 s -  MainThread - 12952 
2019-08-07 11:00:55,874 - MOT - INFO - MTCNN detect face cost time : 0.058 s -  MainThread - 12952 
2019-08-07 11:00:56,036 - MOT - INFO - MTCNN detect face cost time : 0.057 s -  MainThread - 12952 
2019-08-07 11:00:56,203 - MOT - INFO - MTCNN detect face cost time : 0.057 s -  MainThread - 12952 
2019-08-07 11:00:56,370 - MOT - INFO - MTCNN detect face cost time : 0.058 s -  MainThread - 12952 
2019-08-07 11:00:56,532 - MOT - INFO - MTCNN detect face cost time : 0.057 s -  MainThread - 12952 
2019-08-07 11:00:56,691 - MOT - INFO - MTCNN detect face cost time : 0.053 s -  MainThread - 12952 
2019-08-07 11:00:56,847 - MOT - INFO - MTCNN detect face cost time : 0.05 s -  MainThread - 12952 
2019-08-07 11:00:57,012 - MOT - INFO - MTCNN detect face cost time : 0.06 s -  MainThread - 12952 
2019-08-07 11:00:57,176 - MOT - INFO - MTCNN detect face cost time : 0.058 s -  MainThread - 12952 
2019-08-07 11:00:57,334 - MOT - INFO - MTCNN detect face cost time : 0.053 s -  MainThread - 12952 
2019-08-07 11:00:57,496 - MOT - INFO - MTCNN detect face cost time : 0.056 s -  MainThread - 12952 
2019-08-07 11:00:57,657 - MOT - INFO - MTCNN detect face cost time : 0.057 s -  MainThread - 12952 
2019-08-07 11:00:57,850 - MOT - INFO - MTCNN detect face cost time : 0.059 s -  MainThread - 12952 
2019-08-07 11:00:58,020 - MOT - INFO - MTCNN detect face cost time : 0.061 s -  MainThread - 12952 
2019-08-07 11:00:58,186 - MOT - INFO - MTCNN detect face cost time : 0.059 s -  MainThread - 12952 
2019-08-07 11:00:58,350 - MOT - INFO - MTCNN detect face cost time : 0.057 s -  MainThread - 12952 
2019-08-07 11:00:58,518 - MOT - INFO - MTCNN detect face cost time : 0.06 s -  MainThread - 12952 
2019-08-07 11:00:58,685 - MOT - INFO - MTCNN detect face cost time : 0.057 s -  MainThread - 12952 
2019-08-07 11:00:58,857 - MOT - INFO - MTCNN detect face cost time : 0.06 s -  MainThread - 12952 
2019-08-07 11:00:59,021 - MOT - INFO - MTCNN detect face cost time : 0.058 s -  MainThread - 12952 
2019-08-07 11:00:59,187 - MOT - INFO - MTCNN detect face cost time : 0.057 s -  MainThread - 12952 
2019-08-07 11:00:59,352 - MOT - INFO - MTCNN detect face cost time : 0.056 s -  MainThread - 12952 
2019-08-07 11:00:59,521 - MOT - INFO - MTCNN detect face cost time : 0.058 s -  MainThread - 12952 
2019-08-07 11:00:59,684 - MOT - INFO - MTCNN detect face cost time : 0.058 s -  MainThread - 12952 
2019-08-07 11:00:59,853 - MOT - INFO - MTCNN detect face cost time : 0.061 s -  MainThread - 12952 
2019-08-07 11:01:00,018 - MOT - INFO - MTCNN detect face cost time : 0.056 s -  MainThread - 12952 
2019-08-07 11:01:00,188 - MOT - INFO - MTCNN detect face cost time : 0.058 s -  MainThread - 12952 
2019-08-07 11:01:00,357 - MOT - INFO - MTCNN detect face cost time : 0.056 s -  MainThread - 12952 
2019-08-07 11:01:00,525 - MOT - INFO - MTCNN detect face cost time : 0.058 s -  MainThread - 12952 
2019-08-07 11:01:00,690 - MOT - INFO - MTCNN detect face cost time : 0.058 s -  MainThread - 12952 
2019-08-07 11:01:00,856 - MOT - INFO - MTCNN detect face cost time : 0.057 s -  MainThread - 12952 
2019-08-07 11:01:01,026 - MOT - INFO - MTCNN detect face cost time : 0.058 s -  MainThread - 12952 
2019-08-07 11:01:01,194 - MOT - INFO - MTCNN detect face cost time : 0.059 s -  MainThread - 12952 
2019-08-07 11:01:01,354 - MOT - INFO - MTCNN detect face cost time : 0.054 s -  MainThread - 12952 
2019-08-07 11:01:01,520 - MOT - INFO - MTCNN detect face cost time : 0.056 s -  MainThread - 12952 
2019-08-07 11:01:01,698 - MOT - INFO - MTCNN detect face cost time : 0.062 s -  MainThread - 12952 
2019-08-07 11:01:01,915 - MOT - INFO - MTCNN detect face cost time : 0.106 s -  MainThread - 12952 
2019-08-07 11:01:02,109 - MOT - INFO - MTCNN detect face cost time : 0.077 s -  MainThread - 12952 
2019-08-07 11:01:02,299 - MOT - INFO - MTCNN detect face cost time : 0.072 s -  MainThread - 12952 
2019-08-07 11:01:02,466 - MOT - INFO - MTCNN detect face cost time : 0.06 s -  MainThread - 12952 
2019-08-07 11:01:02,633 - MOT - INFO - MTCNN detect face cost time : 0.057 s -  MainThread - 12952 
2019-08-07 11:01:02,820 - MOT - INFO - MTCNN detect face cost time : 0.078 s -  MainThread - 12952 
2019-08-07 11:01:03,031 - MOT - INFO - MTCNN detect face cost time : 0.075 s -  MainThread - 12952 
2019-08-07 11:01:03,201 - MOT - INFO - MTCNN detect face cost time : 0.059 s -  MainThread - 12952 
2019-08-07 11:01:03,375 - MOT - INFO - MTCNN detect face cost time : 0.059 s -  MainThread - 12952 
2019-08-07 11:01:03,542 - MOT - INFO - MTCNN detect face cost time : 0.056 s -  MainThread - 12952 
2019-08-07 11:01:03,721 - MOT - INFO - MTCNN detect face cost time : 0.062 s -  MainThread - 12952 
2019-08-07 11:01:03,903 - MOT - INFO - MTCNN detect face cost time : 0.057 s -  MainThread - 12952 
2019-08-07 11:01:04,081 - MOT - INFO - MTCNN detect face cost time : 0.06 s -  MainThread - 12952 
2019-08-07 11:01:04,268 - MOT - INFO - MTCNN detect face cost time : 0.066 s -  MainThread - 12952 
2019-08-07 11:01:04,430 - MOT - INFO - MTCNN detect face cost time : 0.052 s -  MainThread - 12952 
2019-08-07 11:01:04,596 - MOT - INFO - MTCNN detect face cost time : 0.056 s -  MainThread - 12952 
2019-08-07 11:01:04,760 - MOT - INFO - MTCNN detect face cost time : 0.059 s -  MainThread - 12952 
2019-08-07 11:01:04,916 - MOT - INFO - MTCNN detect face cost time : 0.053 s -  MainThread - 12952 
2019-08-07 11:01:05,075 - MOT - INFO - MTCNN detect face cost time : 0.052 s -  MainThread - 12952 
2019-08-07 11:01:05,236 - MOT - INFO - MTCNN detect face cost time : 0.053 s -  MainThread - 12952 
2019-08-07 11:01:05,241 - MOT - INFO - remove tracker: 1 -  MainThread - 12952 
2019-08-07 11:01:05,301 - MOT - INFO - MTCNN detect face cost time : 0.053 s -  MainThread - 12952 
2019-08-07 11:01:05,402 - MOT - INFO - new Tracker: 2 -  MainThread - 12952 
2019-08-07 11:01:05,469 - MOT - INFO - MTCNN detect face cost time : 0.06 s -  MainThread - 12952 
2019-08-07 11:01:05,640 - MOT - INFO - MTCNN detect face cost time : 0.056 s -  MainThread - 12952 
2019-08-07 11:01:05,812 - MOT - INFO - MTCNN detect face cost time : 0.064 s -  MainThread - 12952 
2019-08-07 11:01:05,815 - MOT - INFO - remove tracker: 2 -  MainThread - 12952 
2019-08-07 11:01:05,877 - MOT - INFO - MTCNN detect face cost time : 0.056 s -  MainThread - 12952 
2019-08-07 11:01:05,977 - MOT - INFO - new Tracker: 3 -  MainThread - 12952 
2019-08-07 11:01:06,046 - MOT - INFO - MTCNN detect face cost time : 0.06 s -  MainThread - 12952 
2019-08-07 11:01:06,213 - MOT - INFO - MTCNN detect face cost time : 0.062 s -  MainThread - 12952 
2019-08-07 11:01:06,390 - MOT - INFO - MTCNN detect face cost time : 0.062 s -  MainThread - 12952 
2019-08-07 11:01:06,569 - MOT - INFO - MTCNN detect face cost time : 0.064 s -  MainThread - 12952 
2019-08-07 11:01:06,738 - MOT - INFO - MTCNN detect face cost time : 0.059 s -  MainThread - 12952 
2019-08-07 11:01:06,905 - MOT - INFO - MTCNN detect face cost time : 0.057 s -  MainThread - 12952 
2019-08-07 11:01:07,079 - MOT - INFO - MTCNN detect face cost time : 0.06 s -  MainThread - 12952 
2019-08-07 11:01:07,248 - MOT - INFO - MTCNN detect face cost time : 0.061 s -  MainThread - 12952 
2019-08-07 11:01:07,412 - MOT - INFO - MTCNN detect face cost time : 0.058 s -  MainThread - 12952 
2019-08-07 11:01:07,578 - MOT - INFO - MTCNN detect face cost time : 0.059 s -  MainThread - 12952 
2019-08-07 11:01:07,751 - MOT - INFO - MTCNN detect face cost time : 0.064 s -  MainThread - 12952 
2019-08-07 11:01:07,918 - MOT - INFO - MTCNN detect face cost time : 0.06 s -  MainThread - 12952 
2019-08-07 11:01:08,102 - MOT - INFO - MTCNN detect face cost time : 0.063 s -  MainThread - 12952 
2019-08-07 11:01:08,274 - MOT - INFO - MTCNN detect face cost time : 0.062 s -  MainThread - 12952 
2019-08-07 11:01:08,441 - MOT - INFO - MTCNN detect face cost time : 0.06 s -  MainThread - 12952 
2019-08-07 11:01:08,609 - MOT - INFO - MTCNN detect face cost time : 0.06 s -  MainThread - 12952 
2019-08-07 11:01:08,776 - MOT - INFO - MTCNN detect face cost time : 0.058 s -  MainThread - 12952 
2019-08-07 11:01:08,950 - MOT - INFO - MTCNN detect face cost time : 0.061 s -  MainThread - 12952 
2019-08-07 11:01:09,128 - MOT - INFO - MTCNN detect face cost time : 0.062 s -  MainThread - 12952 
2019-08-07 11:01:09,303 - MOT - INFO - MTCNN detect face cost time : 0.064 s -  MainThread - 12952 
2019-08-07 11:01:09,495 - MOT - INFO - MTCNN detect face cost time : 0.07 s -  MainThread - 12952 
2019-08-07 11:01:09,695 - MOT - INFO - MTCNN detect face cost time : 0.069 s -  MainThread - 12952 
2019-08-07 11:01:09,892 - MOT - INFO - MTCNN detect face cost time : 0.069 s -  MainThread - 12952 
2019-08-07 11:01:10,076 - MOT - INFO - MTCNN detect face cost time : 0.066 s -  MainThread - 12952 
2019-08-07 11:01:10,249 - MOT - INFO - MTCNN detect face cost time : 0.06 s -  MainThread - 12952 
2019-08-07 11:01:10,419 - MOT - INFO - MTCNN detect face cost time : 0.061 s -  MainThread - 12952 
2019-08-07 11:01:10,585 - MOT - INFO - MTCNN detect face cost time : 0.062 s -  MainThread - 12952 
2019-08-07 11:01:10,754 - MOT - INFO - MTCNN detect face cost time : 0.062 s -  MainThread - 12952 
2019-08-07 11:01:10,926 - MOT - INFO - MTCNN detect face cost time : 0.063 s -  MainThread - 12952 
2019-08-07 11:01:11,101 - MOT - INFO - MTCNN detect face cost time : 0.061 s -  MainThread - 12952 
2019-08-07 11:01:11,268 - MOT - INFO - MTCNN detect face cost time : 0.059 s -  MainThread - 12952 
2019-08-07 11:01:11,439 - MOT - INFO - MTCNN detect face cost time : 0.062 s -  MainThread - 12952 
2019-08-07 11:01:11,608 - MOT - INFO - MTCNN detect face cost time : 0.061 s -  MainThread - 12952 
2019-08-07 11:01:11,777 - MOT - INFO - MTCNN detect face cost time : 0.06 s -  MainThread - 12952 
2019-08-07 11:01:11,943 - MOT - INFO - MTCNN detect face cost time : 0.061 s -  MainThread - 12952 
2019-08-07 11:01:12,115 - MOT - INFO - MTCNN detect face cost time : 0.064 s -  MainThread - 12952 
2019-08-07 11:01:12,280 - MOT - INFO - MTCNN detect face cost time : 0.056 s -  MainThread - 12952 
2019-08-07 11:01:12,448 - MOT - INFO - MTCNN detect face cost time : 0.061 s -  MainThread - 12952 
2019-08-07 11:01:12,619 - MOT - INFO - MTCNN detect face cost time : 0.06 s -  MainThread - 12952 
2019-08-07 11:01:12,791 - MOT - INFO - MTCNN detect face cost time : 0.06 s -  MainThread - 12952 
2019-08-07 11:01:12,965 - MOT - INFO - MTCNN detect face cost time : 0.062 s -  MainThread - 12952 
2019-08-07 11:01:13,155 - MOT - INFO - MTCNN detect face cost time : 0.063 s -  MainThread - 12952 
2019-08-07 11:01:13,341 - MOT - INFO - MTCNN detect face cost time : 0.062 s -  MainThread - 12952 
2019-08-07 11:01:13,510 - MOT - INFO - MTCNN detect face cost time : 0.06 s -  MainThread - 12952 
2019-08-07 11:01:13,681 - MOT - INFO - MTCNN detect face cost time : 0.062 s -  MainThread - 12952 
2019-08-07 11:01:13,847 - MOT - INFO - MTCNN detect face cost time : 0.057 s -  MainThread - 12952 
2019-08-07 11:01:14,018 - MOT - INFO - MTCNN detect face cost time : 0.063 s -  MainThread - 12952 
2019-08-07 11:01:14,189 - MOT - INFO - MTCNN detect face cost time : 0.062 s -  MainThread - 12952 
2019-08-07 11:01:14,358 - MOT - INFO - MTCNN detect face cost time : 0.06 s -  MainThread - 12952 
2019-08-07 11:01:14,523 - MOT - INFO - MTCNN detect face cost time : 0.057 s -  MainThread - 12952 
2019-08-07 11:01:14,687 - MOT - INFO - MTCNN detect face cost time : 0.057 s -  MainThread - 12952 
2019-08-07 11:01:14,848 - MOT - INFO - MTCNN detect face cost time : 0.057 s -  MainThread - 12952 
2019-08-07 11:01:15,024 - MOT - INFO - MTCNN detect face cost time : 0.065 s -  MainThread - 12952 
2019-08-07 11:01:15,192 - MOT - INFO - MTCNN detect face cost time : 0.055 s -  MainThread - 12952 
2019-08-07 11:01:15,199 - MOT - INFO - remove tracker: 3 -  MainThread - 12952 
2019-08-07 11:01:15,263 - MOT - INFO - MTCNN detect face cost time : 0.057 s -  MainThread - 12952 
2019-08-07 11:01:15,361 - MOT - INFO - new Tracker: 4 -  MainThread - 12952 
2019-08-07 11:01:15,423 - MOT - INFO - MTCNN detect face cost time : 0.055 s -  MainThread - 12952 
2019-08-07 11:01:15,594 - MOT - INFO - MTCNN detect face cost time : 0.059 s -  MainThread - 12952 
2019-08-07 11:01:15,757 - MOT - INFO - MTCNN detect face cost time : 0.058 s -  MainThread - 12952 
2019-08-07 11:01:15,924 - MOT - INFO - MTCNN detect face cost time : 0.058 s -  MainThread - 12952 
2019-08-07 11:01:16,095 - MOT - INFO - MTCNN detect face cost time : 0.061 s -  MainThread - 12952 
2019-08-07 11:01:16,275 - MOT - INFO - MTCNN detect face cost time : 0.058 s -  MainThread - 12952 
2019-08-07 11:01:16,440 - MOT - INFO - MTCNN detect face cost time : 0.058 s -  MainThread - 12952 
2019-08-07 11:01:16,603 - MOT - INFO - MTCNN detect face cost time : 0.056 s -  MainThread - 12952 
2019-08-07 11:01:16,772 - MOT - INFO - MTCNN detect face cost time : 0.058 s -  MainThread - 12952 
2019-08-07 11:01:16,938 - MOT - INFO - MTCNN detect face cost time : 0.057 s -  MainThread - 12952 
2019-08-07 11:01:17,108 - MOT - INFO - MTCNN detect face cost time : 0.062 s -  MainThread - 12952 
2019-08-07 11:01:17,273 - MOT - INFO - MTCNN detect face cost time : 0.053 s -  MainThread - 12952 
2019-08-07 11:01:17,441 - MOT - INFO - MTCNN detect face cost time : 0.06 s -  MainThread - 12952 
2019-08-07 11:01:17,608 - MOT - INFO - MTCNN detect face cost time : 0.058 s -  MainThread - 12952 
2019-08-07 11:01:17,769 - MOT - INFO - MTCNN detect face cost time : 0.055 s -  MainThread - 12952 
2019-08-07 11:01:17,945 - MOT - INFO - MTCNN detect face cost time : 0.058 s -  MainThread - 12952 
2019-08-07 11:01:18,132 - MOT - INFO - MTCNN detect face cost time : 0.055 s -  MainThread - 12952 
2019-08-07 11:01:18,314 - MOT - INFO - MTCNN detect face cost time : 0.058 s -  MainThread - 12952 
2019-08-07 11:01:18,489 - MOT - INFO - MTCNN detect face cost time : 0.057 s -  MainThread - 12952 
2019-08-07 11:01:18,658 - MOT - INFO - MTCNN detect face cost time : 0.059 s -  MainThread - 12952 
2019-08-07 11:01:18,819 - MOT - INFO - MTCNN detect face cost time : 0.054 s -  MainThread - 12952 
2019-08-07 11:01:18,986 - MOT - INFO - MTCNN detect face cost time : 0.055 s -  MainThread - 12952 
2019-08-07 11:01:18,991 - MOT - INFO - remove tracker: 4 -  MainThread - 12952 
2019-08-07 11:01:19,056 - MOT - INFO - MTCNN detect face cost time : 0.056 s -  MainThread - 12952 
2019-08-07 11:01:19,122 - MOT - INFO - MTCNN detect face cost time : 0.054 s -  MainThread - 12952 
2019-08-07 11:01:19,182 - MOT - INFO - MTCNN detect face cost time : 0.052 s -  MainThread - 12952 
2019-08-07 11:01:19,240 - MOT - INFO - MTCNN detect face cost time : 0.052 s -  MainThread - 12952 
2019-08-07 11:01:19,299 - MOT - INFO - MTCNN detect face cost time : 0.052 s -  MainThread - 12952 
2019-08-07 11:01:19,360 - MOT - INFO - MTCNN detect face cost time : 0.054 s -  MainThread - 12952 
2019-08-07 11:01:19,465 - MOT - INFO - new Tracker: 5 -  MainThread - 12952 
2019-08-07 11:01:19,527 - MOT - INFO - MTCNN detect face cost time : 0.055 s -  MainThread - 12952 
2019-08-07 11:01:19,691 - MOT - INFO - MTCNN detect face cost time : 0.054 s -  MainThread - 12952 
2019-08-07 11:01:19,855 - MOT - INFO - MTCNN detect face cost time : 0.056 s -  MainThread - 12952 
2019-08-07 11:01:20,022 - MOT - INFO - MTCNN detect face cost time : 0.056 s -  MainThread - 12952 
2019-08-07 11:01:20,191 - MOT - INFO - MTCNN detect face cost time : 0.055 s -  MainThread - 12952 
2019-08-07 11:01:20,354 - MOT - INFO - MTCNN detect face cost time : 0.053 s -  MainThread - 12952 
2019-08-07 11:01:20,518 - MOT - INFO - MTCNN detect face cost time : 0.056 s -  MainThread - 12952 
2019-08-07 11:01:20,805 - MOT - INFO - MTCNN detect face cost time : 0.045 s -  MainThread - 12952 
2019-08-07 11:01:20,963 - MOT - INFO - MTCNN detect face cost time : 0.052 s -  MainThread - 12952 
2019-08-07 11:01:21,128 - MOT - INFO - MTCNN detect face cost time : 0.055 s -  MainThread - 12952 
2019-08-07 11:01:21,133 - MOT - INFO - remove tracker: 5 -  MainThread - 12952 
2019-08-07 11:01:21,194 - MOT - INFO - MTCNN detect face cost time : 0.054 s -  MainThread - 12952 
2019-08-07 11:01:21,291 - MOT - INFO - new Tracker: 6 -  MainThread - 12952 
2019-08-07 11:01:21,351 - MOT - INFO - MTCNN detect face cost time : 0.053 s -  MainThread - 12952 
2019-08-07 11:01:21,510 - MOT - INFO - MTCNN detect face cost time : 0.053 s -  MainThread - 12952 
2019-08-07 11:01:21,670 - MOT - INFO - MTCNN detect face cost time : 0.052 s -  MainThread - 12952 
2019-08-07 11:01:21,829 - MOT - INFO - MTCNN detect face cost time : 0.05 s -  MainThread - 12952 
2019-08-07 11:01:21,985 - MOT - INFO - MTCNN detect face cost time : 0.052 s -  MainThread - 12952 
2019-08-07 11:01:22,147 - MOT - INFO - MTCNN detect face cost time : 0.054 s -  MainThread - 12952 
2019-08-07 11:01:22,310 - MOT - INFO - MTCNN detect face cost time : 0.052 s -  MainThread - 12952 
2019-08-07 11:01:22,472 - MOT - INFO - MTCNN detect face cost time : 0.052 s -  MainThread - 12952 
2019-08-07 11:01:22,632 - MOT - INFO - MTCNN detect face cost time : 0.053 s -  MainThread - 12952 
2019-08-07 11:01:22,796 - MOT - INFO - MTCNN detect face cost time : 0.057 s -  MainThread - 12952 
2019-08-07 11:01:22,957 - MOT - INFO - MTCNN detect face cost time : 0.055 s -  MainThread - 12952 
2019-08-07 11:01:23,120 - MOT - INFO - MTCNN detect face cost time : 0.055 s -  MainThread - 12952 
2019-08-07 11:01:23,274 - MOT - INFO - MTCNN detect face cost time : 0.048 s -  MainThread - 12952 
2019-08-07 11:01:23,428 - MOT - INFO - MTCNN detect face cost time : 0.049 s -  MainThread - 12952 
2019-08-07 11:01:23,584 - MOT - INFO - MTCNN detect face cost time : 0.05 s -  MainThread - 12952 
2019-08-07 11:01:23,735 - MOT - INFO - MTCNN detect face cost time : 0.044 s -  MainThread - 12952 
2019-08-07 11:01:23,740 - MOT - INFO - remove tracker: 6 -  MainThread - 12952 
2019-08-07 11:01:23,793 - MOT - INFO - MTCNN detect face cost time : 0.046 s -  MainThread - 12952 
2019-08-07 11:01:23,847 - MOT - INFO - MTCNN detect face cost time : 0.046 s -  MainThread - 12952 
2019-08-07 11:01:23,901 - MOT - INFO - MTCNN detect face cost time : 0.047 s -  MainThread - 12952 
2019-08-07 11:01:24,003 - MOT - INFO - new Tracker: 7 -  MainThread - 12952 
2019-08-07 11:01:24,068 - MOT - INFO - MTCNN detect face cost time : 0.058 s -  MainThread - 12952 
2019-08-07 11:01:24,229 - MOT - INFO - MTCNN detect face cost time : 0.051 s -  MainThread - 12952 
2019-08-07 11:01:24,388 - MOT - INFO - MTCNN detect face cost time : 0.052 s -  MainThread - 12952 
2019-08-07 11:01:24,545 - MOT - INFO - MTCNN detect face cost time : 0.051 s -  MainThread - 12952 
2019-08-07 11:01:24,709 - MOT - INFO - MTCNN detect face cost time : 0.055 s -  MainThread - 12952 
2019-08-07 11:01:24,867 - MOT - INFO - MTCNN detect face cost time : 0.048 s -  MainThread - 12952 
2019-08-07 11:01:24,969 - MOT - INFO - Video_name:videos\2_Obama.mp4 -  MainThread - 12952 
2019-08-07 11:01:27,034 - MOT - INFO - MTCNN detect face cost time : 0.037 s -  MainThread - 12952 
2019-08-07 11:06:03,235 - MOT - INFO - Start track and extract...... -  MainThread - 12952 
2019-08-07 11:10:20,900 - MOT - INFO - Start track and extract...... -  MainThread - 12952 
2019-08-07 11:10:45,473 - MOT - INFO - Start track and extract...... -  MainThread - 12952 
2019-08-07 11:11:25,772 - MOT - INFO - Start track and extract...... -  MainThread - 12952 
