2019-08-07 10:16:30,021 - MOT - INFO - Start track and extract...... -  MainThread - 12532 
2019-08-07 10:16:31,704 - MOT - INFO - All files:1_Hours Of _Harassment' In NYC!.mp4 -  MainThread - 12532 
2019-08-07 10:16:31,705 - MOT - INFO - All files:2_Obama.mp4 -  MainThread - 12532 
2019-08-07 10:16:31,706 - MOT - INFO - Video_name:videos\1_Hours Of _Harassment' In NYC!.mp4 -  MainThread - 12532 
2019-08-07 10:16:34,343 - MOT - INFO - MTCNN detect face cost time : 0.186 s -  MainThread - 12532 
2019-08-07 10:16:34,544 - MOT - INFO - MTCNN detect face cost time : 0.183 s -  MainThread - 12532 
2019-08-07 10:16:41,206 - MOT - INFO - new Tracker: 1 -  MainThread - 12532 
2019-08-07 10:16:41,295 - MOT - INFO - MTCNN detect face cost time : 0.064 s -  MainThread - 12532 
2019-08-07 10:16:41,740 - MOT - INFO - MTCNN detect face cost time : 0.047 s -  MainThread - 12532 
2019-08-07 10:16:41,925 - MOT - INFO - MTCNN detect face cost time : 0.069 s -  MainThread - 12532 
2019-08-07 10:16:42,091 - MOT - INFO - MTCNN detect face cost time : 0.056 s -  MainThread - 12532 
2019-08-07 10:16:42,264 - MOT - INFO - MTCNN detect face cost time : 0.062 s -  MainThread - 12532 
2019-08-07 10:16:42,434 - MOT - INFO - MTCNN detect face cost time : 0.061 s -  MainThread - 12532 
2019-08-07 10:16:42,604 - MOT - INFO - MTCNN detect face cost time : 0.061 s -  MainThread - 12532 
2019-08-07 10:16:42,768 - MOT - INFO - MTCNN detect face cost time : 0.055 s -  MainThread - 12532 
2019-08-07 10:16:42,935 - MOT - INFO - MTCNN detect face cost time : 0.062 s -  MainThread - 12532 
2019-08-07 10:16:43,103 - MOT - INFO - MTCNN detect face cost time : 0.062 s -  MainThread - 12532 
2019-08-07 10:16:43,267 - MOT - INFO - MTCNN detect face cost time : 0.061 s -  MainThread - 12532 
2019-08-07 10:16:43,434 - MOT - INFO - MTCNN detect face cost time : 0.061 s -  MainThread - 12532 
2019-08-07 10:16:43,609 - MOT - INFO - MTCNN detect face cost time : 0.069 s -  MainThread - 12532 
2019-08-07 10:16:43,778 - MOT - INFO - MTCNN detect face cost time : 0.066 s -  MainThread - 12532 
2019-08-07 10:16:43,952 - MOT - INFO - MTCNN detect face cost time : 0.067 s -  MainThread - 12532 
2019-08-07 10:16:44,131 - MOT - INFO - MTCNN detect face cost time : 0.068 s -  MainThread - 12532 
2019-08-07 10:16:44,297 - MOT - INFO - MTCNN detect face cost time : 0.063 s -  MainThread - 12532 
2019-08-07 10:16:44,469 - MOT - INFO - MTCNN detect face cost time : 0.067 s -  MainThread - 12532 
2019-08-07 10:16:44,641 - MOT - INFO - MTCNN detect face cost time : 0.07 s -  MainThread - 12532 
2019-08-07 10:16:44,807 - MOT - INFO - MTCNN detect face cost time : 0.06 s -  MainThread - 12532 
2019-08-07 10:16:44,986 - MOT - INFO - MTCNN detect face cost time : 0.075 s -  MainThread - 12532 
2019-08-07 10:16:45,161 - MOT - INFO - MTCNN detect face cost time : 0.071 s -  MainThread - 12532 
2019-08-07 10:16:45,342 - MOT - INFO - MTCNN detect face cost time : 0.074 s -  MainThread - 12532 
2019-08-07 10:16:45,513 - MOT - INFO - MTCNN detect face cost time : 0.067 s -  MainThread - 12532 
2019-08-07 10:16:45,691 - MOT - INFO - MTCNN detect face cost time : 0.073 s -  MainThread - 12532 
2019-08-07 10:16:45,866 - MOT - INFO - MTCNN detect face cost time : 0.071 s -  MainThread - 12532 
2019-08-07 10:16:46,037 - MOT - INFO - MTCNN detect face cost time : 0.067 s -  MainThread - 12532 
2019-08-07 10:16:46,213 - MOT - INFO - MTCNN detect face cost time : 0.074 s -  MainThread - 12532 
2019-08-07 10:16:46,382 - MOT - INFO - MTCNN detect face cost time : 0.064 s -  MainThread - 12532 
2019-08-07 10:16:46,560 - MOT - INFO - MTCNN detect face cost time : 0.075 s -  MainThread - 12532 
2019-08-07 10:16:46,734 - MOT - INFO - MTCNN detect face cost time : 0.072 s -  MainThread - 12532 
2019-08-07 10:16:46,909 - MOT - INFO - MTCNN detect face cost time : 0.071 s -  MainThread - 12532 
2019-08-07 10:16:47,085 - MOT - INFO - MTCNN detect face cost time : 0.073 s -  MainThread - 12532 
2019-08-07 10:16:47,255 - MOT - INFO - MTCNN detect face cost time : 0.062 s -  MainThread - 12532 
2019-08-07 10:16:47,433 - MOT - INFO - MTCNN detect face cost time : 0.074 s -  MainThread - 12532 
2019-08-07 10:16:47,619 - MOT - INFO - MTCNN detect face cost time : 0.079 s -  MainThread - 12532 
2019-08-07 10:16:47,801 - MOT - INFO - MTCNN detect face cost time : 0.075 s -  MainThread - 12532 
2019-08-07 10:16:47,977 - MOT - INFO - MTCNN detect face cost time : 0.07 s -  MainThread - 12532 
2019-08-07 10:16:48,149 - MOT - INFO - MTCNN detect face cost time : 0.071 s -  MainThread - 12532 
2019-08-07 10:16:48,330 - MOT - INFO - MTCNN detect face cost time : 0.077 s -  MainThread - 12532 
2019-08-07 10:16:48,482 - MOT - INFO - MTCNN detect face cost time : 0.06 s -  MainThread - 12532 
2019-08-07 10:16:48,662 - MOT - INFO - MTCNN detect face cost time : 0.078 s -  MainThread - 12532 
2019-08-07 10:16:48,836 - MOT - INFO - MTCNN detect face cost time : 0.07 s -  MainThread - 12532 
2019-08-07 10:16:49,008 - MOT - INFO - MTCNN detect face cost time : 0.065 s -  MainThread - 12532 
2019-08-07 10:16:49,174 - MOT - INFO - MTCNN detect face cost time : 0.065 s -  MainThread - 12532 
2019-08-07 10:16:49,344 - MOT - INFO - MTCNN detect face cost time : 0.068 s -  MainThread - 12532 
2019-08-07 10:16:49,508 - MOT - INFO - MTCNN detect face cost time : 0.059 s -  MainThread - 12532 
2019-08-07 10:16:49,674 - MOT - INFO - MTCNN detect face cost time : 0.061 s -  MainThread - 12532 
2019-08-07 10:16:49,845 - MOT - INFO - MTCNN detect face cost time : 0.064 s -  MainThread - 12532 
2019-08-07 10:16:50,008 - MOT - INFO - MTCNN detect face cost time : 0.061 s -  MainThread - 12532 
2019-08-07 10:16:50,180 - MOT - INFO - MTCNN detect face cost time : 0.07 s -  MainThread - 12532 
2019-08-07 10:16:50,358 - MOT - INFO - MTCNN detect face cost time : 0.075 s -  MainThread - 12532 
2019-08-07 10:16:50,529 - MOT - INFO - MTCNN detect face cost time : 0.064 s -  MainThread - 12532 
2019-08-07 10:16:50,703 - MOT - INFO - MTCNN detect face cost time : 0.07 s -  MainThread - 12532 
2019-08-07 10:16:50,876 - MOT - INFO - MTCNN detect face cost time : 0.067 s -  MainThread - 12532 
2019-08-07 10:16:51,056 - MOT - INFO - MTCNN detect face cost time : 0.077 s -  MainThread - 12532 
2019-08-07 10:16:51,244 - MOT - INFO - MTCNN detect face cost time : 0.084 s -  MainThread - 12532 
2019-08-07 10:16:51,420 - MOT - INFO - MTCNN detect face cost time : 0.071 s -  MainThread - 12532 
2019-08-07 10:16:51,597 - MOT - INFO - MTCNN detect face cost time : 0.073 s -  MainThread - 12532 
2019-08-07 10:16:51,767 - MOT - INFO - MTCNN detect face cost time : 0.065 s -  MainThread - 12532 
2019-08-07 10:16:51,938 - MOT - INFO - MTCNN detect face cost time : 0.069 s -  MainThread - 12532 
2019-08-07 10:16:52,114 - MOT - INFO - MTCNN detect face cost time : 0.071 s -  MainThread - 12532 
2019-08-07 10:16:52,286 - MOT - INFO - MTCNN detect face cost time : 0.07 s -  MainThread - 12532 
2019-08-07 10:16:52,459 - MOT - INFO - MTCNN detect face cost time : 0.066 s -  MainThread - 12532 
2019-08-07 10:16:52,626 - MOT - INFO - MTCNN detect face cost time : 0.063 s -  MainThread - 12532 
2019-08-07 10:16:52,790 - MOT - INFO - MTCNN detect face cost time : 0.063 s -  MainThread - 12532 
2019-08-07 10:16:52,959 - MOT - INFO - MTCNN detect face cost time : 0.064 s -  MainThread - 12532 
2019-08-07 10:16:53,126 - MOT - INFO - MTCNN detect face cost time : 0.064 s -  MainThread - 12532 
2019-08-07 10:16:53,291 - MOT - INFO - MTCNN detect face cost time : 0.063 s -  MainThread - 12532 
2019-08-07 10:16:53,471 - MOT - INFO - MTCNN detect face cost time : 0.077 s -  MainThread - 12532 
2019-08-07 10:16:53,657 - MOT - INFO - MTCNN detect face cost time : 0.08 s -  MainThread - 12532 
2019-08-07 10:16:53,830 - MOT - INFO - MTCNN detect face cost time : 0.068 s -  MainThread - 12532 
2019-08-07 10:16:54,016 - MOT - INFO - MTCNN detect face cost time : 0.084 s -  MainThread - 12532 
2019-08-07 10:16:54,200 - MOT - INFO - MTCNN detect face cost time : 0.079 s -  MainThread - 12532 
2019-08-07 10:16:54,387 - MOT - INFO - MTCNN detect face cost time : 0.082 s -  MainThread - 12532 
2019-08-07 10:16:54,578 - MOT - INFO - MTCNN detect face cost time : 0.085 s -  MainThread - 12532 
2019-08-07 10:16:54,756 - MOT - INFO - MTCNN detect face cost time : 0.074 s -  MainThread - 12532 
2019-08-07 10:16:54,943 - MOT - INFO - MTCNN detect face cost time : 0.083 s -  MainThread - 12532 
2019-08-07 10:16:55,124 - MOT - INFO - MTCNN detect face cost time : 0.077 s -  MainThread - 12532 
2019-08-07 10:16:55,297 - MOT - INFO - MTCNN detect face cost time : 0.069 s -  MainThread - 12532 
2019-08-07 10:16:55,495 - MOT - INFO - MTCNN detect face cost time : 0.096 s -  MainThread - 12532 
2019-08-07 10:16:55,686 - MOT - INFO - MTCNN detect face cost time : 0.089 s -  MainThread - 12532 
2019-08-07 10:16:55,869 - MOT - INFO - MTCNN detect face cost time : 0.08 s -  MainThread - 12532 
2019-08-07 10:16:56,062 - MOT - INFO - MTCNN detect face cost time : 0.091 s -  MainThread - 12532 
2019-08-07 10:16:56,241 - MOT - INFO - MTCNN detect face cost time : 0.075 s -  MainThread - 12532 
2019-08-07 10:16:56,427 - MOT - INFO - MTCNN detect face cost time : 0.083 s -  MainThread - 12532 
2019-08-07 10:16:56,622 - MOT - INFO - MTCNN detect face cost time : 0.089 s -  MainThread - 12532 
2019-08-07 10:16:56,805 - MOT - INFO - MTCNN detect face cost time : 0.079 s -  MainThread - 12532 
2019-08-07 10:16:56,989 - MOT - INFO - MTCNN detect face cost time : 0.082 s -  MainThread - 12532 
2019-08-07 10:16:57,159 - MOT - INFO - MTCNN detect face cost time : 0.066 s -  MainThread - 12532 
2019-08-07 10:16:57,356 - MOT - INFO - MTCNN detect face cost time : 0.094 s -  MainThread - 12532 
2019-08-07 10:16:57,547 - MOT - INFO - MTCNN detect face cost time : 0.084 s -  MainThread - 12532 
2019-08-07 10:16:57,750 - MOT - INFO - MTCNN detect face cost time : 0.097 s -  MainThread - 12532 
2019-08-07 10:16:57,948 - MOT - INFO - MTCNN detect face cost time : 0.095 s -  MainThread - 12532 
2019-08-07 10:16:58,137 - MOT - INFO - MTCNN detect face cost time : 0.083 s -  MainThread - 12532 
2019-08-07 10:16:58,331 - MOT - INFO - MTCNN detect face cost time : 0.089 s -  MainThread - 12532 
2019-08-07 10:16:58,530 - MOT - INFO - MTCNN detect face cost time : 0.096 s -  MainThread - 12532 
2019-08-07 10:16:58,714 - MOT - INFO - MTCNN detect face cost time : 0.081 s -  MainThread - 12532 
2019-08-07 10:16:58,892 - MOT - INFO - MTCNN detect face cost time : 0.075 s -  MainThread - 12532 
2019-08-07 10:16:59,080 - MOT - INFO - MTCNN detect face cost time : 0.084 s -  MainThread - 12532 
2019-08-07 10:16:59,259 - MOT - INFO - MTCNN detect face cost time : 0.072 s -  MainThread - 12532 
2019-08-07 10:16:59,431 - MOT - INFO - MTCNN detect face cost time : 0.07 s -  MainThread - 12532 
2019-08-07 10:16:59,610 - MOT - INFO - MTCNN detect face cost time : 0.074 s -  MainThread - 12532 
2019-08-07 10:16:59,792 - MOT - INFO - MTCNN detect face cost time : 0.077 s -  MainThread - 12532 
2019-08-07 10:16:59,969 - MOT - INFO - MTCNN detect face cost time : 0.071 s -  MainThread - 12532 
2019-08-07 10:17:00,151 - MOT - INFO - MTCNN detect face cost time : 0.075 s -  MainThread - 12532 
2019-08-07 10:17:00,337 - MOT - INFO - MTCNN detect face cost time : 0.082 s -  MainThread - 12532 
2019-08-07 10:17:00,524 - MOT - INFO - MTCNN detect face cost time : 0.083 s -  MainThread - 12532 
2019-08-07 10:17:00,705 - MOT - INFO - MTCNN detect face cost time : 0.075 s -  MainThread - 12532 
2019-08-07 10:17:00,885 - MOT - INFO - MTCNN detect face cost time : 0.076 s -  MainThread - 12532 
2019-08-07 10:17:01,073 - MOT - INFO - MTCNN detect face cost time : 0.085 s -  MainThread - 12532 
2019-08-07 10:17:01,255 - MOT - INFO - MTCNN detect face cost time : 0.078 s -  MainThread - 12532 
2019-08-07 10:17:01,443 - MOT - INFO - MTCNN detect face cost time : 0.085 s -  MainThread - 12532 
2019-08-07 10:17:01,634 - MOT - INFO - MTCNN detect face cost time : 0.084 s -  MainThread - 12532 
2019-08-07 10:17:01,812 - MOT - INFO - MTCNN detect face cost time : 0.071 s -  MainThread - 12532 
2019-08-07 10:17:02,002 - MOT - INFO - MTCNN detect face cost time : 0.086 s -  MainThread - 12532 
2019-08-07 10:17:02,200 - MOT - INFO - MTCNN detect face cost time : 0.09 s -  MainThread - 12532 
2019-08-07 10:17:02,386 - MOT - INFO - MTCNN detect face cost time : 0.081 s -  MainThread - 12532 
2019-08-07 10:17:02,584 - MOT - INFO - MTCNN detect face cost time : 0.096 s -  MainThread - 12532 
2019-08-07 10:17:02,777 - MOT - INFO - MTCNN detect face cost time : 0.089 s -  MainThread - 12532 
2019-08-07 10:17:02,959 - MOT - INFO - MTCNN detect face cost time : 0.078 s -  MainThread - 12532 
2019-08-07 10:17:03,146 - MOT - INFO - MTCNN detect face cost time : 0.081 s -  MainThread - 12532 
2019-08-07 10:17:03,339 - MOT - INFO - MTCNN detect face cost time : 0.086 s -  MainThread - 12532 
2019-08-07 10:17:03,530 - MOT - INFO - MTCNN detect face cost time : 0.085 s -  MainThread - 12532 
2019-08-07 10:17:03,719 - MOT - INFO - MTCNN detect face cost time : 0.085 s -  MainThread - 12532 
2019-08-07 10:17:03,908 - MOT - INFO - MTCNN detect face cost time : 0.084 s -  MainThread - 12532 
2019-08-07 10:17:04,092 - MOT - INFO - MTCNN detect face cost time : 0.08 s -  MainThread - 12532 
2019-08-07 10:17:04,281 - MOT - INFO - MTCNN detect face cost time : 0.085 s -  MainThread - 12532 
2019-08-07 10:17:04,468 - MOT - INFO - MTCNN detect face cost time : 0.079 s -  MainThread - 12532 
2019-08-07 10:17:04,658 - MOT - INFO - MTCNN detect face cost time : 0.084 s -  MainThread - 12532 
2019-08-07 10:17:04,844 - MOT - INFO - MTCNN detect face cost time : 0.084 s -  MainThread - 12532 
2019-08-07 10:17:05,019 - MOT - INFO - MTCNN detect face cost time : 0.071 s -  MainThread - 12532 
2019-08-07 10:17:05,194 - MOT - INFO - MTCNN detect face cost time : 0.069 s -  MainThread - 12532 
2019-08-07 10:17:05,371 - MOT - INFO - MTCNN detect face cost time : 0.073 s -  MainThread - 12532 
2019-08-07 10:17:05,551 - MOT - INFO - MTCNN detect face cost time : 0.075 s -  MainThread - 12532 
2019-08-07 10:17:05,738 - MOT - INFO - MTCNN detect face cost time : 0.081 s -  MainThread - 12532 
2019-08-07 10:17:05,931 - MOT - INFO - MTCNN detect face cost time : 0.085 s -  MainThread - 12532 
2019-08-07 10:17:06,127 - MOT - INFO - MTCNN detect face cost time : 0.088 s -  MainThread - 12532 
2019-08-07 10:17:06,316 - MOT - INFO - MTCNN detect face cost time : 0.085 s -  MainThread - 12532 
2019-08-07 10:17:06,517 - MOT - INFO - MTCNN detect face cost time : 0.096 s -  MainThread - 12532 
2019-08-07 10:17:06,734 - MOT - INFO - MTCNN detect face cost time : 0.098 s -  MainThread - 12532 
2019-08-07 10:17:06,926 - MOT - INFO - MTCNN detect face cost time : 0.083 s -  MainThread - 12532 
2019-08-07 10:17:07,114 - MOT - INFO - MTCNN detect face cost time : 0.083 s -  MainThread - 12532 
2019-08-07 10:17:07,307 - MOT - INFO - MTCNN detect face cost time : 0.084 s -  MainThread - 12532 
2019-08-07 10:17:07,498 - MOT - INFO - MTCNN detect face cost time : 0.089 s -  MainThread - 12532 
2019-08-07 10:17:07,707 - MOT - INFO - MTCNN detect face cost time : 0.103 s -  MainThread - 12532 
2019-08-07 10:17:07,903 - MOT - INFO - MTCNN detect face cost time : 0.093 s -  MainThread - 12532 
2019-08-07 10:17:08,106 - MOT - INFO - MTCNN detect face cost time : 0.098 s -  MainThread - 12532 
2019-08-07 10:17:08,293 - MOT - INFO - MTCNN detect face cost time : 0.082 s -  MainThread - 12532 
2019-08-07 10:17:08,490 - MOT - INFO - MTCNN detect face cost time : 0.094 s -  MainThread - 12532 
2019-08-07 10:17:08,683 - MOT - INFO - MTCNN detect face cost time : 0.089 s -  MainThread - 12532 
2019-08-07 10:17:08,877 - MOT - INFO - MTCNN detect face cost time : 0.078 s -  MainThread - 12532 
2019-08-07 10:17:09,065 - MOT - INFO - MTCNN detect face cost time : 0.084 s -  MainThread - 12532 
2019-08-07 10:17:09,262 - MOT - INFO - MTCNN detect face cost time : 0.089 s -  MainThread - 12532 
2019-08-07 10:17:09,461 - MOT - INFO - MTCNN detect face cost time : 0.093 s -  MainThread - 12532 
2019-08-07 10:17:09,655 - MOT - INFO - MTCNN detect face cost time : 0.086 s -  MainThread - 12532 
2019-08-07 10:17:09,850 - MOT - INFO - MTCNN detect face cost time : 0.089 s -  MainThread - 12532 
2019-08-07 10:17:10,045 - MOT - INFO - MTCNN detect face cost time : 0.091 s -  MainThread - 12532 
2019-08-07 10:17:10,226 - MOT - INFO - MTCNN detect face cost time : 0.076 s -  MainThread - 12532 
2019-08-07 10:17:10,412 - MOT - INFO - MTCNN detect face cost time : 0.083 s -  MainThread - 12532 
2019-08-07 10:17:10,608 - MOT - INFO - MTCNN detect face cost time : 0.09 s -  MainThread - 12532 
2019-08-07 10:17:10,810 - MOT - INFO - MTCNN detect face cost time : 0.093 s -  MainThread - 12532 
2019-08-07 10:17:11,010 - MOT - INFO - MTCNN detect face cost time : 0.097 s -  MainThread - 12532 
2019-08-07 10:17:11,213 - MOT - INFO - MTCNN detect face cost time : 0.097 s -  MainThread - 12532 
2019-08-07 10:17:11,422 - MOT - INFO - MTCNN detect face cost time : 0.104 s -  MainThread - 12532 
2019-08-07 10:17:11,615 - MOT - INFO - MTCNN detect face cost time : 0.085 s -  MainThread - 12532 
2019-08-07 10:17:11,795 - MOT - INFO - MTCNN detect face cost time : 0.075 s -  MainThread - 12532 
2019-08-07 10:17:11,986 - MOT - INFO - MTCNN detect face cost time : 0.085 s -  MainThread - 12532 
2019-08-07 10:17:12,182 - MOT - INFO - MTCNN detect face cost time : 0.091 s -  MainThread - 12532 
2019-08-07 10:17:12,189 - MOT - INFO - remove tracker: 1 -  MainThread - 12532 
2019-08-07 10:17:12,282 - MOT - INFO - MTCNN detect face cost time : 0.085 s -  MainThread - 12532 
2019-08-07 10:17:12,381 - MOT - INFO - new Tracker: 2 -  MainThread - 12532 
2019-08-07 10:17:12,477 - MOT - INFO - MTCNN detect face cost time : 0.09 s -  MainThread - 12532 
2019-08-07 10:17:12,682 - MOT - INFO - MTCNN detect face cost time : 0.099 s -  MainThread - 12532 
2019-08-07 10:17:12,876 - MOT - INFO - MTCNN detect face cost time : 0.086 s -  MainThread - 12532 
2019-08-07 10:17:12,877 - MOT - INFO - remove tracker: 2 -  MainThread - 12532 
2019-08-07 10:17:12,966 - MOT - INFO - MTCNN detect face cost time : 0.081 s -  MainThread - 12532 
2019-08-07 10:17:13,056 - MOT - INFO - MTCNN detect face cost time : 0.084 s -  MainThread - 12532 
2019-08-07 10:17:13,150 - MOT - INFO - MTCNN detect face cost time : 0.086 s -  MainThread - 12532 
2019-08-07 10:17:13,254 - MOT - INFO - new Tracker: 3 -  MainThread - 12532 
2019-08-07 10:17:13,347 - MOT - INFO - MTCNN detect face cost time : 0.086 s -  MainThread - 12532 
2019-08-07 10:17:13,349 - MOT - INFO - remove tracker: 3 -  MainThread - 12532 
2019-08-07 10:17:13,441 - MOT - INFO - MTCNN detect face cost time : 0.085 s -  MainThread - 12532 
2019-08-07 10:17:13,540 - MOT - INFO - new Tracker: 4 -  MainThread - 12532 
2019-08-07 10:17:13,637 - MOT - INFO - MTCNN detect face cost time : 0.09 s -  MainThread - 12532 
2019-08-07 10:17:13,832 - MOT - INFO - MTCNN detect face cost time : 0.09 s -  MainThread - 12532 
2019-08-07 10:17:14,021 - MOT - INFO - MTCNN detect face cost time : 0.092 s -  MainThread - 12532 
2019-08-07 10:17:14,223 - MOT - INFO - MTCNN detect face cost time : 0.091 s -  MainThread - 12532 
2019-08-07 10:17:14,423 - MOT - INFO - MTCNN detect face cost time : 0.094 s -  MainThread - 12532 
2019-08-07 10:17:14,625 - MOT - INFO - MTCNN detect face cost time : 0.096 s -  MainThread - 12532 
2019-08-07 10:17:14,820 - MOT - INFO - MTCNN detect face cost time : 0.085 s -  MainThread - 12532 
2019-08-07 10:17:15,024 - MOT - INFO - MTCNN detect face cost time : 0.095 s -  MainThread - 12532 
2019-08-07 10:17:15,225 - MOT - INFO - MTCNN detect face cost time : 0.094 s -  MainThread - 12532 
2019-08-07 10:17:15,421 - MOT - INFO - MTCNN detect face cost time : 0.089 s -  MainThread - 12532 
2019-08-07 10:17:15,622 - MOT - INFO - MTCNN detect face cost time : 0.094 s -  MainThread - 12532 
2019-08-07 10:17:15,828 - MOT - INFO - MTCNN detect face cost time : 0.1 s -  MainThread - 12532 
2019-08-07 10:17:16,032 - MOT - INFO - MTCNN detect face cost time : 0.095 s -  MainThread - 12532 
2019-08-07 10:17:16,227 - MOT - INFO - MTCNN detect face cost time : 0.088 s -  MainThread - 12532 
2019-08-07 10:17:16,427 - MOT - INFO - MTCNN detect face cost time : 0.096 s -  MainThread - 12532 
2019-08-07 10:17:16,629 - MOT - INFO - MTCNN detect face cost time : 0.095 s -  MainThread - 12532 
2019-08-07 10:17:16,828 - MOT - INFO - MTCNN detect face cost time : 0.091 s -  MainThread - 12532 
2019-08-07 10:17:17,028 - MOT - INFO - MTCNN detect face cost time : 0.093 s -  MainThread - 12532 
2019-08-07 10:17:17,231 - MOT - INFO - MTCNN detect face cost time : 0.094 s -  MainThread - 12532 
2019-08-07 10:17:17,435 - MOT - INFO - MTCNN detect face cost time : 0.096 s -  MainThread - 12532 
2019-08-07 10:17:17,627 - MOT - INFO - MTCNN detect face cost time : 0.084 s -  MainThread - 12532 
2019-08-07 10:17:17,824 - MOT - INFO - MTCNN detect face cost time : 0.09 s -  MainThread - 12532 
2019-08-07 10:17:18,026 - MOT - INFO - MTCNN detect face cost time : 0.094 s -  MainThread - 12532 
2019-08-07 10:17:18,229 - MOT - INFO - MTCNN detect face cost time : 0.093 s -  MainThread - 12532 
2019-08-07 10:17:18,430 - MOT - INFO - MTCNN detect face cost time : 0.095 s -  MainThread - 12532 
2019-08-07 10:17:18,630 - MOT - INFO - MTCNN detect face cost time : 0.093 s -  MainThread - 12532 
2019-08-07 10:17:18,830 - MOT - INFO - MTCNN detect face cost time : 0.094 s -  MainThread - 12532 
2019-08-07 10:17:19,028 - MOT - INFO - MTCNN detect face cost time : 0.092 s -  MainThread - 12532 
2019-08-07 10:17:19,228 - MOT - INFO - MTCNN detect face cost time : 0.094 s -  MainThread - 12532 
2019-08-07 10:17:19,419 - MOT - INFO - MTCNN detect face cost time : 0.084 s -  MainThread - 12532 
2019-08-07 10:17:19,613 - MOT - INFO - MTCNN detect face cost time : 0.087 s -  MainThread - 12532 
2019-08-07 10:17:19,818 - MOT - INFO - MTCNN detect face cost time : 0.099 s -  MainThread - 12532 
2019-08-07 10:17:20,006 - MOT - INFO - MTCNN detect face cost time : 0.081 s -  MainThread - 12532 
2019-08-07 10:17:20,204 - MOT - INFO - MTCNN detect face cost time : 0.091 s -  MainThread - 12532 
2019-08-07 10:17:20,396 - MOT - INFO - MTCNN detect face cost time : 0.083 s -  MainThread - 12532 
2019-08-07 10:17:20,589 - MOT - INFO - MTCNN detect face cost time : 0.083 s -  MainThread - 12532 
2019-08-07 10:17:20,783 - MOT - INFO - MTCNN detect face cost time : 0.086 s -  MainThread - 12532 
2019-08-07 10:17:20,985 - MOT - INFO - MTCNN detect face cost time : 0.097 s -  MainThread - 12532 
2019-08-07 10:17:21,174 - MOT - INFO - MTCNN detect face cost time : 0.089 s -  MainThread - 12532 
2019-08-07 10:17:21,371 - MOT - INFO - MTCNN detect face cost time : 0.088 s -  MainThread - 12532 
2019-08-07 10:17:21,583 - MOT - INFO - MTCNN detect face cost time : 0.101 s -  MainThread - 12532 
2019-08-07 10:17:21,784 - MOT - INFO - MTCNN detect face cost time : 0.091 s -  MainThread - 12532 
2019-08-07 10:17:21,979 - MOT - INFO - MTCNN detect face cost time : 0.086 s -  MainThread - 12532 
2019-08-07 10:17:22,164 - MOT - INFO - MTCNN detect face cost time : 0.077 s -  MainThread - 12532 
2019-08-07 10:17:22,346 - MOT - INFO - MTCNN detect face cost time : 0.078 s -  MainThread - 12532 
2019-08-07 10:17:22,535 - MOT - INFO - MTCNN detect face cost time : 0.082 s -  MainThread - 12532 
2019-08-07 10:17:22,725 - MOT - INFO - MTCNN detect face cost time : 0.083 s -  MainThread - 12532 
2019-08-07 10:17:22,913 - MOT - INFO - MTCNN detect face cost time : 0.078 s -  MainThread - 12532 
2019-08-07 10:17:23,097 - MOT - INFO - MTCNN detect face cost time : 0.079 s -  MainThread - 12532 
2019-08-07 10:17:23,281 - MOT - INFO - MTCNN detect face cost time : 0.077 s -  MainThread - 12532 
2019-08-07 10:17:23,467 - MOT - INFO - MTCNN detect face cost time : 0.08 s -  MainThread - 12532 
2019-08-07 10:17:23,653 - MOT - INFO - MTCNN detect face cost time : 0.076 s -  MainThread - 12532 
2019-08-07 10:17:23,839 - MOT - INFO - MTCNN detect face cost time : 0.079 s -  MainThread - 12532 
2019-08-07 10:17:24,038 - MOT - INFO - MTCNN detect face cost time : 0.086 s -  MainThread - 12532 
2019-08-07 10:17:24,252 - MOT - INFO - MTCNN detect face cost time : 0.1 s -  MainThread - 12532 
2019-08-07 10:17:24,452 - MOT - INFO - MTCNN detect face cost time : 0.091 s -  MainThread - 12532 
2019-08-07 10:17:24,650 - MOT - INFO - MTCNN detect face cost time : 0.09 s -  MainThread - 12532 
2019-08-07 10:17:24,844 - MOT - INFO - MTCNN detect face cost time : 0.086 s -  MainThread - 12532 
2019-08-07 10:17:25,040 - MOT - INFO - MTCNN detect face cost time : 0.09 s -  MainThread - 12532 
2019-08-07 10:17:25,235 - MOT - INFO - MTCNN detect face cost time : 0.087 s -  MainThread - 12532 
2019-08-07 10:17:25,432 - MOT - INFO - MTCNN detect face cost time : 0.091 s -  MainThread - 12532 
2019-08-07 10:17:25,632 - MOT - INFO - MTCNN detect face cost time : 0.092 s -  MainThread - 12532 
2019-08-07 10:17:25,821 - MOT - INFO - MTCNN detect face cost time : 0.081 s -  MainThread - 12532 
2019-08-07 10:17:25,998 - MOT - INFO - MTCNN detect face cost time : 0.072 s -  MainThread - 12532 
2019-08-07 10:17:26,192 - MOT - INFO - MTCNN detect face cost time : 0.085 s -  MainThread - 12532 
2019-08-07 10:17:26,382 - MOT - INFO - MTCNN detect face cost time : 0.08 s -  MainThread - 12532 
2019-08-07 10:17:26,575 - MOT - INFO - MTCNN detect face cost time : 0.086 s -  MainThread - 12532 
2019-08-07 10:17:26,764 - MOT - INFO - MTCNN detect face cost time : 0.081 s -  MainThread - 12532 
2019-08-07 10:17:26,952 - MOT - INFO - MTCNN detect face cost time : 0.08 s -  MainThread - 12532 
2019-08-07 10:17:27,137 - MOT - INFO - MTCNN detect face cost time : 0.075 s -  MainThread - 12532 
2019-08-07 10:17:27,316 - MOT - INFO - MTCNN detect face cost time : 0.072 s -  MainThread - 12532 
2019-08-07 10:17:27,496 - MOT - INFO - MTCNN detect face cost time : 0.071 s -  MainThread - 12532 
2019-08-07 10:17:27,672 - MOT - INFO - MTCNN detect face cost time : 0.068 s -  MainThread - 12532 
2019-08-07 10:17:27,848 - MOT - INFO - MTCNN detect face cost time : 0.066 s -  MainThread - 12532 
2019-08-07 10:17:28,022 - MOT - INFO - MTCNN detect face cost time : 0.063 s -  MainThread - 12532 
2019-08-07 10:17:28,192 - MOT - INFO - MTCNN detect face cost time : 0.064 s -  MainThread - 12532 
2019-08-07 10:17:28,362 - MOT - INFO - MTCNN detect face cost time : 0.062 s -  MainThread - 12532 
2019-08-07 10:17:28,535 - MOT - INFO - MTCNN detect face cost time : 0.065 s -  MainThread - 12532 
2019-08-07 10:17:28,705 - MOT - INFO - MTCNN detect face cost time : 0.063 s -  MainThread - 12532 
2019-08-07 10:17:28,876 - MOT - INFO - MTCNN detect face cost time : 0.062 s -  MainThread - 12532 
2019-08-07 10:17:29,048 - MOT - INFO - MTCNN detect face cost time : 0.064 s -  MainThread - 12532 
2019-08-07 10:17:29,223 - MOT - INFO - MTCNN detect face cost time : 0.067 s -  MainThread - 12532 
2019-08-07 10:17:29,399 - MOT - INFO - MTCNN detect face cost time : 0.066 s -  MainThread - 12532 
2019-08-07 10:17:29,576 - MOT - INFO - MTCNN detect face cost time : 0.067 s -  MainThread - 12532 
2019-08-07 10:17:29,751 - MOT - INFO - MTCNN detect face cost time : 0.069 s -  MainThread - 12532 
2019-08-07 10:17:29,923 - MOT - INFO - MTCNN detect face cost time : 0.063 s -  MainThread - 12532 
2019-08-07 10:17:30,097 - MOT - INFO - MTCNN detect face cost time : 0.063 s -  MainThread - 12532 
2019-08-07 10:17:30,269 - MOT - INFO - MTCNN detect face cost time : 0.064 s -  MainThread - 12532 
2019-08-07 10:17:30,439 - MOT - INFO - MTCNN detect face cost time : 0.062 s -  MainThread - 12532 
2019-08-07 10:17:30,606 - MOT - INFO - MTCNN detect face cost time : 0.061 s -  MainThread - 12532 
2019-08-07 10:17:30,774 - MOT - INFO - MTCNN detect face cost time : 0.06 s -  MainThread - 12532 
2019-08-07 10:17:30,939 - MOT - INFO - MTCNN detect face cost time : 0.058 s -  MainThread - 12532 
2019-08-07 10:17:31,114 - MOT - INFO - MTCNN detect face cost time : 0.066 s -  MainThread - 12532 
2019-08-07 10:17:31,280 - MOT - INFO - MTCNN detect face cost time : 0.057 s -  MainThread - 12532 
2019-08-07 10:17:31,450 - MOT - INFO - MTCNN detect face cost time : 0.062 s -  MainThread - 12532 
2019-08-07 10:17:31,629 - MOT - INFO - MTCNN detect face cost time : 0.064 s -  MainThread - 12532 
2019-08-07 10:17:31,797 - MOT - INFO - MTCNN detect face cost time : 0.06 s -  MainThread - 12532 
2019-08-07 10:17:31,966 - MOT - INFO - MTCNN detect face cost time : 0.058 s -  MainThread - 12532 
2019-08-07 10:17:32,135 - MOT - INFO - MTCNN detect face cost time : 0.058 s -  MainThread - 12532 
2019-08-07 10:17:32,311 - MOT - INFO - MTCNN detect face cost time : 0.067 s -  MainThread - 12532 
2019-08-07 10:17:32,484 - MOT - INFO - MTCNN detect face cost time : 0.067 s -  MainThread - 12532 
2019-08-07 10:17:32,665 - MOT - INFO - MTCNN detect face cost time : 0.074 s -  MainThread - 12532 
2019-08-07 10:17:32,848 - MOT - INFO - MTCNN detect face cost time : 0.067 s -  MainThread - 12532 
2019-08-07 10:17:33,020 - MOT - INFO - MTCNN detect face cost time : 0.063 s -  MainThread - 12532 
2019-08-07 10:17:33,191 - MOT - INFO - MTCNN detect face cost time : 0.064 s -  MainThread - 12532 
2019-08-07 10:17:33,353 - MOT - INFO - MTCNN detect face cost time : 0.056 s -  MainThread - 12532 
2019-08-07 10:17:33,525 - MOT - INFO - MTCNN detect face cost time : 0.063 s -  MainThread - 12532 
2019-08-07 10:17:33,696 - MOT - INFO - MTCNN detect face cost time : 0.063 s -  MainThread - 12532 
2019-08-07 10:17:33,870 - MOT - INFO - MTCNN detect face cost time : 0.064 s -  MainThread - 12532 
2019-08-07 10:17:34,041 - MOT - INFO - MTCNN detect face cost time : 0.06 s -  MainThread - 12532 
2019-08-07 10:17:34,211 - MOT - INFO - MTCNN detect face cost time : 0.062 s -  MainThread - 12532 
2019-08-07 10:17:34,397 - MOT - INFO - MTCNN detect face cost time : 0.077 s -  MainThread - 12532 
2019-08-07 10:17:34,568 - MOT - INFO - MTCNN detect face cost time : 0.062 s -  MainThread - 12532 
2019-08-07 10:17:34,740 - MOT - INFO - MTCNN detect face cost time : 0.062 s -  MainThread - 12532 
2019-08-07 10:17:34,908 - MOT - INFO - MTCNN detect face cost time : 0.06 s -  MainThread - 12532 
2019-08-07 10:17:35,079 - MOT - INFO - MTCNN detect face cost time : 0.064 s -  MainThread - 12532 
2019-08-07 10:17:35,251 - MOT - INFO - MTCNN detect face cost time : 0.067 s -  MainThread - 12532 
2019-08-07 10:17:35,430 - MOT - INFO - MTCNN detect face cost time : 0.069 s -  MainThread - 12532 
2019-08-07 10:17:35,607 - MOT - INFO - MTCNN detect face cost time : 0.067 s -  MainThread - 12532 
2019-08-07 10:17:35,778 - MOT - INFO - MTCNN detect face cost time : 0.063 s -  MainThread - 12532 
2019-08-07 10:17:35,952 - MOT - INFO - MTCNN detect face cost time : 0.066 s -  MainThread - 12532 
2019-08-07 10:17:36,127 - MOT - INFO - MTCNN detect face cost time : 0.065 s -  MainThread - 12532 
2019-08-07 10:17:36,300 - MOT - INFO - MTCNN detect face cost time : 0.064 s -  MainThread - 12532 
2019-08-07 10:17:36,472 - MOT - INFO - MTCNN detect face cost time : 0.066 s -  MainThread - 12532 
2019-08-07 10:17:36,645 - MOT - INFO - MTCNN detect face cost time : 0.065 s -  MainThread - 12532 
2019-08-07 10:17:36,825 - MOT - INFO - MTCNN detect face cost time : 0.071 s -  MainThread - 12532 
2019-08-07 10:17:37,015 - MOT - INFO - MTCNN detect face cost time : 0.083 s -  MainThread - 12532 
2019-08-07 10:17:37,218 - MOT - INFO - MTCNN detect face cost time : 0.077 s -  MainThread - 12532 
2019-08-07 10:17:37,400 - MOT - INFO - MTCNN detect face cost time : 0.07 s -  MainThread - 12532 
2019-08-07 10:17:37,574 - MOT - INFO - MTCNN detect face cost time : 0.065 s -  MainThread - 12532 
2019-08-07 10:17:37,740 - MOT - INFO - MTCNN detect face cost time : 0.065 s -  MainThread - 12532 
2019-08-07 10:17:37,917 - MOT - INFO - MTCNN detect face cost time : 0.071 s -  MainThread - 12532 
2019-08-07 10:17:38,089 - MOT - INFO - MTCNN detect face cost time : 0.062 s -  MainThread - 12532 
2019-08-07 10:17:38,265 - MOT - INFO - MTCNN detect face cost time : 0.067 s -  MainThread - 12532 
2019-08-07 10:17:38,438 - MOT - INFO - MTCNN detect face cost time : 0.065 s -  MainThread - 12532 
2019-08-07 10:17:38,615 - MOT - INFO - MTCNN detect face cost time : 0.069 s -  MainThread - 12532 
2019-08-07 10:17:38,792 - MOT - INFO - MTCNN detect face cost time : 0.07 s -  MainThread - 12532 
2019-08-07 10:17:38,974 - MOT - INFO - MTCNN detect face cost time : 0.072 s -  MainThread - 12532 
2019-08-07 10:17:39,165 - MOT - INFO - MTCNN detect face cost time : 0.082 s -  MainThread - 12532 
2019-08-07 10:17:39,356 - MOT - INFO - MTCNN detect face cost time : 0.081 s -  MainThread - 12532 
2019-08-07 10:17:39,546 - MOT - INFO - MTCNN detect face cost time : 0.081 s -  MainThread - 12532 
2019-08-07 10:17:39,734 - MOT - INFO - MTCNN detect face cost time : 0.079 s -  MainThread - 12532 
2019-08-07 10:17:39,922 - MOT - INFO - MTCNN detect face cost time : 0.078 s -  MainThread - 12532 
2019-08-07 10:17:40,106 - MOT - INFO - MTCNN detect face cost time : 0.072 s -  MainThread - 12532 
2019-08-07 10:17:40,289 - MOT - INFO - MTCNN detect face cost time : 0.076 s -  MainThread - 12532 
2019-08-07 10:17:40,475 - MOT - INFO - MTCNN detect face cost time : 0.078 s -  MainThread - 12532 
2019-08-07 10:17:40,656 - MOT - INFO - MTCNN detect face cost time : 0.074 s -  MainThread - 12532 
2019-08-07 10:17:40,837 - MOT - INFO - MTCNN detect face cost time : 0.07 s -  MainThread - 12532 
2019-08-07 10:17:41,019 - MOT - INFO - MTCNN detect face cost time : 0.07 s -  MainThread - 12532 
2019-08-07 10:17:41,197 - MOT - INFO - MTCNN detect face cost time : 0.069 s -  MainThread - 12532 
2019-08-07 10:17:41,390 - MOT - INFO - MTCNN detect face cost time : 0.087 s -  MainThread - 12532 
2019-08-07 10:17:41,597 - MOT - INFO - MTCNN detect face cost time : 0.097 s -  MainThread - 12532 
2019-08-07 10:17:41,791 - MOT - INFO - MTCNN detect face cost time : 0.087 s -  MainThread - 12532 
2019-08-07 10:17:41,981 - MOT - INFO - MTCNN detect face cost time : 0.08 s -  MainThread - 12532 
2019-08-07 10:17:42,185 - MOT - INFO - MTCNN detect face cost time : 0.091 s -  MainThread - 12532 
2019-08-07 10:17:42,189 - MOT - INFO - remove tracker: 4 -  MainThread - 12532 
2019-08-07 10:17:42,274 - MOT - INFO - MTCNN detect face cost time : 0.077 s -  MainThread - 12532 
2019-08-07 10:17:42,361 - MOT - INFO - MTCNN detect face cost time : 0.077 s -  MainThread - 12532 
2019-08-07 10:17:42,442 - MOT - INFO - MTCNN detect face cost time : 0.074 s -  MainThread - 12532 
2019-08-07 10:17:42,527 - MOT - INFO - MTCNN detect face cost time : 0.078 s -  MainThread - 12532 
2019-08-07 10:17:42,613 - MOT - INFO - MTCNN detect face cost time : 0.078 s -  MainThread - 12532 
2019-08-07 10:17:42,699 - MOT - INFO - MTCNN detect face cost time : 0.08 s -  MainThread - 12532 
2019-08-07 10:17:42,785 - MOT - INFO - MTCNN detect face cost time : 0.078 s -  MainThread - 12532 
2019-08-07 10:17:42,873 - MOT - INFO - MTCNN detect face cost time : 0.08 s -  MainThread - 12532 
2019-08-07 10:17:42,958 - MOT - INFO - MTCNN detect face cost time : 0.079 s -  MainThread - 12532 
2019-08-07 10:17:43,050 - MOT - INFO - MTCNN detect face cost time : 0.085 s -  MainThread - 12532 
2019-08-07 10:17:43,141 - MOT - INFO - MTCNN detect face cost time : 0.083 s -  MainThread - 12532 
2019-08-07 10:17:43,238 - MOT - INFO - MTCNN detect face cost time : 0.088 s -  MainThread - 12532 
2019-08-07 10:17:43,340 - MOT - INFO - new Tracker: 5 -  MainThread - 12532 
2019-08-07 10:17:43,444 - MOT - INFO - MTCNN detect face cost time : 0.096 s -  MainThread - 12532 
2019-08-07 10:17:43,639 - MOT - INFO - MTCNN detect face cost time : 0.084 s -  MainThread - 12532 
2019-08-07 10:17:43,841 - MOT - INFO - MTCNN detect face cost time : 0.091 s -  MainThread - 12532 
2019-08-07 10:17:44,039 - MOT - INFO - MTCNN detect face cost time : 0.089 s -  MainThread - 12532 
2019-08-07 10:17:44,236 - MOT - INFO - MTCNN detect face cost time : 0.087 s -  MainThread - 12532 
2019-08-07 10:17:44,435 - MOT - INFO - MTCNN detect face cost time : 0.089 s -  MainThread - 12532 
2019-08-07 10:17:44,630 - MOT - INFO - MTCNN detect face cost time : 0.085 s -  MainThread - 12532 
2019-08-07 10:17:44,829 - MOT - INFO - MTCNN detect face cost time : 0.087 s -  MainThread - 12532 
2019-08-07 10:17:45,021 - MOT - INFO - MTCNN detect face cost time : 0.089 s -  MainThread - 12532 
2019-08-07 10:17:45,215 - MOT - INFO - MTCNN detect face cost time : 0.084 s -  MainThread - 12532 
2019-08-07 10:17:45,423 - MOT - INFO - MTCNN detect face cost time : 0.097 s -  MainThread - 12532 
2019-08-07 10:17:45,629 - MOT - INFO - MTCNN detect face cost time : 0.094 s -  MainThread - 12532 
2019-08-07 10:17:45,831 - MOT - INFO - MTCNN detect face cost time : 0.091 s -  MainThread - 12532 
2019-08-07 10:17:46,025 - MOT - INFO - MTCNN detect face cost time : 0.081 s -  MainThread - 12532 
2019-08-07 10:17:46,222 - MOT - INFO - MTCNN detect face cost time : 0.086 s -  MainThread - 12532 
2019-08-07 10:17:46,422 - MOT - INFO - MTCNN detect face cost time : 0.088 s -  MainThread - 12532 
2019-08-07 10:17:46,639 - MOT - INFO - MTCNN detect face cost time : 0.106 s -  MainThread - 12532 
2019-08-07 10:17:46,850 - MOT - INFO - MTCNN detect face cost time : 0.097 s -  MainThread - 12532 
2019-08-07 10:17:47,046 - MOT - INFO - MTCNN detect face cost time : 0.082 s -  MainThread - 12532 
2019-08-07 10:17:47,232 - MOT - INFO - MTCNN detect face cost time : 0.074 s -  MainThread - 12532 
2019-08-07 10:17:47,420 - MOT - INFO - MTCNN detect face cost time : 0.076 s -  MainThread - 12532 
2019-08-07 10:17:47,609 - MOT - INFO - MTCNN detect face cost time : 0.078 s -  MainThread - 12532 
2019-08-07 10:17:47,798 - MOT - INFO - MTCNN detect face cost time : 0.078 s -  MainThread - 12532 
2019-08-07 10:17:47,985 - MOT - INFO - MTCNN detect face cost time : 0.077 s -  MainThread - 12532 
2019-08-07 10:17:48,173 - MOT - INFO - MTCNN detect face cost time : 0.077 s -  MainThread - 12532 
2019-08-07 10:17:48,363 - MOT - INFO - MTCNN detect face cost time : 0.081 s -  MainThread - 12532 
2019-08-07 10:17:48,565 - MOT - INFO - MTCNN detect face cost time : 0.085 s -  MainThread - 12532 
2019-08-07 10:17:48,751 - MOT - INFO - MTCNN detect face cost time : 0.078 s -  MainThread - 12532 
2019-08-07 10:17:48,954 - MOT - INFO - MTCNN detect face cost time : 0.092 s -  MainThread - 12532 
2019-08-07 10:17:49,140 - MOT - INFO - MTCNN detect face cost time : 0.076 s -  MainThread - 12532 
2019-08-07 10:17:49,321 - MOT - INFO - MTCNN detect face cost time : 0.068 s -  MainThread - 12532 
2019-08-07 10:17:49,507 - MOT - INFO - MTCNN detect face cost time : 0.074 s -  MainThread - 12532 
2019-08-07 10:17:49,683 - MOT - INFO - MTCNN detect face cost time : 0.066 s -  MainThread - 12532 
2019-08-07 10:17:49,860 - MOT - INFO - MTCNN detect face cost time : 0.066 s -  MainThread - 12532 
2019-08-07 10:17:50,046 - MOT - INFO - MTCNN detect face cost time : 0.07 s -  MainThread - 12532 
2019-08-07 10:17:50,233 - MOT - INFO - MTCNN detect face cost time : 0.077 s -  MainThread - 12532 
2019-08-07 10:17:50,423 - MOT - INFO - MTCNN detect face cost time : 0.076 s -  MainThread - 12532 
2019-08-07 10:17:50,613 - MOT - INFO - MTCNN detect face cost time : 0.075 s -  MainThread - 12532 
2019-08-07 10:17:50,802 - MOT - INFO - MTCNN detect face cost time : 0.075 s -  MainThread - 12532 
2019-08-07 10:17:50,989 - MOT - INFO - MTCNN detect face cost time : 0.077 s -  MainThread - 12532 
2019-08-07 10:17:51,173 - MOT - INFO - MTCNN detect face cost time : 0.07 s -  MainThread - 12532 
2019-08-07 10:17:51,368 - MOT - INFO - MTCNN detect face cost time : 0.082 s -  MainThread - 12532 
2019-08-07 10:17:51,559 - MOT - INFO - MTCNN detect face cost time : 0.081 s -  MainThread - 12532 
2019-08-07 10:17:51,750 - MOT - INFO - MTCNN detect face cost time : 0.078 s -  MainThread - 12532 
2019-08-07 10:17:51,939 - MOT - INFO - MTCNN detect face cost time : 0.077 s -  MainThread - 12532 
2019-08-07 10:17:52,133 - MOT - INFO - MTCNN detect face cost time : 0.083 s -  MainThread - 12532 
2019-08-07 10:17:52,243 - MOT - INFO - Video_name:videos\2_Obama.mp4 -  MainThread - 12532 
2019-08-07 10:17:54,091 - MOT - INFO - MTCNN detect face cost time : 0.053 s -  MainThread - 12532 
2019-08-07 10:17:54,279 - MOT - INFO - MTCNN detect face cost time : 0.07 s -  MainThread - 12532 
2019-08-07 10:17:54,460 - MOT - INFO - MTCNN detect face cost time : 0.066 s -  MainThread - 12532 
2019-08-07 10:17:54,637 - MOT - INFO - MTCNN detect face cost time : 0.063 s -  MainThread - 12532 
2019-08-07 10:17:54,816 - MOT - INFO - MTCNN detect face cost time : 0.066 s -  MainThread - 12532 
2019-08-07 10:17:54,985 - MOT - INFO - MTCNN detect face cost time : 0.059 s -  MainThread - 12532 
2019-08-07 10:20:39,020 - MOT - INFO - Start track and extract...... -  MainThread - 12532 
