2019-08-06 12:08:35,196 - MOT - INFO - Start track and extract...... -  MainThread - 1268 
2019-08-06 12:08:36,782 - MOT - INFO - All files:1_Hours Of _Harassment' In NYC!.mp4 -  MainThread - 1268 
2019-08-06 12:08:36,783 - MOT - INFO - All files:2_Obama.mp4 -  MainThread - 1268 
2019-08-06 12:08:36,785 - MOT - INFO - Video_name:videos\1_Hours Of _Harassment' In NYC!.mp4 -  MainThread - 1268 
2019-08-06 12:08:39,364 - MOT - INFO - MTCNN detect face cost time : 0.301 s -  MainThread - 1268 
2019-08-06 12:08:39,366 - MOT - INFO - new Tracker: 1 -  MainThread - 1268 
2019-08-06 12:08:39,458 - MOT - INFO - MTCNN detect face cost time : 0.072 s -  MainThread - 1268 
2019-08-06 12:08:39,843 - MOT - INFO - MTCNN detect face cost time : 0.058 s -  MainThread - 1268 
2019-08-06 12:08:39,931 - MOT - INFO - MTCNN detect face cost time : 0.079 s -  MainThread - 1268 
2019-08-06 12:08:40,018 - MOT - INFO - MTCNN detect face cost time : 0.078 s -  MainThread - 1268 
2019-08-06 12:08:40,096 - MOT - INFO - MTCNN detect face cost time : 0.068 s -  MainThread - 1268 
2019-08-06 12:08:40,174 - MOT - INFO - MTCNN detect face cost time : 0.069 s -  MainThread - 1268 
2019-08-06 12:08:40,257 - MOT - INFO - MTCNN detect face cost time : 0.075 s -  MainThread - 1268 
2019-08-06 12:08:40,344 - MOT - INFO - MTCNN detect face cost time : 0.077 s -  MainThread - 1268 
2019-08-06 12:08:40,427 - MOT - INFO - MTCNN detect face cost time : 0.074 s -  MainThread - 1268 
2019-08-06 12:08:40,502 - MOT - INFO - MTCNN detect face cost time : 0.067 s -  MainThread - 1268 
2019-08-06 12:08:40,582 - MOT - INFO - MTCNN detect face cost time : 0.071 s -  MainThread - 1268 
2019-08-06 12:08:40,653 - MOT - INFO - MTCNN detect face cost time : 0.062 s -  MainThread - 1268 
2019-08-06 12:08:40,721 - MOT - INFO - MTCNN detect face cost time : 0.059 s -  MainThread - 1268 
2019-08-06 12:08:40,783 - MOT - INFO - MTCNN detect face cost time : 0.053 s -  MainThread - 1268 
2019-08-06 12:08:40,845 - MOT - INFO - MTCNN detect face cost time : 0.052 s -  MainThread - 1268 
2019-08-06 12:08:40,906 - MOT - INFO - MTCNN detect face cost time : 0.052 s -  MainThread - 1268 
2019-08-06 12:08:40,969 - MOT - INFO - MTCNN detect face cost time : 0.053 s -  MainThread - 1268 
2019-08-06 12:08:41,032 - MOT - INFO - MTCNN detect face cost time : 0.054 s -  MainThread - 1268 
2019-08-06 12:08:41,095 - MOT - INFO - MTCNN detect face cost time : 0.054 s -  MainThread - 1268 
2019-08-06 12:08:41,161 - MOT - INFO - MTCNN detect face cost time : 0.057 s -  MainThread - 1268 
2019-08-06 12:08:41,229 - MOT - INFO - MTCNN detect face cost time : 0.059 s -  MainThread - 1268 
2019-08-06 12:08:41,296 - MOT - INFO - MTCNN detect face cost time : 0.059 s -  MainThread - 1268 
2019-08-06 12:08:41,360 - MOT - INFO - MTCNN detect face cost time : 0.054 s -  MainThread - 1268 
2019-08-06 12:08:41,423 - MOT - INFO - MTCNN detect face cost time : 0.055 s -  MainThread - 1268 
2019-08-06 12:08:41,495 - MOT - INFO - MTCNN detect face cost time : 0.063 s -  MainThread - 1268 
2019-08-06 12:08:41,563 - MOT - INFO - MTCNN detect face cost time : 0.058 s -  MainThread - 1268 
2019-08-06 12:08:41,631 - MOT - INFO - MTCNN detect face cost time : 0.06 s -  MainThread - 1268 
2019-08-06 12:08:41,703 - MOT - INFO - MTCNN detect face cost time : 0.063 s -  MainThread - 1268 
2019-08-06 12:08:41,783 - MOT - INFO - MTCNN detect face cost time : 0.071 s -  MainThread - 1268 
2019-08-06 12:08:41,860 - MOT - INFO - MTCNN detect face cost time : 0.068 s -  MainThread - 1268 
2019-08-06 12:08:41,940 - MOT - INFO - MTCNN detect face cost time : 0.071 s -  MainThread - 1268 
2019-08-06 12:08:42,021 - MOT - INFO - MTCNN detect face cost time : 0.073 s -  MainThread - 1268 
2019-08-06 12:08:42,096 - MOT - INFO - MTCNN detect face cost time : 0.066 s -  MainThread - 1268 
2019-08-06 12:08:42,169 - MOT - INFO - MTCNN detect face cost time : 0.064 s -  MainThread - 1268 
2019-08-06 12:08:42,239 - MOT - INFO - MTCNN detect face cost time : 0.061 s -  MainThread - 1268 
2019-08-06 12:08:42,314 - MOT - INFO - MTCNN detect face cost time : 0.066 s -  MainThread - 1268 
2019-08-06 12:08:42,393 - MOT - INFO - MTCNN detect face cost time : 0.07 s -  MainThread - 1268 
2019-08-06 12:08:42,467 - MOT - INFO - MTCNN detect face cost time : 0.065 s -  MainThread - 1268 
2019-08-06 12:08:42,542 - MOT - INFO - MTCNN detect face cost time : 0.067 s -  MainThread - 1268 
2019-08-06 12:08:42,615 - MOT - INFO - MTCNN detect face cost time : 0.064 s -  MainThread - 1268 
2019-08-06 12:08:42,686 - MOT - INFO - MTCNN detect face cost time : 0.061 s -  MainThread - 1268 
2019-08-06 12:08:42,759 - MOT - INFO - MTCNN detect face cost time : 0.065 s -  MainThread - 1268 
2019-08-06 12:08:42,829 - MOT - INFO - MTCNN detect face cost time : 0.061 s -  MainThread - 1268 
2019-08-06 12:08:42,902 - MOT - INFO - MTCNN detect face cost time : 0.063 s -  MainThread - 1268 
2019-08-06 12:08:42,974 - MOT - INFO - MTCNN detect face cost time : 0.063 s -  MainThread - 1268 
2019-08-06 12:08:43,046 - MOT - INFO - MTCNN detect face cost time : 0.063 s -  MainThread - 1268 
2019-08-06 12:08:43,122 - MOT - INFO - MTCNN detect face cost time : 0.064 s -  MainThread - 1268 
2019-08-06 12:08:43,194 - MOT - INFO - MTCNN detect face cost time : 0.063 s -  MainThread - 1268 
2019-08-06 12:08:43,266 - MOT - INFO - MTCNN detect face cost time : 0.063 s -  MainThread - 1268 
2019-08-06 12:08:43,338 - MOT - INFO - MTCNN detect face cost time : 0.063 s -  MainThread - 1268 
2019-08-06 12:08:43,409 - MOT - INFO - MTCNN detect face cost time : 0.063 s -  MainThread - 1268 
2019-08-06 12:08:43,477 - MOT - INFO - MTCNN detect face cost time : 0.059 s -  MainThread - 1268 
2019-08-06 12:08:43,546 - MOT - INFO - MTCNN detect face cost time : 0.059 s -  MainThread - 1268 
2019-08-06 12:08:43,615 - MOT - INFO - MTCNN detect face cost time : 0.06 s -  MainThread - 1268 
2019-08-06 12:08:43,688 - MOT - INFO - MTCNN detect face cost time : 0.064 s -  MainThread - 1268 
2019-08-06 12:08:43,759 - MOT - INFO - MTCNN detect face cost time : 0.062 s -  MainThread - 1268 
2019-08-06 12:08:43,825 - MOT - INFO - MTCNN detect face cost time : 0.058 s -  MainThread - 1268 
2019-08-06 12:08:43,895 - MOT - INFO - MTCNN detect face cost time : 0.061 s -  MainThread - 1268 
2019-08-06 12:08:43,963 - MOT - INFO - MTCNN detect face cost time : 0.059 s -  MainThread - 1268 
2019-08-06 12:08:44,035 - MOT - INFO - MTCNN detect face cost time : 0.063 s -  MainThread - 1268 
2019-08-06 12:08:44,103 - MOT - INFO - MTCNN detect face cost time : 0.059 s -  MainThread - 1268 
2019-08-06 12:08:44,174 - MOT - INFO - MTCNN detect face cost time : 0.062 s -  MainThread - 1268 
2019-08-06 12:08:44,243 - MOT - INFO - MTCNN detect face cost time : 0.06 s -  MainThread - 1268 
2019-08-06 12:08:44,312 - MOT - INFO - MTCNN detect face cost time : 0.06 s -  MainThread - 1268 
2019-08-06 12:08:44,383 - MOT - INFO - MTCNN detect face cost time : 0.061 s -  MainThread - 1268 
2019-08-06 12:08:44,449 - MOT - INFO - MTCNN detect face cost time : 0.057 s -  MainThread - 1268 
2019-08-06 12:08:44,520 - MOT - INFO - MTCNN detect face cost time : 0.063 s -  MainThread - 1268 
2019-08-06 12:08:44,589 - MOT - INFO - MTCNN detect face cost time : 0.06 s -  MainThread - 1268 
2019-08-06 12:08:44,660 - MOT - INFO - MTCNN detect face cost time : 0.062 s -  MainThread - 1268 
2019-08-06 12:08:44,731 - MOT - INFO - MTCNN detect face cost time : 0.062 s -  MainThread - 1268 
2019-08-06 12:08:44,797 - MOT - INFO - MTCNN detect face cost time : 0.057 s -  MainThread - 1268 
2019-08-06 12:08:44,864 - MOT - INFO - MTCNN detect face cost time : 0.058 s -  MainThread - 1268 
2019-08-06 12:08:44,932 - MOT - INFO - MTCNN detect face cost time : 0.059 s -  MainThread - 1268 
2019-08-06 12:08:45,002 - MOT - INFO - MTCNN detect face cost time : 0.061 s -  MainThread - 1268 
2019-08-06 12:08:45,070 - MOT - INFO - MTCNN detect face cost time : 0.059 s -  MainThread - 1268 
2019-08-06 12:08:45,136 - MOT - INFO - MTCNN detect face cost time : 0.058 s -  MainThread - 1268 
2019-08-06 12:08:45,208 - MOT - INFO - MTCNN detect face cost time : 0.063 s -  MainThread - 1268 
2019-08-06 12:08:45,285 - MOT - INFO - MTCNN detect face cost time : 0.068 s -  MainThread - 1268 
2019-08-06 12:08:45,360 - MOT - INFO - MTCNN detect face cost time : 0.065 s -  MainThread - 1268 
2019-08-06 12:08:45,429 - MOT - INFO - MTCNN detect face cost time : 0.06 s -  MainThread - 1268 
2019-08-06 12:08:45,496 - MOT - INFO - MTCNN detect face cost time : 0.059 s -  MainThread - 1268 
2019-08-06 12:08:45,564 - MOT - INFO - MTCNN detect face cost time : 0.059 s -  MainThread - 1268 
2019-08-06 12:08:45,634 - MOT - INFO - MTCNN detect face cost time : 0.06 s -  MainThread - 1268 
2019-08-06 12:08:45,701 - MOT - INFO - MTCNN detect face cost time : 0.058 s -  MainThread - 1268 
2019-08-06 12:08:45,767 - MOT - INFO - MTCNN detect face cost time : 0.057 s -  MainThread - 1268 
2019-08-06 12:08:45,831 - MOT - INFO - MTCNN detect face cost time : 0.056 s -  MainThread - 1268 
2019-08-06 12:08:45,893 - MOT - INFO - MTCNN detect face cost time : 0.053 s -  MainThread - 1268 
2019-08-06 12:08:45,958 - MOT - INFO - MTCNN detect face cost time : 0.055 s -  MainThread - 1268 
2019-08-06 12:08:46,024 - MOT - INFO - MTCNN detect face cost time : 0.057 s -  MainThread - 1268 
2019-08-06 12:08:46,087 - MOT - INFO - MTCNN detect face cost time : 0.053 s -  MainThread - 1268 
2019-08-06 12:08:46,149 - MOT - INFO - MTCNN detect face cost time : 0.053 s -  MainThread - 1268 
2019-08-06 12:08:46,217 - MOT - INFO - MTCNN detect face cost time : 0.059 s -  MainThread - 1268 
2019-08-06 12:08:46,290 - MOT - INFO - MTCNN detect face cost time : 0.062 s -  MainThread - 1268 
2019-08-06 12:08:46,360 - MOT - INFO - MTCNN detect face cost time : 0.061 s -  MainThread - 1268 
2019-08-06 12:08:46,427 - MOT - INFO - MTCNN detect face cost time : 0.057 s -  MainThread - 1268 
2019-08-06 12:08:46,494 - MOT - INFO - MTCNN detect face cost time : 0.057 s -  MainThread - 1268 
2019-08-06 12:08:46,561 - MOT - INFO - MTCNN detect face cost time : 0.058 s -  MainThread - 1268 
2019-08-06 12:08:46,624 - MOT - INFO - MTCNN detect face cost time : 0.054 s -  MainThread - 1268 
2019-08-06 12:08:46,688 - MOT - INFO - MTCNN detect face cost time : 0.055 s -  MainThread - 1268 
2019-08-06 12:08:46,752 - MOT - INFO - MTCNN detect face cost time : 0.055 s -  MainThread - 1268 
2019-08-06 12:08:46,816 - MOT - INFO - MTCNN detect face cost time : 0.054 s -  MainThread - 1268 
2019-08-06 12:08:46,877 - MOT - INFO - MTCNN detect face cost time : 0.052 s -  MainThread - 1268 
2019-08-06 12:08:46,942 - MOT - INFO - MTCNN detect face cost time : 0.055 s -  MainThread - 1268 
2019-08-06 12:08:47,006 - MOT - INFO - MTCNN detect face cost time : 0.055 s -  MainThread - 1268 
2019-08-06 12:08:47,071 - MOT - INFO - MTCNN detect face cost time : 0.055 s -  MainThread - 1268 
2019-08-06 12:08:47,136 - MOT - INFO - MTCNN detect face cost time : 0.055 s -  MainThread - 1268 
2019-08-06 12:08:47,200 - MOT - INFO - MTCNN detect face cost time : 0.054 s -  MainThread - 1268 
2019-08-06 12:08:47,264 - MOT - INFO - MTCNN detect face cost time : 0.055 s -  MainThread - 1268 
2019-08-06 12:08:47,335 - MOT - INFO - MTCNN detect face cost time : 0.062 s -  MainThread - 1268 
2019-08-06 12:08:47,401 - MOT - INFO - MTCNN detect face cost time : 0.057 s -  MainThread - 1268 
2019-08-06 12:08:47,467 - MOT - INFO - MTCNN detect face cost time : 0.056 s -  MainThread - 1268 
2019-08-06 12:08:47,533 - MOT - INFO - MTCNN detect face cost time : 0.058 s -  MainThread - 1268 
2019-08-06 12:08:47,598 - MOT - INFO - MTCNN detect face cost time : 0.055 s -  MainThread - 1268 
2019-08-06 12:08:47,663 - MOT - INFO - MTCNN detect face cost time : 0.056 s -  MainThread - 1268 
2019-08-06 12:08:47,733 - MOT - INFO - MTCNN detect face cost time : 0.056 s -  MainThread - 1268 
2019-08-06 12:08:47,799 - MOT - INFO - MTCNN detect face cost time : 0.057 s -  MainThread - 1268 
2019-08-06 12:08:47,862 - MOT - INFO - MTCNN detect face cost time : 0.054 s -  MainThread - 1268 
2019-08-06 12:08:47,926 - MOT - INFO - MTCNN detect face cost time : 0.056 s -  MainThread - 1268 
2019-08-06 12:08:47,990 - MOT - INFO - MTCNN detect face cost time : 0.053 s -  MainThread - 1268 
2019-08-06 12:08:48,052 - MOT - INFO - MTCNN detect face cost time : 0.052 s -  MainThread - 1268 
2019-08-06 12:08:48,117 - MOT - INFO - MTCNN detect face cost time : 0.056 s -  MainThread - 1268 
2019-08-06 12:08:48,182 - MOT - INFO - MTCNN detect face cost time : 0.055 s -  MainThread - 1268 
2019-08-06 12:08:48,186 - MOT - INFO - Video_name:videos\2_Obama.mp4 -  MainThread - 1268 
2019-08-06 12:08:50,030 - MOT - INFO - MTCNN detect face cost time : 0.047 s -  MainThread - 1268 
