2019-08-06 13:46:45,499 - MOT - INFO - Start track and extract...... -  MainThread - 9968 
2019-08-06 13:46:47,167 - MOT - INFO - All files:1_Hours Of _Harassment' In NYC!.mp4 -  MainThread - 9968 
2019-08-06 13:46:47,168 - MOT - INFO - All files:2_Obama.mp4 -  MainThread - 9968 
2019-08-06 13:46:47,170 - MOT - INFO - Video_name:videos\1_Hours Of _Harassment' In NYC!.mp4 -  MainThread - 9968 
2019-08-06 13:46:49,702 - MOT - INFO - MTCNN detect face cost time : 0.173 s -  MainThread - 9968 
2019-08-06 13:46:49,764 - MOT - INFO - MTCNN detect face cost time : 0.045 s -  MainThread - 9968 
2019-08-06 13:46:49,825 - MOT - INFO - MTCNN detect face cost time : 0.048 s -  MainThread - 9968 
2019-08-06 13:46:49,877 - MOT - INFO - MTCNN detect face cost time : 0.045 s -  MainThread - 9968 
2019-08-06 13:46:49,928 - MOT - INFO - MTCNN detect face cost time : 0.042 s -  MainThread - 9968 
2019-08-06 13:46:49,979 - MOT - INFO - MTCNN detect face cost time : 0.044 s -  MainThread - 9968 
2019-08-06 13:46:50,030 - MOT - INFO - MTCNN detect face cost time : 0.044 s -  MainThread - 9968 
2019-08-06 13:46:50,077 - MOT - INFO - MTCNN detect face cost time : 0.041 s -  MainThread - 9968 
2019-08-06 13:46:50,125 - MOT - INFO - MTCNN detect face cost time : 0.041 s -  MainThread - 9968 
2019-08-06 13:46:50,173 - MOT - INFO - MTCNN detect face cost time : 0.041 s -  MainThread - 9968 
2019-08-06 13:46:50,221 - MOT - INFO - MTCNN detect face cost time : 0.04 s -  MainThread - 9968 
2019-08-06 13:46:50,266 - MOT - INFO - MTCNN detect face cost time : 0.038 s -  MainThread - 9968 
2019-08-06 13:46:50,314 - MOT - INFO - MTCNN detect face cost time : 0.041 s -  MainThread - 9968 
2019-08-06 13:46:50,361 - MOT - INFO - MTCNN detect face cost time : 0.04 s -  MainThread - 9968 
2019-08-06 13:46:50,408 - MOT - INFO - MTCNN detect face cost time : 0.039 s -  MainThread - 9968 
2019-08-06 13:46:50,453 - MOT - INFO - MTCNN detect face cost time : 0.038 s -  MainThread - 9968 
2019-08-06 13:46:50,498 - MOT - INFO - MTCNN detect face cost time : 0.038 s -  MainThread - 9968 
2019-08-06 13:46:50,544 - MOT - INFO - MTCNN detect face cost time : 0.039 s -  MainThread - 9968 
2019-08-06 13:46:50,591 - MOT - INFO - MTCNN detect face cost time : 0.04 s -  MainThread - 9968 
2019-08-06 13:46:50,636 - MOT - INFO - MTCNN detect face cost time : 0.038 s -  MainThread - 9968 
2019-08-06 13:46:50,679 - MOT - INFO - MTCNN detect face cost time : 0.036 s -  MainThread - 9968 
2019-08-06 13:46:50,723 - MOT - INFO - MTCNN detect face cost time : 0.037 s -  MainThread - 9968 
2019-08-06 13:46:50,772 - MOT - INFO - MTCNN detect face cost time : 0.042 s -  MainThread - 9968 
2019-08-06 13:46:50,818 - MOT - INFO - MTCNN detect face cost time : 0.039 s -  MainThread - 9968 
2019-08-06 13:46:50,861 - MOT - INFO - MTCNN detect face cost time : 0.037 s -  MainThread - 9968 
2019-08-06 13:46:50,903 - MOT - INFO - MTCNN detect face cost time : 0.035 s -  MainThread - 9968 
2019-08-06 13:46:50,947 - MOT - INFO - MTCNN detect face cost time : 0.035 s -  MainThread - 9968 
2019-08-06 13:46:50,989 - MOT - INFO - MTCNN detect face cost time : 0.035 s -  MainThread - 9968 
2019-08-06 13:46:51,030 - MOT - INFO - MTCNN detect face cost time : 0.034 s -  MainThread - 9968 
2019-08-06 13:46:51,073 - MOT - INFO - MTCNN detect face cost time : 0.036 s -  MainThread - 9968 
2019-08-06 13:46:51,116 - MOT - INFO - MTCNN detect face cost time : 0.036 s -  MainThread - 9968 
2019-08-06 13:46:51,158 - MOT - INFO - MTCNN detect face cost time : 0.035 s -  MainThread - 9968 
2019-08-06 13:46:51,199 - MOT - INFO - MTCNN detect face cost time : 0.035 s -  MainThread - 9968 
2019-08-06 13:46:51,240 - MOT - INFO - MTCNN detect face cost time : 0.034 s -  MainThread - 9968 
2019-08-06 13:46:51,282 - MOT - INFO - MTCNN detect face cost time : 0.035 s -  MainThread - 9968 
2019-08-06 13:46:51,322 - MOT - INFO - MTCNN detect face cost time : 0.033 s -  MainThread - 9968 
2019-08-06 13:46:51,364 - MOT - INFO - MTCNN detect face cost time : 0.034 s -  MainThread - 9968 
2019-08-06 13:46:51,405 - MOT - INFO - MTCNN detect face cost time : 0.034 s -  MainThread - 9968 
2019-08-06 13:46:51,446 - MOT - INFO - MTCNN detect face cost time : 0.034 s -  MainThread - 9968 
2019-08-06 13:46:51,487 - MOT - INFO - MTCNN detect face cost time : 0.034 s -  MainThread - 9968 
2019-08-06 13:46:51,528 - MOT - INFO - MTCNN detect face cost time : 0.034 s -  MainThread - 9968 
2019-08-06 13:46:51,568 - MOT - INFO - MTCNN detect face cost time : 0.033 s -  MainThread - 9968 
2019-08-06 13:46:51,607 - MOT - INFO - MTCNN detect face cost time : 0.033 s -  MainThread - 9968 
2019-08-06 13:46:51,647 - MOT - INFO - MTCNN detect face cost time : 0.033 s -  MainThread - 9968 
2019-08-06 13:46:51,688 - MOT - INFO - MTCNN detect face cost time : 0.034 s -  MainThread - 9968 
2019-08-06 13:46:51,730 - MOT - INFO - MTCNN detect face cost time : 0.035 s -  MainThread - 9968 
2019-08-06 13:46:51,775 - MOT - INFO - MTCNN detect face cost time : 0.038 s -  MainThread - 9968 
2019-08-06 13:46:51,816 - MOT - INFO - MTCNN detect face cost time : 0.034 s -  MainThread - 9968 
2019-08-06 13:46:51,855 - MOT - INFO - MTCNN detect face cost time : 0.032 s -  MainThread - 9968 
2019-08-06 13:46:51,900 - MOT - INFO - MTCNN detect face cost time : 0.037 s -  MainThread - 9968 
2019-08-06 13:46:51,943 - MOT - INFO - MTCNN detect face cost time : 0.037 s -  MainThread - 9968 
2019-08-06 13:46:51,984 - MOT - INFO - MTCNN detect face cost time : 0.034 s -  MainThread - 9968 
2019-08-06 13:46:52,028 - MOT - INFO - MTCNN detect face cost time : 0.037 s -  MainThread - 9968 
2019-08-06 13:46:52,070 - MOT - INFO - MTCNN detect face cost time : 0.036 s -  MainThread - 9968 
2019-08-06 13:46:52,113 - MOT - INFO - MTCNN detect face cost time : 0.036 s -  MainThread - 9968 
2019-08-06 13:46:52,156 - MOT - INFO - MTCNN detect face cost time : 0.036 s -  MainThread - 9968 
2019-08-06 13:46:52,312 - MOT - INFO - MTCNN detect face cost time : 0.149 s -  MainThread - 9968 
2019-08-06 13:46:52,360 - MOT - INFO - MTCNN detect face cost time : 0.042 s -  MainThread - 9968 
2019-08-06 13:46:52,405 - MOT - INFO - MTCNN detect face cost time : 0.037 s -  MainThread - 9968 
2019-08-06 13:46:52,447 - MOT - INFO - MTCNN detect face cost time : 0.034 s -  MainThread - 9968 
2019-08-06 13:46:52,492 - MOT - INFO - MTCNN detect face cost time : 0.038 s -  MainThread - 9968 
2019-08-06 13:46:52,535 - MOT - INFO - MTCNN detect face cost time : 0.036 s -  MainThread - 9968 
2019-08-06 13:46:52,582 - MOT - INFO - MTCNN detect face cost time : 0.04 s -  MainThread - 9968 
2019-08-06 13:46:52,630 - MOT - INFO - MTCNN detect face cost time : 0.041 s -  MainThread - 9968 
2019-08-06 13:46:52,680 - MOT - INFO - MTCNN detect face cost time : 0.043 s -  MainThread - 9968 
2019-08-06 13:46:52,726 - MOT - INFO - MTCNN detect face cost time : 0.04 s -  MainThread - 9968 
2019-08-06 13:46:52,779 - MOT - INFO - MTCNN detect face cost time : 0.046 s -  MainThread - 9968 
2019-08-06 13:46:52,831 - MOT - INFO - MTCNN detect face cost time : 0.045 s -  MainThread - 9968 
2019-08-06 13:46:52,886 - MOT - INFO - MTCNN detect face cost time : 0.048 s -  MainThread - 9968 
2019-08-06 13:46:52,937 - MOT - INFO - MTCNN detect face cost time : 0.044 s -  MainThread - 9968 
2019-08-06 13:46:52,990 - MOT - INFO - MTCNN detect face cost time : 0.045 s -  MainThread - 9968 
2019-08-06 13:46:53,047 - MOT - INFO - MTCNN detect face cost time : 0.049 s -  MainThread - 9968 
2019-08-06 13:46:53,102 - MOT - INFO - MTCNN detect face cost time : 0.049 s -  MainThread - 9968 
2019-08-06 13:46:53,151 - MOT - INFO - MTCNN detect face cost time : 0.042 s -  MainThread - 9968 
2019-08-06 13:46:53,210 - MOT - INFO - MTCNN detect face cost time : 0.052 s -  MainThread - 9968 
2019-08-06 13:46:53,263 - MOT - INFO - MTCNN detect face cost time : 0.046 s -  MainThread - 9968 
2019-08-06 13:46:53,320 - MOT - INFO - MTCNN detect face cost time : 0.05 s -  MainThread - 9968 
2019-08-06 13:46:53,384 - MOT - INFO - MTCNN detect face cost time : 0.057 s -  MainThread - 9968 
2019-08-06 13:46:53,439 - MOT - INFO - MTCNN detect face cost time : 0.049 s -  MainThread - 9968 
2019-08-06 13:46:53,498 - MOT - INFO - MTCNN detect face cost time : 0.052 s -  MainThread - 9968 
2019-08-06 13:46:53,578 - MOT - INFO - MTCNN detect face cost time : 0.053 s -  MainThread - 9968 
2019-08-06 13:46:53,580 - MOT - INFO - new Tracker: 1 -  MainThread - 9968 
2019-08-06 13:46:53,640 - MOT - INFO - MTCNN detect face cost time : 0.053 s -  MainThread - 9968 
2019-08-06 13:46:53,642 - MOT - INFO - remove tracker: 1 -  MainThread - 9968 
2019-08-06 13:46:53,708 - MOT - INFO - MTCNN detect face cost time : 0.059 s -  MainThread - 9968 
2019-08-06 13:46:53,710 - MOT - INFO - new Tracker: 2 -  MainThread - 9968 
2019-08-06 13:46:53,773 - MOT - INFO - MTCNN detect face cost time : 0.056 s -  MainThread - 9968 
2019-08-06 13:46:53,775 - MOT - INFO - remove tracker: 2 -  MainThread - 9968 
2019-08-06 13:46:53,835 - MOT - INFO - MTCNN detect face cost time : 0.055 s -  MainThread - 9968 
2019-08-06 13:46:53,898 - MOT - INFO - MTCNN detect face cost time : 0.056 s -  MainThread - 9968 
2019-08-06 13:46:53,960 - MOT - INFO - MTCNN detect face cost time : 0.055 s -  MainThread - 9968 
2019-08-06 13:46:54,024 - MOT - INFO - MTCNN detect face cost time : 0.056 s -  MainThread - 9968 
2019-08-06 13:46:54,083 - MOT - INFO - MTCNN detect face cost time : 0.052 s -  MainThread - 9968 
2019-08-06 13:46:54,145 - MOT - INFO - MTCNN detect face cost time : 0.055 s -  MainThread - 9968 
2019-08-06 13:46:54,207 - MOT - INFO - MTCNN detect face cost time : 0.055 s -  MainThread - 9968 
2019-08-06 13:46:54,266 - MOT - INFO - MTCNN detect face cost time : 0.052 s -  MainThread - 9968 
2019-08-06 13:46:54,326 - MOT - INFO - MTCNN detect face cost time : 0.053 s -  MainThread - 9968 
2019-08-06 13:46:54,389 - MOT - INFO - MTCNN detect face cost time : 0.056 s -  MainThread - 9968 
2019-08-06 13:46:54,453 - MOT - INFO - MTCNN detect face cost time : 0.056 s -  MainThread - 9968 
2019-08-06 13:46:54,516 - MOT - INFO - MTCNN detect face cost time : 0.056 s -  MainThread - 9968 
2019-08-06 13:46:54,576 - MOT - INFO - MTCNN detect face cost time : 0.054 s -  MainThread - 9968 
2019-08-06 13:46:54,636 - MOT - INFO - MTCNN detect face cost time : 0.053 s -  MainThread - 9968 
2019-08-06 13:46:54,697 - MOT - INFO - MTCNN detect face cost time : 0.054 s -  MainThread - 9968 
2019-08-06 13:46:54,758 - MOT - INFO - MTCNN detect face cost time : 0.054 s -  MainThread - 9968 
2019-08-06 13:46:54,816 - MOT - INFO - MTCNN detect face cost time : 0.051 s -  MainThread - 9968 
2019-08-06 13:46:54,876 - MOT - INFO - MTCNN detect face cost time : 0.052 s -  MainThread - 9968 
2019-08-06 13:46:54,932 - MOT - INFO - MTCNN detect face cost time : 0.048 s -  MainThread - 9968 
2019-08-06 13:46:54,988 - MOT - INFO - MTCNN detect face cost time : 0.05 s -  MainThread - 9968 
2019-08-06 13:46:55,044 - MOT - INFO - MTCNN detect face cost time : 0.049 s -  MainThread - 9968 
2019-08-06 13:46:55,102 - MOT - INFO - MTCNN detect face cost time : 0.051 s -  MainThread - 9968 
2019-08-06 13:46:55,159 - MOT - INFO - MTCNN detect face cost time : 0.049 s -  MainThread - 9968 
2019-08-06 13:46:55,215 - MOT - INFO - MTCNN detect face cost time : 0.048 s -  MainThread - 9968 
2019-08-06 13:46:55,267 - MOT - INFO - MTCNN detect face cost time : 0.045 s -  MainThread - 9968 
2019-08-06 13:46:55,314 - MOT - INFO - MTCNN detect face cost time : 0.041 s -  MainThread - 9968 
2019-08-06 13:46:55,372 - MOT - INFO - MTCNN detect face cost time : 0.051 s -  MainThread - 9968 
2019-08-06 13:46:55,431 - MOT - INFO - MTCNN detect face cost time : 0.052 s -  MainThread - 9968 
2019-08-06 13:46:55,487 - MOT - INFO - MTCNN detect face cost time : 0.049 s -  MainThread - 9968 
2019-08-06 13:46:55,545 - MOT - INFO - MTCNN detect face cost time : 0.05 s -  MainThread - 9968 
2019-08-06 13:46:55,597 - MOT - INFO - MTCNN detect face cost time : 0.043 s -  MainThread - 9968 
2019-08-06 13:46:55,643 - MOT - INFO - MTCNN detect face cost time : 0.039 s -  MainThread - 9968 
2019-08-06 13:46:55,688 - MOT - INFO - MTCNN detect face cost time : 0.039 s -  MainThread - 9968 
2019-08-06 13:46:55,738 - MOT - INFO - MTCNN detect face cost time : 0.044 s -  MainThread - 9968 
2019-08-06 13:46:55,794 - MOT - INFO - MTCNN detect face cost time : 0.049 s -  MainThread - 9968 
2019-08-06 13:46:55,848 - MOT - INFO - MTCNN detect face cost time : 0.046 s -  MainThread - 9968 
2019-08-06 13:46:55,901 - MOT - INFO - MTCNN detect face cost time : 0.046 s -  MainThread - 9968 
2019-08-06 13:46:55,954 - MOT - INFO - MTCNN detect face cost time : 0.045 s -  MainThread - 9968 
2019-08-06 13:46:56,007 - MOT - INFO - MTCNN detect face cost time : 0.046 s -  MainThread - 9968 
2019-08-06 13:46:56,059 - MOT - INFO - MTCNN detect face cost time : 0.046 s -  MainThread - 9968 
2019-08-06 13:46:56,111 - MOT - INFO - MTCNN detect face cost time : 0.045 s -  MainThread - 9968 
2019-08-06 13:46:56,163 - MOT - INFO - MTCNN detect face cost time : 0.045 s -  MainThread - 9968 
2019-08-06 13:46:56,211 - MOT - INFO - MTCNN detect face cost time : 0.041 s -  MainThread - 9968 
2019-08-06 13:46:56,272 - MOT - INFO - MTCNN detect face cost time : 0.054 s -  MainThread - 9968 
2019-08-06 13:46:56,336 - MOT - INFO - MTCNN detect face cost time : 0.057 s -  MainThread - 9968 
2019-08-06 13:46:56,403 - MOT - INFO - MTCNN detect face cost time : 0.06 s -  MainThread - 9968 
2019-08-06 13:46:56,468 - MOT - INFO - MTCNN detect face cost time : 0.059 s -  MainThread - 9968 
2019-08-06 13:46:56,470 - MOT - INFO - new Tracker: 3 -  MainThread - 9968 
2019-08-06 13:46:56,538 - MOT - INFO - MTCNN detect face cost time : 0.062 s -  MainThread - 9968 
2019-08-06 13:46:56,922 - MOT - INFO - MTCNN detect face cost time : 0.042 s -  MainThread - 9968 
2019-08-06 13:46:56,975 - MOT - INFO - MTCNN detect face cost time : 0.045 s -  MainThread - 9968 
2019-08-06 13:46:57,030 - MOT - INFO - MTCNN detect face cost time : 0.045 s -  MainThread - 9968 
2019-08-06 13:46:57,031 - MOT - INFO - remove tracker: 3 -  MainThread - 9968 
2019-08-06 13:46:57,084 - MOT - INFO - MTCNN detect face cost time : 0.045 s -  MainThread - 9968 
2019-08-06 13:46:57,134 - MOT - INFO - MTCNN detect face cost time : 0.043 s -  MainThread - 9968 
2019-08-06 13:46:57,179 - MOT - INFO - MTCNN detect face cost time : 0.038 s -  MainThread - 9968 
2019-08-06 13:46:57,225 - MOT - INFO - MTCNN detect face cost time : 0.04 s -  MainThread - 9968 
2019-08-06 13:46:57,271 - MOT - INFO - MTCNN detect face cost time : 0.039 s -  MainThread - 9968 
2019-08-06 13:46:57,324 - MOT - INFO - MTCNN detect face cost time : 0.045 s -  MainThread - 9968 
2019-08-06 13:46:57,371 - MOT - INFO - MTCNN detect face cost time : 0.04 s -  MainThread - 9968 
2019-08-06 13:46:57,423 - MOT - INFO - MTCNN detect face cost time : 0.044 s -  MainThread - 9968 
2019-08-06 13:46:57,477 - MOT - INFO - MTCNN detect face cost time : 0.047 s -  MainThread - 9968 
2019-08-06 13:46:57,533 - MOT - INFO - MTCNN detect face cost time : 0.049 s -  MainThread - 9968 
2019-08-06 13:46:57,582 - MOT - INFO - MTCNN detect face cost time : 0.042 s -  MainThread - 9968 
2019-08-06 13:46:57,634 - MOT - INFO - MTCNN detect face cost time : 0.045 s -  MainThread - 9968 
2019-08-06 13:46:57,683 - MOT - INFO - MTCNN detect face cost time : 0.042 s -  MainThread - 9968 
2019-08-06 13:46:57,728 - MOT - INFO - MTCNN detect face cost time : 0.038 s -  MainThread - 9968 
2019-08-06 13:46:57,783 - MOT - INFO - MTCNN detect face cost time : 0.048 s -  MainThread - 9968 
2019-08-06 13:46:57,833 - MOT - INFO - MTCNN detect face cost time : 0.043 s -  MainThread - 9968 
2019-08-06 13:46:57,887 - MOT - INFO - MTCNN detect face cost time : 0.047 s -  MainThread - 9968 
2019-08-06 13:46:57,944 - MOT - INFO - MTCNN detect face cost time : 0.051 s -  MainThread - 9968 
2019-08-06 13:46:58,013 - MOT - INFO - MTCNN detect face cost time : 0.062 s -  MainThread - 9968 
2019-08-06 13:46:58,070 - MOT - INFO - MTCNN detect face cost time : 0.05 s -  MainThread - 9968 
2019-08-06 13:46:58,127 - MOT - INFO - MTCNN detect face cost time : 0.05 s -  MainThread - 9968 
2019-08-06 13:46:58,187 - MOT - INFO - MTCNN detect face cost time : 0.053 s -  MainThread - 9968 
2019-08-06 13:46:58,236 - MOT - INFO - MTCNN detect face cost time : 0.042 s -  MainThread - 9968 
2019-08-06 13:46:58,290 - MOT - INFO - MTCNN detect face cost time : 0.047 s -  MainThread - 9968 
2019-08-06 13:46:58,345 - MOT - INFO - MTCNN detect face cost time : 0.049 s -  MainThread - 9968 
2019-08-06 13:46:58,399 - MOT - INFO - MTCNN detect face cost time : 0.046 s -  MainThread - 9968 
2019-08-06 13:46:58,454 - MOT - INFO - MTCNN detect face cost time : 0.047 s -  MainThread - 9968 
2019-08-06 13:46:58,507 - MOT - INFO - MTCNN detect face cost time : 0.046 s -  MainThread - 9968 
2019-08-06 13:46:58,554 - MOT - INFO - MTCNN detect face cost time : 0.04 s -  MainThread - 9968 
2019-08-06 13:46:58,600 - MOT - INFO - MTCNN detect face cost time : 0.039 s -  MainThread - 9968 
2019-08-06 13:46:58,646 - MOT - INFO - MTCNN detect face cost time : 0.04 s -  MainThread - 9968 
2019-08-06 13:46:58,699 - MOT - INFO - MTCNN detect face cost time : 0.046 s -  MainThread - 9968 
2019-08-06 13:46:58,754 - MOT - INFO - MTCNN detect face cost time : 0.048 s -  MainThread - 9968 
2019-08-06 13:46:58,811 - MOT - INFO - MTCNN detect face cost time : 0.05 s -  MainThread - 9968 
2019-08-06 13:46:58,866 - MOT - INFO - MTCNN detect face cost time : 0.048 s -  MainThread - 9968 
2019-08-06 13:46:58,867 - MOT - INFO - new Tracker: 4 -  MainThread - 9968 
2019-08-06 13:46:58,922 - MOT - INFO - MTCNN detect face cost time : 0.048 s -  MainThread - 9968 
2019-08-06 13:46:58,924 - MOT - INFO - remove tracker: 4 -  MainThread - 9968 
2019-08-06 13:46:58,977 - MOT - INFO - MTCNN detect face cost time : 0.046 s -  MainThread - 9968 
2019-08-06 13:46:59,039 - MOT - INFO - MTCNN detect face cost time : 0.055 s -  MainThread - 9968 
2019-08-06 13:46:59,041 - MOT - INFO - new Tracker: 5 -  MainThread - 9968 
2019-08-06 13:46:59,100 - MOT - INFO - MTCNN detect face cost time : 0.054 s -  MainThread - 9968 
2019-08-06 13:46:59,166 - MOT - INFO - MTCNN detect face cost time : 0.058 s -  MainThread - 9968 
2019-08-06 13:46:59,231 - MOT - INFO - MTCNN detect face cost time : 0.056 s -  MainThread - 9968 
2019-08-06 13:46:59,294 - MOT - INFO - MTCNN detect face cost time : 0.053 s -  MainThread - 9968 
2019-08-06 13:46:59,358 - MOT - INFO - MTCNN detect face cost time : 0.055 s -  MainThread - 9968 
2019-08-06 13:46:59,420 - MOT - INFO - MTCNN detect face cost time : 0.053 s -  MainThread - 9968 
2019-08-06 13:46:59,483 - MOT - INFO - MTCNN detect face cost time : 0.054 s -  MainThread - 9968 
2019-08-06 13:46:59,544 - MOT - INFO - MTCNN detect face cost time : 0.052 s -  MainThread - 9968 
2019-08-06 13:46:59,605 - MOT - INFO - MTCNN detect face cost time : 0.052 s -  MainThread - 9968 
2019-08-06 13:46:59,667 - MOT - INFO - MTCNN detect face cost time : 0.053 s -  MainThread - 9968 
2019-08-06 13:46:59,729 - MOT - INFO - MTCNN detect face cost time : 0.053 s -  MainThread - 9968 
2019-08-06 13:46:59,798 - MOT - INFO - MTCNN detect face cost time : 0.06 s -  MainThread - 9968 
2019-08-06 13:46:59,857 - MOT - INFO - MTCNN detect face cost time : 0.051 s -  MainThread - 9968 
2019-08-06 13:46:59,917 - MOT - INFO - MTCNN detect face cost time : 0.05 s -  MainThread - 9968 
2019-08-06 13:46:59,980 - MOT - INFO - MTCNN detect face cost time : 0.053 s -  MainThread - 9968 
2019-08-06 13:47:00,045 - MOT - INFO - MTCNN detect face cost time : 0.055 s -  MainThread - 9968 
2019-08-06 13:47:00,112 - MOT - INFO - MTCNN detect face cost time : 0.057 s -  MainThread - 9968 
2019-08-06 13:47:00,177 - MOT - INFO - MTCNN detect face cost time : 0.056 s -  MainThread - 9968 
2019-08-06 13:47:00,240 - MOT - INFO - MTCNN detect face cost time : 0.055 s -  MainThread - 9968 
2019-08-06 13:47:00,307 - MOT - INFO - MTCNN detect face cost time : 0.058 s -  MainThread - 9968 
2019-08-06 13:47:00,386 - MOT - INFO - MTCNN detect face cost time : 0.06 s -  MainThread - 9968 
2019-08-06 13:47:00,460 - MOT - INFO - MTCNN detect face cost time : 0.065 s -  MainThread - 9968 
2019-08-06 13:47:00,540 - MOT - INFO - MTCNN detect face cost time : 0.071 s -  MainThread - 9968 
2019-08-06 13:47:00,607 - MOT - INFO - MTCNN detect face cost time : 0.059 s -  MainThread - 9968 
2019-08-06 13:47:00,676 - MOT - INFO - MTCNN detect face cost time : 0.06 s -  MainThread - 9968 
2019-08-06 13:47:00,745 - MOT - INFO - MTCNN detect face cost time : 0.06 s -  MainThread - 9968 
2019-08-06 13:47:00,818 - MOT - INFO - MTCNN detect face cost time : 0.064 s -  MainThread - 9968 
2019-08-06 13:47:00,893 - MOT - INFO - MTCNN detect face cost time : 0.065 s -  MainThread - 9968 
2019-08-06 13:47:00,962 - MOT - INFO - MTCNN detect face cost time : 0.059 s -  MainThread - 9968 
2019-08-06 13:47:01,038 - MOT - INFO - MTCNN detect face cost time : 0.068 s -  MainThread - 9968 
2019-08-06 13:47:01,108 - MOT - INFO - MTCNN detect face cost time : 0.061 s -  MainThread - 9968 
2019-08-06 13:47:01,179 - MOT - INFO - MTCNN detect face cost time : 0.062 s -  MainThread - 9968 
2019-08-06 13:47:01,249 - MOT - INFO - MTCNN detect face cost time : 0.061 s -  MainThread - 9968 
2019-08-06 13:47:01,321 - MOT - INFO - MTCNN detect face cost time : 0.063 s -  MainThread - 9968 
2019-08-06 13:47:01,389 - MOT - INFO - MTCNN detect face cost time : 0.06 s -  MainThread - 9968 
2019-08-06 13:47:01,464 - MOT - INFO - MTCNN detect face cost time : 0.06 s -  MainThread - 9968 
2019-08-06 13:47:01,534 - MOT - INFO - MTCNN detect face cost time : 0.061 s -  MainThread - 9968 
2019-08-06 13:47:01,608 - MOT - INFO - MTCNN detect face cost time : 0.065 s -  MainThread - 9968 
2019-08-06 13:47:01,680 - MOT - INFO - MTCNN detect face cost time : 0.063 s -  MainThread - 9968 
2019-08-06 13:47:01,749 - MOT - INFO - MTCNN detect face cost time : 0.061 s -  MainThread - 9968 
2019-08-06 13:47:01,826 - MOT - INFO - MTCNN detect face cost time : 0.068 s -  MainThread - 9968 
2019-08-06 13:47:01,902 - MOT - INFO - MTCNN detect face cost time : 0.067 s -  MainThread - 9968 
2019-08-06 13:47:01,974 - MOT - INFO - MTCNN detect face cost time : 0.063 s -  MainThread - 9968 
2019-08-06 13:47:02,043 - MOT - INFO - MTCNN detect face cost time : 0.06 s -  MainThread - 9968 
2019-08-06 13:47:02,120 - MOT - INFO - MTCNN detect face cost time : 0.069 s -  MainThread - 9968 
2019-08-06 13:47:02,187 - MOT - INFO - MTCNN detect face cost time : 0.058 s -  MainThread - 9968 
2019-08-06 13:47:02,262 - MOT - INFO - MTCNN detect face cost time : 0.066 s -  MainThread - 9968 
2019-08-06 13:47:02,353 - MOT - INFO - MTCNN detect face cost time : 0.082 s -  MainThread - 9968 
2019-08-06 13:47:02,444 - MOT - INFO - MTCNN detect face cost time : 0.082 s -  MainThread - 9968 
2019-08-06 13:47:02,532 - MOT - INFO - MTCNN detect face cost time : 0.081 s -  MainThread - 9968 
2019-08-06 13:47:02,619 - MOT - INFO - MTCNN detect face cost time : 0.077 s -  MainThread - 9968 
2019-08-06 13:47:02,704 - MOT - INFO - MTCNN detect face cost time : 0.076 s -  MainThread - 9968 
2019-08-06 13:47:02,793 - MOT - INFO - MTCNN detect face cost time : 0.079 s -  MainThread - 9968 
2019-08-06 13:47:02,877 - MOT - INFO - MTCNN detect face cost time : 0.075 s -  MainThread - 9968 
2019-08-06 13:47:02,958 - MOT - INFO - MTCNN detect face cost time : 0.072 s -  MainThread - 9968 
2019-08-06 13:47:03,039 - MOT - INFO - MTCNN detect face cost time : 0.072 s -  MainThread - 9968 
2019-08-06 13:47:03,120 - MOT - INFO - MTCNN detect face cost time : 0.071 s -  MainThread - 9968 
2019-08-06 13:47:03,201 - MOT - INFO - MTCNN detect face cost time : 0.072 s -  MainThread - 9968 
2019-08-06 13:47:03,283 - MOT - INFO - MTCNN detect face cost time : 0.073 s -  MainThread - 9968 
2019-08-06 13:47:03,368 - MOT - INFO - MTCNN detect face cost time : 0.075 s -  MainThread - 9968 
2019-08-06 13:47:03,466 - MOT - INFO - MTCNN detect face cost time : 0.09 s -  MainThread - 9968 
2019-08-06 13:47:03,470 - MOT - INFO - Video_name:videos\2_Obama.mp4 -  MainThread - 9968 
2019-08-06 13:47:05,312 - MOT - INFO - MTCNN detect face cost time : 0.059 s -  MainThread - 9968 
2019-08-06 13:47:05,381 - MOT - INFO - MTCNN detect face cost time : 0.06 s -  MainThread - 9968 
2019-08-06 13:47:05,453 - MOT - INFO - MTCNN detect face cost time : 0.063 s -  MainThread - 9968 
2019-08-06 13:47:05,522 - MOT - INFO - MTCNN detect face cost time : 0.061 s -  MainThread - 9968 
2019-08-06 13:47:05,594 - MOT - INFO - MTCNN detect face cost time : 0.062 s -  MainThread - 9968 
2019-08-06 13:47:05,665 - MOT - INFO - MTCNN detect face cost time : 0.063 s -  MainThread - 9968 
2019-08-06 13:47:05,737 - MOT - INFO - MTCNN detect face cost time : 0.062 s -  MainThread - 9968 
2019-08-06 13:47:05,809 - MOT - INFO - MTCNN detect face cost time : 0.063 s -  MainThread - 9968 
2019-08-06 13:47:05,880 - MOT - INFO - MTCNN detect face cost time : 0.063 s -  MainThread - 9968 
