2019-08-07 10:21:09,667 - MOT - INFO - Start track and extract...... -  MainThread - 10052 
2019-08-07 10:21:11,355 - MOT - INFO - All files:1_Hours Of _Harassment' In NYC!.mp4 -  MainThread - 10052 
2019-08-07 10:21:11,356 - MOT - INFO - All files:2_Obama.mp4 -  MainThread - 10052 
2019-08-07 10:21:11,357 - MOT - INFO - Video_name:videos\1_Hours Of _Harassment' In NYC!.mp4 -  MainThread - 10052 
2019-08-07 10:21:14,017 - MOT - INFO - MTCNN detect face cost time : 0.302 s -  MainThread - 10052 
2019-08-07 10:21:20,647 - MOT - INFO - new Tracker: 1 -  MainThread - 10052 
2019-08-07 10:21:20,751 - MOT - INFO - MTCNN detect face cost time : 0.083 s -  MainThread - 10052 
2019-08-07 10:21:21,224 - MOT - INFO - MTCNN detect face cost time : 0.063 s -  MainThread - 10052 
2019-08-07 10:21:21,430 - MOT - INFO - MTCNN detect face cost time : 0.089 s -  MainThread - 10052 
2019-08-07 10:21:21,639 - MOT - INFO - MTCNN detect face cost time : 0.093 s -  MainThread - 10052 
2019-08-07 10:21:21,846 - MOT - INFO - MTCNN detect face cost time : 0.097 s -  MainThread - 10052 
2019-08-07 10:21:22,032 - MOT - INFO - MTCNN detect face cost time : 0.075 s -  MainThread - 10052 
2019-08-07 10:21:22,217 - MOT - INFO - MTCNN detect face cost time : 0.075 s -  MainThread - 10052 
2019-08-07 10:21:22,418 - MOT - INFO - MTCNN detect face cost time : 0.087 s -  MainThread - 10052 
2019-08-07 10:21:22,606 - MOT - INFO - MTCNN detect face cost time : 0.08 s -  MainThread - 10052 
2019-08-07 10:21:22,789 - MOT - INFO - MTCNN detect face cost time : 0.073 s -  MainThread - 10052 
2019-08-07 10:21:22,976 - MOT - INFO - MTCNN detect face cost time : 0.074 s -  MainThread - 10052 
2019-08-07 10:21:23,169 - MOT - INFO - MTCNN detect face cost time : 0.075 s -  MainThread - 10052 
2019-08-07 10:21:23,353 - MOT - INFO - MTCNN detect face cost time : 0.077 s -  MainThread - 10052 
2019-08-07 10:21:23,536 - MOT - INFO - MTCNN detect face cost time : 0.071 s -  MainThread - 10052 
2019-08-07 10:21:23,721 - MOT - INFO - MTCNN detect face cost time : 0.07 s -  MainThread - 10052 
2019-08-07 10:21:23,901 - MOT - INFO - MTCNN detect face cost time : 0.075 s -  MainThread - 10052 
2019-08-07 10:21:24,076 - MOT - INFO - MTCNN detect face cost time : 0.067 s -  MainThread - 10052 
2019-08-07 10:21:24,258 - MOT - INFO - MTCNN detect face cost time : 0.077 s -  MainThread - 10052 
2019-08-07 10:21:24,438 - MOT - INFO - MTCNN detect face cost time : 0.074 s -  MainThread - 10052 
2019-08-07 10:21:24,610 - MOT - INFO - MTCNN detect face cost time : 0.069 s -  MainThread - 10052 
2019-08-07 10:21:24,782 - MOT - INFO - MTCNN detect face cost time : 0.071 s -  MainThread - 10052 
2019-08-07 10:21:24,975 - MOT - INFO - MTCNN detect face cost time : 0.09 s -  MainThread - 10052 
2019-08-07 10:21:25,160 - MOT - INFO - MTCNN detect face cost time : 0.079 s -  MainThread - 10052 
2019-08-07 10:21:25,352 - MOT - INFO - MTCNN detect face cost time : 0.086 s -  MainThread - 10052 
2019-08-07 10:21:25,536 - MOT - INFO - MTCNN detect face cost time : 0.079 s -  MainThread - 10052 
2019-08-07 10:21:25,727 - MOT - INFO - MTCNN detect face cost time : 0.083 s -  MainThread - 10052 
2019-08-07 10:21:25,913 - MOT - INFO - MTCNN detect face cost time : 0.079 s -  MainThread - 10052 
2019-08-07 10:21:26,103 - MOT - INFO - MTCNN detect face cost time : 0.084 s -  MainThread - 10052 
2019-08-07 10:21:26,290 - MOT - INFO - MTCNN detect face cost time : 0.083 s -  MainThread - 10052 
2019-08-07 10:21:26,474 - MOT - INFO - MTCNN detect face cost time : 0.077 s -  MainThread - 10052 
2019-08-07 10:21:26,666 - MOT - INFO - MTCNN detect face cost time : 0.089 s -  MainThread - 10052 
2019-08-07 10:21:26,852 - MOT - INFO - MTCNN detect face cost time : 0.081 s -  MainThread - 10052 
2019-08-07 10:21:27,029 - MOT - INFO - MTCNN detect face cost time : 0.072 s -  MainThread - 10052 
2019-08-07 10:21:27,208 - MOT - INFO - MTCNN detect face cost time : 0.075 s -  MainThread - 10052 
2019-08-07 10:21:27,377 - MOT - INFO - MTCNN detect face cost time : 0.068 s -  MainThread - 10052 
2019-08-07 10:21:27,565 - MOT - INFO - MTCNN detect face cost time : 0.082 s -  MainThread - 10052 
2019-08-07 10:21:27,743 - MOT - INFO - MTCNN detect face cost time : 0.072 s -  MainThread - 10052 
2019-08-07 10:21:27,925 - MOT - INFO - MTCNN detect face cost time : 0.077 s -  MainThread - 10052 
2019-08-07 10:21:28,109 - MOT - INFO - MTCNN detect face cost time : 0.076 s -  MainThread - 10052 
2019-08-07 10:21:28,296 - MOT - INFO - MTCNN detect face cost time : 0.082 s -  MainThread - 10052 
2019-08-07 10:21:28,472 - MOT - INFO - MTCNN detect face cost time : 0.072 s -  MainThread - 10052 
2019-08-07 10:21:28,653 - MOT - INFO - MTCNN detect face cost time : 0.077 s -  MainThread - 10052 
2019-08-07 10:21:28,833 - MOT - INFO - MTCNN detect face cost time : 0.076 s -  MainThread - 10052 
2019-08-07 10:21:29,017 - MOT - INFO - MTCNN detect face cost time : 0.07 s -  MainThread - 10052 
2019-08-07 10:21:29,204 - MOT - INFO - MTCNN detect face cost time : 0.082 s -  MainThread - 10052 
2019-08-07 10:21:29,390 - MOT - INFO - MTCNN detect face cost time : 0.08 s -  MainThread - 10052 
2019-08-07 10:21:29,577 - MOT - INFO - MTCNN detect face cost time : 0.081 s -  MainThread - 10052 
2019-08-07 10:21:29,776 - MOT - INFO - MTCNN detect face cost time : 0.093 s -  MainThread - 10052 
2019-08-07 10:21:29,971 - MOT - INFO - MTCNN detect face cost time : 0.089 s -  MainThread - 10052 
2019-08-07 10:21:30,170 - MOT - INFO - MTCNN detect face cost time : 0.091 s -  MainThread - 10052 
2019-08-07 10:21:30,365 - MOT - INFO - MTCNN detect face cost time : 0.09 s -  MainThread - 10052 
2019-08-07 10:21:30,557 - MOT - INFO - MTCNN detect face cost time : 0.087 s -  MainThread - 10052 
2019-08-07 10:21:30,750 - MOT - INFO - MTCNN detect face cost time : 0.09 s -  MainThread - 10052 
2019-08-07 10:21:30,938 - MOT - INFO - MTCNN detect face cost time : 0.082 s -  MainThread - 10052 
2019-08-07 10:21:31,137 - MOT - INFO - MTCNN detect face cost time : 0.095 s -  MainThread - 10052 
2019-08-07 10:21:31,341 - MOT - INFO - MTCNN detect face cost time : 0.098 s -  MainThread - 10052 
2019-08-07 10:21:31,539 - MOT - INFO - MTCNN detect face cost time : 0.093 s -  MainThread - 10052 
2019-08-07 10:21:31,735 - MOT - INFO - MTCNN detect face cost time : 0.086 s -  MainThread - 10052 
2019-08-07 10:21:31,938 - MOT - INFO - MTCNN detect face cost time : 0.093 s -  MainThread - 10052 
2019-08-07 10:21:32,131 - MOT - INFO - MTCNN detect face cost time : 0.09 s -  MainThread - 10052 
2019-08-07 10:21:32,329 - MOT - INFO - MTCNN detect face cost time : 0.093 s -  MainThread - 10052 
2019-08-07 10:21:32,520 - MOT - INFO - MTCNN detect face cost time : 0.087 s -  MainThread - 10052 
2019-08-07 10:21:32,714 - MOT - INFO - MTCNN detect face cost time : 0.088 s -  MainThread - 10052 
2019-08-07 10:21:32,899 - MOT - INFO - MTCNN detect face cost time : 0.082 s -  MainThread - 10052 
2019-08-07 10:21:33,091 - MOT - INFO - MTCNN detect face cost time : 0.086 s -  MainThread - 10052 
2019-08-07 10:21:33,273 - MOT - INFO - MTCNN detect face cost time : 0.074 s -  MainThread - 10052 
2019-08-07 10:21:33,447 - MOT - INFO - MTCNN detect face cost time : 0.066 s -  MainThread - 10052 
2019-08-07 10:21:33,623 - MOT - INFO - MTCNN detect face cost time : 0.07 s -  MainThread - 10052 
2019-08-07 10:21:33,788 - MOT - INFO - MTCNN detect face cost time : 0.062 s -  MainThread - 10052 
2019-08-07 10:21:33,960 - MOT - INFO - MTCNN detect face cost time : 0.067 s -  MainThread - 10052 
2019-08-07 10:21:34,133 - MOT - INFO - MTCNN detect face cost time : 0.069 s -  MainThread - 10052 
2019-08-07 10:21:34,304 - MOT - INFO - MTCNN detect face cost time : 0.067 s -  MainThread - 10052 
2019-08-07 10:21:34,470 - MOT - INFO - MTCNN detect face cost time : 0.06 s -  MainThread - 10052 
2019-08-07 10:21:34,640 - MOT - INFO - MTCNN detect face cost time : 0.063 s -  MainThread - 10052 
2019-08-07 10:21:34,808 - MOT - INFO - MTCNN detect face cost time : 0.064 s -  MainThread - 10052 
2019-08-07 10:21:34,973 - MOT - INFO - MTCNN detect face cost time : 0.062 s -  MainThread - 10052 
2019-08-07 10:21:35,148 - MOT - INFO - MTCNN detect face cost time : 0.068 s -  MainThread - 10052 
2019-08-07 10:21:35,314 - MOT - INFO - MTCNN detect face cost time : 0.063 s -  MainThread - 10052 
2019-08-07 10:21:35,483 - MOT - INFO - MTCNN detect face cost time : 0.062 s -  MainThread - 10052 
2019-08-07 10:21:35,648 - MOT - INFO - MTCNN detect face cost time : 0.06 s -  MainThread - 10052 
2019-08-07 10:21:35,833 - MOT - INFO - MTCNN detect face cost time : 0.076 s -  MainThread - 10052 
2019-08-07 10:21:36,019 - MOT - INFO - MTCNN detect face cost time : 0.08 s -  MainThread - 10052 
2019-08-07 10:21:36,207 - MOT - INFO - MTCNN detect face cost time : 0.08 s -  MainThread - 10052 
2019-08-07 10:21:36,384 - MOT - INFO - MTCNN detect face cost time : 0.069 s -  MainThread - 10052 
2019-08-07 10:21:36,556 - MOT - INFO - MTCNN detect face cost time : 0.065 s -  MainThread - 10052 
2019-08-07 10:21:36,725 - MOT - INFO - MTCNN detect face cost time : 0.064 s -  MainThread - 10052 
2019-08-07 10:21:36,894 - MOT - INFO - MTCNN detect face cost time : 0.063 s -  MainThread - 10052 
2019-08-07 10:21:37,069 - MOT - INFO - MTCNN detect face cost time : 0.068 s -  MainThread - 10052 
2019-08-07 10:21:37,243 - MOT - INFO - MTCNN detect face cost time : 0.071 s -  MainThread - 10052 
2019-08-07 10:21:37,418 - MOT - INFO - MTCNN detect face cost time : 0.068 s -  MainThread - 10052 
2019-08-07 10:21:37,594 - MOT - INFO - MTCNN detect face cost time : 0.069 s -  MainThread - 10052 
2019-08-07 10:21:37,767 - MOT - INFO - MTCNN detect face cost time : 0.069 s -  MainThread - 10052 
2019-08-07 10:21:37,940 - MOT - INFO - MTCNN detect face cost time : 0.063 s -  MainThread - 10052 
2019-08-07 10:21:38,113 - MOT - INFO - MTCNN detect face cost time : 0.069 s -  MainThread - 10052 
2019-08-07 10:21:38,283 - MOT - INFO - MTCNN detect face cost time : 0.067 s -  MainThread - 10052 
2019-08-07 10:21:38,464 - MOT - INFO - MTCNN detect face cost time : 0.077 s -  MainThread - 10052 
2019-08-07 10:21:38,636 - MOT - INFO - MTCNN detect face cost time : 0.069 s -  MainThread - 10052 
2019-08-07 10:21:38,806 - MOT - INFO - MTCNN detect face cost time : 0.066 s -  MainThread - 10052 
2019-08-07 10:21:38,980 - MOT - INFO - MTCNN detect face cost time : 0.068 s -  MainThread - 10052 
2019-08-07 10:21:39,149 - MOT - INFO - MTCNN detect face cost time : 0.063 s -  MainThread - 10052 
2019-08-07 10:21:39,313 - MOT - INFO - MTCNN detect face cost time : 0.06 s -  MainThread - 10052 
2019-08-07 10:21:39,487 - MOT - INFO - MTCNN detect face cost time : 0.068 s -  MainThread - 10052 
2019-08-07 10:21:39,655 - MOT - INFO - MTCNN detect face cost time : 0.063 s -  MainThread - 10052 
2019-08-07 10:21:39,833 - MOT - INFO - MTCNN detect face cost time : 0.075 s -  MainThread - 10052 
2019-08-07 10:21:40,009 - MOT - INFO - MTCNN detect face cost time : 0.075 s -  MainThread - 10052 
2019-08-07 10:21:40,183 - MOT - INFO - MTCNN detect face cost time : 0.065 s -  MainThread - 10052 
2019-08-07 10:21:40,359 - MOT - INFO - MTCNN detect face cost time : 0.07 s -  MainThread - 10052 
2019-08-07 10:21:40,540 - MOT - INFO - MTCNN detect face cost time : 0.076 s -  MainThread - 10052 
2019-08-07 10:21:40,717 - MOT - INFO - MTCNN detect face cost time : 0.074 s -  MainThread - 10052 
2019-08-07 10:21:40,895 - MOT - INFO - MTCNN detect face cost time : 0.075 s -  MainThread - 10052 
2019-08-07 10:21:41,079 - MOT - INFO - MTCNN detect face cost time : 0.078 s -  MainThread - 10052 
2019-08-07 10:21:41,265 - MOT - INFO - MTCNN detect face cost time : 0.083 s -  MainThread - 10052 
2019-08-07 10:21:41,451 - MOT - INFO - MTCNN detect face cost time : 0.078 s -  MainThread - 10052 
2019-08-07 10:21:41,645 - MOT - INFO - MTCNN detect face cost time : 0.087 s -  MainThread - 10052 
2019-08-07 10:21:41,848 - MOT - INFO - MTCNN detect face cost time : 0.098 s -  MainThread - 10052 
2019-08-07 10:21:42,043 - MOT - INFO - MTCNN detect face cost time : 0.091 s -  MainThread - 10052 
2019-08-07 10:21:42,237 - MOT - INFO - MTCNN detect face cost time : 0.087 s -  MainThread - 10052 
2019-08-07 10:21:42,435 - MOT - INFO - MTCNN detect face cost time : 0.095 s -  MainThread - 10052 
2019-08-07 10:21:42,623 - MOT - INFO - MTCNN detect face cost time : 0.091 s -  MainThread - 10052 
2019-08-07 10:21:42,810 - MOT - INFO - MTCNN detect face cost time : 0.08 s -  MainThread - 10052 
2019-08-07 10:21:42,999 - MOT - INFO - MTCNN detect face cost time : 0.085 s -  MainThread - 10052 
2019-08-07 10:21:43,181 - MOT - INFO - MTCNN detect face cost time : 0.079 s -  MainThread - 10052 
2019-08-07 10:21:43,359 - MOT - INFO - MTCNN detect face cost time : 0.076 s -  MainThread - 10052 
2019-08-07 10:21:43,537 - MOT - INFO - MTCNN detect face cost time : 0.073 s -  MainThread - 10052 
2019-08-07 10:21:43,716 - MOT - INFO - MTCNN detect face cost time : 0.075 s -  MainThread - 10052 
2019-08-07 10:21:43,894 - MOT - INFO - MTCNN detect face cost time : 0.07 s -  MainThread - 10052 
2019-08-07 10:21:44,074 - MOT - INFO - MTCNN detect face cost time : 0.074 s -  MainThread - 10052 
2019-08-07 10:21:44,249 - MOT - INFO - MTCNN detect face cost time : 0.069 s -  MainThread - 10052 
2019-08-07 10:21:44,428 - MOT - INFO - MTCNN detect face cost time : 0.074 s -  MainThread - 10052 
2019-08-07 10:21:44,605 - MOT - INFO - MTCNN detect face cost time : 0.071 s -  MainThread - 10052 
2019-08-07 10:21:44,785 - MOT - INFO - MTCNN detect face cost time : 0.076 s -  MainThread - 10052 
2019-08-07 10:21:44,973 - MOT - INFO - MTCNN detect face cost time : 0.084 s -  MainThread - 10052 
2019-08-07 10:21:45,155 - MOT - INFO - MTCNN detect face cost time : 0.075 s -  MainThread - 10052 
2019-08-07 10:21:45,341 - MOT - INFO - MTCNN detect face cost time : 0.08 s -  MainThread - 10052 
2019-08-07 10:21:45,527 - MOT - INFO - MTCNN detect face cost time : 0.082 s -  MainThread - 10052 
2019-08-07 10:21:45,715 - MOT - INFO - MTCNN detect face cost time : 0.082 s -  MainThread - 10052 
2019-08-07 10:21:45,902 - MOT - INFO - MTCNN detect face cost time : 0.084 s -  MainThread - 10052 
2019-08-07 10:21:46,100 - MOT - INFO - MTCNN detect face cost time : 0.089 s -  MainThread - 10052 
2019-08-07 10:21:46,287 - MOT - INFO - MTCNN detect face cost time : 0.084 s -  MainThread - 10052 
2019-08-07 10:21:46,472 - MOT - INFO - MTCNN detect face cost time : 0.074 s -  MainThread - 10052 
2019-08-07 10:21:46,660 - MOT - INFO - MTCNN detect face cost time : 0.084 s -  MainThread - 10052 
2019-08-07 10:21:46,856 - MOT - INFO - MTCNN detect face cost time : 0.091 s -  MainThread - 10052 
2019-08-07 10:21:47,056 - MOT - INFO - MTCNN detect face cost time : 0.093 s -  MainThread - 10052 
2019-08-07 10:21:47,265 - MOT - INFO - MTCNN detect face cost time : 0.102 s -  MainThread - 10052 
2019-08-07 10:21:47,463 - MOT - INFO - MTCNN detect face cost time : 0.09 s -  MainThread - 10052 
2019-08-07 10:21:47,672 - MOT - INFO - MTCNN detect face cost time : 0.104 s -  MainThread - 10052 
2019-08-07 10:21:47,877 - MOT - INFO - MTCNN detect face cost time : 0.1 s -  MainThread - 10052 
2019-08-07 10:21:48,074 - MOT - INFO - MTCNN detect face cost time : 0.089 s -  MainThread - 10052 
2019-08-07 10:21:48,267 - MOT - INFO - MTCNN detect face cost time : 0.089 s -  MainThread - 10052 
2019-08-07 10:21:48,463 - MOT - INFO - MTCNN detect face cost time : 0.089 s -  MainThread - 10052 
2019-08-07 10:21:48,656 - MOT - INFO - MTCNN detect face cost time : 0.088 s -  MainThread - 10052 
2019-08-07 10:21:48,858 - MOT - INFO - MTCNN detect face cost time : 0.095 s -  MainThread - 10052 
2019-08-07 10:21:49,042 - MOT - INFO - MTCNN detect face cost time : 0.08 s -  MainThread - 10052 
2019-08-07 10:21:49,230 - MOT - INFO - MTCNN detect face cost time : 0.081 s -  MainThread - 10052 
2019-08-07 10:21:49,427 - MOT - INFO - MTCNN detect face cost time : 0.091 s -  MainThread - 10052 
2019-08-07 10:21:49,624 - MOT - INFO - MTCNN detect face cost time : 0.09 s -  MainThread - 10052 
2019-08-07 10:21:49,818 - MOT - INFO - MTCNN detect face cost time : 0.088 s -  MainThread - 10052 
2019-08-07 10:21:50,015 - MOT - INFO - MTCNN detect face cost time : 0.086 s -  MainThread - 10052 
2019-08-07 10:21:50,210 - MOT - INFO - MTCNN detect face cost time : 0.089 s -  MainThread - 10052 
2019-08-07 10:21:50,402 - MOT - INFO - MTCNN detect face cost time : 0.086 s -  MainThread - 10052 
2019-08-07 10:21:50,588 - MOT - INFO - MTCNN detect face cost time : 0.08 s -  MainThread - 10052 
2019-08-07 10:21:50,758 - MOT - INFO - MTCNN detect face cost time : 0.076 s -  MainThread - 10052 
2019-08-07 10:21:50,936 - MOT - INFO - MTCNN detect face cost time : 0.075 s -  MainThread - 10052 
2019-08-07 10:21:51,120 - MOT - INFO - MTCNN detect face cost time : 0.077 s -  MainThread - 10052 
2019-08-07 10:21:51,302 - MOT - INFO - MTCNN detect face cost time : 0.078 s -  MainThread - 10052 
2019-08-07 10:21:51,490 - MOT - INFO - MTCNN detect face cost time : 0.081 s -  MainThread - 10052 
2019-08-07 10:21:51,676 - MOT - INFO - MTCNN detect face cost time : 0.081 s -  MainThread - 10052 
2019-08-07 10:21:51,857 - MOT - INFO - MTCNN detect face cost time : 0.077 s -  MainThread - 10052 
2019-08-07 10:21:52,038 - MOT - INFO - MTCNN detect face cost time : 0.076 s -  MainThread - 10052 
2019-08-07 10:21:52,219 - MOT - INFO - MTCNN detect face cost time : 0.076 s -  MainThread - 10052 
2019-08-07 10:21:52,393 - MOT - INFO - MTCNN detect face cost time : 0.069 s -  MainThread - 10052 
2019-08-07 10:21:52,563 - MOT - INFO - MTCNN detect face cost time : 0.067 s -  MainThread - 10052 
2019-08-07 10:21:52,734 - MOT - INFO - MTCNN detect face cost time : 0.064 s -  MainThread - 10052 
2019-08-07 10:21:52,903 - MOT - INFO - MTCNN detect face cost time : 0.065 s -  MainThread - 10052 
2019-08-07 10:21:53,075 - MOT - INFO - MTCNN detect face cost time : 0.068 s -  MainThread - 10052 
2019-08-07 10:21:53,247 - MOT - INFO - MTCNN detect face cost time : 0.064 s -  MainThread - 10052 
2019-08-07 10:21:53,419 - MOT - INFO - MTCNN detect face cost time : 0.067 s -  MainThread - 10052 
2019-08-07 10:21:53,583 - MOT - INFO - MTCNN detect face cost time : 0.059 s -  MainThread - 10052 
2019-08-07 10:21:53,747 - MOT - INFO - MTCNN detect face cost time : 0.06 s -  MainThread - 10052 
2019-08-07 10:21:53,914 - MOT - INFO - MTCNN detect face cost time : 0.061 s -  MainThread - 10052 
2019-08-07 10:21:54,079 - MOT - INFO - MTCNN detect face cost time : 0.06 s -  MainThread - 10052 
2019-08-07 10:21:54,250 - MOT - INFO - MTCNN detect face cost time : 0.063 s -  MainThread - 10052 
2019-08-07 10:21:54,416 - MOT - INFO - MTCNN detect face cost time : 0.061 s -  MainThread - 10052 
2019-08-07 10:21:54,578 - MOT - INFO - MTCNN detect face cost time : 0.059 s -  MainThread - 10052 
2019-08-07 10:21:54,745 - MOT - INFO - MTCNN detect face cost time : 0.061 s -  MainThread - 10052 
2019-08-07 10:21:54,908 - MOT - INFO - MTCNN detect face cost time : 0.059 s -  MainThread - 10052 
2019-08-07 10:21:55,099 - MOT - INFO - new Tracker: 2 -  MainThread - 10052 
2019-08-07 10:21:55,166 - MOT - INFO - MTCNN detect face cost time : 0.059 s -  MainThread - 10052 
2019-08-07 10:21:55,265 - MOT - INFO - remove tracker: 2 -  MainThread - 10052 
2019-08-07 10:21:55,338 - MOT - INFO - MTCNN detect face cost time : 0.064 s -  MainThread - 10052 
2019-08-07 10:21:55,505 - MOT - INFO - MTCNN detect face cost time : 0.062 s -  MainThread - 10052 
2019-08-07 10:21:55,674 - MOT - INFO - MTCNN detect face cost time : 0.066 s -  MainThread - 10052 
2019-08-07 10:21:55,844 - MOT - INFO - MTCNN detect face cost time : 0.065 s -  MainThread - 10052 
2019-08-07 10:21:56,014 - MOT - INFO - MTCNN detect face cost time : 0.065 s -  MainThread - 10052 
2019-08-07 10:21:56,186 - MOT - INFO - MTCNN detect face cost time : 0.068 s -  MainThread - 10052 
2019-08-07 10:21:56,363 - MOT - INFO - MTCNN detect face cost time : 0.072 s -  MainThread - 10052 
2019-08-07 10:21:56,529 - MOT - INFO - MTCNN detect face cost time : 0.058 s -  MainThread - 10052 
2019-08-07 10:21:56,698 - MOT - INFO - MTCNN detect face cost time : 0.063 s -  MainThread - 10052 
2019-08-07 10:21:56,871 - MOT - INFO - MTCNN detect face cost time : 0.065 s -  MainThread - 10052 
2019-08-07 10:21:57,040 - MOT - INFO - MTCNN detect face cost time : 0.065 s -  MainThread - 10052 
2019-08-07 10:21:57,202 - MOT - INFO - MTCNN detect face cost time : 0.056 s -  MainThread - 10052 
2019-08-07 10:21:57,360 - MOT - INFO - MTCNN detect face cost time : 0.055 s -  MainThread - 10052 
2019-08-07 10:21:57,521 - MOT - INFO - MTCNN detect face cost time : 0.056 s -  MainThread - 10052 
2019-08-07 10:21:57,683 - MOT - INFO - MTCNN detect face cost time : 0.056 s -  MainThread - 10052 
2019-08-07 10:21:57,842 - MOT - INFO - MTCNN detect face cost time : 0.056 s -  MainThread - 10052 
2019-08-07 10:21:58,007 - MOT - INFO - MTCNN detect face cost time : 0.057 s -  MainThread - 10052 
2019-08-07 10:21:58,167 - MOT - INFO - MTCNN detect face cost time : 0.056 s -  MainThread - 10052 
2019-08-07 10:21:58,319 - MOT - INFO - MTCNN detect face cost time : 0.052 s -  MainThread - 10052 
2019-08-07 10:21:58,479 - MOT - INFO - MTCNN detect face cost time : 0.054 s -  MainThread - 10052 
2019-08-07 10:21:58,647 - MOT - INFO - MTCNN detect face cost time : 0.062 s -  MainThread - 10052 
2019-08-07 10:21:58,810 - MOT - INFO - MTCNN detect face cost time : 0.057 s -  MainThread - 10052 
2019-08-07 10:21:58,969 - MOT - INFO - MTCNN detect face cost time : 0.051 s -  MainThread - 10052 
2019-08-07 10:21:59,132 - MOT - INFO - MTCNN detect face cost time : 0.057 s -  MainThread - 10052 
2019-08-07 10:21:59,295 - MOT - INFO - MTCNN detect face cost time : 0.057 s -  MainThread - 10052 
2019-08-07 10:21:59,457 - MOT - INFO - MTCNN detect face cost time : 0.057 s -  MainThread - 10052 
2019-08-07 10:21:59,633 - MOT - INFO - MTCNN detect face cost time : 0.068 s -  MainThread - 10052 
2019-08-07 10:21:59,800 - MOT - INFO - MTCNN detect face cost time : 0.06 s -  MainThread - 10052 
2019-08-07 10:21:59,968 - MOT - INFO - MTCNN detect face cost time : 0.06 s -  MainThread - 10052 
2019-08-07 10:22:00,132 - MOT - INFO - MTCNN detect face cost time : 0.055 s -  MainThread - 10052 
2019-08-07 10:22:00,312 - MOT - INFO - MTCNN detect face cost time : 0.061 s -  MainThread - 10052 
2019-08-07 10:22:00,487 - MOT - INFO - MTCNN detect face cost time : 0.057 s -  MainThread - 10052 
2019-08-07 10:22:00,654 - MOT - INFO - MTCNN detect face cost time : 0.059 s -  MainThread - 10052 
2019-08-07 10:22:00,827 - MOT - INFO - MTCNN detect face cost time : 0.062 s -  MainThread - 10052 
2019-08-07 10:22:01,005 - MOT - INFO - MTCNN detect face cost time : 0.062 s -  MainThread - 10052 
2019-08-07 10:22:01,170 - MOT - INFO - MTCNN detect face cost time : 0.057 s -  MainThread - 10052 
2019-08-07 10:22:01,331 - MOT - INFO - MTCNN detect face cost time : 0.053 s -  MainThread - 10052 
2019-08-07 10:22:01,499 - MOT - INFO - MTCNN detect face cost time : 0.059 s -  MainThread - 10052 
2019-08-07 10:22:01,669 - MOT - INFO - MTCNN detect face cost time : 0.06 s -  MainThread - 10052 
2019-08-07 10:22:01,835 - MOT - INFO - MTCNN detect face cost time : 0.059 s -  MainThread - 10052 
2019-08-07 10:22:01,995 - MOT - INFO - MTCNN detect face cost time : 0.054 s -  MainThread - 10052 
2019-08-07 10:22:02,159 - MOT - INFO - MTCNN detect face cost time : 0.058 s -  MainThread - 10052 
2019-08-07 10:22:02,323 - MOT - INFO - MTCNN detect face cost time : 0.059 s -  MainThread - 10052 
2019-08-07 10:22:02,491 - MOT - INFO - MTCNN detect face cost time : 0.061 s -  MainThread - 10052 
2019-08-07 10:22:02,653 - MOT - INFO - MTCNN detect face cost time : 0.058 s -  MainThread - 10052 
2019-08-07 10:22:02,817 - MOT - INFO - MTCNN detect face cost time : 0.055 s -  MainThread - 10052 
2019-08-07 10:22:02,977 - MOT - INFO - MTCNN detect face cost time : 0.055 s -  MainThread - 10052 
2019-08-07 10:22:03,144 - MOT - INFO - MTCNN detect face cost time : 0.062 s -  MainThread - 10052 
2019-08-07 10:22:03,311 - MOT - INFO - MTCNN detect face cost time : 0.062 s -  MainThread - 10052 
2019-08-07 10:22:03,479 - MOT - INFO - MTCNN detect face cost time : 0.059 s -  MainThread - 10052 
2019-08-07 10:22:03,644 - MOT - INFO - MTCNN detect face cost time : 0.059 s -  MainThread - 10052 
2019-08-07 10:22:03,808 - MOT - INFO - MTCNN detect face cost time : 0.054 s -  MainThread - 10052 
2019-08-07 10:22:03,971 - MOT - INFO - MTCNN detect face cost time : 0.056 s -  MainThread - 10052 
2019-08-07 10:22:04,130 - MOT - INFO - MTCNN detect face cost time : 0.054 s -  MainThread - 10052 
2019-08-07 10:22:04,299 - MOT - INFO - MTCNN detect face cost time : 0.062 s -  MainThread - 10052 
2019-08-07 10:22:04,463 - MOT - INFO - MTCNN detect face cost time : 0.057 s -  MainThread - 10052 
2019-08-07 10:22:04,626 - MOT - INFO - MTCNN detect face cost time : 0.057 s -  MainThread - 10052 
2019-08-07 10:22:04,787 - MOT - INFO - MTCNN detect face cost time : 0.055 s -  MainThread - 10052 
2019-08-07 10:22:04,948 - MOT - INFO - MTCNN detect face cost time : 0.053 s -  MainThread - 10052 
2019-08-07 10:22:05,111 - MOT - INFO - MTCNN detect face cost time : 0.054 s -  MainThread - 10052 
2019-08-07 10:22:05,275 - MOT - INFO - MTCNN detect face cost time : 0.056 s -  MainThread - 10052 
2019-08-07 10:22:05,440 - MOT - INFO - MTCNN detect face cost time : 0.059 s -  MainThread - 10052 
2019-08-07 10:22:05,604 - MOT - INFO - MTCNN detect face cost time : 0.056 s -  MainThread - 10052 
2019-08-07 10:22:05,783 - MOT - INFO - MTCNN detect face cost time : 0.071 s -  MainThread - 10052 
2019-08-07 10:22:05,951 - MOT - INFO - MTCNN detect face cost time : 0.06 s -  MainThread - 10052 
2019-08-07 10:22:06,117 - MOT - INFO - MTCNN detect face cost time : 0.061 s -  MainThread - 10052 
2019-08-07 10:22:06,284 - MOT - INFO - MTCNN detect face cost time : 0.061 s -  MainThread - 10052 
2019-08-07 10:22:06,452 - MOT - INFO - MTCNN detect face cost time : 0.061 s -  MainThread - 10052 
2019-08-07 10:22:06,620 - MOT - INFO - MTCNN detect face cost time : 0.063 s -  MainThread - 10052 
2019-08-07 10:22:06,786 - MOT - INFO - MTCNN detect face cost time : 0.059 s -  MainThread - 10052 
2019-08-07 10:22:06,953 - MOT - INFO - MTCNN detect face cost time : 0.06 s -  MainThread - 10052 
2019-08-07 10:22:07,115 - MOT - INFO - MTCNN detect face cost time : 0.056 s -  MainThread - 10052 
2019-08-07 10:22:07,279 - MOT - INFO - MTCNN detect face cost time : 0.058 s -  MainThread - 10052 
2019-08-07 10:22:07,444 - MOT - INFO - MTCNN detect face cost time : 0.058 s -  MainThread - 10052 
2019-08-07 10:22:07,609 - MOT - INFO - MTCNN detect face cost time : 0.055 s -  MainThread - 10052 
2019-08-07 10:22:07,771 - MOT - INFO - MTCNN detect face cost time : 0.055 s -  MainThread - 10052 
2019-08-07 10:22:07,936 - MOT - INFO - MTCNN detect face cost time : 0.056 s -  MainThread - 10052 
2019-08-07 10:22:08,096 - MOT - INFO - MTCNN detect face cost time : 0.053 s -  MainThread - 10052 
2019-08-07 10:22:08,263 - MOT - INFO - MTCNN detect face cost time : 0.059 s -  MainThread - 10052 
2019-08-07 10:22:08,428 - MOT - INFO - MTCNN detect face cost time : 0.061 s -  MainThread - 10052 
2019-08-07 10:22:08,595 - MOT - INFO - MTCNN detect face cost time : 0.058 s -  MainThread - 10052 
2019-08-07 10:22:08,758 - MOT - INFO - MTCNN detect face cost time : 0.057 s -  MainThread - 10052 
2019-08-07 10:22:08,860 - MOT - INFO - Video_name:videos\2_Obama.mp4 -  MainThread - 10052 
2019-08-07 10:22:10,699 - MOT - INFO - MTCNN detect face cost time : 0.046 s -  MainThread - 10052 
