2019-08-07 09:24:59,324 - MOT - INFO - Start track and extract...... -  MainThread - 12364 
2019-08-07 09:25:00,889 - MOT - INFO - All files:1_Hours Of _Harassment' In NYC!.mp4 -  MainThread - 12364 
2019-08-07 09:25:00,890 - MOT - INFO - All files:2_Obama.mp4 -  MainThread - 12364 
2019-08-07 09:25:00,892 - MOT - INFO - Video_name:videos\1_Hours Of _Harassment' In NYC!.mp4 -  MainThread - 12364 
2019-08-07 09:25:03,402 - MOT - INFO - MTCNN detect face cost time : 0.272 s -  MainThread - 12364 
2019-08-07 09:25:03,403 - MOT - INFO - new Tracker: 1 -  MainThread - 12364 
2019-08-07 09:25:03,487 - MOT - INFO - MTCNN detect face cost time : 0.067 s -  MainThread - 12364 
2019-08-07 09:25:03,866 - MOT - INFO - MTCNN detect face cost time : 0.063 s -  MainThread - 12364 
2019-08-07 09:25:03,943 - MOT - INFO - MTCNN detect face cost time : 0.068 s -  MainThread - 12364 
2019-08-07 09:25:04,019 - MOT - INFO - MTCNN detect face cost time : 0.067 s -  MainThread - 12364 
2019-08-07 09:25:04,103 - MOT - INFO - MTCNN detect face cost time : 0.075 s -  MainThread - 12364 
2019-08-07 09:25:04,186 - MOT - INFO - MTCNN detect face cost time : 0.074 s -  MainThread - 12364 
2019-08-07 09:25:04,266 - MOT - INFO - MTCNN detect face cost time : 0.071 s -  MainThread - 12364 
2019-08-07 09:25:04,342 - MOT - INFO - MTCNN detect face cost time : 0.067 s -  MainThread - 12364 
2019-08-07 09:25:04,419 - MOT - INFO - MTCNN detect face cost time : 0.069 s -  MainThread - 12364 
2019-08-07 09:25:04,501 - MOT - INFO - MTCNN detect face cost time : 0.073 s -  MainThread - 12364 
2019-08-07 09:25:04,575 - MOT - INFO - MTCNN detect face cost time : 0.065 s -  MainThread - 12364 
2019-08-07 09:25:04,652 - MOT - INFO - MTCNN detect face cost time : 0.068 s -  MainThread - 12364 
2019-08-07 09:25:04,725 - MOT - INFO - MTCNN detect face cost time : 0.064 s -  MainThread - 12364 
2019-08-07 09:25:04,799 - MOT - INFO - MTCNN detect face cost time : 0.065 s -  MainThread - 12364 
2019-08-07 09:25:04,876 - MOT - INFO - MTCNN detect face cost time : 0.068 s -  MainThread - 12364 
2019-08-07 09:25:04,952 - MOT - INFO - MTCNN detect face cost time : 0.066 s -  MainThread - 12364 
2019-08-07 09:25:05,026 - MOT - INFO - MTCNN detect face cost time : 0.065 s -  MainThread - 12364 
2019-08-07 09:25:05,097 - MOT - INFO - MTCNN detect face cost time : 0.062 s -  MainThread - 12364 
2019-08-07 09:25:05,168 - MOT - INFO - MTCNN detect face cost time : 0.063 s -  MainThread - 12364 
2019-08-07 09:25:05,236 - MOT - INFO - MTCNN detect face cost time : 0.059 s -  MainThread - 12364 
2019-08-07 09:25:05,303 - MOT - INFO - MTCNN detect face cost time : 0.058 s -  MainThread - 12364 
2019-08-07 09:25:05,376 - MOT - INFO - MTCNN detect face cost time : 0.064 s -  MainThread - 12364 
2019-08-07 09:25:05,450 - MOT - INFO - MTCNN detect face cost time : 0.065 s -  MainThread - 12364 
2019-08-07 09:25:05,526 - MOT - INFO - MTCNN detect face cost time : 0.068 s -  MainThread - 12364 
2019-08-07 09:25:05,603 - MOT - INFO - MTCNN detect face cost time : 0.069 s -  MainThread - 12364 
2019-08-07 09:25:05,679 - MOT - INFO - MTCNN detect face cost time : 0.067 s -  MainThread - 12364 
2019-08-07 09:25:05,754 - MOT - INFO - MTCNN detect face cost time : 0.066 s -  MainThread - 12364 
2019-08-07 09:25:05,828 - MOT - INFO - MTCNN detect face cost time : 0.065 s -  MainThread - 12364 
2019-08-07 09:25:05,902 - MOT - INFO - MTCNN detect face cost time : 0.066 s -  MainThread - 12364 
2019-08-07 09:25:05,977 - MOT - INFO - MTCNN detect face cost time : 0.066 s -  MainThread - 12364 
2019-08-07 09:25:06,052 - MOT - INFO - MTCNN detect face cost time : 0.066 s -  MainThread - 12364 
2019-08-07 09:25:06,125 - MOT - INFO - MTCNN detect face cost time : 0.064 s -  MainThread - 12364 
2019-08-07 09:25:06,199 - MOT - INFO - MTCNN detect face cost time : 0.065 s -  MainThread - 12364 
2019-08-07 09:25:06,271 - MOT - INFO - MTCNN detect face cost time : 0.064 s -  MainThread - 12364 
2019-08-07 09:25:06,343 - MOT - INFO - MTCNN detect face cost time : 0.062 s -  MainThread - 12364 
2019-08-07 09:25:06,414 - MOT - INFO - MTCNN detect face cost time : 0.062 s -  MainThread - 12364 
2019-08-07 09:25:06,490 - MOT - INFO - MTCNN detect face cost time : 0.066 s -  MainThread - 12364 
2019-08-07 09:25:06,565 - MOT - INFO - MTCNN detect face cost time : 0.066 s -  MainThread - 12364 
2019-08-07 09:25:06,642 - MOT - INFO - MTCNN detect face cost time : 0.069 s -  MainThread - 12364 
2019-08-07 09:25:06,717 - MOT - INFO - MTCNN detect face cost time : 0.066 s -  MainThread - 12364 
2019-08-07 09:25:06,791 - MOT - INFO - MTCNN detect face cost time : 0.065 s -  MainThread - 12364 
2019-08-07 09:25:06,865 - MOT - INFO - MTCNN detect face cost time : 0.065 s -  MainThread - 12364 
2019-08-07 09:25:06,939 - MOT - INFO - MTCNN detect face cost time : 0.065 s -  MainThread - 12364 
2019-08-07 09:25:07,014 - MOT - INFO - MTCNN detect face cost time : 0.067 s -  MainThread - 12364 
2019-08-07 09:25:07,086 - MOT - INFO - MTCNN detect face cost time : 0.063 s -  MainThread - 12364 
2019-08-07 09:25:07,159 - MOT - INFO - MTCNN detect face cost time : 0.064 s -  MainThread - 12364 
2019-08-07 09:25:07,236 - MOT - INFO - MTCNN detect face cost time : 0.068 s -  MainThread - 12364 
2019-08-07 09:25:07,305 - MOT - INFO - MTCNN detect face cost time : 0.06 s -  MainThread - 12364 
2019-08-07 09:25:07,370 - MOT - INFO - MTCNN detect face cost time : 0.056 s -  MainThread - 12364 
2019-08-07 09:25:07,436 - MOT - INFO - MTCNN detect face cost time : 0.058 s -  MainThread - 12364 
2019-08-07 09:25:07,507 - MOT - INFO - MTCNN detect face cost time : 0.061 s -  MainThread - 12364 
2019-08-07 09:25:07,579 - MOT - INFO - MTCNN detect face cost time : 0.064 s -  MainThread - 12364 
2019-08-07 09:25:07,650 - MOT - INFO - MTCNN detect face cost time : 0.063 s -  MainThread - 12364 
2019-08-07 09:25:07,721 - MOT - INFO - MTCNN detect face cost time : 0.062 s -  MainThread - 12364 
2019-08-07 09:25:07,790 - MOT - INFO - MTCNN detect face cost time : 0.06 s -  MainThread - 12364 
2019-08-07 09:25:07,857 - MOT - INFO - MTCNN detect face cost time : 0.058 s -  MainThread - 12364 
2019-08-07 09:25:07,924 - MOT - INFO - MTCNN detect face cost time : 0.058 s -  MainThread - 12364 
2019-08-07 09:25:07,991 - MOT - INFO - MTCNN detect face cost time : 0.059 s -  MainThread - 12364 
2019-08-07 09:25:08,063 - MOT - INFO - MTCNN detect face cost time : 0.063 s -  MainThread - 12364 
2019-08-07 09:25:08,135 - MOT - INFO - MTCNN detect face cost time : 0.063 s -  MainThread - 12364 
2019-08-07 09:25:08,206 - MOT - INFO - MTCNN detect face cost time : 0.061 s -  MainThread - 12364 
2019-08-07 09:25:08,273 - MOT - INFO - MTCNN detect face cost time : 0.058 s -  MainThread - 12364 
2019-08-07 09:25:08,345 - MOT - INFO - MTCNN detect face cost time : 0.064 s -  MainThread - 12364 
2019-08-07 09:25:08,418 - MOT - INFO - MTCNN detect face cost time : 0.064 s -  MainThread - 12364 
2019-08-07 09:25:08,486 - MOT - INFO - MTCNN detect face cost time : 0.059 s -  MainThread - 12364 
2019-08-07 09:25:08,555 - MOT - INFO - MTCNN detect face cost time : 0.06 s -  MainThread - 12364 
2019-08-07 09:25:08,620 - MOT - INFO - MTCNN detect face cost time : 0.056 s -  MainThread - 12364 
2019-08-07 09:25:08,686 - MOT - INFO - MTCNN detect face cost time : 0.057 s -  MainThread - 12364 
2019-08-07 09:25:08,752 - MOT - INFO - MTCNN detect face cost time : 0.058 s -  MainThread - 12364 
2019-08-07 09:25:08,824 - MOT - INFO - MTCNN detect face cost time : 0.058 s -  MainThread - 12364 
2019-08-07 09:25:08,890 - MOT - INFO - MTCNN detect face cost time : 0.057 s -  MainThread - 12364 
2019-08-07 09:25:08,959 - MOT - INFO - MTCNN detect face cost time : 0.059 s -  MainThread - 12364 
2019-08-07 09:25:09,027 - MOT - INFO - MTCNN detect face cost time : 0.059 s -  MainThread - 12364 
2019-08-07 09:25:09,093 - MOT - INFO - MTCNN detect face cost time : 0.058 s -  MainThread - 12364 
2019-08-07 09:25:09,162 - MOT - INFO - MTCNN detect face cost time : 0.06 s -  MainThread - 12364 
2019-08-07 09:25:09,229 - MOT - INFO - MTCNN detect face cost time : 0.058 s -  MainThread - 12364 
2019-08-07 09:25:09,299 - MOT - INFO - MTCNN detect face cost time : 0.062 s -  MainThread - 12364 
2019-08-07 09:25:09,372 - MOT - INFO - MTCNN detect face cost time : 0.064 s -  MainThread - 12364 
2019-08-07 09:25:09,444 - MOT - INFO - MTCNN detect face cost time : 0.064 s -  MainThread - 12364 
2019-08-07 09:25:09,448 - MOT - INFO - Video_name:videos\2_Obama.mp4 -  MainThread - 12364 
2019-08-07 09:25:11,207 - MOT - INFO - MTCNN detect face cost time : 0.051 s -  MainThread - 12364 
2019-08-07 09:25:11,273 - MOT - INFO - MTCNN detect face cost time : 0.056 s -  MainThread - 12364 
2019-08-07 09:25:11,341 - MOT - INFO - MTCNN detect face cost time : 0.059 s -  MainThread - 12364 
2019-08-07 09:25:11,406 - MOT - INFO - MTCNN detect face cost time : 0.057 s -  MainThread - 12364 
2019-08-07 09:25:11,472 - MOT - INFO - MTCNN detect face cost time : 0.057 s -  MainThread - 12364 
2019-08-07 09:25:11,539 - MOT - INFO - MTCNN detect face cost time : 0.057 s -  MainThread - 12364 
2019-08-07 09:25:11,607 - MOT - INFO - MTCNN detect face cost time : 0.058 s -  MainThread - 12364 
