2019-08-06 13:22:29,009 - MOT - INFO - Start track and extract...... -  MainThread - 14056 
2019-08-06 13:22:30,721 - MOT - INFO - All files:1_Hours Of _Harassment' In NYC!.mp4 -  MainThread - 14056 
2019-08-06 13:22:30,722 - MOT - INFO - All files:2_Obama.mp4 -  MainThread - 14056 
2019-08-06 13:22:30,724 - MOT - INFO - Video_name:videos\1_Hours Of _Harassment' In NYC!.mp4 -  MainThread - 14056 
2019-08-06 13:22:33,457 - MOT - INFO - MTCNN detect face cost time : 0.182 s -  MainThread - 14056 
2019-08-06 13:22:33,536 - MOT - INFO - MTCNN detect face cost time : 0.052 s -  MainThread - 14056 
2019-08-06 13:22:33,753 - MOT - INFO - MTCNN detect face cost time : 0.208 s -  MainThread - 14056 
2019-08-06 13:22:33,757 - MOT - INFO - new Tracker: 1 -  MainThread - 14056 
2019-08-06 13:22:33,828 - MOT - INFO - MTCNN detect face cost time : 0.064 s -  MainThread - 14056 
2019-08-06 13:22:34,209 - MOT - INFO - MTCNN detect face cost time : 0.05 s -  MainThread - 14056 
2019-08-06 13:22:34,281 - MOT - INFO - MTCNN detect face cost time : 0.063 s -  MainThread - 14056 
2019-08-06 13:22:34,352 - MOT - INFO - MTCNN detect face cost time : 0.062 s -  MainThread - 14056 
2019-08-06 13:22:34,426 - MOT - INFO - MTCNN detect face cost time : 0.064 s -  MainThread - 14056 
2019-08-06 13:22:34,501 - MOT - INFO - MTCNN detect face cost time : 0.066 s -  MainThread - 14056 
2019-08-06 13:22:34,574 - MOT - INFO - MTCNN detect face cost time : 0.064 s -  MainThread - 14056 
2019-08-06 13:22:34,645 - MOT - INFO - MTCNN detect face cost time : 0.062 s -  MainThread - 14056 
2019-08-06 13:22:34,721 - MOT - INFO - MTCNN detect face cost time : 0.067 s -  MainThread - 14056 
2019-08-06 13:22:34,809 - MOT - INFO - MTCNN detect face cost time : 0.079 s -  MainThread - 14056 
2019-08-06 13:22:34,878 - MOT - INFO - MTCNN detect face cost time : 0.06 s -  MainThread - 14056 
2019-08-06 13:22:34,950 - MOT - INFO - MTCNN detect face cost time : 0.062 s -  MainThread - 14056 
2019-08-06 13:22:35,024 - MOT - INFO - MTCNN detect face cost time : 0.065 s -  MainThread - 14056 
2019-08-06 13:22:35,096 - MOT - INFO - MTCNN detect face cost time : 0.063 s -  MainThread - 14056 
2019-08-06 13:22:35,170 - MOT - INFO - MTCNN detect face cost time : 0.065 s -  MainThread - 14056 
2019-08-06 13:22:35,244 - MOT - INFO - MTCNN detect face cost time : 0.065 s -  MainThread - 14056 
2019-08-06 13:22:35,323 - MOT - INFO - MTCNN detect face cost time : 0.07 s -  MainThread - 14056 
2019-08-06 13:22:35,410 - MOT - INFO - MTCNN detect face cost time : 0.079 s -  MainThread - 14056 
2019-08-06 13:22:35,499 - MOT - INFO - MTCNN detect face cost time : 0.08 s -  MainThread - 14056 
2019-08-06 13:22:35,588 - MOT - INFO - MTCNN detect face cost time : 0.08 s -  MainThread - 14056 
2019-08-06 13:22:35,675 - MOT - INFO - MTCNN detect face cost time : 0.078 s -  MainThread - 14056 
2019-08-06 13:22:35,763 - MOT - INFO - MTCNN detect face cost time : 0.08 s -  MainThread - 14056 
2019-08-06 13:22:35,850 - MOT - INFO - MTCNN detect face cost time : 0.076 s -  MainThread - 14056 
2019-08-06 13:22:35,941 - MOT - INFO - MTCNN detect face cost time : 0.082 s -  MainThread - 14056 
2019-08-06 13:22:36,040 - MOT - INFO - MTCNN detect face cost time : 0.09 s -  MainThread - 14056 
2019-08-06 13:22:36,134 - MOT - INFO - MTCNN detect face cost time : 0.084 s -  MainThread - 14056 
2019-08-06 13:22:36,228 - MOT - INFO - MTCNN detect face cost time : 0.085 s -  MainThread - 14056 
2019-08-06 13:22:36,328 - MOT - INFO - MTCNN detect face cost time : 0.091 s -  MainThread - 14056 
2019-08-06 13:22:36,424 - MOT - INFO - MTCNN detect face cost time : 0.087 s -  MainThread - 14056 
2019-08-06 13:22:36,520 - MOT - INFO - MTCNN detect face cost time : 0.088 s -  MainThread - 14056 
2019-08-06 13:22:36,608 - MOT - INFO - MTCNN detect face cost time : 0.079 s -  MainThread - 14056 
2019-08-06 13:22:36,698 - MOT - INFO - MTCNN detect face cost time : 0.08 s -  MainThread - 14056 
2019-08-06 13:22:36,793 - MOT - INFO - MTCNN detect face cost time : 0.086 s -  MainThread - 14056 
2019-08-06 13:22:36,902 - MOT - INFO - MTCNN detect face cost time : 0.101 s -  MainThread - 14056 
2019-08-06 13:22:37,005 - MOT - INFO - MTCNN detect face cost time : 0.093 s -  MainThread - 14056 
2019-08-06 13:22:37,106 - MOT - INFO - MTCNN detect face cost time : 0.092 s -  MainThread - 14056 
2019-08-06 13:22:37,205 - MOT - INFO - MTCNN detect face cost time : 0.09 s -  MainThread - 14056 
2019-08-06 13:22:37,310 - MOT - INFO - MTCNN detect face cost time : 0.095 s -  MainThread - 14056 
2019-08-06 13:22:37,405 - MOT - INFO - MTCNN detect face cost time : 0.086 s -  MainThread - 14056 
2019-08-06 13:22:37,505 - MOT - INFO - MTCNN detect face cost time : 0.091 s -  MainThread - 14056 
2019-08-06 13:22:37,612 - MOT - INFO - MTCNN detect face cost time : 0.099 s -  MainThread - 14056 
2019-08-06 13:22:37,714 - MOT - INFO - MTCNN detect face cost time : 0.093 s -  MainThread - 14056 
2019-08-06 13:22:37,809 - MOT - INFO - MTCNN detect face cost time : 0.085 s -  MainThread - 14056 
2019-08-06 13:22:37,904 - MOT - INFO - MTCNN detect face cost time : 0.086 s -  MainThread - 14056 
2019-08-06 13:22:37,993 - MOT - INFO - MTCNN detect face cost time : 0.079 s -  MainThread - 14056 
2019-08-06 13:22:38,090 - MOT - INFO - MTCNN detect face cost time : 0.089 s -  MainThread - 14056 
2019-08-06 13:22:38,183 - MOT - INFO - MTCNN detect face cost time : 0.083 s -  MainThread - 14056 
2019-08-06 13:22:38,279 - MOT - INFO - MTCNN detect face cost time : 0.087 s -  MainThread - 14056 
2019-08-06 13:22:38,375 - MOT - INFO - MTCNN detect face cost time : 0.088 s -  MainThread - 14056 
2019-08-06 13:22:38,473 - MOT - INFO - MTCNN detect face cost time : 0.089 s -  MainThread - 14056 
2019-08-06 13:22:38,567 - MOT - INFO - MTCNN detect face cost time : 0.085 s -  MainThread - 14056 
2019-08-06 13:22:38,664 - MOT - INFO - MTCNN detect face cost time : 0.088 s -  MainThread - 14056 
2019-08-06 13:22:38,756 - MOT - INFO - MTCNN detect face cost time : 0.084 s -  MainThread - 14056 
2019-08-06 13:22:38,846 - MOT - INFO - MTCNN detect face cost time : 0.081 s -  MainThread - 14056 
2019-08-06 13:22:38,948 - MOT - INFO - MTCNN detect face cost time : 0.093 s -  MainThread - 14056 
2019-08-06 13:22:39,039 - MOT - INFO - MTCNN detect face cost time : 0.082 s -  MainThread - 14056 
2019-08-06 13:22:39,137 - MOT - INFO - MTCNN detect face cost time : 0.089 s -  MainThread - 14056 
2019-08-06 13:22:39,224 - MOT - INFO - MTCNN detect face cost time : 0.077 s -  MainThread - 14056 
2019-08-06 13:22:39,309 - MOT - INFO - MTCNN detect face cost time : 0.077 s -  MainThread - 14056 
2019-08-06 13:22:39,398 - MOT - INFO - MTCNN detect face cost time : 0.079 s -  MainThread - 14056 
2019-08-06 13:22:39,487 - MOT - INFO - MTCNN detect face cost time : 0.08 s -  MainThread - 14056 
2019-08-06 13:22:39,582 - MOT - INFO - MTCNN detect face cost time : 0.086 s -  MainThread - 14056 
2019-08-06 13:22:39,684 - MOT - INFO - MTCNN detect face cost time : 0.094 s -  MainThread - 14056 
2019-08-06 13:22:39,790 - MOT - INFO - MTCNN detect face cost time : 0.097 s -  MainThread - 14056 
2019-08-06 13:22:39,896 - MOT - INFO - MTCNN detect face cost time : 0.097 s -  MainThread - 14056 
2019-08-06 13:22:40,014 - MOT - INFO - MTCNN detect face cost time : 0.109 s -  MainThread - 14056 
2019-08-06 13:22:40,123 - MOT - INFO - MTCNN detect face cost time : 0.1 s -  MainThread - 14056 
2019-08-06 13:22:40,225 - MOT - INFO - MTCNN detect face cost time : 0.093 s -  MainThread - 14056 
2019-08-06 13:22:40,332 - MOT - INFO - MTCNN detect face cost time : 0.098 s -  MainThread - 14056 
2019-08-06 13:22:40,433 - MOT - INFO - MTCNN detect face cost time : 0.093 s -  MainThread - 14056 
2019-08-06 13:22:40,542 - MOT - INFO - MTCNN detect face cost time : 0.1 s -  MainThread - 14056 
2019-08-06 13:22:40,645 - MOT - INFO - MTCNN detect face cost time : 0.094 s -  MainThread - 14056 
2019-08-06 13:22:40,750 - MOT - INFO - MTCNN detect face cost time : 0.096 s -  MainThread - 14056 
2019-08-06 13:22:40,854 - MOT - INFO - MTCNN detect face cost time : 0.096 s -  MainThread - 14056 
2019-08-06 13:22:40,963 - MOT - INFO - MTCNN detect face cost time : 0.098 s -  MainThread - 14056 
2019-08-06 13:22:41,067 - MOT - INFO - MTCNN detect face cost time : 0.095 s -  MainThread - 14056 
2019-08-06 13:22:41,168 - MOT - INFO - MTCNN detect face cost time : 0.093 s -  MainThread - 14056 
2019-08-06 13:22:41,270 - MOT - INFO - MTCNN detect face cost time : 0.093 s -  MainThread - 14056 
2019-08-06 13:22:41,389 - MOT - INFO - MTCNN detect face cost time : 0.11 s -  MainThread - 14056 
2019-08-06 13:22:41,499 - MOT - INFO - MTCNN detect face cost time : 0.101 s -  MainThread - 14056 
2019-08-06 13:22:41,611 - MOT - INFO - MTCNN detect face cost time : 0.104 s -  MainThread - 14056 
2019-08-06 13:22:41,723 - MOT - INFO - MTCNN detect face cost time : 0.103 s -  MainThread - 14056 
2019-08-06 13:22:41,845 - MOT - INFO - MTCNN detect face cost time : 0.113 s -  MainThread - 14056 
2019-08-06 13:22:41,947 - MOT - INFO - MTCNN detect face cost time : 0.093 s -  MainThread - 14056 
2019-08-06 13:22:42,052 - MOT - INFO - MTCNN detect face cost time : 0.095 s -  MainThread - 14056 
2019-08-06 13:22:42,149 - MOT - INFO - MTCNN detect face cost time : 0.088 s -  MainThread - 14056 
2019-08-06 13:22:42,254 - MOT - INFO - MTCNN detect face cost time : 0.095 s -  MainThread - 14056 
2019-08-06 13:22:42,362 - MOT - INFO - MTCNN detect face cost time : 0.097 s -  MainThread - 14056 
2019-08-06 13:22:42,478 - MOT - INFO - MTCNN detect face cost time : 0.107 s -  MainThread - 14056 
2019-08-06 13:22:42,598 - MOT - INFO - MTCNN detect face cost time : 0.111 s -  MainThread - 14056 
2019-08-06 13:22:42,720 - MOT - INFO - MTCNN detect face cost time : 0.112 s -  MainThread - 14056 
2019-08-06 13:22:42,837 - MOT - INFO - MTCNN detect face cost time : 0.109 s -  MainThread - 14056 
2019-08-06 13:22:42,950 - MOT - INFO - MTCNN detect face cost time : 0.103 s -  MainThread - 14056 
2019-08-06 13:22:43,069 - MOT - INFO - MTCNN detect face cost time : 0.109 s -  MainThread - 14056 
2019-08-06 13:22:43,192 - MOT - INFO - MTCNN detect face cost time : 0.114 s -  MainThread - 14056 
2019-08-06 13:22:43,297 - MOT - INFO - MTCNN detect face cost time : 0.096 s -  MainThread - 14056 
2019-08-06 13:22:43,406 - MOT - INFO - MTCNN detect face cost time : 0.1 s -  MainThread - 14056 
2019-08-06 13:22:43,524 - MOT - INFO - MTCNN detect face cost time : 0.108 s -  MainThread - 14056 
2019-08-06 13:22:43,639 - MOT - INFO - MTCNN detect face cost time : 0.105 s -  MainThread - 14056 
2019-08-06 13:22:43,734 - MOT - INFO - MTCNN detect face cost time : 0.085 s -  MainThread - 14056 
2019-08-06 13:22:43,837 - MOT - INFO - MTCNN detect face cost time : 0.094 s -  MainThread - 14056 
2019-08-06 13:22:43,942 - MOT - INFO - MTCNN detect face cost time : 0.095 s -  MainThread - 14056 
2019-08-06 13:22:44,030 - MOT - INFO - MTCNN detect face cost time : 0.078 s -  MainThread - 14056 
2019-08-06 13:22:44,120 - MOT - INFO - MTCNN detect face cost time : 0.081 s -  MainThread - 14056 
2019-08-06 13:22:44,223 - MOT - INFO - MTCNN detect face cost time : 0.094 s -  MainThread - 14056 
2019-08-06 13:22:44,310 - MOT - INFO - MTCNN detect face cost time : 0.078 s -  MainThread - 14056 
2019-08-06 13:22:44,406 - MOT - INFO - MTCNN detect face cost time : 0.086 s -  MainThread - 14056 
2019-08-06 13:22:44,496 - MOT - INFO - MTCNN detect face cost time : 0.08 s -  MainThread - 14056 
2019-08-06 13:22:44,579 - MOT - INFO - MTCNN detect face cost time : 0.075 s -  MainThread - 14056 
2019-08-06 13:22:44,666 - MOT - INFO - MTCNN detect face cost time : 0.077 s -  MainThread - 14056 
2019-08-06 13:22:44,751 - MOT - INFO - MTCNN detect face cost time : 0.076 s -  MainThread - 14056 
2019-08-06 13:22:44,838 - MOT - INFO - MTCNN detect face cost time : 0.077 s -  MainThread - 14056 
2019-08-06 13:22:44,926 - MOT - INFO - MTCNN detect face cost time : 0.079 s -  MainThread - 14056 
2019-08-06 13:22:45,007 - MOT - INFO - MTCNN detect face cost time : 0.071 s -  MainThread - 14056 
2019-08-06 13:22:45,090 - MOT - INFO - MTCNN detect face cost time : 0.073 s -  MainThread - 14056 
2019-08-06 13:22:45,172 - MOT - INFO - MTCNN detect face cost time : 0.072 s -  MainThread - 14056 
2019-08-06 13:22:45,258 - MOT - INFO - MTCNN detect face cost time : 0.076 s -  MainThread - 14056 
2019-08-06 13:22:45,343 - MOT - INFO - MTCNN detect face cost time : 0.076 s -  MainThread - 14056 
2019-08-06 13:22:45,429 - MOT - INFO - MTCNN detect face cost time : 0.077 s -  MainThread - 14056 
2019-08-06 13:22:45,518 - MOT - INFO - MTCNN detect face cost time : 0.08 s -  MainThread - 14056 
2019-08-06 13:22:45,604 - MOT - INFO - MTCNN detect face cost time : 0.076 s -  MainThread - 14056 
2019-08-06 13:22:45,692 - MOT - INFO - MTCNN detect face cost time : 0.078 s -  MainThread - 14056 
2019-08-06 13:22:45,782 - MOT - INFO - MTCNN detect face cost time : 0.08 s -  MainThread - 14056 
2019-08-06 13:22:45,871 - MOT - INFO - MTCNN detect face cost time : 0.079 s -  MainThread - 14056 
2019-08-06 13:22:45,960 - MOT - INFO - MTCNN detect face cost time : 0.079 s -  MainThread - 14056 
2019-08-06 13:22:46,045 - MOT - INFO - MTCNN detect face cost time : 0.076 s -  MainThread - 14056 
2019-08-06 13:22:46,140 - MOT - INFO - MTCNN detect face cost time : 0.085 s -  MainThread - 14056 
2019-08-06 13:22:46,249 - MOT - INFO - MTCNN detect face cost time : 0.099 s -  MainThread - 14056 
2019-08-06 13:22:46,352 - MOT - INFO - MTCNN detect face cost time : 0.093 s -  MainThread - 14056 
2019-08-06 13:22:46,459 - MOT - INFO - MTCNN detect face cost time : 0.096 s -  MainThread - 14056 
2019-08-06 13:22:46,586 - MOT - INFO - MTCNN detect face cost time : 0.118 s -  MainThread - 14056 
2019-08-06 13:22:46,701 - MOT - INFO - MTCNN detect face cost time : 0.104 s -  MainThread - 14056 
2019-08-06 13:22:46,822 - MOT - INFO - MTCNN detect face cost time : 0.111 s -  MainThread - 14056 
2019-08-06 13:22:46,941 - MOT - INFO - MTCNN detect face cost time : 0.109 s -  MainThread - 14056 
2019-08-06 13:22:47,057 - MOT - INFO - MTCNN detect face cost time : 0.106 s -  MainThread - 14056 
2019-08-06 13:22:47,184 - MOT - INFO - MTCNN detect face cost time : 0.117 s -  MainThread - 14056 
2019-08-06 13:22:47,310 - MOT - INFO - MTCNN detect face cost time : 0.116 s -  MainThread - 14056 
2019-08-06 13:22:47,435 - MOT - INFO - MTCNN detect face cost time : 0.116 s -  MainThread - 14056 
2019-08-06 13:22:47,555 - MOT - INFO - MTCNN detect face cost time : 0.11 s -  MainThread - 14056 
2019-08-06 13:22:47,673 - MOT - INFO - MTCNN detect face cost time : 0.108 s -  MainThread - 14056 
2019-08-06 13:22:47,807 - MOT - INFO - MTCNN detect face cost time : 0.123 s -  MainThread - 14056 
2019-08-06 13:22:47,923 - MOT - INFO - MTCNN detect face cost time : 0.107 s -  MainThread - 14056 
2019-08-06 13:22:48,049 - MOT - INFO - MTCNN detect face cost time : 0.115 s -  MainThread - 14056 
2019-08-06 13:22:48,155 - MOT - INFO - MTCNN detect face cost time : 0.096 s -  MainThread - 14056 
2019-08-06 13:22:48,266 - MOT - INFO - MTCNN detect face cost time : 0.102 s -  MainThread - 14056 
2019-08-06 13:22:48,388 - MOT - INFO - MTCNN detect face cost time : 0.111 s -  MainThread - 14056 
2019-08-06 13:22:48,489 - MOT - INFO - MTCNN detect face cost time : 0.091 s -  MainThread - 14056 
2019-08-06 13:22:48,587 - MOT - INFO - MTCNN detect face cost time : 0.088 s -  MainThread - 14056 
2019-08-06 13:22:48,682 - MOT - INFO - MTCNN detect face cost time : 0.086 s -  MainThread - 14056 
2019-08-06 13:22:48,790 - MOT - INFO - MTCNN detect face cost time : 0.098 s -  MainThread - 14056 
2019-08-06 13:22:48,891 - MOT - INFO - MTCNN detect face cost time : 0.091 s -  MainThread - 14056 
2019-08-06 13:22:48,989 - MOT - INFO - MTCNN detect face cost time : 0.087 s -  MainThread - 14056 
2019-08-06 13:22:49,091 - MOT - INFO - MTCNN detect face cost time : 0.093 s -  MainThread - 14056 
2019-08-06 13:22:49,187 - MOT - INFO - MTCNN detect face cost time : 0.086 s -  MainThread - 14056 
2019-08-06 13:22:49,287 - MOT - INFO - MTCNN detect face cost time : 0.09 s -  MainThread - 14056 
2019-08-06 13:22:49,387 - MOT - INFO - MTCNN detect face cost time : 0.091 s -  MainThread - 14056 
2019-08-06 13:22:49,480 - MOT - INFO - MTCNN detect face cost time : 0.083 s -  MainThread - 14056 
2019-08-06 13:22:49,565 - MOT - INFO - MTCNN detect face cost time : 0.075 s -  MainThread - 14056 
2019-08-06 13:22:49,650 - MOT - INFO - MTCNN detect face cost time : 0.075 s -  MainThread - 14056 
2019-08-06 13:22:49,741 - MOT - INFO - MTCNN detect face cost time : 0.081 s -  MainThread - 14056 
2019-08-06 13:22:49,832 - MOT - INFO - MTCNN detect face cost time : 0.082 s -  MainThread - 14056 
2019-08-06 13:22:49,921 - MOT - INFO - MTCNN detect face cost time : 0.079 s -  MainThread - 14056 
2019-08-06 13:22:50,011 - MOT - INFO - MTCNN detect face cost time : 0.08 s -  MainThread - 14056 
2019-08-06 13:22:50,092 - MOT - INFO - MTCNN detect face cost time : 0.071 s -  MainThread - 14056 
2019-08-06 13:22:50,172 - MOT - INFO - MTCNN detect face cost time : 0.071 s -  MainThread - 14056 
2019-08-06 13:22:50,247 - MOT - INFO - MTCNN detect face cost time : 0.063 s -  MainThread - 14056 
2019-08-06 13:22:50,330 - MOT - INFO - MTCNN detect face cost time : 0.073 s -  MainThread - 14056 
2019-08-06 13:22:50,408 - MOT - INFO - MTCNN detect face cost time : 0.068 s -  MainThread - 14056 
2019-08-06 13:22:50,490 - MOT - INFO - MTCNN detect face cost time : 0.072 s -  MainThread - 14056 
2019-08-06 13:22:50,572 - MOT - INFO - MTCNN detect face cost time : 0.073 s -  MainThread - 14056 
2019-08-06 13:22:50,657 - MOT - INFO - MTCNN detect face cost time : 0.075 s -  MainThread - 14056 
2019-08-06 13:22:50,744 - MOT - INFO - MTCNN detect face cost time : 0.077 s -  MainThread - 14056 
2019-08-06 13:22:50,841 - MOT - INFO - MTCNN detect face cost time : 0.087 s -  MainThread - 14056 
2019-08-06 13:22:50,935 - MOT - INFO - MTCNN detect face cost time : 0.085 s -  MainThread - 14056 
2019-08-06 13:22:51,025 - MOT - INFO - MTCNN detect face cost time : 0.08 s -  MainThread - 14056 
2019-08-06 13:22:51,117 - MOT - INFO - MTCNN detect face cost time : 0.082 s -  MainThread - 14056 
2019-08-06 13:22:51,204 - MOT - INFO - MTCNN detect face cost time : 0.077 s -  MainThread - 14056 
2019-08-06 13:22:51,299 - MOT - INFO - MTCNN detect face cost time : 0.086 s -  MainThread - 14056 
2019-08-06 13:22:51,394 - MOT - INFO - MTCNN detect face cost time : 0.085 s -  MainThread - 14056 
2019-08-06 13:22:51,486 - MOT - INFO - MTCNN detect face cost time : 0.082 s -  MainThread - 14056 
2019-08-06 13:22:51,586 - MOT - INFO - MTCNN detect face cost time : 0.09 s -  MainThread - 14056 
2019-08-06 13:22:51,678 - MOT - INFO - MTCNN detect face cost time : 0.083 s -  MainThread - 14056 
2019-08-06 13:22:51,774 - MOT - INFO - MTCNN detect face cost time : 0.086 s -  MainThread - 14056 
2019-08-06 13:22:51,870 - MOT - INFO - MTCNN detect face cost time : 0.086 s -  MainThread - 14056 
2019-08-06 13:22:51,966 - MOT - INFO - MTCNN detect face cost time : 0.086 s -  MainThread - 14056 
2019-08-06 13:22:52,061 - MOT - INFO - MTCNN detect face cost time : 0.082 s -  MainThread - 14056 
2019-08-06 13:22:52,152 - MOT - INFO - MTCNN detect face cost time : 0.081 s -  MainThread - 14056 
2019-08-06 13:22:52,244 - MOT - INFO - MTCNN detect face cost time : 0.082 s -  MainThread - 14056 
2019-08-06 13:22:52,333 - MOT - INFO - MTCNN detect face cost time : 0.079 s -  MainThread - 14056 
2019-08-06 13:22:52,423 - MOT - INFO - MTCNN detect face cost time : 0.079 s -  MainThread - 14056 
2019-08-06 13:22:52,521 - MOT - INFO - MTCNN detect face cost time : 0.088 s -  MainThread - 14056 
2019-08-06 13:22:52,610 - MOT - INFO - MTCNN detect face cost time : 0.079 s -  MainThread - 14056 
2019-08-06 13:22:52,708 - MOT - INFO - MTCNN detect face cost time : 0.089 s -  MainThread - 14056 
2019-08-06 13:22:52,802 - MOT - INFO - MTCNN detect face cost time : 0.085 s -  MainThread - 14056 
2019-08-06 13:22:52,897 - MOT - INFO - MTCNN detect face cost time : 0.085 s -  MainThread - 14056 
2019-08-06 13:22:52,993 - MOT - INFO - MTCNN detect face cost time : 0.086 s -  MainThread - 14056 
2019-08-06 13:22:53,088 - MOT - INFO - MTCNN detect face cost time : 0.084 s -  MainThread - 14056 
2019-08-06 13:22:53,187 - MOT - INFO - MTCNN detect face cost time : 0.089 s -  MainThread - 14056 
2019-08-06 13:22:53,284 - MOT - INFO - MTCNN detect face cost time : 0.087 s -  MainThread - 14056 
2019-08-06 13:22:53,381 - MOT - INFO - MTCNN detect face cost time : 0.086 s -  MainThread - 14056 
2019-08-06 13:22:53,475 - MOT - INFO - MTCNN detect face cost time : 0.084 s -  MainThread - 14056 
2019-08-06 13:22:53,563 - MOT - INFO - MTCNN detect face cost time : 0.079 s -  MainThread - 14056 
2019-08-06 13:22:53,648 - MOT - INFO - MTCNN detect face cost time : 0.075 s -  MainThread - 14056 
2019-08-06 13:22:53,736 - MOT - INFO - MTCNN detect face cost time : 0.078 s -  MainThread - 14056 
2019-08-06 13:22:53,831 - MOT - INFO - MTCNN detect face cost time : 0.085 s -  MainThread - 14056 
2019-08-06 13:22:53,926 - MOT - INFO - MTCNN detect face cost time : 0.086 s -  MainThread - 14056 
2019-08-06 13:22:54,019 - MOT - INFO - MTCNN detect face cost time : 0.083 s -  MainThread - 14056 
2019-08-06 13:22:54,112 - MOT - INFO - MTCNN detect face cost time : 0.083 s -  MainThread - 14056 
2019-08-06 13:22:54,203 - MOT - INFO - MTCNN detect face cost time : 0.081 s -  MainThread - 14056 
2019-08-06 13:22:54,294 - MOT - INFO - MTCNN detect face cost time : 0.082 s -  MainThread - 14056 
2019-08-06 13:22:54,396 - MOT - INFO - MTCNN detect face cost time : 0.091 s -  MainThread - 14056 
2019-08-06 13:22:54,496 - MOT - INFO - MTCNN detect face cost time : 0.087 s -  MainThread - 14056 
2019-08-06 13:22:54,596 - MOT - INFO - MTCNN detect face cost time : 0.09 s -  MainThread - 14056 
2019-08-06 13:22:54,697 - MOT - INFO - MTCNN detect face cost time : 0.091 s -  MainThread - 14056 
2019-08-06 13:22:54,798 - MOT - INFO - MTCNN detect face cost time : 0.092 s -  MainThread - 14056 
2019-08-06 13:22:54,904 - MOT - INFO - MTCNN detect face cost time : 0.096 s -  MainThread - 14056 
2019-08-06 13:22:55,004 - MOT - INFO - MTCNN detect face cost time : 0.091 s -  MainThread - 14056 
2019-08-06 13:22:55,104 - MOT - INFO - MTCNN detect face cost time : 0.09 s -  MainThread - 14056 
2019-08-06 13:22:55,204 - MOT - INFO - MTCNN detect face cost time : 0.09 s -  MainThread - 14056 
2019-08-06 13:22:55,308 - MOT - INFO - MTCNN detect face cost time : 0.094 s -  MainThread - 14056 
2019-08-06 13:22:55,405 - MOT - INFO - MTCNN detect face cost time : 0.088 s -  MainThread - 14056 
2019-08-06 13:22:55,512 - MOT - INFO - MTCNN detect face cost time : 0.096 s -  MainThread - 14056 
2019-08-06 13:22:55,612 - MOT - INFO - MTCNN detect face cost time : 0.091 s -  MainThread - 14056 
2019-08-06 13:22:55,714 - MOT - INFO - MTCNN detect face cost time : 0.092 s -  MainThread - 14056 
2019-08-06 13:22:55,810 - MOT - INFO - MTCNN detect face cost time : 0.086 s -  MainThread - 14056 
2019-08-06 13:22:55,920 - MOT - INFO - MTCNN detect face cost time : 0.099 s -  MainThread - 14056 
2019-08-06 13:22:56,016 - MOT - INFO - MTCNN detect face cost time : 0.087 s -  MainThread - 14056 
2019-08-06 13:22:56,108 - MOT - INFO - MTCNN detect face cost time : 0.082 s -  MainThread - 14056 
2019-08-06 13:22:56,208 - MOT - INFO - MTCNN detect face cost time : 0.09 s -  MainThread - 14056 
2019-08-06 13:22:56,303 - MOT - INFO - MTCNN detect face cost time : 0.086 s -  MainThread - 14056 
2019-08-06 13:22:56,407 - MOT - INFO - MTCNN detect face cost time : 0.094 s -  MainThread - 14056 
2019-08-06 13:22:56,517 - MOT - INFO - MTCNN detect face cost time : 0.1 s -  MainThread - 14056 
2019-08-06 13:22:56,624 - MOT - INFO - MTCNN detect face cost time : 0.097 s -  MainThread - 14056 
2019-08-06 13:22:56,743 - MOT - INFO - MTCNN detect face cost time : 0.109 s -  MainThread - 14056 
2019-08-06 13:22:56,851 - MOT - INFO - MTCNN detect face cost time : 0.098 s -  MainThread - 14056 
2019-08-06 13:22:56,954 - MOT - INFO - MTCNN detect face cost time : 0.093 s -  MainThread - 14056 
2019-08-06 13:22:57,050 - MOT - INFO - MTCNN detect face cost time : 0.087 s -  MainThread - 14056 
2019-08-06 13:22:57,142 - MOT - INFO - MTCNN detect face cost time : 0.082 s -  MainThread - 14056 
2019-08-06 13:22:57,241 - MOT - INFO - MTCNN detect face cost time : 0.089 s -  MainThread - 14056 
2019-08-06 13:22:57,336 - MOT - INFO - MTCNN detect face cost time : 0.085 s -  MainThread - 14056 
2019-08-06 13:22:57,432 - MOT - INFO - MTCNN detect face cost time : 0.085 s -  MainThread - 14056 
2019-08-06 13:22:57,528 - MOT - INFO - MTCNN detect face cost time : 0.086 s -  MainThread - 14056 
2019-08-06 13:22:57,621 - MOT - INFO - MTCNN detect face cost time : 0.084 s -  MainThread - 14056 
2019-08-06 13:22:57,716 - MOT - INFO - MTCNN detect face cost time : 0.085 s -  MainThread - 14056 
2019-08-06 13:22:57,814 - MOT - INFO - MTCNN detect face cost time : 0.087 s -  MainThread - 14056 
2019-08-06 13:22:57,929 - MOT - INFO - MTCNN detect face cost time : 0.105 s -  MainThread - 14056 
2019-08-06 13:22:58,028 - MOT - INFO - MTCNN detect face cost time : 0.089 s -  MainThread - 14056 
2019-08-06 13:22:58,124 - MOT - INFO - MTCNN detect face cost time : 0.086 s -  MainThread - 14056 
2019-08-06 13:22:58,234 - MOT - INFO - MTCNN detect face cost time : 0.1 s -  MainThread - 14056 
2019-08-06 13:22:58,331 - MOT - INFO - MTCNN detect face cost time : 0.087 s -  MainThread - 14056 
2019-08-06 13:22:58,428 - MOT - INFO - MTCNN detect face cost time : 0.088 s -  MainThread - 14056 
2019-08-06 13:22:58,531 - MOT - INFO - MTCNN detect face cost time : 0.093 s -  MainThread - 14056 
2019-08-06 13:22:58,622 - MOT - INFO - MTCNN detect face cost time : 0.081 s -  MainThread - 14056 
2019-08-06 13:22:58,721 - MOT - INFO - MTCNN detect face cost time : 0.089 s -  MainThread - 14056 
2019-08-06 13:22:58,814 - MOT - INFO - MTCNN detect face cost time : 0.083 s -  MainThread - 14056 
2019-08-06 13:22:58,909 - MOT - INFO - MTCNN detect face cost time : 0.085 s -  MainThread - 14056 
2019-08-06 13:22:59,012 - MOT - INFO - MTCNN detect face cost time : 0.094 s -  MainThread - 14056 
2019-08-06 13:22:59,120 - MOT - INFO - MTCNN detect face cost time : 0.098 s -  MainThread - 14056 
2019-08-06 13:22:59,218 - MOT - INFO - MTCNN detect face cost time : 0.088 s -  MainThread - 14056 
2019-08-06 13:22:59,316 - MOT - INFO - MTCNN detect face cost time : 0.089 s -  MainThread - 14056 
2019-08-06 13:22:59,424 - MOT - INFO - MTCNN detect face cost time : 0.097 s -  MainThread - 14056 
2019-08-06 13:22:59,532 - MOT - INFO - MTCNN detect face cost time : 0.098 s -  MainThread - 14056 
2019-08-06 13:22:59,634 - MOT - INFO - MTCNN detect face cost time : 0.092 s -  MainThread - 14056 
2019-08-06 13:22:59,747 - MOT - INFO - MTCNN detect face cost time : 0.104 s -  MainThread - 14056 
2019-08-06 13:22:59,852 - MOT - INFO - MTCNN detect face cost time : 0.095 s -  MainThread - 14056 
2019-08-06 13:22:59,960 - MOT - INFO - MTCNN detect face cost time : 0.098 s -  MainThread - 14056 
2019-08-06 13:23:00,063 - MOT - INFO - MTCNN detect face cost time : 0.094 s -  MainThread - 14056 
2019-08-06 13:23:00,166 - MOT - INFO - MTCNN detect face cost time : 0.093 s -  MainThread - 14056 
2019-08-06 13:23:00,264 - MOT - INFO - MTCNN detect face cost time : 0.088 s -  MainThread - 14056 
2019-08-06 13:23:00,362 - MOT - INFO - MTCNN detect face cost time : 0.088 s -  MainThread - 14056 
2019-08-06 13:23:00,467 - MOT - INFO - MTCNN detect face cost time : 0.096 s -  MainThread - 14056 
2019-08-06 13:23:00,569 - MOT - INFO - MTCNN detect face cost time : 0.092 s -  MainThread - 14056 
2019-08-06 13:23:00,665 - MOT - INFO - MTCNN detect face cost time : 0.086 s -  MainThread - 14056 
2019-08-06 13:23:00,765 - MOT - INFO - MTCNN detect face cost time : 0.09 s -  MainThread - 14056 
2019-08-06 13:23:00,873 - MOT - INFO - MTCNN detect face cost time : 0.097 s -  MainThread - 14056 
2019-08-06 13:23:00,977 - MOT - INFO - MTCNN detect face cost time : 0.093 s -  MainThread - 14056 
2019-08-06 13:23:01,095 - MOT - INFO - MTCNN detect face cost time : 0.107 s -  MainThread - 14056 
2019-08-06 13:23:01,186 - MOT - INFO - MTCNN detect face cost time : 0.082 s -  MainThread - 14056 
2019-08-06 13:23:01,282 - MOT - INFO - MTCNN detect face cost time : 0.086 s -  MainThread - 14056 
2019-08-06 13:23:01,286 - MOT - INFO - remove tracker: 1 -  MainThread - 14056 
2019-08-06 13:23:01,376 - MOT - INFO - MTCNN detect face cost time : 0.082 s -  MainThread - 14056 
2019-08-06 13:23:01,378 - MOT - INFO - new Tracker: 2 -  MainThread - 14056 
2019-08-06 13:23:01,465 - MOT - INFO - MTCNN detect face cost time : 0.081 s -  MainThread - 14056 
2019-08-06 13:23:01,555 - MOT - INFO - MTCNN detect face cost time : 0.08 s -  MainThread - 14056 
2019-08-06 13:23:01,643 - MOT - INFO - MTCNN detect face cost time : 0.08 s -  MainThread - 14056 
2019-08-06 13:23:01,736 - MOT - INFO - MTCNN detect face cost time : 0.083 s -  MainThread - 14056 
2019-08-06 13:23:01,830 - MOT - INFO - MTCNN detect face cost time : 0.084 s -  MainThread - 14056 
2019-08-06 13:23:01,919 - MOT - INFO - MTCNN detect face cost time : 0.08 s -  MainThread - 14056 
2019-08-06 13:23:01,922 - MOT - INFO - remove tracker: 2 -  MainThread - 14056 
2019-08-06 13:23:02,018 - MOT - INFO - MTCNN detect face cost time : 0.089 s -  MainThread - 14056 
2019-08-06 13:23:02,020 - MOT - INFO - new Tracker: 3 -  MainThread - 14056 
2019-08-06 13:23:02,107 - MOT - INFO - MTCNN detect face cost time : 0.081 s -  MainThread - 14056 
2019-08-06 13:23:02,200 - MOT - INFO - MTCNN detect face cost time : 0.086 s -  MainThread - 14056 
2019-08-06 13:23:02,294 - MOT - INFO - MTCNN detect face cost time : 0.087 s -  MainThread - 14056 
2019-08-06 13:23:02,389 - MOT - INFO - MTCNN detect face cost time : 0.084 s -  MainThread - 14056 
2019-08-06 13:23:02,494 - MOT - INFO - MTCNN detect face cost time : 0.094 s -  MainThread - 14056 
2019-08-06 13:23:02,597 - MOT - INFO - MTCNN detect face cost time : 0.093 s -  MainThread - 14056 
2019-08-06 13:23:02,698 - MOT - INFO - MTCNN detect face cost time : 0.092 s -  MainThread - 14056 
2019-08-06 13:23:02,802 - MOT - INFO - MTCNN detect face cost time : 0.093 s -  MainThread - 14056 
2019-08-06 13:23:02,906 - MOT - INFO - MTCNN detect face cost time : 0.094 s -  MainThread - 14056 
2019-08-06 13:23:03,010 - MOT - INFO - MTCNN detect face cost time : 0.094 s -  MainThread - 14056 
2019-08-06 13:23:03,120 - MOT - INFO - MTCNN detect face cost time : 0.1 s -  MainThread - 14056 
2019-08-06 13:23:03,229 - MOT - INFO - MTCNN detect face cost time : 0.099 s -  MainThread - 14056 
2019-08-06 13:23:03,335 - MOT - INFO - MTCNN detect face cost time : 0.095 s -  MainThread - 14056 
2019-08-06 13:23:03,443 - MOT - INFO - MTCNN detect face cost time : 0.097 s -  MainThread - 14056 
2019-08-06 13:23:03,549 - MOT - INFO - MTCNN detect face cost time : 0.095 s -  MainThread - 14056 
2019-08-06 13:23:03,656 - MOT - INFO - MTCNN detect face cost time : 0.098 s -  MainThread - 14056 
2019-08-06 13:23:03,773 - MOT - INFO - MTCNN detect face cost time : 0.106 s -  MainThread - 14056 
2019-08-06 13:23:03,874 - MOT - INFO - MTCNN detect face cost time : 0.092 s -  MainThread - 14056 
2019-08-06 13:23:03,978 - MOT - INFO - MTCNN detect face cost time : 0.093 s -  MainThread - 14056 
2019-08-06 13:23:04,079 - MOT - INFO - MTCNN detect face cost time : 0.09 s -  MainThread - 14056 
2019-08-06 13:23:04,185 - MOT - INFO - MTCNN detect face cost time : 0.096 s -  MainThread - 14056 
2019-08-06 13:23:04,293 - MOT - INFO - MTCNN detect face cost time : 0.097 s -  MainThread - 14056 
2019-08-06 13:23:04,386 - MOT - INFO - MTCNN detect face cost time : 0.083 s -  MainThread - 14056 
2019-08-06 13:23:04,487 - MOT - INFO - MTCNN detect face cost time : 0.091 s -  MainThread - 14056 
2019-08-06 13:23:04,583 - MOT - INFO - MTCNN detect face cost time : 0.087 s -  MainThread - 14056 
2019-08-06 13:23:04,686 - MOT - INFO - MTCNN detect face cost time : 0.093 s -  MainThread - 14056 
2019-08-06 13:23:04,785 - MOT - INFO - MTCNN detect face cost time : 0.087 s -  MainThread - 14056 
2019-08-06 13:23:04,876 - MOT - INFO - MTCNN detect face cost time : 0.08 s -  MainThread - 14056 
2019-08-06 13:23:04,962 - MOT - INFO - MTCNN detect face cost time : 0.076 s -  MainThread - 14056 
2019-08-06 13:23:05,055 - MOT - INFO - MTCNN detect face cost time : 0.083 s -  MainThread - 14056 
2019-08-06 13:23:05,147 - MOT - INFO - MTCNN detect face cost time : 0.08 s -  MainThread - 14056 
2019-08-06 13:23:05,245 - MOT - INFO - MTCNN detect face cost time : 0.086 s -  MainThread - 14056 
2019-08-06 13:23:05,331 - MOT - INFO - MTCNN detect face cost time : 0.077 s -  MainThread - 14056 
2019-08-06 13:23:05,415 - MOT - INFO - MTCNN detect face cost time : 0.074 s -  MainThread - 14056 
2019-08-06 13:23:05,502 - MOT - INFO - MTCNN detect face cost time : 0.076 s -  MainThread - 14056 
2019-08-06 13:23:05,589 - MOT - INFO - MTCNN detect face cost time : 0.077 s -  MainThread - 14056 
2019-08-06 13:23:05,682 - MOT - INFO - MTCNN detect face cost time : 0.084 s -  MainThread - 14056 
2019-08-06 13:23:05,768 - MOT - INFO - MTCNN detect face cost time : 0.076 s -  MainThread - 14056 
2019-08-06 13:23:05,863 - MOT - INFO - MTCNN detect face cost time : 0.081 s -  MainThread - 14056 
2019-08-06 13:23:05,959 - MOT - INFO - MTCNN detect face cost time : 0.084 s -  MainThread - 14056 
2019-08-06 13:23:06,052 - MOT - INFO - MTCNN detect face cost time : 0.082 s -  MainThread - 14056 
2019-08-06 13:23:06,151 - MOT - INFO - MTCNN detect face cost time : 0.089 s -  MainThread - 14056 
2019-08-06 13:23:06,247 - MOT - INFO - MTCNN detect face cost time : 0.086 s -  MainThread - 14056 
2019-08-06 13:23:06,253 - MOT - INFO - Video_name:videos\2_Obama.mp4 -  MainThread - 14056 
2019-08-06 13:23:08,139 - MOT - INFO - MTCNN detect face cost time : 0.068 s -  MainThread - 14056 
2019-08-06 13:23:08,224 - MOT - INFO - MTCNN detect face cost time : 0.078 s -  MainThread - 14056 
2019-08-06 13:23:08,321 - MOT - INFO - MTCNN detect face cost time : 0.087 s -  MainThread - 14056 
2019-08-06 13:23:08,413 - MOT - INFO - MTCNN detect face cost time : 0.082 s -  MainThread - 14056 
2019-08-06 13:23:08,504 - MOT - INFO - MTCNN detect face cost time : 0.081 s -  MainThread - 14056 
2019-08-06 13:23:08,596 - MOT - INFO - MTCNN detect face cost time : 0.084 s -  MainThread - 14056 
2019-08-06 13:23:08,687 - MOT - INFO - MTCNN detect face cost time : 0.081 s -  MainThread - 14056 
2019-08-06 13:23:08,781 - MOT - INFO - MTCNN detect face cost time : 0.085 s -  MainThread - 14056 
2019-08-06 13:23:08,871 - MOT - INFO - MTCNN detect face cost time : 0.081 s -  MainThread - 14056 
2019-08-06 13:23:08,959 - MOT - INFO - MTCNN detect face cost time : 0.079 s -  MainThread - 14056 
2019-08-06 13:23:09,047 - MOT - INFO - MTCNN detect face cost time : 0.079 s -  MainThread - 14056 
2019-08-06 13:23:09,137 - MOT - INFO - MTCNN detect face cost time : 0.082 s -  MainThread - 14056 
2019-08-06 13:23:09,224 - MOT - INFO - MTCNN detect face cost time : 0.078 s -  MainThread - 14056 
2019-08-06 13:23:09,324 - MOT - INFO - MTCNN detect face cost time : 0.091 s -  MainThread - 14056 
2019-08-06 13:23:09,418 - MOT - INFO - MTCNN detect face cost time : 0.085 s -  MainThread - 14056 
2019-08-06 13:23:09,524 - MOT - INFO - MTCNN detect face cost time : 0.097 s -  MainThread - 14056 
2019-08-06 13:23:09,625 - MOT - INFO - MTCNN detect face cost time : 0.092 s -  MainThread - 14056 
2019-08-06 13:23:09,725 - MOT - INFO - MTCNN detect face cost time : 0.091 s -  MainThread - 14056 
2019-08-06 13:23:09,831 - MOT - INFO - MTCNN detect face cost time : 0.097 s -  MainThread - 14056 
2019-08-06 13:23:09,931 - MOT - INFO - MTCNN detect face cost time : 0.092 s -  MainThread - 14056 
2019-08-06 13:23:10,038 - MOT - INFO - MTCNN detect face cost time : 0.098 s -  MainThread - 14056 
2019-08-06 13:23:10,140 - MOT - INFO - MTCNN detect face cost time : 0.093 s -  MainThread - 14056 
