2019-08-06 13:33:38,437 - MOT - INFO - Start track and extract...... -  MainThread - 2076 
2019-08-06 13:33:40,027 - MOT - INFO - All files:1_Hours Of _Harassment' In NYC!.mp4 -  MainThread - 2076 
2019-08-06 13:33:40,028 - MOT - INFO - All files:2_Obama.mp4 -  MainThread - 2076 
2019-08-06 13:33:40,029 - MOT - INFO - Video_name:videos\1_Hours Of _Harassment' In NYC!.mp4 -  MainThread - 2076 
2019-08-06 13:33:42,708 - MOT - INFO - MTCNN detect face cost time : 0.309 s -  MainThread - 2076 
2019-08-06 13:33:42,710 - MOT - INFO - new Tracker: 1 -  MainThread - 2076 
2019-08-06 13:33:42,801 - MOT - INFO - MTCNN detect face cost time : 0.072 s -  MainThread - 2076 
2019-08-06 13:33:43,225 - MOT - INFO - MTCNN detect face cost time : 0.063 s -  MainThread - 2076 
2019-08-06 13:33:43,296 - MOT - INFO - MTCNN detect face cost time : 0.062 s -  MainThread - 2076 
2019-08-06 13:33:43,372 - MOT - INFO - MTCNN detect face cost time : 0.066 s -  MainThread - 2076 
2019-08-06 13:33:43,440 - MOT - INFO - MTCNN detect face cost time : 0.059 s -  MainThread - 2076 
2019-08-06 13:33:43,507 - MOT - INFO - MTCNN detect face cost time : 0.059 s -  MainThread - 2076 
2019-08-06 13:33:43,511 - MOT - INFO - remove tracker: 1 -  MainThread - 2076 
2019-08-06 13:33:43,571 - MOT - INFO - MTCNN detect face cost time : 0.053 s -  MainThread - 2076 
2019-08-06 13:33:43,573 - MOT - INFO - new Tracker: 2 -  MainThread - 2076 
2019-08-06 13:33:43,637 - MOT - INFO - MTCNN detect face cost time : 0.058 s -  MainThread - 2076 
2019-08-06 13:33:43,703 - MOT - INFO - MTCNN detect face cost time : 0.058 s -  MainThread - 2076 
2019-08-06 13:33:43,767 - MOT - INFO - MTCNN detect face cost time : 0.055 s -  MainThread - 2076 
2019-08-06 13:33:43,842 - MOT - INFO - MTCNN detect face cost time : 0.06 s -  MainThread - 2076 
2019-08-06 13:33:43,906 - MOT - INFO - MTCNN detect face cost time : 0.056 s -  MainThread - 2076 
2019-08-06 13:33:43,969 - MOT - INFO - MTCNN detect face cost time : 0.053 s -  MainThread - 2076 
2019-08-06 13:33:44,031 - MOT - INFO - MTCNN detect face cost time : 0.053 s -  MainThread - 2076 
2019-08-06 13:33:44,090 - MOT - INFO - MTCNN detect face cost time : 0.05 s -  MainThread - 2076 
2019-08-06 13:33:44,152 - MOT - INFO - MTCNN detect face cost time : 0.053 s -  MainThread - 2076 
2019-08-06 13:33:44,209 - MOT - INFO - MTCNN detect face cost time : 0.047 s -  MainThread - 2076 
2019-08-06 13:33:44,267 - MOT - INFO - MTCNN detect face cost time : 0.05 s -  MainThread - 2076 
2019-08-06 13:33:44,331 - MOT - INFO - MTCNN detect face cost time : 0.055 s -  MainThread - 2076 
2019-08-06 13:33:44,397 - MOT - INFO - MTCNN detect face cost time : 0.057 s -  MainThread - 2076 
2019-08-06 13:33:44,464 - MOT - INFO - MTCNN detect face cost time : 0.057 s -  MainThread - 2076 
2019-08-06 13:33:44,528 - MOT - INFO - MTCNN detect face cost time : 0.055 s -  MainThread - 2076 
2019-08-06 13:33:44,589 - MOT - INFO - MTCNN detect face cost time : 0.05 s -  MainThread - 2076 
2019-08-06 13:33:44,649 - MOT - INFO - MTCNN detect face cost time : 0.052 s -  MainThread - 2076 
2019-08-06 13:33:44,709 - MOT - INFO - MTCNN detect face cost time : 0.051 s -  MainThread - 2076 
2019-08-06 13:33:44,775 - MOT - INFO - MTCNN detect face cost time : 0.057 s -  MainThread - 2076 
2019-08-06 13:33:44,839 - MOT - INFO - MTCNN detect face cost time : 0.054 s -  MainThread - 2076 
2019-08-06 13:33:44,907 - MOT - INFO - MTCNN detect face cost time : 0.059 s -  MainThread - 2076 
2019-08-06 13:33:44,973 - MOT - INFO - MTCNN detect face cost time : 0.057 s -  MainThread - 2076 
2019-08-06 13:33:45,046 - MOT - INFO - MTCNN detect face cost time : 0.065 s -  MainThread - 2076 
2019-08-06 13:33:45,118 - MOT - INFO - MTCNN detect face cost time : 0.063 s -  MainThread - 2076 
2019-08-06 13:33:45,183 - MOT - INFO - MTCNN detect face cost time : 0.057 s -  MainThread - 2076 
2019-08-06 13:33:45,250 - MOT - INFO - MTCNN detect face cost time : 0.058 s -  MainThread - 2076 
2019-08-06 13:33:45,320 - MOT - INFO - MTCNN detect face cost time : 0.061 s -  MainThread - 2076 
2019-08-06 13:33:45,386 - MOT - INFO - MTCNN detect face cost time : 0.057 s -  MainThread - 2076 
2019-08-06 13:33:45,449 - MOT - INFO - MTCNN detect face cost time : 0.055 s -  MainThread - 2076 
2019-08-06 13:33:45,517 - MOT - INFO - MTCNN detect face cost time : 0.058 s -  MainThread - 2076 
2019-08-06 13:33:45,586 - MOT - INFO - MTCNN detect face cost time : 0.06 s -  MainThread - 2076 
2019-08-06 13:33:45,653 - MOT - INFO - MTCNN detect face cost time : 0.058 s -  MainThread - 2076 
2019-08-06 13:33:45,720 - MOT - INFO - MTCNN detect face cost time : 0.057 s -  MainThread - 2076 
2019-08-06 13:33:45,793 - MOT - INFO - MTCNN detect face cost time : 0.066 s -  MainThread - 2076 
2019-08-06 13:33:45,868 - MOT - INFO - MTCNN detect face cost time : 0.067 s -  MainThread - 2076 
2019-08-06 13:33:45,874 - MOT - INFO - remove tracker: 2 -  MainThread - 2076 
2019-08-06 13:33:45,938 - MOT - INFO - MTCNN detect face cost time : 0.056 s -  MainThread - 2076 
2019-08-06 13:33:46,000 - MOT - INFO - MTCNN detect face cost time : 0.055 s -  MainThread - 2076 
2019-08-06 13:33:46,002 - MOT - INFO - new Tracker: 3 -  MainThread - 2076 
2019-08-06 13:33:46,062 - MOT - INFO - MTCNN detect face cost time : 0.054 s -  MainThread - 2076 
2019-08-06 13:33:46,126 - MOT - INFO - MTCNN detect face cost time : 0.056 s -  MainThread - 2076 
2019-08-06 13:33:46,185 - MOT - INFO - MTCNN detect face cost time : 0.051 s -  MainThread - 2076 
2019-08-06 13:33:46,254 - MOT - INFO - MTCNN detect face cost time : 0.06 s -  MainThread - 2076 
2019-08-06 13:33:46,322 - MOT - INFO - MTCNN detect face cost time : 0.059 s -  MainThread - 2076 
2019-08-06 13:33:46,386 - MOT - INFO - MTCNN detect face cost time : 0.055 s -  MainThread - 2076 
2019-08-06 13:33:46,455 - MOT - INFO - MTCNN detect face cost time : 0.059 s -  MainThread - 2076 
2019-08-06 13:33:46,514 - MOT - INFO - MTCNN detect face cost time : 0.049 s -  MainThread - 2076 
2019-08-06 13:33:46,576 - MOT - INFO - MTCNN detect face cost time : 0.053 s -  MainThread - 2076 
2019-08-06 13:33:46,638 - MOT - INFO - MTCNN detect face cost time : 0.052 s -  MainThread - 2076 
2019-08-06 13:33:46,697 - MOT - INFO - MTCNN detect face cost time : 0.048 s -  MainThread - 2076 
2019-08-06 13:33:46,757 - MOT - INFO - MTCNN detect face cost time : 0.05 s -  MainThread - 2076 
2019-08-06 13:33:46,820 - MOT - INFO - MTCNN detect face cost time : 0.054 s -  MainThread - 2076 
2019-08-06 13:33:46,886 - MOT - INFO - MTCNN detect face cost time : 0.058 s -  MainThread - 2076 
2019-08-06 13:33:46,946 - MOT - INFO - MTCNN detect face cost time : 0.051 s -  MainThread - 2076 
2019-08-06 13:33:47,004 - MOT - INFO - MTCNN detect face cost time : 0.049 s -  MainThread - 2076 
2019-08-06 13:33:47,063 - MOT - INFO - MTCNN detect face cost time : 0.049 s -  MainThread - 2076 
2019-08-06 13:33:47,121 - MOT - INFO - MTCNN detect face cost time : 0.049 s -  MainThread - 2076 
2019-08-06 13:33:47,179 - MOT - INFO - MTCNN detect face cost time : 0.049 s -  MainThread - 2076 
2019-08-06 13:33:47,242 - MOT - INFO - MTCNN detect face cost time : 0.053 s -  MainThread - 2076 
2019-08-06 13:33:47,304 - MOT - INFO - MTCNN detect face cost time : 0.054 s -  MainThread - 2076 
2019-08-06 13:33:47,368 - MOT - INFO - MTCNN detect face cost time : 0.055 s -  MainThread - 2076 
2019-08-06 13:33:47,430 - MOT - INFO - MTCNN detect face cost time : 0.053 s -  MainThread - 2076 
2019-08-06 13:33:47,494 - MOT - INFO - MTCNN detect face cost time : 0.054 s -  MainThread - 2076 
2019-08-06 13:33:47,556 - MOT - INFO - MTCNN detect face cost time : 0.053 s -  MainThread - 2076 
2019-08-06 13:33:47,618 - MOT - INFO - MTCNN detect face cost time : 0.053 s -  MainThread - 2076 
2019-08-06 13:33:47,676 - MOT - INFO - MTCNN detect face cost time : 0.049 s -  MainThread - 2076 
2019-08-06 13:33:47,741 - MOT - INFO - MTCNN detect face cost time : 0.055 s -  MainThread - 2076 
2019-08-06 13:33:47,813 - MOT - INFO - MTCNN detect face cost time : 0.056 s -  MainThread - 2076 
2019-08-06 13:33:47,876 - MOT - INFO - MTCNN detect face cost time : 0.054 s -  MainThread - 2076 
2019-08-06 13:33:47,939 - MOT - INFO - MTCNN detect face cost time : 0.053 s -  MainThread - 2076 
2019-08-06 13:33:48,000 - MOT - INFO - MTCNN detect face cost time : 0.051 s -  MainThread - 2076 
2019-08-06 13:33:48,061 - MOT - INFO - MTCNN detect face cost time : 0.053 s -  MainThread - 2076 
2019-08-06 13:33:48,125 - MOT - INFO - MTCNN detect face cost time : 0.055 s -  MainThread - 2076 
2019-08-06 13:33:48,186 - MOT - INFO - MTCNN detect face cost time : 0.052 s -  MainThread - 2076 
2019-08-06 13:33:48,246 - MOT - INFO - MTCNN detect face cost time : 0.049 s -  MainThread - 2076 
2019-08-06 13:33:48,306 - MOT - INFO - MTCNN detect face cost time : 0.051 s -  MainThread - 2076 
2019-08-06 13:33:48,370 - MOT - INFO - MTCNN detect face cost time : 0.054 s -  MainThread - 2076 
2019-08-06 13:33:48,430 - MOT - INFO - MTCNN detect face cost time : 0.052 s -  MainThread - 2076 
2019-08-06 13:33:48,495 - MOT - INFO - MTCNN detect face cost time : 0.056 s -  MainThread - 2076 
2019-08-06 13:33:48,560 - MOT - INFO - MTCNN detect face cost time : 0.056 s -  MainThread - 2076 
2019-08-06 13:33:48,638 - MOT - INFO - MTCNN detect face cost time : 0.068 s -  MainThread - 2076 
2019-08-06 13:33:48,712 - MOT - INFO - MTCNN detect face cost time : 0.065 s -  MainThread - 2076 
2019-08-06 13:33:48,795 - MOT - INFO - MTCNN detect face cost time : 0.075 s -  MainThread - 2076 
2019-08-06 13:33:48,880 - MOT - INFO - MTCNN detect face cost time : 0.076 s -  MainThread - 2076 
2019-08-06 13:33:48,959 - MOT - INFO - MTCNN detect face cost time : 0.07 s -  MainThread - 2076 
2019-08-06 13:33:49,039 - MOT - INFO - MTCNN detect face cost time : 0.071 s -  MainThread - 2076 
2019-08-06 13:33:49,112 - MOT - INFO - MTCNN detect face cost time : 0.064 s -  MainThread - 2076 
2019-08-06 13:33:49,181 - MOT - INFO - MTCNN detect face cost time : 0.06 s -  MainThread - 2076 
2019-08-06 13:33:49,252 - MOT - INFO - MTCNN detect face cost time : 0.062 s -  MainThread - 2076 
2019-08-06 13:33:49,319 - MOT - INFO - MTCNN detect face cost time : 0.058 s -  MainThread - 2076 
2019-08-06 13:33:49,392 - MOT - INFO - MTCNN detect face cost time : 0.064 s -  MainThread - 2076 
2019-08-06 13:33:49,463 - MOT - INFO - MTCNN detect face cost time : 0.062 s -  MainThread - 2076 
2019-08-06 13:33:49,536 - MOT - INFO - MTCNN detect face cost time : 0.065 s -  MainThread - 2076 
2019-08-06 13:33:49,608 - MOT - INFO - MTCNN detect face cost time : 0.063 s -  MainThread - 2076 
2019-08-06 13:33:49,677 - MOT - INFO - MTCNN detect face cost time : 0.06 s -  MainThread - 2076 
2019-08-06 13:33:49,750 - MOT - INFO - MTCNN detect face cost time : 0.063 s -  MainThread - 2076 
2019-08-06 13:33:49,822 - MOT - INFO - MTCNN detect face cost time : 0.063 s -  MainThread - 2076 
2019-08-06 13:33:49,898 - MOT - INFO - MTCNN detect face cost time : 0.068 s -  MainThread - 2076 
2019-08-06 13:33:49,961 - MOT - INFO - MTCNN detect face cost time : 0.054 s -  MainThread - 2076 
2019-08-06 13:33:50,028 - MOT - INFO - MTCNN detect face cost time : 0.056 s -  MainThread - 2076 
2019-08-06 13:33:50,093 - MOT - INFO - MTCNN detect face cost time : 0.057 s -  MainThread - 2076 
2019-08-06 13:33:50,159 - MOT - INFO - MTCNN detect face cost time : 0.056 s -  MainThread - 2076 
2019-08-06 13:33:50,222 - MOT - INFO - MTCNN detect face cost time : 0.053 s -  MainThread - 2076 
2019-08-06 13:33:50,286 - MOT - INFO - MTCNN detect face cost time : 0.056 s -  MainThread - 2076 
2019-08-06 13:33:50,356 - MOT - INFO - MTCNN detect face cost time : 0.059 s -  MainThread - 2076 
2019-08-06 13:33:50,427 - MOT - INFO - MTCNN detect face cost time : 0.062 s -  MainThread - 2076 
2019-08-06 13:33:50,495 - MOT - INFO - MTCNN detect face cost time : 0.059 s -  MainThread - 2076 
2019-08-06 13:33:50,569 - MOT - INFO - MTCNN detect face cost time : 0.065 s -  MainThread - 2076 
2019-08-06 13:33:50,647 - MOT - INFO - MTCNN detect face cost time : 0.068 s -  MainThread - 2076 
2019-08-06 13:33:50,713 - MOT - INFO - MTCNN detect face cost time : 0.058 s -  MainThread - 2076 
2019-08-06 13:33:50,784 - MOT - INFO - MTCNN detect face cost time : 0.062 s -  MainThread - 2076 
2019-08-06 13:33:50,858 - MOT - INFO - MTCNN detect face cost time : 0.064 s -  MainThread - 2076 
2019-08-06 13:33:50,927 - MOT - INFO - MTCNN detect face cost time : 0.06 s -  MainThread - 2076 
2019-08-06 13:33:50,992 - MOT - INFO - MTCNN detect face cost time : 0.056 s -  MainThread - 2076 
2019-08-06 13:33:51,059 - MOT - INFO - MTCNN detect face cost time : 0.058 s -  MainThread - 2076 
2019-08-06 13:33:51,125 - MOT - INFO - MTCNN detect face cost time : 0.057 s -  MainThread - 2076 
2019-08-06 13:33:51,193 - MOT - INFO - MTCNN detect face cost time : 0.059 s -  MainThread - 2076 
2019-08-06 13:33:51,260 - MOT - INFO - MTCNN detect face cost time : 0.058 s -  MainThread - 2076 
2019-08-06 13:33:51,326 - MOT - INFO - MTCNN detect face cost time : 0.057 s -  MainThread - 2076 
2019-08-06 13:33:51,394 - MOT - INFO - MTCNN detect face cost time : 0.058 s -  MainThread - 2076 
2019-08-06 13:33:51,398 - MOT - INFO - Video_name:videos\2_Obama.mp4 -  MainThread - 2076 
2019-08-06 13:33:53,241 - MOT - INFO - MTCNN detect face cost time : 0.047 s -  MainThread - 2076 
2019-08-06 13:33:53,303 - MOT - INFO - MTCNN detect face cost time : 0.054 s -  MainThread - 2076 
2019-08-06 13:33:53,372 - MOT - INFO - MTCNN detect face cost time : 0.06 s -  MainThread - 2076 
2019-08-06 13:33:53,436 - MOT - INFO - MTCNN detect face cost time : 0.055 s -  MainThread - 2076 
2019-08-06 13:33:53,499 - MOT - INFO - MTCNN detect face cost time : 0.054 s -  MainThread - 2076 
2019-08-06 13:33:53,563 - MOT - INFO - MTCNN detect face cost time : 0.054 s -  MainThread - 2076 
2019-08-06 13:33:53,628 - MOT - INFO - MTCNN detect face cost time : 0.056 s -  MainThread - 2076 
2019-08-06 13:33:53,687 - MOT - INFO - MTCNN detect face cost time : 0.051 s -  MainThread - 2076 
2019-08-06 13:33:53,751 - MOT - INFO - MTCNN detect face cost time : 0.055 s -  MainThread - 2076 
2019-08-06 13:33:53,818 - MOT - INFO - MTCNN detect face cost time : 0.058 s -  MainThread - 2076 
2019-08-06 13:33:53,885 - MOT - INFO - MTCNN detect face cost time : 0.057 s -  MainThread - 2076 
2019-08-06 13:33:53,952 - MOT - INFO - MTCNN detect face cost time : 0.058 s -  MainThread - 2076 
