2019-08-06 10:50:06,583 - MOT - INFO - Start track and extract...... -  MainThread - 15448 
2019-08-06 10:50:08,210 - MOT - INFO - All files:1_Hours Of _Harassment' In NYC!.mp4 -  MainThread - 15448 
2019-08-06 10:50:08,211 - MOT - INFO - All files:2_Obama.mp4 -  MainThread - 15448 
2019-08-06 10:50:08,212 - MOT - INFO - Video_name:videos\1_Hours Of _Harassment' In NYC!.mp4 -  MainThread - 15448 
2019-08-06 10:50:10,821 - MOT - INFO - MTCNN detect face cost time : 0.314 s -  MainThread - 15448 
2019-08-06 10:50:10,823 - MOT - INFO - new Tracker: 1 -  MainThread - 15448 
2019-08-06 10:50:10,919 - MOT - INFO - MTCNN detect face cost time : 0.079 s -  MainThread - 15448 
2019-08-06 10:50:11,319 - MOT - INFO - MTCNN detect face cost time : 0.069 s -  MainThread - 15448 
2019-08-06 10:50:11,399 - MOT - INFO - MTCNN detect face cost time : 0.071 s -  MainThread - 15448 
2019-08-06 10:50:11,482 - MOT - INFO - MTCNN detect face cost time : 0.076 s -  MainThread - 15448 
2019-08-06 10:50:11,564 - MOT - INFO - MTCNN detect face cost time : 0.073 s -  MainThread - 15448 
2019-08-06 10:50:11,649 - MOT - INFO - MTCNN detect face cost time : 0.077 s -  MainThread - 15448 
2019-08-06 10:50:11,728 - MOT - INFO - MTCNN detect face cost time : 0.07 s -  MainThread - 15448 
2019-08-06 10:50:11,808 - MOT - INFO - MTCNN detect face cost time : 0.071 s -  MainThread - 15448 
2019-08-06 10:50:11,888 - MOT - INFO - MTCNN detect face cost time : 0.072 s -  MainThread - 15448 
2019-08-06 10:50:11,967 - MOT - INFO - MTCNN detect face cost time : 0.071 s -  MainThread - 15448 
2019-08-06 10:50:12,044 - MOT - INFO - MTCNN detect face cost time : 0.069 s -  MainThread - 15448 
2019-08-06 10:50:12,121 - MOT - INFO - MTCNN detect face cost time : 0.068 s -  MainThread - 15448 
2019-08-06 10:50:12,197 - MOT - INFO - MTCNN detect face cost time : 0.068 s -  MainThread - 15448 
2019-08-06 10:50:12,278 - MOT - INFO - MTCNN detect face cost time : 0.072 s -  MainThread - 15448 
2019-08-06 10:50:12,358 - MOT - INFO - MTCNN detect face cost time : 0.073 s -  MainThread - 15448 
2019-08-06 10:50:12,434 - MOT - INFO - MTCNN detect face cost time : 0.068 s -  MainThread - 15448 
2019-08-06 10:50:12,516 - MOT - INFO - MTCNN detect face cost time : 0.073 s -  MainThread - 15448 
2019-08-06 10:50:12,592 - MOT - INFO - MTCNN detect face cost time : 0.068 s -  MainThread - 15448 
2019-08-06 10:50:12,671 - MOT - INFO - MTCNN detect face cost time : 0.071 s -  MainThread - 15448 
2019-08-06 10:50:12,748 - MOT - INFO - MTCNN detect face cost time : 0.069 s -  MainThread - 15448 
2019-08-06 10:50:12,840 - MOT - INFO - MTCNN detect face cost time : 0.084 s -  MainThread - 15448 
2019-08-06 10:50:12,917 - MOT - INFO - MTCNN detect face cost time : 0.069 s -  MainThread - 15448 
2019-08-06 10:50:12,992 - MOT - INFO - MTCNN detect face cost time : 0.067 s -  MainThread - 15448 
2019-08-06 10:50:13,071 - MOT - INFO - MTCNN detect face cost time : 0.071 s -  MainThread - 15448 
2019-08-06 10:50:13,154 - MOT - INFO - MTCNN detect face cost time : 0.075 s -  MainThread - 15448 
2019-08-06 10:50:13,230 - MOT - INFO - MTCNN detect face cost time : 0.068 s -  MainThread - 15448 
2019-08-06 10:50:13,316 - MOT - INFO - MTCNN detect face cost time : 0.077 s -  MainThread - 15448 
2019-08-06 10:50:13,405 - MOT - INFO - MTCNN detect face cost time : 0.081 s -  MainThread - 15448 
2019-08-06 10:50:13,489 - MOT - INFO - MTCNN detect face cost time : 0.076 s -  MainThread - 15448 
2019-08-06 10:50:13,572 - MOT - INFO - MTCNN detect face cost time : 0.074 s -  MainThread - 15448 
2019-08-06 10:50:13,655 - MOT - INFO - MTCNN detect face cost time : 0.075 s -  MainThread - 15448 
2019-08-06 10:50:13,741 - MOT - INFO - MTCNN detect face cost time : 0.077 s -  MainThread - 15448 
2019-08-06 10:50:13,824 - MOT - INFO - MTCNN detect face cost time : 0.075 s -  MainThread - 15448 
2019-08-06 10:50:13,914 - MOT - INFO - MTCNN detect face cost time : 0.083 s -  MainThread - 15448 
2019-08-06 10:50:14,004 - MOT - INFO - MTCNN detect face cost time : 0.082 s -  MainThread - 15448 
2019-08-06 10:50:14,103 - MOT - INFO - MTCNN detect face cost time : 0.091 s -  MainThread - 15448 
2019-08-06 10:50:14,201 - MOT - INFO - MTCNN detect face cost time : 0.089 s -  MainThread - 15448 
2019-08-06 10:50:14,305 - MOT - INFO - MTCNN detect face cost time : 0.097 s -  MainThread - 15448 
2019-08-06 10:50:14,405 - MOT - INFO - MTCNN detect face cost time : 0.091 s -  MainThread - 15448 
2019-08-06 10:50:14,495 - MOT - INFO - MTCNN detect face cost time : 0.081 s -  MainThread - 15448 
2019-08-06 10:50:14,591 - MOT - INFO - MTCNN detect face cost time : 0.088 s -  MainThread - 15448 
2019-08-06 10:50:14,690 - MOT - INFO - MTCNN detect face cost time : 0.091 s -  MainThread - 15448 
2019-08-06 10:50:14,792 - MOT - INFO - MTCNN detect face cost time : 0.093 s -  MainThread - 15448 
2019-08-06 10:50:14,890 - MOT - INFO - MTCNN detect face cost time : 0.089 s -  MainThread - 15448 
2019-08-06 10:50:14,984 - MOT - INFO - MTCNN detect face cost time : 0.086 s -  MainThread - 15448 
2019-08-06 10:50:15,079 - MOT - INFO - MTCNN detect face cost time : 0.087 s -  MainThread - 15448 
2019-08-06 10:50:15,170 - MOT - INFO - MTCNN detect face cost time : 0.082 s -  MainThread - 15448 
2019-08-06 10:50:15,262 - MOT - INFO - MTCNN detect face cost time : 0.084 s -  MainThread - 15448 
2019-08-06 10:50:15,353 - MOT - INFO - MTCNN detect face cost time : 0.083 s -  MainThread - 15448 
2019-08-06 10:50:15,443 - MOT - INFO - MTCNN detect face cost time : 0.082 s -  MainThread - 15448 
2019-08-06 10:50:15,537 - MOT - INFO - MTCNN detect face cost time : 0.085 s -  MainThread - 15448 
2019-08-06 10:50:15,628 - MOT - INFO - MTCNN detect face cost time : 0.082 s -  MainThread - 15448 
2019-08-06 10:50:15,717 - MOT - INFO - MTCNN detect face cost time : 0.08 s -  MainThread - 15448 
2019-08-06 10:50:15,806 - MOT - INFO - MTCNN detect face cost time : 0.083 s -  MainThread - 15448 
2019-08-06 10:50:15,893 - MOT - INFO - MTCNN detect face cost time : 0.079 s -  MainThread - 15448 
2019-08-06 10:50:15,985 - MOT - INFO - MTCNN detect face cost time : 0.083 s -  MainThread - 15448 
2019-08-06 10:50:16,069 - MOT - INFO - MTCNN detect face cost time : 0.075 s -  MainThread - 15448 
2019-08-06 10:50:16,158 - MOT - INFO - MTCNN detect face cost time : 0.082 s -  MainThread - 15448 
2019-08-06 10:50:16,256 - MOT - INFO - MTCNN detect face cost time : 0.09 s -  MainThread - 15448 
2019-08-06 10:50:16,347 - MOT - INFO - MTCNN detect face cost time : 0.083 s -  MainThread - 15448 
2019-08-06 10:50:16,444 - MOT - INFO - MTCNN detect face cost time : 0.09 s -  MainThread - 15448 
2019-08-06 10:50:16,531 - MOT - INFO - MTCNN detect face cost time : 0.08 s -  MainThread - 15448 
2019-08-06 10:50:16,620 - MOT - INFO - MTCNN detect face cost time : 0.081 s -  MainThread - 15448 
2019-08-06 10:50:16,708 - MOT - INFO - MTCNN detect face cost time : 0.079 s -  MainThread - 15448 
2019-08-06 10:50:16,795 - MOT - INFO - MTCNN detect face cost time : 0.079 s -  MainThread - 15448 
2019-08-06 10:50:16,880 - MOT - INFO - MTCNN detect face cost time : 0.078 s -  MainThread - 15448 
2019-08-06 10:50:16,961 - MOT - INFO - MTCNN detect face cost time : 0.073 s -  MainThread - 15448 
2019-08-06 10:50:17,054 - MOT - INFO - MTCNN detect face cost time : 0.084 s -  MainThread - 15448 
2019-08-06 10:50:17,144 - MOT - INFO - MTCNN detect face cost time : 0.081 s -  MainThread - 15448 
2019-08-06 10:50:17,230 - MOT - INFO - MTCNN detect face cost time : 0.078 s -  MainThread - 15448 
2019-08-06 10:50:17,321 - MOT - INFO - MTCNN detect face cost time : 0.083 s -  MainThread - 15448 
2019-08-06 10:50:17,407 - MOT - INFO - MTCNN detect face cost time : 0.078 s -  MainThread - 15448 
2019-08-06 10:50:17,492 - MOT - INFO - MTCNN detect face cost time : 0.077 s -  MainThread - 15448 
2019-08-06 10:50:17,575 - MOT - INFO - MTCNN detect face cost time : 0.075 s -  MainThread - 15448 
2019-08-06 10:50:17,664 - MOT - INFO - MTCNN detect face cost time : 0.082 s -  MainThread - 15448 
2019-08-06 10:50:17,747 - MOT - INFO - MTCNN detect face cost time : 0.075 s -  MainThread - 15448 
2019-08-06 10:50:17,830 - MOT - INFO - MTCNN detect face cost time : 0.074 s -  MainThread - 15448 
2019-08-06 10:50:17,921 - MOT - INFO - MTCNN detect face cost time : 0.077 s -  MainThread - 15448 
2019-08-06 10:50:18,008 - MOT - INFO - MTCNN detect face cost time : 0.079 s -  MainThread - 15448 
2019-08-06 10:50:18,093 - MOT - INFO - MTCNN detect face cost time : 0.077 s -  MainThread - 15448 
2019-08-06 10:50:18,176 - MOT - INFO - MTCNN detect face cost time : 0.075 s -  MainThread - 15448 
2019-08-06 10:50:18,269 - MOT - INFO - MTCNN detect face cost time : 0.084 s -  MainThread - 15448 
2019-08-06 10:50:18,354 - MOT - INFO - MTCNN detect face cost time : 0.077 s -  MainThread - 15448 
2019-08-06 10:50:18,438 - MOT - INFO - MTCNN detect face cost time : 0.076 s -  MainThread - 15448 
2019-08-06 10:50:18,523 - MOT - INFO - MTCNN detect face cost time : 0.077 s -  MainThread - 15448 
2019-08-06 10:50:18,606 - MOT - INFO - MTCNN detect face cost time : 0.075 s -  MainThread - 15448 
2019-08-06 10:50:18,694 - MOT - INFO - MTCNN detect face cost time : 0.079 s -  MainThread - 15448 
2019-08-06 10:50:18,777 - MOT - INFO - MTCNN detect face cost time : 0.077 s -  MainThread - 15448 
2019-08-06 10:50:18,864 - MOT - INFO - MTCNN detect face cost time : 0.079 s -  MainThread - 15448 
2019-08-06 10:50:18,953 - MOT - INFO - MTCNN detect face cost time : 0.08 s -  MainThread - 15448 
2019-08-06 10:50:19,033 - MOT - INFO - MTCNN detect face cost time : 0.071 s -  MainThread - 15448 
2019-08-06 10:50:19,112 - MOT - INFO - MTCNN detect face cost time : 0.072 s -  MainThread - 15448 
2019-08-06 10:50:19,193 - MOT - INFO - MTCNN detect face cost time : 0.073 s -  MainThread - 15448 
2019-08-06 10:50:19,274 - MOT - INFO - MTCNN detect face cost time : 0.073 s -  MainThread - 15448 
2019-08-06 10:50:19,357 - MOT - INFO - MTCNN detect face cost time : 0.074 s -  MainThread - 15448 
2019-08-06 10:50:19,441 - MOT - INFO - MTCNN detect face cost time : 0.075 s -  MainThread - 15448 
2019-08-06 10:50:19,524 - MOT - INFO - MTCNN detect face cost time : 0.075 s -  MainThread - 15448 
2019-08-06 10:50:19,603 - MOT - INFO - MTCNN detect face cost time : 0.07 s -  MainThread - 15448 
2019-08-06 10:50:19,680 - MOT - INFO - MTCNN detect face cost time : 0.068 s -  MainThread - 15448 
2019-08-06 10:50:19,756 - MOT - INFO - MTCNN detect face cost time : 0.068 s -  MainThread - 15448 
2019-08-06 10:50:19,831 - MOT - INFO - MTCNN detect face cost time : 0.066 s -  MainThread - 15448 
2019-08-06 10:50:19,910 - MOT - INFO - MTCNN detect face cost time : 0.071 s -  MainThread - 15448 
2019-08-06 10:50:19,990 - MOT - INFO - MTCNN detect face cost time : 0.071 s -  MainThread - 15448 
2019-08-06 10:50:20,067 - MOT - INFO - MTCNN detect face cost time : 0.067 s -  MainThread - 15448 
2019-08-06 10:50:20,147 - MOT - INFO - MTCNN detect face cost time : 0.071 s -  MainThread - 15448 
2019-08-06 10:50:20,227 - MOT - INFO - MTCNN detect face cost time : 0.073 s -  MainThread - 15448 
2019-08-06 10:50:20,310 - MOT - INFO - MTCNN detect face cost time : 0.075 s -  MainThread - 15448 
2019-08-06 10:50:20,392 - MOT - INFO - MTCNN detect face cost time : 0.073 s -  MainThread - 15448 
2019-08-06 10:50:20,470 - MOT - INFO - MTCNN detect face cost time : 0.07 s -  MainThread - 15448 
2019-08-06 10:50:20,549 - MOT - INFO - MTCNN detect face cost time : 0.07 s -  MainThread - 15448 
2019-08-06 10:50:20,624 - MOT - INFO - MTCNN detect face cost time : 0.068 s -  MainThread - 15448 
2019-08-06 10:50:20,705 - MOT - INFO - MTCNN detect face cost time : 0.073 s -  MainThread - 15448 
2019-08-06 10:50:20,778 - MOT - INFO - MTCNN detect face cost time : 0.065 s -  MainThread - 15448 
2019-08-06 10:50:20,851 - MOT - INFO - MTCNN detect face cost time : 0.064 s -  MainThread - 15448 
2019-08-06 10:50:20,937 - MOT - INFO - MTCNN detect face cost time : 0.079 s -  MainThread - 15448 
2019-08-06 10:50:21,011 - MOT - INFO - MTCNN detect face cost time : 0.066 s -  MainThread - 15448 
2019-08-06 10:50:21,086 - MOT - INFO - MTCNN detect face cost time : 0.067 s -  MainThread - 15448 
2019-08-06 10:50:21,163 - MOT - INFO - MTCNN detect face cost time : 0.068 s -  MainThread - 15448 
2019-08-06 10:50:21,236 - MOT - INFO - MTCNN detect face cost time : 0.066 s -  MainThread - 15448 
2019-08-06 10:50:21,315 - MOT - INFO - MTCNN detect face cost time : 0.07 s -  MainThread - 15448 
2019-08-06 10:50:21,389 - MOT - INFO - MTCNN detect face cost time : 0.065 s -  MainThread - 15448 
2019-08-06 10:50:21,463 - MOT - INFO - MTCNN detect face cost time : 0.067 s -  MainThread - 15448 
2019-08-06 10:50:21,532 - MOT - INFO - MTCNN detect face cost time : 0.061 s -  MainThread - 15448 
2019-08-06 10:50:21,606 - MOT - INFO - MTCNN detect face cost time : 0.066 s -  MainThread - 15448 
2019-08-06 10:50:21,684 - MOT - INFO - MTCNN detect face cost time : 0.069 s -  MainThread - 15448 
2019-08-06 10:50:21,760 - MOT - INFO - MTCNN detect face cost time : 0.068 s -  MainThread - 15448 
2019-08-06 10:50:21,837 - MOT - INFO - MTCNN detect face cost time : 0.069 s -  MainThread - 15448 
2019-08-06 10:50:21,922 - MOT - INFO - MTCNN detect face cost time : 0.076 s -  MainThread - 15448 
2019-08-06 10:50:22,002 - MOT - INFO - MTCNN detect face cost time : 0.072 s -  MainThread - 15448 
2019-08-06 10:50:22,079 - MOT - INFO - MTCNN detect face cost time : 0.069 s -  MainThread - 15448 
2019-08-06 10:50:22,150 - MOT - INFO - MTCNN detect face cost time : 0.063 s -  MainThread - 15448 
2019-08-06 10:50:22,228 - MOT - INFO - MTCNN detect face cost time : 0.071 s -  MainThread - 15448 
2019-08-06 10:50:22,306 - MOT - INFO - MTCNN detect face cost time : 0.069 s -  MainThread - 15448 
2019-08-06 10:50:22,379 - MOT - INFO - MTCNN detect face cost time : 0.064 s -  MainThread - 15448 
2019-08-06 10:50:22,451 - MOT - INFO - MTCNN detect face cost time : 0.064 s -  MainThread - 15448 
2019-08-06 10:50:22,516 - MOT - INFO - MTCNN detect face cost time : 0.058 s -  MainThread - 15448 
2019-08-06 10:50:22,582 - MOT - INFO - MTCNN detect face cost time : 0.057 s -  MainThread - 15448 
2019-08-06 10:50:22,646 - MOT - INFO - MTCNN detect face cost time : 0.056 s -  MainThread - 15448 
2019-08-06 10:50:22,706 - MOT - INFO - MTCNN detect face cost time : 0.052 s -  MainThread - 15448 
2019-08-06 10:50:22,768 - MOT - INFO - MTCNN detect face cost time : 0.053 s -  MainThread - 15448 
2019-08-06 10:50:22,831 - MOT - INFO - MTCNN detect face cost time : 0.054 s -  MainThread - 15448 
2019-08-06 10:50:22,897 - MOT - INFO - MTCNN detect face cost time : 0.058 s -  MainThread - 15448 
2019-08-06 10:50:22,966 - MOT - INFO - MTCNN detect face cost time : 0.06 s -  MainThread - 15448 
2019-08-06 10:50:23,043 - MOT - INFO - MTCNN detect face cost time : 0.068 s -  MainThread - 15448 
2019-08-06 10:50:23,119 - MOT - INFO - MTCNN detect face cost time : 0.067 s -  MainThread - 15448 
2019-08-06 10:50:23,203 - MOT - INFO - MTCNN detect face cost time : 0.075 s -  MainThread - 15448 
2019-08-06 10:50:23,296 - MOT - INFO - MTCNN detect face cost time : 0.085 s -  MainThread - 15448 
2019-08-06 10:50:23,388 - MOT - INFO - MTCNN detect face cost time : 0.083 s -  MainThread - 15448 
2019-08-06 10:50:23,472 - MOT - INFO - MTCNN detect face cost time : 0.075 s -  MainThread - 15448 
2019-08-06 10:50:23,555 - MOT - INFO - MTCNN detect face cost time : 0.075 s -  MainThread - 15448 
2019-08-06 10:50:23,640 - MOT - INFO - MTCNN detect face cost time : 0.078 s -  MainThread - 15448 
2019-08-06 10:50:23,742 - MOT - INFO - MTCNN detect face cost time : 0.093 s -  MainThread - 15448 
2019-08-06 10:50:23,830 - MOT - INFO - MTCNN detect face cost time : 0.079 s -  MainThread - 15448 
2019-08-06 10:50:23,923 - MOT - INFO - MTCNN detect face cost time : 0.084 s -  MainThread - 15448 
2019-08-06 10:50:24,005 - MOT - INFO - MTCNN detect face cost time : 0.074 s -  MainThread - 15448 
2019-08-06 10:50:24,088 - MOT - INFO - MTCNN detect face cost time : 0.075 s -  MainThread - 15448 
2019-08-06 10:50:24,169 - MOT - INFO - MTCNN detect face cost time : 0.073 s -  MainThread - 15448 
2019-08-06 10:50:24,250 - MOT - INFO - MTCNN detect face cost time : 0.072 s -  MainThread - 15448 
2019-08-06 10:50:24,345 - MOT - INFO - MTCNN detect face cost time : 0.082 s -  MainThread - 15448 
2019-08-06 10:50:24,439 - MOT - INFO - MTCNN detect face cost time : 0.086 s -  MainThread - 15448 
2019-08-06 10:50:24,531 - MOT - INFO - MTCNN detect face cost time : 0.083 s -  MainThread - 15448 
2019-08-06 10:50:24,609 - MOT - INFO - MTCNN detect face cost time : 0.069 s -  MainThread - 15448 
2019-08-06 10:50:24,688 - MOT - INFO - MTCNN detect face cost time : 0.071 s -  MainThread - 15448 
2019-08-06 10:50:24,760 - MOT - INFO - MTCNN detect face cost time : 0.064 s -  MainThread - 15448 
2019-08-06 10:50:24,838 - MOT - INFO - MTCNN detect face cost time : 0.069 s -  MainThread - 15448 
2019-08-06 10:50:24,914 - MOT - INFO - MTCNN detect face cost time : 0.068 s -  MainThread - 15448 
2019-08-06 10:50:24,988 - MOT - INFO - MTCNN detect face cost time : 0.065 s -  MainThread - 15448 
2019-08-06 10:50:25,067 - MOT - INFO - MTCNN detect face cost time : 0.071 s -  MainThread - 15448 
2019-08-06 10:50:25,139 - MOT - INFO - MTCNN detect face cost time : 0.065 s -  MainThread - 15448 
2019-08-06 10:50:25,217 - MOT - INFO - MTCNN detect face cost time : 0.07 s -  MainThread - 15448 
2019-08-06 10:50:25,302 - MOT - INFO - MTCNN detect face cost time : 0.074 s -  MainThread - 15448 
2019-08-06 10:50:25,387 - MOT - INFO - MTCNN detect face cost time : 0.076 s -  MainThread - 15448 
2019-08-06 10:50:25,468 - MOT - INFO - MTCNN detect face cost time : 0.072 s -  MainThread - 15448 
2019-08-06 10:50:25,539 - MOT - INFO - MTCNN detect face cost time : 0.064 s -  MainThread - 15448 
2019-08-06 10:50:25,609 - MOT - INFO - MTCNN detect face cost time : 0.061 s -  MainThread - 15448 
2019-08-06 10:50:25,613 - MOT - INFO - remove tracker: 1 -  MainThread - 15448 
2019-08-06 10:50:25,686 - MOT - INFO - MTCNN detect face cost time : 0.065 s -  MainThread - 15448 
2019-08-06 10:50:25,688 - MOT - INFO - new Tracker: 2 -  MainThread - 15448 
2019-08-06 10:50:25,757 - MOT - INFO - MTCNN detect face cost time : 0.062 s -  MainThread - 15448 
2019-08-06 10:50:25,830 - MOT - INFO - MTCNN detect face cost time : 0.065 s -  MainThread - 15448 
2019-08-06 10:50:25,903 - MOT - INFO - MTCNN detect face cost time : 0.065 s -  MainThread - 15448 
2019-08-06 10:50:25,983 - MOT - INFO - MTCNN detect face cost time : 0.072 s -  MainThread - 15448 
2019-08-06 10:50:26,060 - MOT - INFO - MTCNN detect face cost time : 0.068 s -  MainThread - 15448 
2019-08-06 10:50:26,136 - MOT - INFO - MTCNN detect face cost time : 0.067 s -  MainThread - 15448 
2019-08-06 10:50:26,210 - MOT - INFO - MTCNN detect face cost time : 0.066 s -  MainThread - 15448 
2019-08-06 10:50:26,286 - MOT - INFO - MTCNN detect face cost time : 0.068 s -  MainThread - 15448 
2019-08-06 10:50:26,358 - MOT - INFO - MTCNN detect face cost time : 0.063 s -  MainThread - 15448 
2019-08-06 10:50:26,437 - MOT - INFO - MTCNN detect face cost time : 0.07 s -  MainThread - 15448 
2019-08-06 10:50:26,517 - MOT - INFO - MTCNN detect face cost time : 0.071 s -  MainThread - 15448 
2019-08-06 10:50:26,593 - MOT - INFO - MTCNN detect face cost time : 0.067 s -  MainThread - 15448 
2019-08-06 10:50:26,672 - MOT - INFO - MTCNN detect face cost time : 0.071 s -  MainThread - 15448 
2019-08-06 10:50:26,751 - MOT - INFO - MTCNN detect face cost time : 0.07 s -  MainThread - 15448 
2019-08-06 10:50:26,831 - MOT - INFO - MTCNN detect face cost time : 0.071 s -  MainThread - 15448 
2019-08-06 10:50:26,905 - MOT - INFO - MTCNN detect face cost time : 0.066 s -  MainThread - 15448 
2019-08-06 10:50:26,981 - MOT - INFO - MTCNN detect face cost time : 0.068 s -  MainThread - 15448 
2019-08-06 10:50:27,062 - MOT - INFO - MTCNN detect face cost time : 0.073 s -  MainThread - 15448 
2019-08-06 10:50:27,136 - MOT - INFO - MTCNN detect face cost time : 0.066 s -  MainThread - 15448 
2019-08-06 10:50:27,213 - MOT - INFO - MTCNN detect face cost time : 0.068 s -  MainThread - 15448 
2019-08-06 10:50:27,298 - MOT - INFO - MTCNN detect face cost time : 0.076 s -  MainThread - 15448 
2019-08-06 10:50:27,383 - MOT - INFO - MTCNN detect face cost time : 0.077 s -  MainThread - 15448 
2019-08-06 10:50:27,463 - MOT - INFO - MTCNN detect face cost time : 0.071 s -  MainThread - 15448 
2019-08-06 10:50:27,539 - MOT - INFO - MTCNN detect face cost time : 0.068 s -  MainThread - 15448 
2019-08-06 10:50:27,626 - MOT - INFO - MTCNN detect face cost time : 0.078 s -  MainThread - 15448 
2019-08-06 10:50:27,717 - MOT - INFO - MTCNN detect face cost time : 0.083 s -  MainThread - 15448 
2019-08-06 10:50:27,810 - MOT - INFO - MTCNN detect face cost time : 0.085 s -  MainThread - 15448 
2019-08-06 10:50:27,892 - MOT - INFO - MTCNN detect face cost time : 0.074 s -  MainThread - 15448 
2019-08-06 10:50:27,977 - MOT - INFO - MTCNN detect face cost time : 0.077 s -  MainThread - 15448 
2019-08-06 10:50:28,062 - MOT - INFO - MTCNN detect face cost time : 0.077 s -  MainThread - 15448 
2019-08-06 10:50:28,146 - MOT - INFO - MTCNN detect face cost time : 0.076 s -  MainThread - 15448 
2019-08-06 10:50:28,235 - MOT - INFO - MTCNN detect face cost time : 0.08 s -  MainThread - 15448 
2019-08-06 10:50:28,313 - MOT - INFO - MTCNN detect face cost time : 0.069 s -  MainThread - 15448 
2019-08-06 10:50:28,387 - MOT - INFO - MTCNN detect face cost time : 0.066 s -  MainThread - 15448 
2019-08-06 10:50:28,467 - MOT - INFO - MTCNN detect face cost time : 0.071 s -  MainThread - 15448 
2019-08-06 10:50:28,540 - MOT - INFO - MTCNN detect face cost time : 0.066 s -  MainThread - 15448 
2019-08-06 10:50:28,616 - MOT - INFO - MTCNN detect face cost time : 0.066 s -  MainThread - 15448 
2019-08-06 10:50:28,689 - MOT - INFO - MTCNN detect face cost time : 0.066 s -  MainThread - 15448 
2019-08-06 10:50:28,767 - MOT - INFO - MTCNN detect face cost time : 0.069 s -  MainThread - 15448 
2019-08-06 10:50:28,841 - MOT - INFO - MTCNN detect face cost time : 0.066 s -  MainThread - 15448 
2019-08-06 10:50:28,924 - MOT - INFO - MTCNN detect face cost time : 0.074 s -  MainThread - 15448 
2019-08-06 10:50:29,001 - MOT - INFO - MTCNN detect face cost time : 0.069 s -  MainThread - 15448 
2019-08-06 10:50:29,077 - MOT - INFO - MTCNN detect face cost time : 0.067 s -  MainThread - 15448 
2019-08-06 10:50:29,153 - MOT - INFO - MTCNN detect face cost time : 0.068 s -  MainThread - 15448 
2019-08-06 10:50:29,228 - MOT - INFO - MTCNN detect face cost time : 0.066 s -  MainThread - 15448 
2019-08-06 10:50:29,304 - MOT - INFO - MTCNN detect face cost time : 0.068 s -  MainThread - 15448 
2019-08-06 10:50:29,378 - MOT - INFO - MTCNN detect face cost time : 0.066 s -  MainThread - 15448 
2019-08-06 10:50:29,455 - MOT - INFO - MTCNN detect face cost time : 0.069 s -  MainThread - 15448 
2019-08-06 10:50:29,537 - MOT - INFO - MTCNN detect face cost time : 0.073 s -  MainThread - 15448 
2019-08-06 10:50:29,615 - MOT - INFO - MTCNN detect face cost time : 0.069 s -  MainThread - 15448 
2019-08-06 10:50:29,699 - MOT - INFO - MTCNN detect face cost time : 0.076 s -  MainThread - 15448 
2019-08-06 10:50:29,779 - MOT - INFO - MTCNN detect face cost time : 0.072 s -  MainThread - 15448 
2019-08-06 10:50:29,851 - MOT - INFO - MTCNN detect face cost time : 0.064 s -  MainThread - 15448 
2019-08-06 10:50:29,939 - MOT - INFO - MTCNN detect face cost time : 0.079 s -  MainThread - 15448 
2019-08-06 10:50:30,018 - MOT - INFO - MTCNN detect face cost time : 0.071 s -  MainThread - 15448 
2019-08-06 10:50:30,096 - MOT - INFO - MTCNN detect face cost time : 0.069 s -  MainThread - 15448 
2019-08-06 10:50:30,175 - MOT - INFO - MTCNN detect face cost time : 0.072 s -  MainThread - 15448 
2019-08-06 10:50:30,254 - MOT - INFO - MTCNN detect face cost time : 0.07 s -  MainThread - 15448 
2019-08-06 10:50:30,334 - MOT - INFO - MTCNN detect face cost time : 0.069 s -  MainThread - 15448 
2019-08-06 10:50:30,419 - MOT - INFO - MTCNN detect face cost time : 0.075 s -  MainThread - 15448 
2019-08-06 10:50:30,497 - MOT - INFO - MTCNN detect face cost time : 0.07 s -  MainThread - 15448 
2019-08-06 10:50:30,573 - MOT - INFO - MTCNN detect face cost time : 0.068 s -  MainThread - 15448 
2019-08-06 10:50:30,652 - MOT - INFO - MTCNN detect face cost time : 0.07 s -  MainThread - 15448 
2019-08-06 10:50:30,730 - MOT - INFO - MTCNN detect face cost time : 0.069 s -  MainThread - 15448 
2019-08-06 10:50:30,813 - MOT - INFO - MTCNN detect face cost time : 0.074 s -  MainThread - 15448 
2019-08-06 10:50:30,894 - MOT - INFO - MTCNN detect face cost time : 0.073 s -  MainThread - 15448 
2019-08-06 10:50:30,985 - MOT - INFO - MTCNN detect face cost time : 0.083 s -  MainThread - 15448 
2019-08-06 10:50:31,066 - MOT - INFO - MTCNN detect face cost time : 0.072 s -  MainThread - 15448 
2019-08-06 10:50:31,143 - MOT - INFO - MTCNN detect face cost time : 0.068 s -  MainThread - 15448 
2019-08-06 10:50:31,221 - MOT - INFO - MTCNN detect face cost time : 0.069 s -  MainThread - 15448 
2019-08-06 10:50:31,298 - MOT - INFO - MTCNN detect face cost time : 0.069 s -  MainThread - 15448 
2019-08-06 10:50:31,389 - MOT - INFO - MTCNN detect face cost time : 0.082 s -  MainThread - 15448 
2019-08-06 10:50:31,476 - MOT - INFO - MTCNN detect face cost time : 0.079 s -  MainThread - 15448 
2019-08-06 10:50:31,552 - MOT - INFO - MTCNN detect face cost time : 0.067 s -  MainThread - 15448 
2019-08-06 10:50:31,631 - MOT - INFO - MTCNN detect face cost time : 0.07 s -  MainThread - 15448 
2019-08-06 10:50:31,712 - MOT - INFO - MTCNN detect face cost time : 0.073 s -  MainThread - 15448 
2019-08-06 10:50:31,793 - MOT - INFO - MTCNN detect face cost time : 0.072 s -  MainThread - 15448 
2019-08-06 10:50:31,871 - MOT - INFO - MTCNN detect face cost time : 0.069 s -  MainThread - 15448 
2019-08-06 10:50:31,947 - MOT - INFO - MTCNN detect face cost time : 0.068 s -  MainThread - 15448 
2019-08-06 10:50:32,031 - MOT - INFO - MTCNN detect face cost time : 0.075 s -  MainThread - 15448 
2019-08-06 10:50:32,109 - MOT - INFO - MTCNN detect face cost time : 0.071 s -  MainThread - 15448 
2019-08-06 10:50:32,191 - MOT - INFO - MTCNN detect face cost time : 0.074 s -  MainThread - 15448 
2019-08-06 10:50:32,276 - MOT - INFO - MTCNN detect face cost time : 0.076 s -  MainThread - 15448 
2019-08-06 10:50:32,366 - MOT - INFO - MTCNN detect face cost time : 0.081 s -  MainThread - 15448 
2019-08-06 10:50:32,450 - MOT - INFO - MTCNN detect face cost time : 0.077 s -  MainThread - 15448 
2019-08-06 10:50:32,531 - MOT - INFO - MTCNN detect face cost time : 0.072 s -  MainThread - 15448 
2019-08-06 10:50:32,615 - MOT - INFO - MTCNN detect face cost time : 0.076 s -  MainThread - 15448 
2019-08-06 10:50:32,697 - MOT - INFO - MTCNN detect face cost time : 0.074 s -  MainThread - 15448 
2019-08-06 10:50:32,780 - MOT - INFO - MTCNN detect face cost time : 0.074 s -  MainThread - 15448 
2019-08-06 10:50:32,862 - MOT - INFO - MTCNN detect face cost time : 0.075 s -  MainThread - 15448 
2019-08-06 10:50:32,947 - MOT - INFO - MTCNN detect face cost time : 0.076 s -  MainThread - 15448 
2019-08-06 10:50:33,036 - MOT - INFO - MTCNN detect face cost time : 0.081 s -  MainThread - 15448 
2019-08-06 10:50:33,122 - MOT - INFO - MTCNN detect face cost time : 0.078 s -  MainThread - 15448 
2019-08-06 10:50:33,211 - MOT - INFO - MTCNN detect face cost time : 0.081 s -  MainThread - 15448 
2019-08-06 10:50:33,302 - MOT - INFO - MTCNN detect face cost time : 0.083 s -  MainThread - 15448 
2019-08-06 10:50:33,390 - MOT - INFO - MTCNN detect face cost time : 0.079 s -  MainThread - 15448 
2019-08-06 10:50:33,487 - MOT - INFO - MTCNN detect face cost time : 0.088 s -  MainThread - 15448 
2019-08-06 10:50:33,572 - MOT - INFO - MTCNN detect face cost time : 0.077 s -  MainThread - 15448 
2019-08-06 10:50:33,654 - MOT - INFO - MTCNN detect face cost time : 0.074 s -  MainThread - 15448 
2019-08-06 10:50:33,745 - MOT - INFO - MTCNN detect face cost time : 0.083 s -  MainThread - 15448 
2019-08-06 10:50:33,821 - MOT - INFO - MTCNN detect face cost time : 0.067 s -  MainThread - 15448 
2019-08-06 10:50:33,903 - MOT - INFO - MTCNN detect face cost time : 0.073 s -  MainThread - 15448 
2019-08-06 10:50:33,981 - MOT - INFO - MTCNN detect face cost time : 0.071 s -  MainThread - 15448 
2019-08-06 10:50:34,059 - MOT - INFO - MTCNN detect face cost time : 0.069 s -  MainThread - 15448 
2019-08-06 10:50:34,140 - MOT - INFO - MTCNN detect face cost time : 0.072 s -  MainThread - 15448 
2019-08-06 10:50:34,221 - MOT - INFO - MTCNN detect face cost time : 0.072 s -  MainThread - 15448 
2019-08-06 10:50:34,303 - MOT - INFO - MTCNN detect face cost time : 0.074 s -  MainThread - 15448 
2019-08-06 10:50:34,386 - MOT - INFO - MTCNN detect face cost time : 0.074 s -  MainThread - 15448 
2019-08-06 10:50:34,464 - MOT - INFO - MTCNN detect face cost time : 0.07 s -  MainThread - 15448 
2019-08-06 10:50:34,547 - MOT - INFO - MTCNN detect face cost time : 0.075 s -  MainThread - 15448 
2019-08-06 10:50:34,632 - MOT - INFO - MTCNN detect face cost time : 0.077 s -  MainThread - 15448 
2019-08-06 10:50:34,715 - MOT - INFO - MTCNN detect face cost time : 0.077 s -  MainThread - 15448 
2019-08-06 10:50:34,797 - MOT - INFO - MTCNN detect face cost time : 0.074 s -  MainThread - 15448 
2019-08-06 10:50:34,887 - MOT - INFO - MTCNN detect face cost time : 0.081 s -  MainThread - 15448 
2019-08-06 10:50:34,970 - MOT - INFO - MTCNN detect face cost time : 0.074 s -  MainThread - 15448 
2019-08-06 10:50:35,051 - MOT - INFO - MTCNN detect face cost time : 0.074 s -  MainThread - 15448 
2019-08-06 10:50:35,133 - MOT - INFO - MTCNN detect face cost time : 0.073 s -  MainThread - 15448 
2019-08-06 10:50:35,214 - MOT - INFO - MTCNN detect face cost time : 0.072 s -  MainThread - 15448 
2019-08-06 10:50:35,300 - MOT - INFO - MTCNN detect face cost time : 0.078 s -  MainThread - 15448 
2019-08-06 10:50:35,380 - MOT - INFO - MTCNN detect face cost time : 0.072 s -  MainThread - 15448 
2019-08-06 10:50:35,458 - MOT - INFO - MTCNN detect face cost time : 0.07 s -  MainThread - 15448 
2019-08-06 10:50:35,541 - MOT - INFO - MTCNN detect face cost time : 0.074 s -  MainThread - 15448 
2019-08-06 10:50:35,620 - MOT - INFO - MTCNN detect face cost time : 0.071 s -  MainThread - 15448 
2019-08-06 10:50:35,706 - MOT - INFO - MTCNN detect face cost time : 0.078 s -  MainThread - 15448 
2019-08-06 10:50:35,787 - MOT - INFO - MTCNN detect face cost time : 0.074 s -  MainThread - 15448 
2019-08-06 10:50:35,872 - MOT - INFO - MTCNN detect face cost time : 0.077 s -  MainThread - 15448 
2019-08-06 10:50:35,952 - MOT - INFO - MTCNN detect face cost time : 0.071 s -  MainThread - 15448 
2019-08-06 10:50:36,029 - MOT - INFO - MTCNN detect face cost time : 0.068 s -  MainThread - 15448 
2019-08-06 10:50:36,102 - MOT - INFO - MTCNN detect face cost time : 0.065 s -  MainThread - 15448 
2019-08-06 10:50:36,173 - MOT - INFO - MTCNN detect face cost time : 0.064 s -  MainThread - 15448 
2019-08-06 10:50:36,244 - MOT - INFO - MTCNN detect face cost time : 0.063 s -  MainThread - 15448 
2019-08-06 10:50:36,331 - MOT - INFO - MTCNN detect face cost time : 0.075 s -  MainThread - 15448 
2019-08-06 10:50:36,409 - MOT - INFO - MTCNN detect face cost time : 0.068 s -  MainThread - 15448 
2019-08-06 10:50:36,486 - MOT - INFO - MTCNN detect face cost time : 0.069 s -  MainThread - 15448 
2019-08-06 10:50:36,560 - MOT - INFO - MTCNN detect face cost time : 0.067 s -  MainThread - 15448 
2019-08-06 10:50:36,636 - MOT - INFO - MTCNN detect face cost time : 0.068 s -  MainThread - 15448 
2019-08-06 10:50:36,711 - MOT - INFO - MTCNN detect face cost time : 0.067 s -  MainThread - 15448 
2019-08-06 10:50:36,788 - MOT - INFO - MTCNN detect face cost time : 0.068 s -  MainThread - 15448 
2019-08-06 10:50:36,864 - MOT - INFO - MTCNN detect face cost time : 0.067 s -  MainThread - 15448 
2019-08-06 10:50:36,943 - MOT - INFO - MTCNN detect face cost time : 0.071 s -  MainThread - 15448 
2019-08-06 10:50:37,016 - MOT - INFO - MTCNN detect face cost time : 0.065 s -  MainThread - 15448 
2019-08-06 10:50:37,090 - MOT - INFO - MTCNN detect face cost time : 0.066 s -  MainThread - 15448 
2019-08-06 10:50:37,171 - MOT - INFO - MTCNN detect face cost time : 0.072 s -  MainThread - 15448 
2019-08-06 10:50:37,247 - MOT - INFO - MTCNN detect face cost time : 0.068 s -  MainThread - 15448 
2019-08-06 10:50:37,331 - MOT - INFO - MTCNN detect face cost time : 0.073 s -  MainThread - 15448 
2019-08-06 10:50:37,414 - MOT - INFO - MTCNN detect face cost time : 0.073 s -  MainThread - 15448 
2019-08-06 10:50:37,495 - MOT - INFO - MTCNN detect face cost time : 0.072 s -  MainThread - 15448 
2019-08-06 10:50:37,577 - MOT - INFO - MTCNN detect face cost time : 0.073 s -  MainThread - 15448 
2019-08-06 10:50:37,654 - MOT - INFO - MTCNN detect face cost time : 0.069 s -  MainThread - 15448 
2019-08-06 10:50:37,734 - MOT - INFO - MTCNN detect face cost time : 0.072 s -  MainThread - 15448 
2019-08-06 10:50:37,813 - MOT - INFO - MTCNN detect face cost time : 0.071 s -  MainThread - 15448 
2019-08-06 10:50:37,894 - MOT - INFO - MTCNN detect face cost time : 0.073 s -  MainThread - 15448 
2019-08-06 10:50:37,975 - MOT - INFO - MTCNN detect face cost time : 0.072 s -  MainThread - 15448 
2019-08-06 10:50:38,054 - MOT - INFO - MTCNN detect face cost time : 0.072 s -  MainThread - 15448 
2019-08-06 10:50:38,137 - MOT - INFO - MTCNN detect face cost time : 0.074 s -  MainThread - 15448 
2019-08-06 10:50:38,217 - MOT - INFO - MTCNN detect face cost time : 0.072 s -  MainThread - 15448 
2019-08-06 10:50:38,297 - MOT - INFO - MTCNN detect face cost time : 0.071 s -  MainThread - 15448 
2019-08-06 10:50:38,393 - MOT - INFO - MTCNN detect face cost time : 0.087 s -  MainThread - 15448 
2019-08-06 10:50:38,468 - MOT - INFO - MTCNN detect face cost time : 0.068 s -  MainThread - 15448 
2019-08-06 10:50:38,545 - MOT - INFO - MTCNN detect face cost time : 0.069 s -  MainThread - 15448 
2019-08-06 10:50:38,639 - MOT - INFO - MTCNN detect face cost time : 0.085 s -  MainThread - 15448 
2019-08-06 10:50:38,721 - MOT - INFO - MTCNN detect face cost time : 0.073 s -  MainThread - 15448 
2019-08-06 10:50:38,799 - MOT - INFO - MTCNN detect face cost time : 0.07 s -  MainThread - 15448 
2019-08-06 10:50:38,877 - MOT - INFO - MTCNN detect face cost time : 0.069 s -  MainThread - 15448 
2019-08-06 10:50:38,953 - MOT - INFO - MTCNN detect face cost time : 0.068 s -  MainThread - 15448 
2019-08-06 10:50:39,029 - MOT - INFO - MTCNN detect face cost time : 0.067 s -  MainThread - 15448 
2019-08-06 10:50:39,106 - MOT - INFO - MTCNN detect face cost time : 0.069 s -  MainThread - 15448 
2019-08-06 10:50:39,182 - MOT - INFO - MTCNN detect face cost time : 0.069 s -  MainThread - 15448 
2019-08-06 10:50:39,267 - MOT - INFO - MTCNN detect face cost time : 0.076 s -  MainThread - 15448 
2019-08-06 10:50:39,347 - MOT - INFO - MTCNN detect face cost time : 0.071 s -  MainThread - 15448 
2019-08-06 10:50:39,428 - MOT - INFO - MTCNN detect face cost time : 0.072 s -  MainThread - 15448 
2019-08-06 10:50:39,509 - MOT - INFO - MTCNN detect face cost time : 0.073 s -  MainThread - 15448 
2019-08-06 10:50:39,591 - MOT - INFO - MTCNN detect face cost time : 0.074 s -  MainThread - 15448 
2019-08-06 10:50:39,673 - MOT - INFO - MTCNN detect face cost time : 0.073 s -  MainThread - 15448 
2019-08-06 10:50:39,757 - MOT - INFO - MTCNN detect face cost time : 0.076 s -  MainThread - 15448 
2019-08-06 10:50:39,837 - MOT - INFO - MTCNN detect face cost time : 0.071 s -  MainThread - 15448 
2019-08-06 10:50:39,920 - MOT - INFO - MTCNN detect face cost time : 0.074 s -  MainThread - 15448 
2019-08-06 10:50:40,005 - MOT - INFO - MTCNN detect face cost time : 0.077 s -  MainThread - 15448 
2019-08-06 10:50:40,085 - MOT - INFO - MTCNN detect face cost time : 0.072 s -  MainThread - 15448 
2019-08-06 10:50:40,168 - MOT - INFO - MTCNN detect face cost time : 0.075 s -  MainThread - 15448 
2019-08-06 10:50:40,259 - MOT - INFO - MTCNN detect face cost time : 0.082 s -  MainThread - 15448 
2019-08-06 10:50:40,346 - MOT - INFO - MTCNN detect face cost time : 0.079 s -  MainThread - 15448 
2019-08-06 10:50:40,422 - MOT - INFO - MTCNN detect face cost time : 0.068 s -  MainThread - 15448 
2019-08-06 10:50:40,506 - MOT - INFO - MTCNN detect face cost time : 0.076 s -  MainThread - 15448 
2019-08-06 10:50:40,598 - MOT - INFO - MTCNN detect face cost time : 0.082 s -  MainThread - 15448 
2019-08-06 10:50:40,683 - MOT - INFO - MTCNN detect face cost time : 0.077 s -  MainThread - 15448 
2019-08-06 10:50:40,762 - MOT - INFO - MTCNN detect face cost time : 0.07 s -  MainThread - 15448 
2019-08-06 10:50:40,848 - MOT - INFO - MTCNN detect face cost time : 0.078 s -  MainThread - 15448 
2019-08-06 10:50:40,942 - MOT - INFO - MTCNN detect face cost time : 0.086 s -  MainThread - 15448 
2019-08-06 10:50:41,023 - MOT - INFO - MTCNN detect face cost time : 0.073 s -  MainThread - 15448 
2019-08-06 10:50:41,108 - MOT - INFO - MTCNN detect face cost time : 0.077 s -  MainThread - 15448 
2019-08-06 10:50:41,191 - MOT - INFO - MTCNN detect face cost time : 0.074 s -  MainThread - 15448 
2019-08-06 10:50:41,276 - MOT - INFO - MTCNN detect face cost time : 0.078 s -  MainThread - 15448 
2019-08-06 10:50:41,361 - MOT - INFO - MTCNN detect face cost time : 0.077 s -  MainThread - 15448 
2019-08-06 10:50:41,443 - MOT - INFO - MTCNN detect face cost time : 0.074 s -  MainThread - 15448 
2019-08-06 10:50:41,534 - MOT - INFO - MTCNN detect face cost time : 0.082 s -  MainThread - 15448 
2019-08-06 10:50:41,618 - MOT - INFO - MTCNN detect face cost time : 0.077 s -  MainThread - 15448 
2019-08-06 10:50:41,715 - MOT - INFO - MTCNN detect face cost time : 0.088 s -  MainThread - 15448 
2019-08-06 10:50:41,795 - MOT - INFO - MTCNN detect face cost time : 0.072 s -  MainThread - 15448 
2019-08-06 10:50:41,870 - MOT - INFO - MTCNN detect face cost time : 0.067 s -  MainThread - 15448 
2019-08-06 10:50:41,946 - MOT - INFO - MTCNN detect face cost time : 0.068 s -  MainThread - 15448 
2019-08-06 10:50:42,028 - MOT - INFO - MTCNN detect face cost time : 0.074 s -  MainThread - 15448 
2019-08-06 10:50:42,105 - MOT - INFO - MTCNN detect face cost time : 0.069 s -  MainThread - 15448 
2019-08-06 10:50:42,174 - MOT - INFO - MTCNN detect face cost time : 0.062 s -  MainThread - 15448 
2019-08-06 10:50:42,257 - MOT - INFO - MTCNN detect face cost time : 0.073 s -  MainThread - 15448 
2019-08-06 10:50:42,339 - MOT - INFO - MTCNN detect face cost time : 0.074 s -  MainThread - 15448 
2019-08-06 10:50:42,418 - MOT - INFO - MTCNN detect face cost time : 0.07 s -  MainThread - 15448 
2019-08-06 10:50:42,496 - MOT - INFO - MTCNN detect face cost time : 0.07 s -  MainThread - 15448 
2019-08-06 10:50:42,578 - MOT - INFO - MTCNN detect face cost time : 0.074 s -  MainThread - 15448 
2019-08-06 10:50:42,659 - MOT - INFO - MTCNN detect face cost time : 0.072 s -  MainThread - 15448 
2019-08-06 10:50:42,738 - MOT - INFO - MTCNN detect face cost time : 0.07 s -  MainThread - 15448 
2019-08-06 10:50:42,811 - MOT - INFO - MTCNN detect face cost time : 0.065 s -  MainThread - 15448 
2019-08-06 10:50:42,880 - MOT - INFO - MTCNN detect face cost time : 0.061 s -  MainThread - 15448 
2019-08-06 10:50:42,953 - MOT - INFO - MTCNN detect face cost time : 0.065 s -  MainThread - 15448 
2019-08-06 10:50:43,028 - MOT - INFO - MTCNN detect face cost time : 0.067 s -  MainThread - 15448 
2019-08-06 10:50:43,100 - MOT - INFO - MTCNN detect face cost time : 0.064 s -  MainThread - 15448 
2019-08-06 10:50:43,174 - MOT - INFO - MTCNN detect face cost time : 0.065 s -  MainThread - 15448 
2019-08-06 10:50:43,245 - MOT - INFO - MTCNN detect face cost time : 0.063 s -  MainThread - 15448 
2019-08-06 10:50:43,318 - MOT - INFO - MTCNN detect face cost time : 0.065 s -  MainThread - 15448 
2019-08-06 10:50:43,394 - MOT - INFO - MTCNN detect face cost time : 0.068 s -  MainThread - 15448 
2019-08-06 10:50:43,468 - MOT - INFO - MTCNN detect face cost time : 0.066 s -  MainThread - 15448 
2019-08-06 10:50:43,542 - MOT - INFO - MTCNN detect face cost time : 0.065 s -  MainThread - 15448 
2019-08-06 10:50:43,612 - MOT - INFO - MTCNN detect face cost time : 0.062 s -  MainThread - 15448 
2019-08-06 10:50:43,684 - MOT - INFO - MTCNN detect face cost time : 0.064 s -  MainThread - 15448 
2019-08-06 10:50:43,755 - MOT - INFO - MTCNN detect face cost time : 0.063 s -  MainThread - 15448 
2019-08-06 10:50:43,828 - MOT - INFO - MTCNN detect face cost time : 0.066 s -  MainThread - 15448 
2019-08-06 10:50:43,900 - MOT - INFO - MTCNN detect face cost time : 0.064 s -  MainThread - 15448 
2019-08-06 10:50:43,982 - MOT - INFO - MTCNN detect face cost time : 0.074 s -  MainThread - 15448 
2019-08-06 10:50:44,054 - MOT - INFO - MTCNN detect face cost time : 0.065 s -  MainThread - 15448 
2019-08-06 10:50:44,129 - MOT - INFO - MTCNN detect face cost time : 0.067 s -  MainThread - 15448 
2019-08-06 10:50:44,205 - MOT - INFO - MTCNN detect face cost time : 0.068 s -  MainThread - 15448 
2019-08-06 10:50:44,279 - MOT - INFO - MTCNN detect face cost time : 0.066 s -  MainThread - 15448 
2019-08-06 10:50:44,353 - MOT - INFO - MTCNN detect face cost time : 0.066 s -  MainThread - 15448 
2019-08-06 10:50:44,426 - MOT - INFO - MTCNN detect face cost time : 0.065 s -  MainThread - 15448 
2019-08-06 10:50:44,500 - MOT - INFO - MTCNN detect face cost time : 0.065 s -  MainThread - 15448 
2019-08-06 10:50:44,572 - MOT - INFO - MTCNN detect face cost time : 0.064 s -  MainThread - 15448 
2019-08-06 10:50:44,642 - MOT - INFO - MTCNN detect face cost time : 0.062 s -  MainThread - 15448 
2019-08-06 10:50:44,714 - MOT - INFO - MTCNN detect face cost time : 0.064 s -  MainThread - 15448 
2019-08-06 10:50:44,783 - MOT - INFO - MTCNN detect face cost time : 0.061 s -  MainThread - 15448 
2019-08-06 10:50:44,850 - MOT - INFO - MTCNN detect face cost time : 0.06 s -  MainThread - 15448 
2019-08-06 10:50:44,934 - MOT - INFO - MTCNN detect face cost time : 0.075 s -  MainThread - 15448 
2019-08-06 10:50:45,007 - MOT - INFO - MTCNN detect face cost time : 0.064 s -  MainThread - 15448 
2019-08-06 10:50:45,078 - MOT - INFO - MTCNN detect face cost time : 0.063 s -  MainThread - 15448 
2019-08-06 10:50:45,151 - MOT - INFO - MTCNN detect face cost time : 0.065 s -  MainThread - 15448 
2019-08-06 10:50:45,228 - MOT - INFO - MTCNN detect face cost time : 0.07 s -  MainThread - 15448 
2019-08-06 10:50:45,303 - MOT - INFO - MTCNN detect face cost time : 0.066 s -  MainThread - 15448 
2019-08-06 10:50:45,388 - MOT - INFO - MTCNN detect face cost time : 0.077 s -  MainThread - 15448 
2019-08-06 10:50:45,459 - MOT - INFO - MTCNN detect face cost time : 0.063 s -  MainThread - 15448 
2019-08-06 10:50:45,531 - MOT - INFO - MTCNN detect face cost time : 0.064 s -  MainThread - 15448 
2019-08-06 10:50:45,602 - MOT - INFO - MTCNN detect face cost time : 0.064 s -  MainThread - 15448 
2019-08-06 10:50:45,675 - MOT - INFO - MTCNN detect face cost time : 0.065 s -  MainThread - 15448 
2019-08-06 10:50:45,747 - MOT - INFO - MTCNN detect face cost time : 0.064 s -  MainThread - 15448 
2019-08-06 10:50:45,819 - MOT - INFO - MTCNN detect face cost time : 0.064 s -  MainThread - 15448 
2019-08-06 10:50:45,893 - MOT - INFO - MTCNN detect face cost time : 0.065 s -  MainThread - 15448 
2019-08-06 10:50:45,965 - MOT - INFO - MTCNN detect face cost time : 0.065 s -  MainThread - 15448 
2019-08-06 10:50:46,038 - MOT - INFO - MTCNN detect face cost time : 0.064 s -  MainThread - 15448 
2019-08-06 10:50:46,113 - MOT - INFO - MTCNN detect face cost time : 0.067 s -  MainThread - 15448 
2019-08-06 10:50:46,184 - MOT - INFO - MTCNN detect face cost time : 0.063 s -  MainThread - 15448 
2019-08-06 10:50:46,258 - MOT - INFO - MTCNN detect face cost time : 0.066 s -  MainThread - 15448 
2019-08-06 10:50:46,336 - MOT - INFO - MTCNN detect face cost time : 0.07 s -  MainThread - 15448 
2019-08-06 10:50:46,411 - MOT - INFO - MTCNN detect face cost time : 0.066 s -  MainThread - 15448 
2019-08-06 10:50:46,486 - MOT - INFO - MTCNN detect face cost time : 0.066 s -  MainThread - 15448 
2019-08-06 10:50:46,561 - MOT - INFO - MTCNN detect face cost time : 0.066 s -  MainThread - 15448 
2019-08-06 10:50:46,638 - MOT - INFO - MTCNN detect face cost time : 0.068 s -  MainThread - 15448 
2019-08-06 10:50:46,716 - MOT - INFO - MTCNN detect face cost time : 0.07 s -  MainThread - 15448 
2019-08-06 10:50:46,803 - MOT - INFO - MTCNN detect face cost time : 0.078 s -  MainThread - 15448 
2019-08-06 10:50:46,888 - MOT - INFO - MTCNN detect face cost time : 0.077 s -  MainThread - 15448 
2019-08-06 10:50:46,973 - MOT - INFO - MTCNN detect face cost time : 0.076 s -  MainThread - 15448 
2019-08-06 10:50:47,051 - MOT - INFO - MTCNN detect face cost time : 0.07 s -  MainThread - 15448 
2019-08-06 10:50:47,137 - MOT - INFO - MTCNN detect face cost time : 0.077 s -  MainThread - 15448 
2019-08-06 10:50:47,221 - MOT - INFO - MTCNN detect face cost time : 0.075 s -  MainThread - 15448 
2019-08-06 10:50:47,310 - MOT - INFO - MTCNN detect face cost time : 0.08 s -  MainThread - 15448 
2019-08-06 10:50:47,392 - MOT - INFO - MTCNN detect face cost time : 0.073 s -  MainThread - 15448 
2019-08-06 10:50:47,476 - MOT - INFO - MTCNN detect face cost time : 0.076 s -  MainThread - 15448 
2019-08-06 10:50:47,562 - MOT - INFO - MTCNN detect face cost time : 0.077 s -  MainThread - 15448 
2019-08-06 10:50:47,645 - MOT - INFO - MTCNN detect face cost time : 0.074 s -  MainThread - 15448 
2019-08-06 10:50:47,739 - MOT - INFO - MTCNN detect face cost time : 0.084 s -  MainThread - 15448 
2019-08-06 10:50:47,819 - MOT - INFO - MTCNN detect face cost time : 0.072 s -  MainThread - 15448 
2019-08-06 10:50:47,902 - MOT - INFO - MTCNN detect face cost time : 0.075 s -  MainThread - 15448 
2019-08-06 10:50:47,984 - MOT - INFO - MTCNN detect face cost time : 0.074 s -  MainThread - 15448 
2019-08-06 10:50:48,064 - MOT - INFO - MTCNN detect face cost time : 0.072 s -  MainThread - 15448 
2019-08-06 10:50:48,144 - MOT - INFO - MTCNN detect face cost time : 0.072 s -  MainThread - 15448 
2019-08-06 10:50:48,226 - MOT - INFO - MTCNN detect face cost time : 0.073 s -  MainThread - 15448 
2019-08-06 10:50:48,312 - MOT - INFO - MTCNN detect face cost time : 0.078 s -  MainThread - 15448 
2019-08-06 10:50:48,393 - MOT - INFO - MTCNN detect face cost time : 0.073 s -  MainThread - 15448 
2019-08-06 10:50:48,471 - MOT - INFO - MTCNN detect face cost time : 0.07 s -  MainThread - 15448 
2019-08-06 10:50:48,549 - MOT - INFO - MTCNN detect face cost time : 0.069 s -  MainThread - 15448 
2019-08-06 10:50:48,622 - MOT - INFO - MTCNN detect face cost time : 0.065 s -  MainThread - 15448 
2019-08-06 10:50:48,692 - MOT - INFO - MTCNN detect face cost time : 0.063 s -  MainThread - 15448 
2019-08-06 10:50:48,767 - MOT - INFO - MTCNN detect face cost time : 0.066 s -  MainThread - 15448 
2019-08-06 10:50:48,849 - MOT - INFO - MTCNN detect face cost time : 0.074 s -  MainThread - 15448 
2019-08-06 10:50:48,927 - MOT - INFO - MTCNN detect face cost time : 0.067 s -  MainThread - 15448 
2019-08-06 10:50:49,001 - MOT - INFO - MTCNN detect face cost time : 0.067 s -  MainThread - 15448 
2019-08-06 10:50:49,079 - MOT - INFO - MTCNN detect face cost time : 0.068 s -  MainThread - 15448 
2019-08-06 10:50:49,157 - MOT - INFO - MTCNN detect face cost time : 0.069 s -  MainThread - 15448 
2019-08-06 10:50:49,235 - MOT - INFO - MTCNN detect face cost time : 0.07 s -  MainThread - 15448 
2019-08-06 10:50:49,315 - MOT - INFO - MTCNN detect face cost time : 0.071 s -  MainThread - 15448 
2019-08-06 10:50:49,392 - MOT - INFO - MTCNN detect face cost time : 0.069 s -  MainThread - 15448 
2019-08-06 10:50:49,475 - MOT - INFO - MTCNN detect face cost time : 0.074 s -  MainThread - 15448 
2019-08-06 10:50:49,552 - MOT - INFO - MTCNN detect face cost time : 0.069 s -  MainThread - 15448 
2019-08-06 10:50:49,644 - MOT - INFO - MTCNN detect face cost time : 0.084 s -  MainThread - 15448 
2019-08-06 10:50:49,731 - MOT - INFO - MTCNN detect face cost time : 0.078 s -  MainThread - 15448 
2019-08-06 10:50:49,808 - MOT - INFO - MTCNN detect face cost time : 0.068 s -  MainThread - 15448 
2019-08-06 10:50:49,887 - MOT - INFO - MTCNN detect face cost time : 0.071 s -  MainThread - 15448 
2019-08-06 10:50:49,961 - MOT - INFO - MTCNN detect face cost time : 0.067 s -  MainThread - 15448 
2019-08-06 10:50:50,037 - MOT - INFO - MTCNN detect face cost time : 0.066 s -  MainThread - 15448 
2019-08-06 10:50:50,111 - MOT - INFO - MTCNN detect face cost time : 0.066 s -  MainThread - 15448 
2019-08-06 10:50:50,182 - MOT - INFO - MTCNN detect face cost time : 0.062 s -  MainThread - 15448 
2019-08-06 10:50:50,261 - MOT - INFO - MTCNN detect face cost time : 0.071 s -  MainThread - 15448 
2019-08-06 10:50:50,340 - MOT - INFO - MTCNN detect face cost time : 0.07 s -  MainThread - 15448 
2019-08-06 10:50:50,414 - MOT - INFO - MTCNN detect face cost time : 0.066 s -  MainThread - 15448 
2019-08-06 10:50:50,489 - MOT - INFO - MTCNN detect face cost time : 0.067 s -  MainThread - 15448 
2019-08-06 10:50:50,565 - MOT - INFO - MTCNN detect face cost time : 0.068 s -  MainThread - 15448 
2019-08-06 10:50:50,641 - MOT - INFO - MTCNN detect face cost time : 0.067 s -  MainThread - 15448 
2019-08-06 10:50:50,876 - MOT - INFO - MTCNN detect face cost time : 0.061 s -  MainThread - 15448 
2019-08-06 10:50:50,960 - MOT - INFO - MTCNN detect face cost time : 0.069 s -  MainThread - 15448 
2019-08-06 10:50:51,036 - MOT - INFO - MTCNN detect face cost time : 0.067 s -  MainThread - 15448 
2019-08-06 10:50:51,114 - MOT - INFO - MTCNN detect face cost time : 0.069 s -  MainThread - 15448 
2019-08-06 10:50:51,189 - MOT - INFO - MTCNN detect face cost time : 0.067 s -  MainThread - 15448 
2019-08-06 10:50:51,267 - MOT - INFO - MTCNN detect face cost time : 0.071 s -  MainThread - 15448 
2019-08-06 10:50:51,351 - MOT - INFO - MTCNN detect face cost time : 0.076 s -  MainThread - 15448 
2019-08-06 10:50:51,429 - MOT - INFO - MTCNN detect face cost time : 0.07 s -  MainThread - 15448 
2019-08-06 10:50:51,644 - MOT - INFO - MTCNN detect face cost time : 0.062 s -  MainThread - 15448 
2019-08-06 10:50:51,729 - MOT - INFO - MTCNN detect face cost time : 0.066 s -  MainThread - 15448 
2019-08-06 10:50:51,800 - MOT - INFO - MTCNN detect face cost time : 0.062 s -  MainThread - 15448 
2019-08-06 10:50:51,879 - MOT - INFO - MTCNN detect face cost time : 0.07 s -  MainThread - 15448 
2019-08-06 10:50:51,956 - MOT - INFO - MTCNN detect face cost time : 0.069 s -  MainThread - 15448 
2019-08-06 10:50:52,035 - MOT - INFO - MTCNN detect face cost time : 0.07 s -  MainThread - 15448 
2019-08-06 10:50:52,112 - MOT - INFO - MTCNN detect face cost time : 0.068 s -  MainThread - 15448 
2019-08-06 10:50:52,187 - MOT - INFO - MTCNN detect face cost time : 0.067 s -  MainThread - 15448 
2019-08-06 10:50:52,265 - MOT - INFO - MTCNN detect face cost time : 0.069 s -  MainThread - 15448 
2019-08-06 10:50:52,343 - MOT - INFO - MTCNN detect face cost time : 0.07 s -  MainThread - 15448 
2019-08-06 10:50:52,421 - MOT - INFO - MTCNN detect face cost time : 0.07 s -  MainThread - 15448 
2019-08-06 10:50:52,425 - MOT - INFO - Video_name:videos\2_Obama.mp4 -  MainThread - 15448 
2019-08-06 10:50:54,257 - MOT - INFO - MTCNN detect face cost time : 0.057 s -  MainThread - 15448 
2019-08-06 10:50:54,328 - MOT - INFO - MTCNN detect face cost time : 0.064 s -  MainThread - 15448 
2019-08-06 10:50:54,400 - MOT - INFO - MTCNN detect face cost time : 0.064 s -  MainThread - 15448 
2019-08-06 10:50:54,475 - MOT - INFO - MTCNN detect face cost time : 0.068 s -  MainThread - 15448 
2019-08-06 10:50:54,550 - MOT - INFO - MTCNN detect face cost time : 0.065 s -  MainThread - 15448 
2019-08-06 10:50:54,630 - MOT - INFO - MTCNN detect face cost time : 0.072 s -  MainThread - 15448 
2019-08-06 10:50:54,706 - MOT - INFO - MTCNN detect face cost time : 0.068 s -  MainThread - 15448 
2019-08-06 10:50:54,783 - MOT - INFO - MTCNN detect face cost time : 0.068 s -  MainThread - 15448 
2019-08-06 10:50:54,856 - MOT - INFO - MTCNN detect face cost time : 0.066 s -  MainThread - 15448 
2019-08-06 10:50:54,935 - MOT - INFO - MTCNN detect face cost time : 0.07 s -  MainThread - 15448 
2019-08-06 10:50:55,010 - MOT - INFO - MTCNN detect face cost time : 0.067 s -  MainThread - 15448 
